{"logTime": "0902/134216", "correlationVector":"OlGOzM68ie5PV9huS0nAXk","action":"EXTENSION_ACTIVITY_LOG_STATUS_FETCHER", "result":""}
{"logTime": "0902/144207", "correlationVector":"A2FAABA5F7D4422A8D06263D9DC287A4","action":"FETCH_UX_CONFIG", "result":""}
{"logTime": "0902/154208", "correlationVector":"DD0B5F8F32F04F179FFAEA939199C3E1","action":"FETCH_UX_CONFIG", "result":""}
{"logTime": "0902/184212", "correlationVector":"YxEtmG6MXc0S+LKZT33zhM","action":"EXTENSION_ACTIVITY_LOG_STATUS_FETCHER", "result":""}
{"logTime": "0902/185005", "correlationVector":"UfDe/Q9hGXwgxTLpSUD66j","action":"EXTENSION_UPDATER", "result":""}
{"logTime": "0902/185110", "correlationVector":"T3+k2b8GN7iUcupdT/UEVo","action":"EXTENSION_UPDATER", "result":""}
{"logTime": "0902/185111", "correlationVector":"AAC3694E0CAC4095954D505043C56C8A","action":"FETCH_UX_CONFIG", "result":""}
{"logTime": "0902/185215", "correlationVector":"VRL5Lfn/kGnGKae5AoyukT","action":"EXTENSION_ACTIVITY_LOG_STATUS_FETCHER", "result":""}
{"logTime": "0902/195110", "correlationVector":"1DB02E0764E34FE0B5BC4CABB9DCE16A","action":"FETCH_UX_CONFIG", "result":""}
{"logTime": "0903/071436", "correlationVector":"ByUd/oY+w0BElF5wdj6O6q","action":"EXTENSION_ACTIVITY_LOG_STATUS_FETCHER", "result":""}
{"logTime": "0903/071437", "correlationVector":"lZYU8zsrqzeBJTCjpv15el","action":"EXTENSION_UPDATER", "result":""}
{"logTime": "0903/071438", "correlationVector":"QfXVeA/dbvMA/gmG+2n5/n","action":"EXTENSION_UPDATER", "result":""}
{"logTime": "0903/071442", "correlationVector":"b5ujWQ2aTjgzrjNsNgTCOh","action":"EXTENSION_UPDATER", "result":""}
{"logTime": "0903/094211", "correlationVector":"C232D06B323644F0A091BB7F3523FF6C","action":"FETCH_UX_CONFIG", "result":""}
{"logTime": "0903/104211", "correlationVector":"991157773CBD40ADABE73E3726C313A4","action":"FETCH_UX_CONFIG", "result":""}
{"logTime": "0903/114211", "correlationVector":"058145FFF17641C284984167E5E8F210","action":"FETCH_UX_CONFIG", "result":""}
{"logTime": "0903/121433", "correlationVector":"MSvTp84/u79pzxfMT+IkXP","action":"EXTENSION_ACTIVITY_LOG_STATUS_FETCHER", "result":""}
{"logTime": "0903/124211", "correlationVector":"C529C8A375B24ED6828C497DCA13FE3C","action":"FETCH_UX_CONFIG", "result":""}
{"logTime": "0903/124236", "correlationVector":"TXFUozTtcxuV2COA/ny7Nj","action":"EXTENSION_UPDATER", "result":""}
{"logTime": "0903/134211", "correlationVector":"2744A8708B984115AF43E3C529C8891B","action":"FETCH_UX_CONFIG", "result":""}
{"logTime": "0903/162006", "correlationVector":"D62438BDBB5D44BC9396249E42BDA7BD","action":"FETCH_UX_CONFIG", "result":""}
{"logTime": "0903/171430", "correlationVector":"967blRlI+O/0AOrrjLUcZt","action":"EXTENSION_ACTIVITY_LOG_STATUS_FETCHER", "result":""}
{"logTime": "0903/182726", "correlationVector":"emPuRAq23hnLmdmJdtAyGa","action":"EXTENSION_UPDATER", "result":""}
{"logTime": "0903/194912", "correlationVector":"9EIz7h6XEeU/givH/yUFkp","action":"EXTENSION_UPDATER", "result":""}
{"logTime": "0903/202302", "correlationVector":"OTizeDCKsr/RJ0bU/gCa4O","action":"EXTENSION_UPDATER", "result":""}
{"logTime": "0905/084707", "correlationVector":"/h5MpF3lxrn3dtEZTayooY","action":"EXTENSION_ACTIVITY_LOG_STATUS_FETCHER", "result":""}
{"logTime": "0905/084707", "correlationVector":"+WskeYg+GvPeR5dwmqOJjE","action":"EXTENSION_UPDATER", "result":""}
{"logTime": "0905/084708", "correlationVector":"vRzY1wyx5kgbyUFiEcVdPr","action":"EXTENSION_UPDATER", "result":""}
{"logTime": "0905/084712", "correlationVector":"lsDDy0Q4rp07xgZhpVIqHB","action":"EXTENSION_UPDATER", "result":""}
{"logTime": "0905/094706", "correlationVector":"9035809B043949D490A97DACD492FA04","action":"FETCH_UX_CONFIG", "result":""}
{"logTime": "0905/104706", "correlationVector":"1F6F877E6FF54A35AE236EF7A50006AA","action":"FETCH_UX_CONFIG", "result":""}
{"logTime": "0906/074814", "correlationVector":"2KxVgtjpV1Ii+jjSFgUPF6","action":"EXTENSION_ACTIVITY_LOG_STATUS_FETCHER", "result":""}
{"logTime": "0906/074815", "correlationVector":"dgJ6pEZNF748WaP54dHfcN","action":"EXTENSION_UPDATER", "result":""}
{"logTime": "0906/074818", "correlationVector":"SjXP/Xbi1VqaXKbcav7FaW","action":"EXTENSION_UPDATER", "result":""}
{"logTime": "0906/074823", "correlationVector":"MSz8Usa+8/zZCy0dxbLfxH","action":"EXTENSION_UPDATER", "result":""}
{"logTime": "0906/084813", "correlationVector":"350AC4A93B76474DA17F07B80E10F605","action":"FETCH_UX_CONFIG", "result":""}
{"logTime": "0906/094821", "correlationVector":"681B8AB09DCE46639D503EC4B17906AA","action":"FETCH_UX_CONFIG", "result":""}
{"logTime": "0906/104819", "correlationVector":"456BEBFBE8B34D6CAE8A7EC9A5046375","action":"FETCH_UX_CONFIG", "result":""}
{"logTime": "0907/074426", "correlationVector":"26OSSLUSRflZBkbyttSNzc","action":"EXTENSION_ACTIVITY_LOG_STATUS_FETCHER", "result":""}
{"logTime": "0907/074427", "correlationVector":"qV23qRKBViZ48kAgUTBW7R","action":"EXTENSION_UPDATER", "result":""}
{"logTime": "0907/074427", "correlationVector":"yux6KQFFC2GIlhZ8pLkUI6","action":"EXTENSION_UPDATER", "result":""}
{"logTime": "0907/074434", "correlationVector":"n4XLnx0re07SZ712eBeXe/","action":"EXTENSION_UPDATER", "result":""}
{"logTime": "0907/124422", "correlationVector":"9vntbo3oYtRRBgwbYcMgEN","action":"EXTENSION_ACTIVITY_LOG_STATUS_FETCHER", "result":""}
{"logTime": "0907/135032", "correlationVector":"Ei8MiAq1WhqTmPOTS0avnP","action":"EXTENSION_UPDATER", "result":""}
{"logTime": "0907/145227", "correlationVector":"PoTHv4FsleA4IqvvzOlmRJ","action":"EXTENSION_UPDATER", "result":""}
{"logTime": "0907/145239", "correlationVector":"nO679Cra3OMvYAYpjuzq2V","action":"EXTENSION_UPDATER", "result":""}
{"logTime": "0907/165225", "correlationVector":"073AB945CECB428BA85816AD40EABB05","action":"FETCH_UX_CONFIG", "result":""}
{"logTime": "0907/174423", "correlationVector":"LjZFMt9mOiZTRlDN91dRzu","action":"EXTENSION_ACTIVITY_LOG_STATUS_FETCHER", "result":""}
{"logTime": "0907/175229", "correlationVector":"A49E2861A2CB43039DA6F6243F6D4B79","action":"FETCH_UX_CONFIG", "result":""}
{"logTime": "0907/194143", "correlationVector":"/iAmTHFyIpOrc46h17mrnq","action":"EXTENSION_UPDATER", "result":""}
{"logTime": "0907/194149", "correlationVector":"ga8SyIjILWlwCan/1n70wS","action":"EXTENSION_UPDATER", "result":""}
{"logTime": "0907/194154", "correlationVector":"CvFWBlZmyotvJgJUvwCzQZ","action":"EXTENSION_UPDATER", "result":""}
{"logTime": "0908/071521", "correlationVector":"fXNszg2l5EoRt/8I1iHxS+","action":"EXTENSION_ACTIVITY_LOG_STATUS_FETCHER", "result":""}
{"logTime": "0908/071522", "correlationVector":"zipL6HgxzKa+VviOCec70c","action":"EXTENSION_UPDATER", "result":""}
{"logTime": "0908/071529", "correlationVector":"Xc9mbezoQVeix+ZMWMGcVG","action":"EXTENSION_UPDATER", "result":""}
{"logTime": "0908/071533", "correlationVector":"9malYqvxdVlcEvSa3L4Rzd","action":"EXTENSION_UPDATER", "result":""}
{"logTime": "0908/071557", "correlationVector":"LyvXSUfckZ+4vj/nEnUv+G","action":"EXTENSION_UPDATER", "result":""}
{"logTime": "0908/071635", "correlationVector":"itZMnT/fi5PLjGUllGRjsx","action":"EXTENSION_UPDATER", "result":""}
{"logTime": "0908/071825", "correlationVector":"af7fAEVDyx4U1bRlnfjKoM","action":"EXTENSION_ACTIVITY_LOG_STATUS_FETCHER", "result":""}
{"logTime": "0908/081557", "correlationVector":"3C2D91CF080B432BB91208D45A7B7660","action":"FETCH_UX_CONFIG", "result":""}
{"logTime": "0908/091556", "correlationVector":"15D7961D72CA497CA0374D845C9122B0","action":"FETCH_UX_CONFIG", "result":""}
{"logTime": "0908/123606", "correlationVector":"BIqlb1akdQMuwxzJ5fOKIf","action":"EXTENSION_ACTIVITY_LOG_STATUS_FETCHER", "result":""}
{"logTime": "0908/123621", "correlationVector":"25C64355C53D45BC9A679E15EA638BC3","action":"FETCH_UX_CONFIG", "result":""}
{"logTime": "0908/124958", "correlationVector":"p4N/CNQ0INFSDwmzSyexGJ","action":"EXTENSION_UPDATER", "result":""}
{"logTime": "0908/133607", "correlationVector":"93A582BC57394BA2B9CD72A6489F0DFF","action":"FETCH_UX_CONFIG", "result":""}
{"logTime": "0908/143607", "correlationVector":"564DBFC9AED24586BF8A810183082C89","action":"FETCH_UX_CONFIG", "result":""}
{"logTime": "0910/125645", "correlationVector":"gDN4cIPe7/u9c694KixjLM","action":"EXTENSION_ACTIVITY_LOG_STATUS_FETCHER", "result":""}
{"logTime": "0910/125645", "correlationVector":"cPKM0An05THuktb5BtJZvq","action":"EXTENSION_UPDATER", "result":""}
{"logTime": "0910/125658", "correlationVector":"tylxcJEggAVQj08Ll0a4mT","action":"EXTENSION_UPDATER", "result":""}
{"logTime": "0910/135647", "correlationVector":"359DB97F67FB4124B26F1DA393085CA6","action":"FETCH_UX_CONFIG", "result":""}
{"logTime": "0910/202858", "correlationVector":"VG9AZ6+J4naW3GdK7fDexy","action":"EXTENSION_ACTIVITY_LOG_STATUS_FETCHER", "result":""}
{"logTime": "0910/202859", "correlationVector":"pEueXlUuiI8FnD/xIeoud4","action":"EXTENSION_UPDATER", "result":""}
{"logTime": "0910/202900", "correlationVector":"8T0ovD0STh/rAH58qIjwyi","action":"EXTENSION_UPDATER", "result":""}
{"logTime": "0910/202904", "correlationVector":"VcrTFVt2dtjRZ1rwqUqR/T","action":"EXTENSION_UPDATER", "result":""}
{"logTime": "0910/212859", "correlationVector":"843C22F11C8148C1B638580D79F91501","action":"FETCH_UX_CONFIG", "result":""}
{"logTime": "0911/220340", "correlationVector":"KDDwSEoW7oDxt1lgBme2Fh","action":"EXTENSION_ACTIVITY_LOG_STATUS_FETCHER", "result":""}
{"logTime": "0911/220341", "correlationVector":"JKG8c3pA71B68e2odvoiX6","action":"EXTENSION_UPDATER", "result":""}
{"logTime": "0911/220341", "correlationVector":"bLC1pdwxJBtslOAzb99q9c","action":"EXTENSION_UPDATER", "result":""}
{"logTime": "0911/220345", "correlationVector":"w8Jzi44Uq1PrAQqnqhmHTH","action":"EXTENSION_UPDATER", "result":""}
{"logTime": "0912/183847", "correlationVector":"YVMEkv2Pokp/APsaCavLOe","action":"EXTENSION_ACTIVITY_LOG_STATUS_FETCHER", "result":""}
{"logTime": "0912/183848", "correlationVector":"u84vZzuVbhIBllJSPdKGvW","action":"EXTENSION_UPDATER", "result":""}
{"logTime": "0912/183901", "correlationVector":"1DInD5Cbgm1XdwLUKg7UpS","action":"EXTENSION_UPDATER", "result":""}
{"logTime": "0912/183915", "correlationVector":"GE1j46c0kHvmLdJxU9DyTn","action":"EXTENSION_UPDATER", "result":""}
{"logTime": "0912/193852", "correlationVector":"BB7A0FE0189C47CCB52E3472CE384FCE","action":"FETCH_UX_CONFIG", "result":""}
{"logTime": "0916/133006", "correlationVector":"PKj4d+mIjc/yg8INoCQOSQ","action":"EXTENSION_ACTIVITY_LOG_STATUS_FETCHER", "result":""}
{"logTime": "0916/133006", "correlationVector":"yu7Epu4Rx2em2RKljBe7P7","action":"EXTENSION_UPDATER", "result":""}
{"logTime": "0916/133022", "correlationVector":"jowqxfg7xNxEG7UiC3dY6e","action":"EXTENSION_UPDATER", "result":""}
{"logTime": "0916/133644", "correlationVector":"069Cq0wO+Fb4DX0gYAJRCx","action":"EXTENSION_UPDATER", "result":""}
{"logTime": "0916/133649", "correlationVector":"3D300A08C2C444A18C3AC670C1C07EA4","action":"FETCH_UX_CONFIG", "result":""}
{"logTime": "0916/133936", "correlationVector":"QnY8zsHJua/ffnA+cnfW6M","action":"EXTENSION_ACTIVITY_LOG_STATUS_FETCHER", "result":""}
{"logTime": "0916/140524", "correlationVector":"deydJC38UP2eX66Z8VWl+l","action":"EXTENSION_UPDATER", "result":""}
{"logTime": "0916/140531", "correlationVector":"AAC419363C6E430F89BACE615A3CC932","action":"FETCH_UX_CONFIG", "result":""}
{"logTime": "0916/140742", "correlationVector":"fqqQcVbtmeGutKZiSL/Q4x","action":"EXTENSION_ACTIVITY_LOG_STATUS_FETCHER", "result":""}
{"logTime": "0916/150529", "correlationVector":"65E3CC94BA5240EC9DF57F343CF67511","action":"FETCH_UX_CONFIG", "result":""}
{"logTime": "0916/160529", "correlationVector":"319A6887F2E54371BEB0096A9383CB12","action":"FETCH_UX_CONFIG", "result":""}
{"logTime": "0916/182122", "correlationVector":"593DB6C103544EF890115600638789C4","action":"FETCH_UX_CONFIG", "result":""}
{"logTime": "0916/190746", "correlationVector":"WVplyzXqqxW+FiWFzSxauh","action":"EXTENSION_ACTIVITY_LOG_STATUS_FETCHER", "result":""}
{"logTime": "0916/191200", "correlationVector":"N7WKZkAJDvE62Lw42kQUxm","action":"EXTENSION_UPDATER", "result":""}
{"logTime": "0916/192123", "correlationVector":"925C83D2CC594765925872D1034E083B","action":"FETCH_UX_CONFIG", "result":""}
{"logTime": "0916/202115", "correlationVector":"6aDvY7J+wkmJgHKLElWK/S","action":"EXTENSION_UPDATER", "result":""}
{"logTime": "0916/202118", "correlationVector":"3B4FE6673DE649DA80B3E4166FCCECF4","action":"FETCH_UX_CONFIG", "result":""}
{"logTime": "0916/202346", "correlationVector":"5gLPrGf+SRttQZgxWXGnsv","action":"EXTENSION_ACTIVITY_LOG_STATUS_FETCHER", "result":""}
{"logTime": "0916/212122", "correlationVector":"D1DB74A56BD749E68B199EED2D0C4DD0","action":"FETCH_UX_CONFIG", "result":""}
{"logTime": "0916/222122", "correlationVector":"6719B88C08364165B95B0B4ABAA4F4D5","action":"FETCH_UX_CONFIG", "result":""}
{"logTime": "0916/232123", "correlationVector":"CAFA87D72EE44A2E81ED890FD0ABF688","action":"FETCH_UX_CONFIG", "result":""}
{"logTime": "0917/094627", "correlationVector":"zvp28QJDbNOica/Z5nWG+m","action":"EXTENSION_ACTIVITY_LOG_STATUS_FETCHER", "result":""}
{"logTime": "0917/094628", "correlationVector":"E4sbtaNDuK05oUZIFc4DI3","action":"EXTENSION_UPDATER", "result":""}
{"logTime": "0917/094641", "correlationVector":"nkkWMoMN5tV+i8E71WB78x","action":"EXTENSION_UPDATER", "result":""}
{"logTime": "0917/094700", "correlationVector":"O+wEtdeIWpRsuKfiAd0H2P","action":"EXTENSION_UPDATER", "result":""}
{"logTime": "0917/102706", "correlationVector":"fiMy1euYDmFztnHE/ZkhwG","action":"EXTENSION_UPDATER", "result":""}
{"logTime": "0917/102708", "correlationVector":"0304B5DAE7C44A2AB86DC36A8A327F06","action":"FETCH_UX_CONFIG", "result":""}
{"logTime": "0917/102836", "correlationVector":"z5+Ap+AZSmLhjHedOg2i+F","action":"EXTENSION_ACTIVITY_LOG_STATUS_FETCHER", "result":""}
{"logTime": "0917/124329", "correlationVector":"509D3590873E4AB0A25787F441575D6F","action":"FETCH_UX_CONFIG", "result":""}
{"logTime": "0917/134342", "correlationVector":"C5A6C013FE70417FBBDE49F95B59F746","action":"FETCH_UX_CONFIG", "result":""}
{"logTime": "0917/152832", "correlationVector":"983ugBJc7bwWwp7KKeLv+q","action":"EXTENSION_ACTIVITY_LOG_STATUS_FETCHER", "result":""}
{"logTime": "0917/161334", "correlationVector":"MUEVCyIl2p1tRLr9ynV3Wa","action":"EXTENSION_UPDATER", "result":""}
{"logTime": "0917/162248", "correlationVector":"96CC4F44DA2E40A19A0793C845128F8A","action":"FETCH_UX_CONFIG", "result":""}
{"logTime": "0917/172251", "correlationVector":"A1B303B56ECB4525A9D4207DFDC0403B","action":"FETCH_UX_CONFIG", "result":""}
{"logTime": "0917/182250", "correlationVector":"1F29C32A28F94E33946387DCA2C8A5B4","action":"FETCH_UX_CONFIG", "result":""}
{"logTime": "0917/202258", "correlationVector":"Xo/rGZWk80YyqUdwIAFsgr","action":"EXTENSION_UPDATER", "result":""}
{"logTime": "0917/202304", "correlationVector":"9jaBwgp+k+basCZTKAD8eB","action":"EXTENSION_UPDATER", "result":""}
{"logTime": "0917/202312", "correlationVector":"e/zFrt7xJScRcn469x6k9O","action":"EXTENSION_UPDATER", "result":""}
{"logTime": "0917/202834", "correlationVector":"VrJEgzkj5T2UAfD8+i5esG","action":"EXTENSION_ACTIVITY_LOG_STATUS_FETCHER", "result":""}
{"logTime": "0918/074648", "correlationVector":"I4NrXfZqsYhcjxaKCYVa+e","action":"EXTENSION_ACTIVITY_LOG_STATUS_FETCHER", "result":""}
{"logTime": "0918/074648", "correlationVector":"hf4o9OZsMrz9/dD4iMMtAY","action":"EXTENSION_UPDATER", "result":""}
{"logTime": "0918/074655", "correlationVector":"cTtGgmt4cDab5FHaI9kvIg","action":"EXTENSION_UPDATER", "result":""}
{"logTime": "0918/074733", "correlationVector":"iuDcGd+LA+awI/XWWTsYsE","action":"EXTENSION_UPDATER", "result":""}
{"logTime": "0918/084648", "correlationVector":"9233B1197DFD42428FA61FE4C061BDAF","action":"FETCH_UX_CONFIG", "result":""}
{"logTime": "0918/094648", "correlationVector":"9FD94844AFCB40299B51A60A7A2A4636","action":"FETCH_UX_CONFIG", "result":""}
{"logTime": "0918/114953", "correlationVector":"C57158114E494DF289F7FDAF592DDC23","action":"FETCH_UX_CONFIG", "result":""}
{"logTime": "0918/121622", "correlationVector":"GNblyTrQluEOtRko1Df1Ta","action":"EXTENSION_UPDATER", "result":""}
{"logTime": "0918/124648", "correlationVector":"Y+chBRo+PgEcBSa7KIdMI/","action":"EXTENSION_ACTIVITY_LOG_STATUS_FETCHER", "result":""}
{"logTime": "0918/124945", "correlationVector":"69CBE295C0B441078DC3F6BEDA93F10E","action":"FETCH_UX_CONFIG", "result":""}
{"logTime": "0918/201355", "correlationVector":"y4HgrSS5J455dCL3zJRgU4","action":"EXTENSION_ACTIVITY_LOG_STATUS_FETCHER", "result":""}
{"logTime": "0918/201355", "correlationVector":"fYjG0rUR1hVkpH7sWtULRY","action":"EXTENSION_UPDATER", "result":""}
{"logTime": "0918/201357", "correlationVector":"fSoOTC4h/mzVlMDoTKMzdP","action":"EXTENSION_UPDATER", "result":""}
{"logTime": "0918/201405", "correlationVector":"4eQIneDfgDkDlzi6sf0YZM","action":"EXTENSION_UPDATER", "result":""}
{"logTime": "0919/163920", "correlationVector":"snJ4S0jCX6DPCSS05He6Ey","action":"EXTENSION_ACTIVITY_LOG_STATUS_FETCHER", "result":""}
{"logTime": "0919/163920", "correlationVector":"VSTSHkkuW2zASfytDmV4ZE","action":"EXTENSION_UPDATER", "result":""}
{"logTime": "0919/163924", "correlationVector":"zDCJ0d3vJnKJhoxw47kIBd","action":"EXTENSION_UPDATER", "result":""}
{"logTime": "0919/164016", "correlationVector":"RtIZLV171mJnuccMKbjPiJ","action":"EXTENSION_UPDATER", "result":""}
{"logTime": "0919/205702", "correlationVector":"a3p8tNu4RJVtq+dhnC3UlO","action":"EXTENSION_UPDATER", "result":""}
{"logTime": "0919/205734", "correlationVector":"ceHVTnlshHO8LkGQQ4lzBq","action":"EXTENSION_UPDATER", "result":""}
{"logTime": "0919/205807", "correlationVector":"sOjTH8uxPrp0Bc6f0ZdhR0","action":"EXTENSION_UPDATER", "result":""}
{"logTime": "0920/063001", "correlationVector":"6ISIvr7u5NN55BMHLin+eR","action":"EXTENSION_ACTIVITY_LOG_STATUS_FETCHER", "result":""}
{"logTime": "0920/063001", "correlationVector":"0lihx7zx9FGJEz1olutIms","action":"EXTENSION_UPDATER", "result":""}
{"logTime": "0920/063004", "correlationVector":"tsrcosRrX3bpfkXWn6DluB","action":"EXTENSION_UPDATER", "result":""}
{"logTime": "0920/063025", "correlationVector":"msfI4la8kBgRp1/64yOH/1","action":"EXTENSION_UPDATER", "result":""}
{"logTime": "0920/073009", "correlationVector":"CEA97D0BC33B487E93A3EC7B29109231","action":"FETCH_UX_CONFIG", "result":""}
{"logTime": "0920/083002", "correlationVector":"BEFA2039CA1E4808AF04A65F5B8837FE","action":"FETCH_UX_CONFIG", "result":""}
{"logTime": "0920/093000", "correlationVector":"DB7CACBBAD6347AFB91470C792A095FC","action":"FETCH_UX_CONFIG", "result":""}
{"logTime": "0920/102959", "correlationVector":"F3E20113F2FF49EAB8190D9853432CE4","action":"FETCH_UX_CONFIG", "result":""}
{"logTime": "0920/113000", "correlationVector":"wz917nZMv51TRHyDgHYLYv","action":"EXTENSION_ACTIVITY_LOG_STATUS_FETCHER", "result":""}
{"logTime": "0920/113003", "correlationVector":"AF0D2796138F4E1686143FAC90281197","action":"FETCH_UX_CONFIG", "result":""}
{"logTime": "0920/115821", "correlationVector":"cEl4eTCmkbT5AzI6b29DNw","action":"EXTENSION_UPDATER", "result":""}
{"logTime": "0920/171518", "correlationVector":"zNOQZYOf30Tu3M7FvU/UI7","action":"EXTENSION_ACTIVITY_LOG_STATUS_FETCHER", "result":""}
{"logTime": "0920/171519", "correlationVector":"G6jqCcx1fyGhsZkLfmfFFc","action":"EXTENSION_UPDATER", "result":""}
{"logTime": "0920/171520", "correlationVector":"3fUkdRCQLIELvu/hyormcu","action":"EXTENSION_UPDATER", "result":""}
{"logTime": "0920/171605", "correlationVector":"B5q3JkCzG0FDwk1a1ihbZE","action":"EXTENSION_UPDATER", "result":""}
{"logTime": "0920/214414", "correlationVector":"e6fVRADko45y3B72yDaSd0","action":"EXTENSION_UPDATER", "result":""}
{"logTime": "0920/214427", "correlationVector":"/qlrEBcpfmqapwbIcL9dde","action":"EXTENSION_UPDATER", "result":""}
{"logTime": "0920/214442", "correlationVector":"Awsz3Q+Ph6VHKJ9rSiEXlL","action":"EXTENSION_UPDATER", "result":""}
{"logTime": "0920/221518", "correlationVector":"DjPztsB8rm/abDzq13F/Qs","action":"EXTENSION_ACTIVITY_LOG_STATUS_FETCHER", "result":""}
{"logTime": "0921/032033", "correlationVector":"IYyApXJh8//Ufl0YiKBPFP","action":"EXTENSION_ACTIVITY_LOG_STATUS_FETCHER", "result":""}
{"logTime": "0921/071616", "correlationVector":"iMpySM7UkOBKWksTZFAPAW","action":"EXTENSION_UPDATER", "result":""}
{"logTime": "0921/071619", "correlationVector":"JjcTg4S8GXJ5PMDRXE8xUQ","action":"EXTENSION_UPDATER", "result":""}
{"logTime": "0921/071633", "correlationVector":"OGxSmRO8jKsY+AN7cTV93B","action":"EXTENSION_UPDATER", "result":""}
{"logTime": "0921/082041", "correlationVector":"8MOGnQ7EZUgiPk8qf96+uE","action":"EXTENSION_ACTIVITY_LOG_STATUS_FETCHER", "result":""}
{"logTime": "0921/202449", "correlationVector":"lqIsJ+wnogJkK9OIu8MgGs","action":"EXTENSION_ACTIVITY_LOG_STATUS_FETCHER", "result":""}
{"logTime": "0921/202455", "correlationVector":"vsZ2P2Hyj7LRgtTDUlscjH","action":"EXTENSION_UPDATER", "result":""}
{"logTime": "0921/202531", "correlationVector":"eMPqy6t+feGDcF9BHIggPF","action":"EXTENSION_UPDATER", "result":""}
{"logTime": "0921/202605", "correlationVector":"CU2BZnIO9Kd6akwkgNhra4","action":"EXTENSION_UPDATER", "result":""}
{"logTime": "0922/084838", "correlationVector":"oi1IgDsZTuPgGYh/2J1voX","action":"EXTENSION_ACTIVITY_LOG_STATUS_FETCHER", "result":""}
{"logTime": "0922/084842", "correlationVector":"xeYVfRruwS96ip2Q38vhWc","action":"EXTENSION_UPDATER", "result":""}
{"logTime": "0922/084850", "correlationVector":"nD2VHLPKlpelK5rXrLzFg8","action":"EXTENSION_UPDATER", "result":""}
{"logTime": "0922/084906", "correlationVector":"kqGDEvLmhp7eolxH4qQOVJ","action":"EXTENSION_UPDATER", "result":""}
{"logTime": "0922/150041", "correlationVector":"cOXtFSYK6v7aTf+ctVg6K4","action":"EXTENSION_ACTIVITY_LOG_STATUS_FETCHER", "result":""}
{"logTime": "0922/150046", "correlationVector":"d5UouzPHKvwguK9PG58e4V","action":"EXTENSION_UPDATER", "result":""}
{"logTime": "0922/150124", "correlationVector":"dluaZYAbTjLkWQ0dsbd5d3","action":"EXTENSION_UPDATER", "result":""}
{"logTime": "0922/150157", "correlationVector":"54XuoTK28JNp64GCTyeRva","action":"EXTENSION_UPDATER", "result":""}
{"logTime": "0922/192208", "correlationVector":"VZ4nUW4bXQaRtReVfg6LQs","action":"EXTENSION_UPDATER", "result":""}
{"logTime": "0922/192240", "correlationVector":"vWoMhJGXOFgYbTkeoEP+MI","action":"EXTENSION_UPDATER", "result":""}
{"logTime": "0922/192314", "correlationVector":"nN6OmUminwPLaUi96Z6zSo","action":"EXTENSION_UPDATER", "result":""}
{"logTime": "0923/113751", "correlationVector":"JR9jQye7/Sv6rlxUIL7rtE","action":"EXTENSION_ACTIVITY_LOG_STATUS_FETCHER", "result":""}
{"logTime": "0923/113800", "correlationVector":"BL/gXu87MWUkAudUmDMkyP","action":"EXTENSION_UPDATER", "result":""}
{"logTime": "0923/113808", "correlationVector":"j7srLfBBEPvCfJcmptS48Q","action":"EXTENSION_UPDATER", "result":""}
{"logTime": "0923/113813", "correlationVector":"YWL+PYONbdo53SqBZfeN4Y","action":"EXTENSION_UPDATER", "result":""}
{"logTime": "0923/115019", "correlationVector":"B11CB6E0BB9E43BEAC1A8F7D5BD2ECD5","action":"FETCH_UX_CONFIG", "result":""}
{"logTime": "0923/115019", "correlationVector":"8v1Ry2t7+BiXs7ZgiawXuj","action":"EXTENSION_UPDATER", "result":""}
{"logTime": "0923/115304", "correlationVector":"jxnNB+SRwAtqkdNrwHlaMn","action":"EXTENSION_ACTIVITY_LOG_STATUS_FETCHER", "result":""}
{"logTime": "0923/115327", "correlationVector":"iy0O9lU0aArq1FY5K4JJFl","action":"EXTENSION_UPDATER", "result":""}
{"logTime": "0923/115340", "correlationVector":"353D487A25894CDAA5C83261DD552C03","action":"FETCH_UX_CONFIG", "result":""}
{"logTime": "0923/115450", "correlationVector":"fnc8LDcyN2iVC/jV1BhHH6","action":"EXTENSION_ACTIVITY_LOG_STATUS_FETCHER", "result":""}
{"logTime": "0923/125326", "correlationVector":"8CE228DB28EA4865BE978B2B93E35482","action":"FETCH_UX_CONFIG", "result":""}
{"logTime": "0923/135326", "correlationVector":"D1947069E6A943D69BAE347446A759C3","action":"FETCH_UX_CONFIG", "result":""}
{"logTime": "0923/163253", "correlationVector":"qwRNnRV+SrjjMTUBTxZ6Do","action":"EXTENSION_UPDATER", "result":""}
{"logTime": "0923/163257", "correlationVector":"NgNJiMc6tewhNeQsykUmXC","action":"EXTENSION_UPDATER", "result":""}
{"logTime": "0923/163303", "correlationVector":"AoCHX/SFaZmHSqOhXagJ2l","action":"EXTENSION_UPDATER", "result":""}
{"logTime": "0923/165450", "correlationVector":"L5+S/Xu8DqCUVOiDCNNWfo","action":"EXTENSION_ACTIVITY_LOG_STATUS_FETCHER", "result":""}
{"logTime": "0923/173259", "correlationVector":"72E7067685D84358BF2AC04CF67D8242","action":"FETCH_UX_CONFIG", "result":""}
{"logTime": "0923/183255", "correlationVector":"r7exqD8jcte7C/coySXBI0","action":"EXTENSION_UPDATER", "result":""}
{"logTime": "0923/183259", "correlationVector":"7A498A936CAD4F6DBFB635D07350D92F","action":"FETCH_UX_CONFIG", "result":""}
{"logTime": "0923/183547", "correlationVector":"rxicFdZs6K1e4fLC6G30rG","action":"EXTENSION_ACTIVITY_LOG_STATUS_FETCHER", "result":""}
{"logTime": "0923/193305", "correlationVector":"76475F199C364564823E1BF7EEE4D136","action":"FETCH_UX_CONFIG", "result":""}
{"logTime": "0923/203259", "correlationVector":"363E061FC5A0432E8F3C496B0C21A4B6","action":"FETCH_UX_CONFIG", "result":""}
{"logTime": "0924/070257", "correlationVector":"KPEBbvAjXixj63CTW9oL7j","action":"EXTENSION_ACTIVITY_LOG_STATUS_FETCHER", "result":""}
{"logTime": "0924/070259", "correlationVector":"GDYHaRcpJCrxmgf3jO2Bj0","action":"EXTENSION_UPDATER", "result":""}
{"logTime": "0924/070302", "correlationVector":"Pey5J1KoVjnc9v2KBk4ICg","action":"EXTENSION_UPDATER", "result":""}
{"logTime": "0924/070307", "correlationVector":"eQtseXSU16GwMRDIuCnBKd","action":"EXTENSION_UPDATER", "result":""}
{"logTime": "0924/080258", "correlationVector":"2StP2StaFQnpxJkHgRzpz6","action":"EXTENSION_UPDATER", "result":""}
{"logTime": "0924/080259", "correlationVector":"E5DAE315884142A1A1908A74EF91D889","action":"FETCH_UX_CONFIG", "result":""}
{"logTime": "0924/080520", "correlationVector":"yYW+FM9QvejEmtZ8jUoGXZ","action":"EXTENSION_ACTIVITY_LOG_STATUS_FETCHER", "result":""}
{"logTime": "0924/090258", "correlationVector":"057A9EB5E5B4451C98644294A29F8034","action":"FETCH_UX_CONFIG", "result":""}
{"logTime": "0924/100259", "correlationVector":"4D222B16CC864FBE94F65F86BF89C055","action":"FETCH_UX_CONFIG", "result":""}
{"logTime": "0924/110258", "correlationVector":"8175AAF95C9B4172932806961E03B01F","action":"FETCH_UX_CONFIG", "result":""}
{"logTime": "0924/120258", "correlationVector":"09FF59D217CF47C68268BB942926EF60","action":"FETCH_UX_CONFIG", "result":""}
{"logTime": "0924/130259", "correlationVector":"D19EABEAB6E84921A0C44F552C60CFFE","action":"FETCH_UX_CONFIG", "result":""}
{"logTime": "0924/130520", "correlationVector":"3hVg8NgDul2QwqLK/b1gq+","action":"EXTENSION_ACTIVITY_LOG_STATUS_FETCHER", "result":""}
{"logTime": "0924/140124", "correlationVector":"vX+JAbGsc6s+9vLVdfmjQm","action":"EXTENSION_UPDATER", "result":""}
{"logTime": "0924/140259", "correlationVector":"KTHsfhWdsEqOdZxRvtbk9l","action":"EXTENSION_UPDATER", "result":""}
{"logTime": "0924/140300", "correlationVector":"ACF2202C4AEA4B6C97FFA0DBF50FA70E","action":"FETCH_UX_CONFIG", "result":""}
{"logTime": "0924/140529", "correlationVector":"wFxjuN4fNM8mbiyVw4briu","action":"EXTENSION_ACTIVITY_LOG_STATUS_FETCHER", "result":""}
{"logTime": "0924/150300", "correlationVector":"5D7E887CFF8549D99AC8D64FE22572F6","action":"FETCH_UX_CONFIG", "result":""}
{"logTime": "0924/160259", "correlationVector":"CECBA518E94444218F337C5AA30D1F7C","action":"FETCH_UX_CONFIG", "result":""}
{"logTime": "0924/183450", "correlationVector":"egxipxt+SGNQeyyI3HIof1","action":"EXTENSION_UPDATER", "result":""}
{"logTime": "0924/183451", "correlationVector":"4C807B53EECD46E6832621111869629C","action":"FETCH_UX_CONFIG", "result":""}
{"logTime": "0924/190528", "correlationVector":"OfS7Nz0LCXdTlnp88Let/U","action":"EXTENSION_ACTIVITY_LOG_STATUS_FETCHER", "result":""}
{"logTime": "0924/191157", "correlationVector":"3IH+bf22diYvhJgFfJUP03","action":"EXTENSION_UPDATER", "result":""}
{"logTime": "0924/191158", "correlationVector":"7CC51FFED94B466CB99B4C8586DB9D8D","action":"FETCH_UX_CONFIG", "result":""}
{"logTime": "0924/191346", "correlationVector":"+Ag5iSi+YnLFZGhNCW0toM","action":"EXTENSION_ACTIVITY_LOG_STATUS_FETCHER", "result":""}
{"logTime": "0924/201157", "correlationVector":"880BC17F9534467F9CAE8E8D90A36ADA","action":"FETCH_UX_CONFIG", "result":""}
{"logTime": "0925/070538", "correlationVector":"WK5IN//uep6Oy4iVAbDjvp","action":"EXTENSION_ACTIVITY_LOG_STATUS_FETCHER", "result":""}
{"logTime": "0925/070539", "correlationVector":"IE7676bNd6AY4yxHLn2emm","action":"EXTENSION_UPDATER", "result":""}
{"logTime": "0925/070540", "correlationVector":"nXL5GNf7hWBRx3QvQGXAHg","action":"EXTENSION_UPDATER", "result":""}
{"logTime": "0925/070544", "correlationVector":"lNmwpa2thZwt7lsxIj7KO/","action":"EXTENSION_UPDATER", "result":""}
{"logTime": "0925/080539", "correlationVector":"go+IQLcxcptbgkQCpG6Jtm","action":"EXTENSION_UPDATER", "result":""}
{"logTime": "0925/080540", "correlationVector":"7987F89BC6044BCCA972F65C58D24A72","action":"FETCH_UX_CONFIG", "result":""}
{"logTime": "0925/080651", "correlationVector":"jmQZhavn5vA+JBbz5c8f4H","action":"EXTENSION_ACTIVITY_LOG_STATUS_FETCHER", "result":""}
{"logTime": "0925/100442", "correlationVector":"MfxeB0LXoSjPnDcSWAOlSO","action":"EXTENSION_UPDATER", "result":""}
{"logTime": "0925/100445", "correlationVector":"4BCB4073C5BF4EB0953B57E60A6FFF66","action":"FETCH_UX_CONFIG", "result":""}
{"logTime": "0925/100633", "correlationVector":"cI+Vz5jgE4sctdoYb+/39m","action":"EXTENSION_ACTIVITY_LOG_STATUS_FETCHER", "result":""}
{"logTime": "0925/110447", "correlationVector":"EC417B5B41C049C9A3A7DC6F4AF4D8FF","action":"FETCH_UX_CONFIG", "result":""}
{"logTime": "0925/163923", "correlationVector":"pgUziX7PxePFlvcUCJVb5W","action":"EXTENSION_ACTIVITY_LOG_STATUS_FETCHER", "result":""}
{"logTime": "0925/163924", "correlationVector":"iLcC+7fevPEJ2DQ7WSxf7R","action":"EXTENSION_UPDATER", "result":""}
{"logTime": "0925/163936", "correlationVector":"9Jlp4t1jBZ0QpCqd2biCiv","action":"EXTENSION_UPDATER", "result":""}
{"logTime": "0925/164020", "correlationVector":"vAvFCD9MNw8GJDw/QM3cJb","action":"EXTENSION_UPDATER", "result":""}
{"logTime": "0925/173926", "correlationVector":"tM5z+IutVDtLY3p4wPbc43","action":"EXTENSION_UPDATER", "result":""}
{"logTime": "0925/173929", "correlationVector":"10F30AA3F6284F42ABA3656F225B537D","action":"FETCH_UX_CONFIG", "result":""}
{"logTime": "0925/174136", "correlationVector":"6MDtSTSTMX5ssfe1YCeKwg","action":"EXTENSION_ACTIVITY_LOG_STATUS_FETCHER", "result":""}
{"logTime": "0925/182341", "correlationVector":"VLT6xwGvVRttGg9yLkQU1v","action":"EXTENSION_UPDATER", "result":""}
{"logTime": "0925/182344", "correlationVector":"B5F456649EA643C985B56936BF7B73AE","action":"FETCH_UX_CONFIG", "result":""}
{"logTime": "0925/182639", "correlationVector":"mn4gggIExFKUnMEXCFtEnq","action":"EXTENSION_ACTIVITY_LOG_STATUS_FETCHER", "result":""}
{"logTime": "0925/192347", "correlationVector":"961BC7C430C64727BAF87372726C783B","action":"FETCH_UX_CONFIG", "result":""}
{"logTime": "0926/051526", "correlationVector":"YKcPCGqIZKCki8lD4o71JF","action":"EXTENSION_ACTIVITY_LOG_STATUS_FETCHER", "result":""}
{"logTime": "0926/051528", "correlationVector":"iK2JXOZOot1c+OXbYt+Xsu","action":"EXTENSION_UPDATER", "result":""}
{"logTime": "0926/051530", "correlationVector":"jvFQ1TD3gCaPx5epWb/Eu+","action":"EXTENSION_UPDATER", "result":""}
{"logTime": "0926/051537", "correlationVector":"Ec0eKPcJf7KxAu+vmJ6h/T","action":"EXTENSION_UPDATER", "result":""}
{"logTime": "0926/061532", "correlationVector":"F744F4AB86C8474CBDE7C97ABE3AA662","action":"FETCH_UX_CONFIG", "result":""}
{"logTime": "0926/071527", "correlationVector":"78F82F4EBBE64066ADC42A98DCAD1EF6","action":"FETCH_UX_CONFIG", "result":""}
{"logTime": "0926/094546", "correlationVector":"dGTtS3JqOxuhI9ZtXzs1v9","action":"EXTENSION_UPDATER", "result":""}
{"logTime": "0926/094552", "correlationVector":"3C8335ADFB6D45A893BA22C3E91F216A","action":"FETCH_UX_CONFIG", "result":""}
{"logTime": "0926/094833", "correlationVector":"QGRqrYxXBymPh3mR8MnGgq","action":"EXTENSION_ACTIVITY_LOG_STATUS_FETCHER", "result":""}
{"logTime": "0926/104546", "correlationVector":"52CA83CBFB314084BFE10039DEA9BDC0","action":"FETCH_UX_CONFIG", "result":""}
{"logTime": "0926/114546", "correlationVector":"7731165F451A46A5AE49DC1BEF74D920","action":"FETCH_UX_CONFIG", "result":""}
{"logTime": "0926/162448", "correlationVector":"axo0JPY7bVQBe5rOzCXzo9","action":"EXTENSION_ACTIVITY_LOG_STATUS_FETCHER", "result":""}
{"logTime": "0926/162449", "correlationVector":"7uszTRrLrc6iifN+4cxfyS","action":"EXTENSION_UPDATER", "result":""}
{"logTime": "0926/162453", "correlationVector":"14fqFdmAxwGg25zWhLNAnX","action":"EXTENSION_UPDATER", "result":""}
{"logTime": "0926/162457", "correlationVector":"IPB/wXy239XQyp7sTXmtAw","action":"EXTENSION_UPDATER", "result":""}
{"logTime": "0926/172453", "correlationVector":"78729E7124A64371AD55735654158AEE","action":"FETCH_UX_CONFIG", "result":""}
{"logTime": "0926/182453", "correlationVector":"6EA7542F233048C6A2E1B6AD6C569D78","action":"FETCH_UX_CONFIG", "result":""}
{"logTime": "0926/192453", "correlationVector":"BB2D6C5782454B62A897CE15A0B3E919","action":"FETCH_UX_CONFIG", "result":""}
{"logTime": "0926/202453", "correlationVector":"EB08A44FA8594D1299ED2A10D83CE83B","action":"FETCH_UX_CONFIG", "result":""}
{"logTime": "0927/095018", "correlationVector":"ibpTUx2FGOEgLS2aWeZ/lq","action":"EXTENSION_ACTIVITY_LOG_STATUS_FETCHER", "result":""}
{"logTime": "0927/095019", "correlationVector":"yQNLdfYiIU/Y+Sl/WBGWSR","action":"EXTENSION_UPDATER", "result":""}
{"logTime": "0927/095023", "correlationVector":"HjQ4ibLQPvp2PHkxqzIke6","action":"EXTENSION_UPDATER", "result":""}
{"logTime": "0927/095028", "correlationVector":"S20SFUUdX65YLYv7PesYPc","action":"EXTENSION_UPDATER", "result":""}
{"logTime": "0927/105024", "correlationVector":"9F1410AD9EFE4336ACCDBCE094DDE2C4","action":"FETCH_UX_CONFIG", "result":""}
{"logTime": "0927/112751", "correlationVector":"7LVYLSYnB4jnxFcZuOEGRc","action":"EXTENSION_UPDATER", "result":""}
{"logTime": "0927/112754", "correlationVector":"C16E7E2C9E8D4B37BFB5B07298FD5FDE","action":"FETCH_UX_CONFIG", "result":""}
{"logTime": "0927/113029", "correlationVector":"TuNWBRgP8GlOFb1rw6QIZK","action":"EXTENSION_ACTIVITY_LOG_STATUS_FETCHER", "result":""}
{"logTime": "0927/115922", "correlationVector":"HgId1/yyGLUxu6NkP/8/IW","action":"EXTENSION_UPDATER", "result":""}
{"logTime": "0927/115922", "correlationVector":"25081FC720684D7F9A2E448258FBA13A","action":"FETCH_UX_CONFIG", "result":""}
{"logTime": "0927/115943", "correlationVector":"0ECkP2bh4+tJm1cn3gnfuG","action":"EXTENSION_UPDATER", "result":""}
{"logTime": "0927/115958", "correlationVector":"C70A0007BFCA4A7EB28A875202233AB7","action":"FETCH_UX_CONFIG", "result":""}
{"logTime": "0927/120218", "correlationVector":"C22263B91D95463EBCB13C4517014323","action":"FETCH_UX_CONFIG", "result":""}
{"logTime": "0927/120218", "correlationVector":"XDTmEct/aT/qsunWLXruKQ","action":"EXTENSION_UPDATER", "result":""}
{"logTime": "0927/120220", "correlationVector":"nftZeneCHZ6PlZ3TEu3jIk","action":"EXTENSION_UPDATER", "result":""}
{"logTime": "0927/120221", "correlationVector":"698ED00FF30549DDB39014E2742A44D1","action":"FETCH_UX_CONFIG", "result":""}
{"logTime": "0927/120339", "correlationVector":"Yc6e2nJx4Tdu9c0GNLjeka","action":"EXTENSION_ACTIVITY_LOG_STATUS_FETCHER", "result":""}
{"logTime": "0927/130220", "correlationVector":"1B23198BAB254E629B840FF5C8C10B37","action":"FETCH_UX_CONFIG", "result":""}
{"logTime": "0927/175724", "correlationVector":"sajRkJLPdURbkIEhICDm6u","action":"EXTENSION_ACTIVITY_LOG_STATUS_FETCHER", "result":""}
{"logTime": "0927/175724", "correlationVector":"RSPAjafDHyEqSGL29nT4vm","action":"EXTENSION_UPDATER", "result":""}
{"logTime": "0927/175911", "correlationVector":"55892508CEB24292990E55F1FB29A080","action":"FETCH_UX_CONFIG", "result":""}
{"logTime": "0927/180040", "correlationVector":"+JxMoU3K724IziFLgMFThJ","action":"EXTENSION_UPDATER", "result":""}
{"logTime": "0927/180043", "correlationVector":"81530601A7754E3AA90616F0078663FA","action":"FETCH_UX_CONFIG", "result":""}
{"logTime": "0927/180212", "correlationVector":"nP8sXdsHLRYxsKrDtSg/tI","action":"EXTENSION_ACTIVITY_LOG_STATUS_FETCHER", "result":""}
{"logTime": "0927/190038", "correlationVector":"McCAh8EmaVSs2cqsAN3fT2","action":"EXTENSION_UPDATER", "result":""}
{"logTime": "0927/190039", "correlationVector":"B34F4A57E506474A98852C61B8C751D8","action":"FETCH_UX_CONFIG", "result":""}
{"logTime": "0927/190328", "correlationVector":"5C9b/jIQz2YgCHQS8ghAsj","action":"EXTENSION_ACTIVITY_LOG_STATUS_FETCHER", "result":""}
{"logTime": "0927/200039", "correlationVector":"E8108177A50E4ABD95B508DF1EDFBEA0","action":"FETCH_UX_CONFIG", "result":""}
{"logTime": "0928/155640", "correlationVector":"/0zb4Ocng4Y+YPJXQ9Bc0L","action":"EXTENSION_ACTIVITY_LOG_STATUS_FETCHER", "result":""}
{"logTime": "0928/155641", "correlationVector":"uGngDDm3pGMh+b/+7yl4ZQ","action":"EXTENSION_UPDATER", "result":""}
{"logTime": "0928/155642", "correlationVector":"/A3JMfxd5NBgalE1hi1krp","action":"EXTENSION_UPDATER", "result":""}
{"logTime": "0928/155646", "correlationVector":"WNNBrGwW4pCqstCdHCEQeY","action":"EXTENSION_UPDATER", "result":""}
{"logTime": "0928/165641", "correlationVector":"ojn4hXAYMvzQ79onbsndaa","action":"EXTENSION_UPDATER", "result":""}
{"logTime": "0928/165642", "correlationVector":"2050ED69558041F8800823055F2737CC","action":"FETCH_UX_CONFIG", "result":""}
{"logTime": "0928/165812", "correlationVector":"6S3IS7YPnCQTPnBTEXDMKs","action":"EXTENSION_ACTIVITY_LOG_STATUS_FETCHER", "result":""}
{"logTime": "0928/175641", "correlationVector":"681D2E03911E41D3858C891E00AB6347","action":"FETCH_UX_CONFIG", "result":""}
{"logTime": "0929/115356", "correlationVector":"LaKYaxkXACKlkD7Njhl6qo","action":"EXTENSION_ACTIVITY_LOG_STATUS_FETCHER", "result":""}
{"logTime": "0929/115356", "correlationVector":"pZMAqQucPANnMrs5odvlBT","action":"EXTENSION_UPDATER", "result":""}
{"logTime": "0929/115358", "correlationVector":"Qce/CDkjVCU6Yl2NJnsTeo","action":"EXTENSION_UPDATER", "result":""}
{"logTime": "0929/115403", "correlationVector":"TPtWgExX6bW9T64M8pNmii","action":"EXTENSION_UPDATER", "result":""}
{"logTime": "0929/125357", "correlationVector":"X8Mp1NrXrXQt9YFf7buUAy","action":"EXTENSION_UPDATER", "result":""}
{"logTime": "0929/125435", "correlationVector":"H/1EAjOcV4T0yOwnRxkLLO","action":"EXTENSION_UPDATER", "result":""}
{"logTime": "0929/125501", "correlationVector":"jy5MgCQIDiKbHjPagImw22","action":"EXTENSION_ACTIVITY_LOG_STATUS_FETCHER", "result":""}
{"logTime": "0929/125509", "correlationVector":"n9sYVTzDzg0kBLy8Rb+QDv","action":"EXTENSION_UPDATER", "result":""}
{"logTime": "0929/171026", "correlationVector":"mSQeLGI3ZvM+WHfStj5DvA","action":"EXTENSION_UPDATER", "result":""}
{"logTime": "0929/174744", "correlationVector":"75E3395584E6492491C16DE0913B9EA2","action":"FETCH_UX_CONFIG", "result":""}
{"logTime": "0929/175531", "correlationVector":"A7azXtf7FaLWdZmu0iX4md","action":"EXTENSION_ACTIVITY_LOG_STATUS_FETCHER", "result":""}
{"logTime": "0929/184742", "correlationVector":"F7wCJa32MjgzQcuUYVAXCc","action":"EXTENSION_UPDATER", "result":""}
{"logTime": "0929/184745", "correlationVector":"2B81697767B748DB9FB1120861A61C6C","action":"FETCH_UX_CONFIG", "result":""}
{"logTime": "0929/185021", "correlationVector":"iWqu/UY29zfEVG5/PnDcV3","action":"EXTENSION_ACTIVITY_LOG_STATUS_FETCHER", "result":""}
{"logTime": "0929/194615", "correlationVector":"isoPR285hj3EclXJ762IgP","action":"EXTENSION_UPDATER", "result":""}
{"logTime": "0929/194617", "correlationVector":"EE54576583DE4C698C7059A9A383FDCE","action":"FETCH_UX_CONFIG", "result":""}
{"logTime": "0929/194807", "correlationVector":"NJudr77+YbJCdl4PvX3kNH","action":"EXTENSION_ACTIVITY_LOG_STATUS_FETCHER", "result":""}
{"logTime": "0929/195029", "correlationVector":"EvE0jpad48vpAW2I0Qwv/P","action":"EXTENSION_UPDATER", "result":""}
{"logTime": "0929/195036", "correlationVector":"B25B1554A3EE47A4B69EEA5043834DC7","action":"FETCH_UX_CONFIG", "result":""}
{"logTime": "0929/195233", "correlationVector":"pKSdq5ayJDze7z9Gg/jWN/","action":"EXTENSION_ACTIVITY_LOG_STATUS_FETCHER", "result":""}
{"logTime": "0929/205035", "correlationVector":"DB22FD1340AF44F4B711165E920C6BE9","action":"FETCH_UX_CONFIG", "result":""}
{"logTime": "0930/065325", "correlationVector":"4KfINMpbu4P3RjjA3vf/OS","action":"EXTENSION_ACTIVITY_LOG_STATUS_FETCHER", "result":""}
{"logTime": "0930/065326", "correlationVector":"69vGUfbVebGW++hUXNzs8f","action":"EXTENSION_UPDATER", "result":""}
{"logTime": "0930/065327", "correlationVector":"BmKMSprR1LBrVjImzZ8GtQ","action":"EXTENSION_UPDATER", "result":""}
{"logTime": "0930/065336", "correlationVector":"D/SiOS++BvQfkcwsmQJ8/g","action":"EXTENSION_UPDATER", "result":""}
{"logTime": "0930/090104", "correlationVector":"KdZJaqKWs0+FmEuUqbIZ6v","action":"EXTENSION_UPDATER", "result":""}
{"logTime": "0930/090109", "correlationVector":"CuUuSsQn/qOMGn+pXgH4N/","action":"EXTENSION_UPDATER", "result":""}
{"logTime": "0930/090252", "correlationVector":"gp4NpMudzU7zU3zCaXDMXY","action":"EXTENSION_ACTIVITY_LOG_STATUS_FETCHER", "result":""}
{"logTime": "0930/100103", "correlationVector":"41B6B0240C4B448B95EA01060E08DEA9","action":"FETCH_UX_CONFIG", "result":""}
{"logTime": "0930/110103", "correlationVector":"16B55F37587F4A2CB0635EF3600FD3D3","action":"FETCH_UX_CONFIG", "result":""}
{"logTime": "0930/153730", "correlationVector":"N+FqE3jobv4YDxRGVGD2Iz","action":"EXTENSION_ACTIVITY_LOG_STATUS_FETCHER", "result":""}
{"logTime": "0930/153731", "correlationVector":"BzYZsK6KogYABHyto/hfuL","action":"EXTENSION_UPDATER", "result":""}
{"logTime": "0930/153739", "correlationVector":"tXN0iOfzuiqAgtk0cP6aYT","action":"EXTENSION_UPDATER", "result":""}
{"logTime": "0930/153749", "correlationVector":"fTx8bkgVboxQOMLCKffxrR","action":"EXTENSION_UPDATER", "result":""}
{"logTime": "0930/163735", "correlationVector":"0121C54395EF412DAF1B500D30A857B5","action":"FETCH_UX_CONFIG", "result":""}
{"logTime": "0930/173735", "correlationVector":"3BC7D4480E2B44CFB9E08C92F8CBC5F3","action":"FETCH_UX_CONFIG", "result":""}
{"logTime": "0930/183731", "correlationVector":"6A6DE4FED1AF4CBA9E7D73B0A721E0E3","action":"FETCH_UX_CONFIG", "result":""}
{"logTime": "0930/190459", "correlationVector":"tZQnXYITqMfHYNgo24NDY5","action":"EXTENSION_UPDATER", "result":""}
{"logTime": "0930/190500", "correlationVector":"62632FBE7E094EBFB8523164EEBDEDB4","action":"FETCH_UX_CONFIG", "result":""}
{"logTime": "0930/190707", "correlationVector":"iOo6BqTTOXv/vZxdcNsGUr","action":"EXTENSION_ACTIVITY_LOG_STATUS_FETCHER", "result":""}
{"logTime": "0930/191203", "correlationVector":"FNp9rzTEgjY2Eetb5fVg6n","action":"EXTENSION_UPDATER", "result":""}
{"logTime": "0930/191204", "correlationVector":"9061BF692C38497383639F63560A554D","action":"FETCH_UX_CONFIG", "result":""}
{"logTime": "0930/191402", "correlationVector":"LmcvuvRN93cZHqCspWTYAT","action":"EXTENSION_ACTIVITY_LOG_STATUS_FETCHER", "result":""}
{"logTime": "0930/201201", "correlationVector":"3E88A4A89E934C58985C74C044CFED86","action":"FETCH_UX_CONFIG", "result":""}
{"logTime": "1001/052039", "correlationVector":"fgEavgcVLfH4XZFRCTzhON","action":"EXTENSION_ACTIVITY_LOG_STATUS_FETCHER", "result":""}
{"logTime": "1001/052040", "correlationVector":"Pa5jA4X7XrzmEPqh/E7tc/","action":"EXTENSION_UPDATER", "result":""}
{"logTime": "1001/052055", "correlationVector":"ty3b8d1rEaZyOjFShanEz6","action":"EXTENSION_UPDATER", "result":""}
{"logTime": "1001/052106", "correlationVector":"Xjz27muqhb83MnwEl0qlLJ","action":"EXTENSION_UPDATER", "result":""}
{"logTime": "1001/052113", "correlationVector":"bUw99ugYGHIy95cMBWWQuh","action":"EXTENSION_UPDATER", "result":""}
{"logTime": "1001/052249", "correlationVector":"cMCmTWNdbVkwDN4FDHrLp/","action":"EXTENSION_ACTIVITY_LOG_STATUS_FETCHER", "result":""}
{"logTime": "1001/062056", "correlationVector":"8Q+KybZi1lpExWYhxR4T3M","action":"EXTENSION_UPDATER", "result":""}
{"logTime": "1001/062057", "correlationVector":"7389E52093BD41A5807A69FF6AF6DC28","action":"FETCH_UX_CONFIG", "result":""}
{"logTime": "1001/062342", "correlationVector":"YlbTnWqqGF9FjnJpJiHURY","action":"EXTENSION_ACTIVITY_LOG_STATUS_FETCHER", "result":""}
{"logTime": "1001/072056", "correlationVector":"18220D2CB15E43C4A0728793B4C8758D","action":"FETCH_UX_CONFIG", "result":""}
{"logTime": "1001/082056", "correlationVector":"8173BADD877F44A6AE6C0124D5CD5F14","action":"FETCH_UX_CONFIG", "result":""}
{"logTime": "1001/092056", "correlationVector":"161760E1DAA34D4DAEC1302984CD02BD","action":"FETCH_UX_CONFIG", "result":""}
{"logTime": "1001/102056", "correlationVector":"B9DEB0A0C37F4D18983D00F79FDAB75B","action":"FETCH_UX_CONFIG", "result":""}
{"logTime": "1001/112056", "correlationVector":"8D2CE071FDC5433483D92908CAE80FDD","action":"FETCH_UX_CONFIG", "result":""}
{"logTime": "1001/112343", "correlationVector":"PjKibPdWa6Uf90zPreJITW","action":"EXTENSION_ACTIVITY_LOG_STATUS_FETCHER", "result":""}
{"logTime": "1001/115119", "correlationVector":"9+o2Z7KZlap2PDAIfqozV5","action":"EXTENSION_UPDATER", "result":""}
{"logTime": "1001/142056", "correlationVector":"D6803B46E5414BFE871180B54FEAC0F8","action":"FETCH_UX_CONFIG", "result":""}
{"logTime": "1001/143243", "correlationVector":"e3FwTThSXtnr1UzyuDUgST","action":"EXTENSION_UPDATER", "result":""}
{"logTime": "1001/143248", "correlationVector":"14BB533C057A493189DB62577720684D","action":"FETCH_UX_CONFIG", "result":""}
{"logTime": "1001/143401", "correlationVector":"TgdcZufX/dxoZCv1SoCywh","action":"EXTENSION_ACTIVITY_LOG_STATUS_FETCHER", "result":""}
{"logTime": "1001/153245", "correlationVector":"3K4YWgo4BtGmgqi50PUt8D","action":"EXTENSION_UPDATER", "result":""}
{"logTime": "1001/153246", "correlationVector":"FDB95BB64D56459BBACAAE683ABF26DD","action":"FETCH_UX_CONFIG", "result":""}
{"logTime": "1001/160747", "correlationVector":"ZmtXxNlQaeIkFny2G5bSoR","action":"EXTENSION_ACTIVITY_LOG_STATUS_FETCHER", "result":""}
{"logTime": "1001/163247", "correlationVector":"842B9016450A4B3E9003C4780B4A6FCB","action":"FETCH_UX_CONFIG", "result":""}
{"logTime": "1001/202205", "correlationVector":"6ACFB1175DA14743948A6C2336C24341","action":"FETCH_UX_CONFIG", "result":""}
{"logTime": "1002/080212", "correlationVector":"qIiRvA+Q7gATYuyU3UQJax","action":"EXTENSION_ACTIVITY_LOG_STATUS_FETCHER", "result":""}
{"logTime": "1002/080215", "correlationVector":"m/vcnKSRX61TokzZ7EBgM3","action":"EXTENSION_UPDATER", "result":""}
{"logTime": "1002/080217", "correlationVector":"LOORLnjzWPaS2m+Pn6C9Kt","action":"EXTENSION_UPDATER", "result":""}
{"logTime": "1002/080221", "correlationVector":"xMUM1IeJu2bHr5yF+8SpoO","action":"EXTENSION_UPDATER", "result":""}
{"logTime": "1002/080447", "correlationVector":"lWcLV+t5Tg0WtcqOvlA1a2","action":"EXTENSION_ACTIVITY_LOG_STATUS_FETCHER", "result":""}
{"logTime": "1002/103759", "correlationVector":"6o7n2x2Y17eVYT/VxB8PCT","action":"EXTENSION_UPDATER", "result":""}
{"logTime": "1002/103800", "correlationVector":"F1CD426747ED4D149D866FDA824FEB4C","action":"FETCH_UX_CONFIG", "result":""}
{"logTime": "1002/104001", "correlationVector":"BhaVAVn/zUkQmI+r4vdY0q","action":"EXTENSION_ACTIVITY_LOG_STATUS_FETCHER", "result":""}
{"logTime": "1002/113759", "correlationVector":"A16B932F6F7942599D3BF1DBD55F4992","action":"FETCH_UX_CONFIG", "result":""}
{"logTime": "1002/123759", "correlationVector":"55A3DD5E389142FBA2BDA882582F2E4C","action":"FETCH_UX_CONFIG", "result":""}
{"logTime": "1002/155447", "correlationVector":"YySVZ8OP1XFU/wvJFSj8Dy","action":"EXTENSION_ACTIVITY_LOG_STATUS_FETCHER", "result":""}
{"logTime": "1002/160250", "correlationVector":"L6ZiM9PiHlYKSpSI9C/b1y","action":"EXTENSION_UPDATER", "result":""}
{"logTime": "1002/160255", "correlationVector":"Gem7EoCTWdtEyX18dLE2tN","action":"EXTENSION_UPDATER", "result":""}
{"logTime": "1002/160308", "correlationVector":"gkU84PWhxS2YP5k38XlYDC","action":"EXTENSION_UPDATER", "result":""}
{"logTime": "1003/051452", "correlationVector":"c9nVXmM0kCCg9/VvFpq9f+","action":"EXTENSION_ACTIVITY_LOG_STATUS_FETCHER", "result":""}
{"logTime": "1003/051452", "correlationVector":"SQcQyenoysC7j9inYxaKrT","action":"EXTENSION_UPDATER", "result":""}
{"logTime": "1003/051455", "correlationVector":"OOHF+yj/zxiqeBeDLDZ6WX","action":"EXTENSION_UPDATER", "result":""}
{"logTime": "1003/051502", "correlationVector":"18jbt88cM6d05MJTScYEsS","action":"EXTENSION_UPDATER", "result":""}
{"logTime": "1003/061457", "correlationVector":"89682D26DDFF4ACC8D912E0EA47064D4","action":"FETCH_UX_CONFIG", "result":""}
{"logTime": "1003/071458", "correlationVector":"AF3F8C0D35AF4178A5EE13AD28AF77C7","action":"FETCH_UX_CONFIG", "result":""}
{"logTime": "1003/081459", "correlationVector":"DC3EF07C993342EF884A0FC4BF2956E0","action":"FETCH_UX_CONFIG", "result":""}
{"logTime": "1003/090306", "correlationVector":"6REz/o+v8QR7+6ltXJ++mJ","action":"EXTENSION_UPDATER", "result":""}
{"logTime": "1003/090309", "correlationVector":"1FF796D485C44661A98EB084E1513C60","action":"FETCH_UX_CONFIG", "result":""}
{"logTime": "1003/090439", "correlationVector":"BRs1lkWvk60Xxj7x28Wlci","action":"EXTENSION_ACTIVITY_LOG_STATUS_FETCHER", "result":""}
{"logTime": "1003/100307", "correlationVector":"AD761959555F4D48B128E2B41B6434E3","action":"FETCH_UX_CONFIG", "result":""}
{"logTime": "1003/110310", "correlationVector":"351E2780A5D34E20A6F865FA317ED1DB","action":"FETCH_UX_CONFIG", "result":""}
{"logTime": "1003/120315", "correlationVector":"F24CD409CA334DEC84CFB7AC21A4704D","action":"FETCH_UX_CONFIG", "result":""}
{"logTime": "1003/130312", "correlationVector":"F370017499CC4A77AB2BB627FFF9AF76","action":"FETCH_UX_CONFIG", "result":""}
{"logTime": "1003/133940", "correlationVector":"KldaIWNYzOl6TrjyTMPkXA","action":"EXTENSION_UPDATER", "result":""}
{"logTime": "1003/140310", "correlationVector":"DC58D1B5DFBA48C0AE5D586F9CF46CD5","action":"FETCH_UX_CONFIG", "result":""}
{"logTime": "1003/140440", "correlationVector":"Crjh9tyoQGES5uWlFuRDEv","action":"EXTENSION_ACTIVITY_LOG_STATUS_FETCHER", "result":""}
{"logTime": "1003/150310", "correlationVector":"C2204CA32A03461A8FB99FD3E55CCD25","action":"FETCH_UX_CONFIG", "result":""}
{"logTime": "1003/160305", "correlationVector":"75EA9EDB87154875B0858EB2EE2E60F3","action":"FETCH_UX_CONFIG", "result":""}
{"logTime": "1003/171752", "correlationVector":"348D8ADD0DA04FA883DA4B77063DA94D","action":"FETCH_UX_CONFIG", "result":""}
{"logTime": "1003/181752", "correlationVector":"5FCB2D25D78C4FB29F3E0181BA900396","action":"FETCH_UX_CONFIG", "result":""}
{"logTime": "1003/182217", "correlationVector":"u9JqgtGJPNnV5QQmt3HvMP","action":"EXTENSION_UPDATER", "result":""}
{"logTime": "1004/071551", "correlationVector":"3fyuezURTB6bZDjkEArRlg","action":"EXTENSION_ACTIVITY_LOG_STATUS_FETCHER", "result":""}
{"logTime": "1004/071552", "correlationVector":"VPYkbbWYi1VP2ya/n6v4CS","action":"EXTENSION_UPDATER", "result":""}
{"logTime": "1004/071553", "correlationVector":"qJYIX+l9qBnDVk9rsXJ2Jl","action":"EXTENSION_UPDATER", "result":""}
{"logTime": "1004/071557", "correlationVector":"m2K3NaIhYxBtgYF0yLIzeM","action":"EXTENSION_UPDATER", "result":""}
{"logTime": "1004/081553", "correlationVector":"RKTy7ZTbii7ryAVgqbGy3y","action":"EXTENSION_UPDATER", "result":""}
{"logTime": "1004/081601", "correlationVector":"C01165FFF8C048C0B113FA02AB275E29","action":"FETCH_UX_CONFIG", "result":""}
{"logTime": "1004/081756", "correlationVector":"P58wTdp/wWIEj9AWaI6n9P","action":"EXTENSION_ACTIVITY_LOG_STATUS_FETCHER", "result":""}
{"logTime": "1004/103551", "correlationVector":"D27BE684F3DE4ABD96A5F9F6535FB042","action":"FETCH_UX_CONFIG", "result":""}
{"logTime": "1004/113551", "correlationVector":"43D724F87EB44C3D97F4BABF88A6188B","action":"FETCH_UX_CONFIG", "result":""}
{"logTime": "1004/160023", "correlationVector":"7LuIGkdDktlY/k4im6+kE1","action":"EXTENSION_ACTIVITY_LOG_STATUS_FETCHER", "result":""}
{"logTime": "1004/160025", "correlationVector":"QpGXd5hGNXIpw78y/OyVXP","action":"EXTENSION_UPDATER", "result":""}
{"logTime": "1004/160040", "correlationVector":"6tgFHtAqoCk8EGOrRAGSIi","action":"EXTENSION_UPDATER", "result":""}
{"logTime": "1004/160057", "correlationVector":"E7y820a3Tv4bc25VAi+aYI","action":"EXTENSION_UPDATER", "result":""}
{"logTime": "1004/170028", "correlationVector":"DB3E50DEA74240728DD79D232693F350","action":"FETCH_UX_CONFIG", "result":""}
{"logTime": "1004/180027", "correlationVector":"EDE5A9F4C04640A7BE1A80A2AC59972F","action":"FETCH_UX_CONFIG", "result":""}
{"logTime": "1005/065821", "correlationVector":"XshaGBrOt6v/2wZj89Myyy","action":"EXTENSION_ACTIVITY_LOG_STATUS_FETCHER", "result":""}
{"logTime": "1005/065821", "correlationVector":"J8hcg3UqaOngHVb4+YyOqA","action":"EXTENSION_UPDATER", "result":""}
{"logTime": "1005/065831", "correlationVector":"FBkIHNeGo54tH2aJwyQK8Z","action":"EXTENSION_UPDATER", "result":""}
{"logTime": "1005/065840", "correlationVector":"jQmp0UfUvRyhWfNv3rEVuB","action":"EXTENSION_UPDATER", "result":""}
{"logTime": "1005/075824", "correlationVector":"98F95927064E415DB0227BB1D33EDD41","action":"FETCH_UX_CONFIG", "result":""}
{"logTime": "1005/085821", "correlationVector":"674B640EFA714A9EB99782188FDEF185","action":"FETCH_UX_CONFIG", "result":""}
{"logTime": "1005/095821", "correlationVector":"183344AE0DF6429E970B647AB82ED894","action":"FETCH_UX_CONFIG", "result":""}
{"logTime": "1005/105821", "correlationVector":"53968A385361479D89DD067D49908D9E","action":"FETCH_UX_CONFIG", "result":""}
{"logTime": "1005/115326", "correlationVector":"tffe+Du4U5FLqzARcgS4GJ","action":"EXTENSION_UPDATER", "result":""}
{"logTime": "1005/115821", "correlationVector":"D2502B79E3614D72AECC0FEC9CE4C992","action":"FETCH_UX_CONFIG", "result":""}
{"logTime": "1005/115830", "correlationVector":"djeY5MyosyYsBSO7l82U01","action":"EXTENSION_ACTIVITY_LOG_STATUS_FETCHER", "result":""}
{"logTime": "1005/125821", "correlationVector":"2CEF65F0A0EE40AC8C2B17A997EA7D87","action":"FETCH_UX_CONFIG", "result":""}
{"logTime": "1005/135821", "correlationVector":"71E1DEBEAA36495FAC5BAF5055F07BCF","action":"FETCH_UX_CONFIG", "result":""}
{"logTime": "1005/145817", "correlationVector":"D875AA71C6EC485DA88297CF501B9090","action":"FETCH_UX_CONFIG", "result":""}
{"logTime": "1005/161442", "correlationVector":"c6n3/cqUWx9+elFU/sr8yv","action":"EXTENSION_UPDATER", "result":""}
{"logTime": "1005/161449", "correlationVector":"OqohxWINsPApm7vS+xGX6I","action":"EXTENSION_UPDATER", "result":""}
{"logTime": "1005/165823", "correlationVector":"eowBAPeZpL2qjAMz3BdBQO","action":"EXTENSION_ACTIVITY_LOG_STATUS_FETCHER", "result":""}
{"logTime": "1005/171446", "correlationVector":"83A9F24CE33E488592BBEE138F4D1AB6","action":"FETCH_UX_CONFIG", "result":""}
{"logTime": "1005/194956", "correlationVector":"C54C979B19A1433F8012E3A828312142","action":"FETCH_UX_CONFIG", "result":""}
{"logTime": "1005/204951", "correlationVector":"507C2902AE5F4B63AC2EA5FE1C0EEBA2","action":"FETCH_UX_CONFIG", "result":""}
{"logTime": "1005/205545", "correlationVector":"QRz5WWbakaflMhLEBKZf6+","action":"EXTENSION_UPDATER", "result":""}
{"logTime": "1006/154547", "correlationVector":"SFm2I2nzeQNh0Ucp1HQR95","action":"EXTENSION_ACTIVITY_LOG_STATUS_FETCHER", "result":""}
{"logTime": "1006/154548", "correlationVector":"bYYP9eOuKZEzb0SCuDXEJp","action":"EXTENSION_UPDATER", "result":""}
{"logTime": "1006/154554", "correlationVector":"DqknP+VzagRwYXqtVNSKUi","action":"EXTENSION_UPDATER", "result":""}
{"logTime": "1006/154638", "correlationVector":"vaZXfSC+FI01pEZYhJLiI1","action":"EXTENSION_UPDATER", "result":""}
{"logTime": "1006/164546", "correlationVector":"1F5B44EF98E84912AA7A0AE8EE811779","action":"FETCH_UX_CONFIG", "result":""}
{"logTime": "1006/174546", "correlationVector":"15A961726E484633845B8F55ECA3FF25","action":"FETCH_UX_CONFIG", "result":""}
{"logTime": "1006/184546", "correlationVector":"F8B6D87B5CAA4FFDA0AD8EDCA8FD8243","action":"FETCH_UX_CONFIG", "result":""}
{"logTime": "1006/194546", "correlationVector":"F0D1674123114C67841A42A1162BC85A","action":"FETCH_UX_CONFIG", "result":""}
{"logTime": "1006/201131", "correlationVector":"2F5/rxs7zYGoH/F6Kw5vx+","action":"EXTENSION_UPDATER", "result":""}
{"logTime": "1007/080142", "correlationVector":"NqzIfPbtb6MS7q4cf9UcBZ","action":"EXTENSION_ACTIVITY_LOG_STATUS_FETCHER", "result":""}
{"logTime": "1007/080143", "correlationVector":"FdqVSrMa5vBuyBcnY0yiWQ","action":"EXTENSION_UPDATER", "result":""}
{"logTime": "1007/080144", "correlationVector":"6NgREWA4BPgCU60Gu8c41h","action":"EXTENSION_UPDATER", "result":""}
{"logTime": "1007/080148", "correlationVector":"WAIrsXAVvzSrLPf/3bNESc","action":"EXTENSION_UPDATER", "result":""}
{"logTime": "1007/090143", "correlationVector":"54205B2C29BE4BED9589BBC4DE3E054E","action":"FETCH_UX_CONFIG", "result":""}
{"logTime": "1007/100143", "correlationVector":"05D772B7B3574EA0A9AFD0D2A2B34FDA","action":"FETCH_UX_CONFIG", "result":""}
{"logTime": "1007/110143", "correlationVector":"77FD95F664074B6385581D435F4D6529","action":"FETCH_UX_CONFIG", "result":""}
{"logTime": "1007/120143", "correlationVector":"A7E7759B1C5B4EE9A211FF4C13745986","action":"FETCH_UX_CONFIG", "result":""}
{"logTime": "1007/120304", "correlationVector":"YG22BREIWiqUZILZcU3WgB","action":"EXTENSION_UPDATER", "result":""}
{"logTime": "1007/132037", "correlationVector":"8Hg1usqaqM07zlamdDQRM9","action":"EXTENSION_ACTIVITY_LOG_STATUS_FETCHER", "result":""}
{"logTime": "1007/132427", "correlationVector":"oT/L+/PpRhtXO97RmTloMg","action":"EXTENSION_UPDATER", "result":""}
{"logTime": "1007/132431", "correlationVector":"sffjbYS+phmWj6XZerMrYv","action":"EXTENSION_UPDATER", "result":""}
{"logTime": "1007/132433", "correlationVector":"J6GYu8dEOP57jnuwXSywI4","action":"EXTENSION_UPDATER", "result":""}
{"logTime": "1007/132437", "correlationVector":"CxnEaxCiUJilwZfLcvuUR+","action":"EXTENSION_UPDATER", "result":""}
{"logTime": "1007/132702", "correlationVector":"rC4oL3aNzsy8r2lP5rTH7m","action":"EXTENSION_ACTIVITY_LOG_STATUS_FETCHER", "result":""}
{"logTime": "1007/142430", "correlationVector":"C490EA11E6CC42CA86705E3BD5433497","action":"FETCH_UX_CONFIG", "result":""}
{"logTime": "1007/152430", "correlationVector":"F3380E0096A54A829BF83D8D3A8113D2","action":"FETCH_UX_CONFIG", "result":""}
{"logTime": "1007/173535", "correlationVector":"1DB9F4C2C8FD44FCAB52F5C49D2F458B","action":"FETCH_UX_CONFIG", "result":""}
{"logTime": "1007/182702", "correlationVector":"pfKiB15gCjLnnLzD/HufHI","action":"EXTENSION_ACTIVITY_LOG_STATUS_FETCHER", "result":""}
{"logTime": "1007/183536", "correlationVector":"YqKMZ8qckexp8EkPBtRPCV","action":"EXTENSION_UPDATER", "result":""}
{"logTime": "1007/183536", "correlationVector":"8C2705772B214F2C993B3CE04BCB3E60","action":"FETCH_UX_CONFIG", "result":""}
{"logTime": "1007/183754", "correlationVector":"XZBniaouoPJv02UGJMVrEn","action":"EXTENSION_ACTIVITY_LOG_STATUS_FETCHER", "result":""}
{"logTime": "1007/193536", "correlationVector":"DC0EEA888ECB43538480420A8B72C1D4","action":"FETCH_UX_CONFIG", "result":""}
{"logTime": "1007/203536", "correlationVector":"50F132C2349742CA9D952B15566AABC7","action":"FETCH_UX_CONFIG", "result":""}
{"logTime": "1008/072237", "correlationVector":"Wsyw7fdPGGcCgHxDX9tyIE","action":"EXTENSION_ACTIVITY_LOG_STATUS_FETCHER", "result":""}
{"logTime": "1008/072239", "correlationVector":"VAt5YLbBpAmPbNM3hJbcsJ","action":"EXTENSION_UPDATER", "result":""}
{"logTime": "1008/072239", "correlationVector":"UGZsPoZnif21TepOKL6z52","action":"EXTENSION_UPDATER", "result":""}
{"logTime": "1008/072243", "correlationVector":"Jo96ShobWXbpF3Hbi9TNig","action":"EXTENSION_UPDATER", "result":""}
{"logTime": "1008/082238", "correlationVector":"hsCjFoQs3qnrYgRS8xO1/6","action":"EXTENSION_UPDATER", "result":""}
{"logTime": "1008/082239", "correlationVector":"4FCC0E15B3A34EB59A20D9869E34F754","action":"FETCH_UX_CONFIG", "result":""}
{"logTime": "1008/082429", "correlationVector":"NjZhkwN6GVGMr/IajLKbtR","action":"EXTENSION_ACTIVITY_LOG_STATUS_FETCHER", "result":""}
{"logTime": "1008/123417", "correlationVector":"uydz9O6BioiHBrpHRvIci8","action":"EXTENSION_UPDATER", "result":""}
{"logTime": "1008/124030", "correlationVector":"BAA06CD4472E45C5B96825A5D67DF8D7","action":"FETCH_UX_CONFIG", "result":""}
{"logTime": "1008/132423", "correlationVector":"j+iBhWjsJqf+g7XY9tDGxB","action":"EXTENSION_ACTIVITY_LOG_STATUS_FETCHER", "result":""}
{"logTime": "1009/090350", "correlationVector":"LYfgSbe7kzz1PlNEax9ffi","action":"EXTENSION_ACTIVITY_LOG_STATUS_FETCHER", "result":""}
{"logTime": "1009/090351", "correlationVector":"iKqurrODjdddm7wClyYCAV","action":"EXTENSION_UPDATER", "result":""}
{"logTime": "1009/090355", "correlationVector":"5p2iKAFfBHSjKJkFsgy6du","action":"EXTENSION_UPDATER", "result":""}
{"logTime": "1009/090404", "correlationVector":"jRTgGldNKWqGYJzw2wBm2C","action":"EXTENSION_UPDATER", "result":""}
{"logTime": "1009/090524", "correlationVector":"zAWUwCixulJgynYXdYid6Y","action":"EXTENSION_ACTIVITY_LOG_STATUS_FETCHER", "result":""}
{"logTime": "1009/100355", "correlationVector":"oiOM61Q6qGkGDCne8EDN+y","action":"EXTENSION_UPDATER", "result":""}
{"logTime": "1009/100356", "correlationVector":"95392FE3CBF54543A7B0E8DEDB2087DF","action":"FETCH_UX_CONFIG", "result":""}
{"logTime": "1009/100508", "correlationVector":"XArF/aLwRiaOpNM5/Xq3V0","action":"EXTENSION_ACTIVITY_LOG_STATUS_FETCHER", "result":""}
{"logTime": "1009/110356", "correlationVector":"BE6B7AE9EABF40DD8A2E9B08BD453DF0","action":"FETCH_UX_CONFIG", "result":""}
{"logTime": "1009/120355", "correlationVector":"A0E6557BDB634628B05B69165F13E135","action":"FETCH_UX_CONFIG", "result":""}
{"logTime": "1009/130355", "correlationVector":"D26EF36826E04CCD8FE9C180E046EC67","action":"FETCH_UX_CONFIG", "result":""}
{"logTime": "1009/161316", "correlationVector":"hWxkG0Kd0OzebvyA6XzeVG","action":"EXTENSION_ACTIVITY_LOG_STATUS_FETCHER", "result":""}
{"logTime": "1009/161317", "correlationVector":"VzOH3Gzy6/nlDjivG2+Jo/","action":"EXTENSION_UPDATER", "result":""}
{"logTime": "1009/161318", "correlationVector":"tToHGVixB59bVSWLpl1NuC","action":"EXTENSION_UPDATER", "result":""}
{"logTime": "1009/161322", "correlationVector":"E21Zw0Wcyq47JpCa61vmvR","action":"EXTENSION_UPDATER", "result":""}
{"logTime": "1009/171319", "correlationVector":"eSoZ1aTp2EMK8RRPXOJ8RV","action":"EXTENSION_UPDATER", "result":""}
{"logTime": "1009/171319", "correlationVector":"E975B4F8AFEC4CB28CB39147D52025EF","action":"FETCH_UX_CONFIG", "result":""}
{"logTime": "1009/171445", "correlationVector":"9KJFlSacmffgctqzFuVtsu","action":"EXTENSION_ACTIVITY_LOG_STATUS_FETCHER", "result":""}
{"logTime": "1009/181318", "correlationVector":"3FA296331A5C43DDB5DEC7C072B49A7E","action":"FETCH_UX_CONFIG", "result":""}
{"logTime": "1011/042034", "correlationVector":"MFSwpEubx8e2SzkANM8XGz","action":"EXTENSION_ACTIVITY_LOG_STATUS_FETCHER", "result":""}
{"logTime": "1011/042035", "correlationVector":"vxzzt+tGPxSLhbekVDTazb","action":"EXTENSION_UPDATER", "result":""}
{"logTime": "1011/042040", "correlationVector":"89GIZg0IhQUW6sDERftip8","action":"EXTENSION_UPDATER", "result":""}
{"logTime": "1011/052037", "correlationVector":"kpKbIZYx4zf+qoBekuagrv","action":"EXTENSION_UPDATER", "result":""}
{"logTime": "1011/052040", "correlationVector":"C5EB2FBDCFB44874967F35337D4992AB","action":"FETCH_UX_CONFIG", "result":""}
{"logTime": "1011/052229", "correlationVector":"hlapzQb/wOOYq1CXN/gDd1","action":"EXTENSION_ACTIVITY_LOG_STATUS_FETCHER", "result":""}
{"logTime": "1011/084132", "correlationVector":"F7B593831F1745269C7CE03561FC323F","action":"FETCH_UX_CONFIG", "result":""}
{"logTime": "1011/094131", "correlationVector":"C3FD70F28B28469BABDA957ED13B9ED4","action":"FETCH_UX_CONFIG", "result":""}
{"logTime": "1011/102227", "correlationVector":"6Q4J7gDeMK2VsG9KNpRMXr","action":"EXTENSION_ACTIVITY_LOG_STATUS_FETCHER", "result":""}
{"logTime": "1011/103853", "correlationVector":"N3+/1TYxlUx2r0/T+uNYLK","action":"EXTENSION_UPDATER", "result":""}
{"logTime": "1011/104132", "correlationVector":"984EFD59763043F8B22417FAF1EF5CA8","action":"FETCH_UX_CONFIG", "result":""}
{"logTime": "1011/204331", "correlationVector":"5tNztO+yD1fOOvd8q0z3S0","action":"EXTENSION_ACTIVITY_LOG_STATUS_FETCHER", "result":""}
{"logTime": "1011/204332", "correlationVector":"AWepZDMEadiv+4lzXhyKGp","action":"EXTENSION_UPDATER", "result":""}
{"logTime": "1011/204337", "correlationVector":"tE9z8HEFPnD3BoEvJW8R1B","action":"EXTENSION_UPDATER", "result":""}
{"logTime": "1011/204421", "correlationVector":"TAykhN2MumeQspgi3btksu","action":"EXTENSION_UPDATER", "result":""}
{"logTime": "1011/204701", "correlationVector":"Z9BbKzXuWHSRhehPpPtyaT","action":"EXTENSION_UPDATER", "result":""}
{"logTime": "1011/204701", "correlationVector":"0D17721B82374B4CBAE4CFFF74716081","action":"FETCH_UX_CONFIG", "result":""}
{"logTime": "1011/204857", "correlationVector":"2MGBgILVoEhEPCh6CcKQG/","action":"EXTENSION_ACTIVITY_LOG_STATUS_FETCHER", "result":""}
{"logTime": "1011/214701", "correlationVector":"7AJdq/AMCHxY2IalxCRsA2","action":"EXTENSION_UPDATER", "result":""}
{"logTime": "1011/214701", "correlationVector":"C8D67E5BB2E4493598C293D5692E8573","action":"FETCH_UX_CONFIG", "result":""}
{"logTime": "1011/214949", "correlationVector":"o8wPZckqqZge9Hxu36abwe","action":"EXTENSION_ACTIVITY_LOG_STATUS_FETCHER", "result":""}
{"logTime": "1012/073342", "correlationVector":"zFqhI2fOad+Hry0evr+kMQ","action":"EXTENSION_ACTIVITY_LOG_STATUS_FETCHER", "result":""}
{"logTime": "1012/073342", "correlationVector":"3Ugy+M1u6RmNKEVKIDTbmX","action":"EXTENSION_UPDATER", "result":""}
{"logTime": "1012/073347", "correlationVector":"ckxIIH4HKmdembAt+v+TzU","action":"EXTENSION_UPDATER", "result":""}
{"logTime": "1012/073352", "correlationVector":"EwTBt70sfeP/faBYwRtU5i","action":"EXTENSION_UPDATER", "result":""}
{"logTime": "1012/074145", "correlationVector":"MZ3IURFZKHhuDfPqJevAY4","action":"EXTENSION_UPDATER", "result":""}
{"logTime": "1012/074147", "correlationVector":"FuUeZ4dttjht1I+DoV77Wh","action":"EXTENSION_UPDATER", "result":""}
{"logTime": "1012/074149", "correlationVector":"779D77E303FF445EA13708E65AFD7399","action":"FETCH_UX_CONFIG", "result":""}
{"logTime": "1012/074415", "correlationVector":"hukJB7DWgrFba/f1gGVo4R","action":"EXTENSION_ACTIVITY_LOG_STATUS_FETCHER", "result":""}
{"logTime": "1012/084148", "correlationVector":"ChiGAj2SuBRG59GyAcI/rh","action":"EXTENSION_UPDATER", "result":""}
{"logTime": "1012/084149", "correlationVector":"F00FD2D28E234C839F3482EE6613D791","action":"FETCH_UX_CONFIG", "result":""}
{"logTime": "1012/084258", "correlationVector":"yCo4noQIqLaITLh7GwyMIp","action":"EXTENSION_ACTIVITY_LOG_STATUS_FETCHER", "result":""}
{"logTime": "1012/094148", "correlationVector":"B642D613CFFC4A76A39707BBB620E83A","action":"FETCH_UX_CONFIG", "result":""}
{"logTime": "1012/104145", "correlationVector":"876C6F70753746EE973CC18A5CC0C217","action":"FETCH_UX_CONFIG", "result":""}
{"logTime": "1012/183236", "correlationVector":"p+yDPgmn/cxk4JKgcZmXat","action":"EXTENSION_ACTIVITY_LOG_STATUS_FETCHER", "result":""}
{"logTime": "1012/183237", "correlationVector":"NacjJDjhNeuT7vkbi/jKl8","action":"EXTENSION_UPDATER", "result":""}
{"logTime": "1012/183240", "correlationVector":"dkMzUYLSAXaW33DnHuOtVh","action":"EXTENSION_UPDATER", "result":""}
{"logTime": "1012/183244", "correlationVector":"z3fXXNJBi9EEtykiXPjLsw","action":"EXTENSION_UPDATER", "result":""}
{"logTime": "1012/183352", "correlationVector":"eDBHWNh6TwPmYV/oVTePAo","action":"EXTENSION_UPDATER", "result":""}
{"logTime": "1012/183424", "correlationVector":"VHVGZX41r/GcFAJPr23BX2","action":"EXTENSION_UPDATER", "result":""}
{"logTime": "1012/183646", "correlationVector":"xv6pRksH44FwAm+YHu7/He","action":"EXTENSION_ACTIVITY_LOG_STATUS_FETCHER", "result":""}
{"logTime": "1012/193352", "correlationVector":"XNHid7Uki6DEC/sLoeuJgE","action":"EXTENSION_UPDATER", "result":""}
{"logTime": "1012/193352", "correlationVector":"4CFA9FA2BB854880A76B0EC4FC1DB02D","action":"FETCH_UX_CONFIG", "result":""}
{"logTime": "1012/193624", "correlationVector":"4C5/Gs/DD/8wFToTw2biSX","action":"EXTENSION_ACTIVITY_LOG_STATUS_FETCHER", "result":""}
{"logTime": "1013/085317", "correlationVector":"IH0zKHLEnfzQyQjKqzrZpj","action":"EXTENSION_ACTIVITY_LOG_STATUS_FETCHER", "result":""}
{"logTime": "1013/085317", "correlationVector":"6evYtVv6eG5f/Lcxes5Xqp","action":"EXTENSION_UPDATER", "result":""}
{"logTime": "1013/085319", "correlationVector":"8080D450B46B413DB45B997AE2C0B636","action":"FETCH_UX_CONFIG", "result":""}
{"logTime": "1013/095318", "correlationVector":"Id59hEcbqlm0TVD21yBmOQ","action":"EXTENSION_UPDATER", "result":""}
{"logTime": "1013/095318", "correlationVector":"891B97974208458D8BDB29A2231FFBDC","action":"FETCH_UX_CONFIG", "result":""}
{"logTime": "1013/095423", "correlationVector":"fnjZ9js6mjFjGtjja1lnC8","action":"EXTENSION_ACTIVITY_LOG_STATUS_FETCHER", "result":""}
{"logTime": "1013/120508", "correlationVector":"463136E6210B451897CAEDFCAA7F0DAE","action":"FETCH_UX_CONFIG", "result":""}
{"logTime": "1013/130508", "correlationVector":"D719F80CDF644FC8AA1B2F7E919B8178","action":"FETCH_UX_CONFIG", "result":""}
{"logTime": "1013/140507", "correlationVector":"AE8909616F6D4E8BBC449EBEA485DBE8","action":"FETCH_UX_CONFIG", "result":""}
{"logTime": "1013/142047", "correlationVector":"Ljp9mQTpm69ZjRkj8mv/IY","action":"EXTENSION_UPDATER", "result":""}
{"logTime": "1013/201449", "correlationVector":"esyNnj9CKUKH7t1VasbFQ4","action":"EXTENSION_ACTIVITY_LOG_STATUS_FETCHER", "result":""}
{"logTime": "1013/201449", "correlationVector":"siQewiDwygi9zXNi2KvfLg","action":"EXTENSION_UPDATER", "result":""}
{"logTime": "1013/201450", "correlationVector":"F264AEA4CC434A85AC8ED39E7921AC57","action":"FETCH_UX_CONFIG", "result":""}
{"logTime": "1015/065807", "correlationVector":"VOiRXbentfkwlrUht2HGP/","action":"EXTENSION_ACTIVITY_LOG_STATUS_FETCHER", "result":""}
{"logTime": "1015/065808", "correlationVector":"WmS0z1x/08cr3IPFI6thQc","action":"EXTENSION_UPDATER", "result":""}
{"logTime": "1015/065810", "correlationVector":"Wu5U2f+ig5Qx1sKT7dgmxv","action":"EXTENSION_UPDATER", "result":""}
{"logTime": "1015/065811", "correlationVector":"/H9eQF8XAI2PNSzWcZaSaE","action":"EXTENSION_UPDATER", "result":""}
{"logTime": "1015/065814", "correlationVector":"fXyB/BVbDRW6AP8twPgE9L","action":"EXTENSION_UPDATER", "result":""}
{"logTime": "1015/070104", "correlationVector":"y5/gZ4O/ZYpU9ylJuyyQrv","action":"EXTENSION_ACTIVITY_LOG_STATUS_FETCHER", "result":""}
{"logTime": "1015/075811", "correlationVector":"ZoR0Rli7JGoWBUXIrR1ycW","action":"EXTENSION_UPDATER", "result":""}
{"logTime": "1015/075852", "correlationVector":"4cRI2TSWZqgKY3ha7/fdvS","action":"EXTENSION_UPDATER", "result":""}
{"logTime": "1015/075926", "correlationVector":"a6bXBpIqh7je2JZmFMapS7","action":"EXTENSION_UPDATER", "result":""}
{"logTime": "1015/080108", "correlationVector":"QphkMck+tGAVArGTt2R3IQ","action":"EXTENSION_ACTIVITY_LOG_STATUS_FETCHER", "result":""}
{"logTime": "1015/081530", "correlationVector":"SR62J8FhfCu9iZH8s79slm","action":"EXTENSION_UPDATER", "result":""}
{"logTime": "1015/081533", "correlationVector":"045ACEEA41DD4BF18D580E22BCEC1D3F","action":"FETCH_UX_CONFIG", "result":""}
{"logTime": "1015/081723", "correlationVector":"SKxltFZOxU1xIC5otC2EsW","action":"EXTENSION_ACTIVITY_LOG_STATUS_FETCHER", "result":""}
{"logTime": "1015/091536", "correlationVector":"563683A0C564460C8E21BECA21699927","action":"FETCH_UX_CONFIG", "result":""}
{"logTime": "1015/101536", "correlationVector":"03BB3B776C8B494D8A2E8D4E9AE622AB","action":"FETCH_UX_CONFIG", "result":""}
{"logTime": "1015/111536", "correlationVector":"19C8508CBFB24A36BD3E5370883AA535","action":"FETCH_UX_CONFIG", "result":""}
{"logTime": "1015/181808", "correlationVector":"4wzdO7rT2AlKwcRXkBmNCc","action":"EXTENSION_ACTIVITY_LOG_STATUS_FETCHER", "result":""}
{"logTime": "1015/181809", "correlationVector":"62f8JdUCe0zVn68ghldZz2","action":"EXTENSION_UPDATER", "result":""}
{"logTime": "1015/181840", "correlationVector":"117CB006445E4242A9B5ABB77E1BB2FD","action":"FETCH_UX_CONFIG", "result":""}
{"logTime": "1015/191809", "correlationVector":"38YeNBeStQxmov9mxZq78y","action":"EXTENSION_UPDATER", "result":""}
{"logTime": "1015/191814", "correlationVector":"E80BDD210E85480FBA4B938B5AEC5306","action":"FETCH_UX_CONFIG", "result":""}
{"logTime": "1015/192040", "correlationVector":"EMbwSS8t/9MZy1K3kG3T2/","action":"EXTENSION_ACTIVITY_LOG_STATUS_FETCHER", "result":""}
{"logTime": "1016/063437", "correlationVector":"G04n2NMu3/+4hKfn4CE6mo","action":"EXTENSION_ACTIVITY_LOG_STATUS_FETCHER", "result":""}
{"logTime": "1016/063437", "correlationVector":"cHp1Sw753Jzc2q5hCWRGbJ","action":"EXTENSION_UPDATER", "result":""}
{"logTime": "1016/063451", "correlationVector":"FHgJ7MDCyi+U0mGP7eMTL2","action":"EXTENSION_UPDATER", "result":""}
{"logTime": "1016/063511", "correlationVector":"trp/PAPEdaPU1PntaqOXi7","action":"EXTENSION_UPDATER", "result":""}
{"logTime": "1016/083439", "correlationVector":"749F8B1820A341EEBB4204A72C2F67E0","action":"FETCH_UX_CONFIG", "result":""}
{"logTime": "1016/134445", "correlationVector":"3An9pHhqu3KbKHmRCZqcP6","action":"EXTENSION_ACTIVITY_LOG_STATUS_FETCHER", "result":""}
{"logTime": "1016/134445", "correlationVector":"yJTfwa579qbcOoKmwYG9oH","action":"EXTENSION_UPDATER", "result":""}
{"logTime": "1016/134513", "correlationVector":"jyZml59BMINpdmPYDJb3kH","action":"EXTENSION_UPDATER", "result":""}
{"logTime": "1016/134523", "correlationVector":"csTUsGmqEPSKb+7N/Yh9xs","action":"EXTENSION_UPDATER", "result":""}
{"logTime": "1016/135019", "correlationVector":"lza6wMbbWtFf90oABLv1jD","action":"EXTENSION_UPDATER", "result":""}
{"logTime": "1016/135024", "correlationVector":"A57F790D7F8F49F7A0165C4AB9E3634E","action":"FETCH_UX_CONFIG", "result":""}
{"logTime": "1016/135317", "correlationVector":"y12K4x2mlW8d+mgdtQUMoZ","action":"EXTENSION_ACTIVITY_LOG_STATUS_FETCHER", "result":""}
{"logTime": "1016/172703", "correlationVector":"4367A477A31B42728A42A8DC4641EBBF","action":"FETCH_UX_CONFIG", "result":""}
{"logTime": "1016/182701", "correlationVector":"4E6AA048F5334B55B91F90291BF69F5A","action":"FETCH_UX_CONFIG", "result":""}
{"logTime": "1016/185319", "correlationVector":"VcnMYSTH0ZFRKTYlKGcT32","action":"EXTENSION_ACTIVITY_LOG_STATUS_FETCHER", "result":""}
{"logTime": "1016/192701", "correlationVector":"CF966A6FC581416B9D632D0F9ED75F90","action":"FETCH_UX_CONFIG", "result":""}
{"logTime": "1016/194741", "correlationVector":"AjYnFUZb6lBOJL2+9VrNF0","action":"EXTENSION_UPDATER", "result":""}
{"logTime": "1016/202702", "correlationVector":"4OKflJ7fYdc9qmOrnGGkec","action":"EXTENSION_UPDATER", "result":""}
{"logTime": "1016/202702", "correlationVector":"2E9EA4F7DAD94CFEAEEEF419B2D96374","action":"FETCH_UX_CONFIG", "result":""}
{"logTime": "1016/202955", "correlationVector":"LdF9P/1Ezs40mQ4PonrFgL","action":"EXTENSION_ACTIVITY_LOG_STATUS_FETCHER", "result":""}
{"logTime": "1017/101058", "correlationVector":"M9u7GFMBA8SiHveFOQ0in0","action":"EXTENSION_ACTIVITY_LOG_STATUS_FETCHER", "result":""}
{"logTime": "1017/101100", "correlationVector":"RKmRdSKf678FUJgBHFbFOQ","action":"EXTENSION_UPDATER", "result":""}
{"logTime": "1017/111059", "correlationVector":"opMORO87xSC9kdLu5z2Eb6","action":"EXTENSION_UPDATER", "result":""}
{"logTime": "1017/111059", "correlationVector":"0AD93845849443A69860233BF949A09C","action":"FETCH_UX_CONFIG", "result":""}
{"logTime": "1017/111231", "correlationVector":"MoBdoznPckAZxQeT85HB5p","action":"EXTENSION_ACTIVITY_LOG_STATUS_FETCHER", "result":""}
{"logTime": "1017/121059", "correlationVector":"B6067365385145E1BDEF9F94F3A1D4A3","action":"FETCH_UX_CONFIG", "result":""}
{"logTime": "1017/131059", "correlationVector":"7BD4E13C28694DA29CBB29858840313B","action":"FETCH_UX_CONFIG", "result":""}
{"logTime": "1017/141059", "correlationVector":"22C302DCBEC745D686644ADA3BED1829","action":"FETCH_UX_CONFIG", "result":""}
{"logTime": "1017/170634", "correlationVector":"MbTA92KInndNDxxhC5Ohxw","action":"EXTENSION_ACTIVITY_LOG_STATUS_FETCHER", "result":""}
{"logTime": "1017/170634", "correlationVector":"r5/pPntYTUVRy4aA/7fn26","action":"EXTENSION_UPDATER", "result":""}
{"logTime": "1017/180634", "correlationVector":"qi6CvEhPnRIP7bW6ELMzOB","action":"EXTENSION_UPDATER", "result":""}
{"logTime": "1017/180635", "correlationVector":"E1D5989C0E834D4088AFA7F5CDA5FF62","action":"FETCH_UX_CONFIG", "result":""}
{"logTime": "1017/180905", "correlationVector":"4HdKgvEskBfnnNhNmPxLKK","action":"EXTENSION_ACTIVITY_LOG_STATUS_FETCHER", "result":""}
{"logTime": "1017/190634", "correlationVector":"C803364D50B9472A8860AD16B1A03AD3","action":"FETCH_UX_CONFIG", "result":""}
{"logTime": "1017/200635", "correlationVector":"6FE4490950BE40E0B56CBB5D06FF79BA","action":"FETCH_UX_CONFIG", "result":""}
{"logTime": "1018/090512", "correlationVector":"Pd4+bEnv9/9D1EWqZWfFIv","action":"EXTENSION_ACTIVITY_LOG_STATUS_FETCHER", "result":""}
{"logTime": "1018/090513", "correlationVector":"DwT+IF57gbVrMd+kjc0c8a","action":"EXTENSION_UPDATER", "result":""}
{"logTime": "1018/090514", "correlationVector":"Lm7WBX00HwZJPoTiC3oLwW","action":"EXTENSION_UPDATER", "result":""}
{"logTime": "1018/090518", "correlationVector":"hRGFcK1CYAVxuZ7bk1mz/2","action":"EXTENSION_UPDATER", "result":""}
{"logTime": "1018/100511", "correlationVector":"2LNMNS8uGN+QWsk+gxzF2M","action":"EXTENSION_UPDATER", "result":""}
{"logTime": "1018/100512", "correlationVector":"F685845B16374BBF963771E3713FCE89","action":"FETCH_UX_CONFIG", "result":""}
{"logTime": "1018/100713", "correlationVector":"PgQUX0B0oa3OE3baT5AnSU","action":"EXTENSION_ACTIVITY_LOG_STATUS_FETCHER", "result":""}
{"logTime": "1018/110512", "correlationVector":"D6D0EA47B4C24C6B868ED9E9B8C25181","action":"FETCH_UX_CONFIG", "result":""}
{"logTime": "1018/120509", "correlationVector":"DDC0607A14FC45EBAEEE71E8A38ED7B0","action":"FETCH_UX_CONFIG", "result":""}
{"logTime": "1018/130508", "correlationVector":"E936BE02FB1B4758A84F700436ECB095","action":"FETCH_UX_CONFIG", "result":""}
{"logTime": "1018/140508", "correlationVector":"8A82523581A94378B88729F1852870CA","action":"FETCH_UX_CONFIG", "result":""}
{"logTime": "1018/143204", "correlationVector":"UPwUjVSDglX0wt2UtIdIpm","action":"EXTENSION_UPDATER", "result":""}
{"logTime": "1018/144411", "correlationVector":"E/iwONnRUxUp6+pU8hohRk","action":"EXTENSION_UPDATER", "result":""}
{"logTime": "1018/144411", "correlationVector":"ACC1CE09905E40B599E87A5A2F0FA0E6","action":"FETCH_UX_CONFIG", "result":""}
{"logTime": "1018/144544", "correlationVector":"9oNu1nNKBefcHZ6OQZz+1t","action":"EXTENSION_ACTIVITY_LOG_STATUS_FETCHER", "result":""}
{"logTime": "1018/194541", "correlationVector":"m8rjmHqZVhJzQE9cqCeULz","action":"EXTENSION_ACTIVITY_LOG_STATUS_FETCHER", "result":""}
{"logTime": "1018/195935", "correlationVector":"l18mBbIQHrRcpOvAgJbhLd","action":"EXTENSION_UPDATER", "result":""}
{"logTime": "1018/195936", "correlationVector":"C9043A7239A646D4AE75A30AD05718A6","action":"FETCH_UX_CONFIG", "result":""}
{"logTime": "1018/200055", "correlationVector":"BTKcvWyNpMUW7eXObKg7Mm","action":"EXTENSION_ACTIVITY_LOG_STATUS_FETCHER", "result":""}
{"logTime": "1019/162647", "correlationVector":"q/9LSoQ4XEaf79PYaOkjJY","action":"EXTENSION_ACTIVITY_LOG_STATUS_FETCHER", "result":""}
{"logTime": "1019/162648", "correlationVector":"o7CVlZvbiyw543VnzGH+Fh","action":"EXTENSION_UPDATER", "result":""}
{"logTime": "1019/162650", "correlationVector":"IpLBCJeecBqHtIKTHvsDZb","action":"EXTENSION_UPDATER", "result":""}
{"logTime": "1019/162654", "correlationVector":"bXi+9J4JJ9R1qKyRjl1Bow","action":"EXTENSION_UPDATER", "result":""}
{"logTime": "1020/075429", "correlationVector":"YGLVfH+X0Bi44t4BbzkjOm","action":"EXTENSION_ACTIVITY_LOG_STATUS_FETCHER", "result":""}
{"logTime": "1020/075431", "correlationVector":"cFQA0H9oHZHWjOdItb0Qc3","action":"EXTENSION_UPDATER", "result":""}
{"logTime": "1020/075431", "correlationVector":"ac7uZzdMXHkS7rOFcTY5x9","action":"EXTENSION_UPDATER", "result":""}
{"logTime": "1020/075435", "correlationVector":"PNT+NVRTTEazPoxrj6tTuT","action":"EXTENSION_UPDATER", "result":""}
