2023-10-16T06:56:31.222747Z: t=1ac8: info: log: start logger (dunamis::setLogger.logger.cpp.44)
2023-10-16T06:56:31.223789Z: t=1ac8: info: session: initialize session: sdk-version=1.35.2+20221107 (dunamis::Session::Session.session.cpp.393)
2023-10-16T06:56:31.224313Z: t=1ac8: warn: types: unknown source category: UNKNOWN defaulting to UNKNOWN (dunamis::sourceCategoryFromString.core_types.cpp.154)
2023-10-16T06:56:31.224974Z: t=1ac8: info: api: End setIngestConfig: configGuid=34003c9f-54e9-43ea-b2d6-ed396a98b4b7 project=ccd-win-debug-service apiKey=ccd-win-debug-service (dunamis_setIngestConfig::<lambda_1831779dc2a7d7ac7f7fdc683bd2a931>::operator ().dunamis.cpp.242)
2023-10-16T06:56:31.225577Z: t=1ac8: info: api: Begin ingest start for config=34003c9f-54e9-43ea-b2d6-ed396a98b4b7 (dunamis_ingest_start::<lambda_02a6ef3f1d11abd8965e6411c9145af8>::operator ().ingest.cpp.62)
2023-10-16T06:56:31.227355Z: t=1ac8: warn: fs: cannot lock: errno=32 path=C:\Users\mahi\AppData\Roaming\com.adobe.dunamis\34003c9f-54e9-43ea-b2d6-ed396a98b4b7\v1\0 (dunamis::Filesystem::trylock.filesystem_win.cpp.149)
2023-10-16T06:56:31.227902Z: t=1ac8: warn: fs: cannot lock: errno=32 path=C:\Users\mahi\AppData\Roaming\com.adobe.dunamis\34003c9f-54e9-43ea-b2d6-ed396a98b4b7\v1\1 (dunamis::Filesystem::trylock.filesystem_win.cpp.149)
2023-10-16T06:56:31.228526Z: t=1ac8: warn: fs: cannot lock: errno=32 path=C:\Users\mahi\AppData\Roaming\com.adobe.dunamis\34003c9f-54e9-43ea-b2d6-ed396a98b4b7\v1\2 (dunamis::Filesystem::trylock.filesystem_win.cpp.149)
2023-10-16T06:56:31.230397Z: t=1ac8: warn: fs: cannot lock: errno=32 path=C:\Users\mahi\AppData\Roaming\com.adobe.dunamis\34003c9f-54e9-43ea-b2d6-ed396a98b4b7\v1\3 (dunamis::Filesystem::trylock.filesystem_win.cpp.149)
2023-10-16T06:56:31.230862Z: t=1ac8: info: fs: locked path=C:\Users\mahi\AppData\Roaming\com.adobe.dunamis\34003c9f-54e9-43ea-b2d6-ed396a98b4b7\v1\4 (dunamis::Filesystem::trylock.filesystem_win.cpp.153)
2023-10-16T06:56:31.230961Z: t=1ac8: warn: types: unknown source category: UNKNOWN defaulting to UNKNOWN (dunamis::sourceCategoryFromString.core_types.cpp.154)
2023-10-16T06:56:31.251138Z: t=1ac8: info: event.store: Loading eventstore: num_files=1 name=main.meta_events.4.v1.34003c9f-54e9-43ea-b2d6-ed396a98b4b7 (dunamis::EventStore::loadEventStoreIfPresent.eventstore.cpp.205)
2023-10-16T06:56:31.260247Z: t=1ac8: info: event.store: Loaded eventstore: num_events=28 name=main.meta_events.4.v1.34003c9f-54e9-43ea-b2d6-ed396a98b4b7 (dunamis::EventStore::loadEventStoreIfPresent.eventstore.cpp.219)
2023-10-16T06:56:31.260291Z: t=1ac8: info: pipeline: Open pipeline: num_events=28 name=main.meta_events.4.v1.34003c9f-54e9-43ea-b2d6-ed396a98b4b7 (dunamis::Pipeline::Pipeline.pipeline.cpp.121)
2023-10-16T06:56:31.261168Z: t=1ac8: info: pipeline: Open pipeline: num_events=0 name=main.auth_invalid_events.4.v1.34003c9f-54e9-43ea-b2d6-ed396a98b4b7 (dunamis::Pipeline::Pipeline.pipeline.cpp.121)
2023-10-16T06:56:31.261934Z: t=1ac8: info: pipeline: Open pipeline: num_events=0 name=main.auth_events.4.v1.34003c9f-54e9-43ea-b2d6-ed396a98b4b7 (dunamis::Pipeline::Pipeline.pipeline.cpp.121)
2023-10-16T06:56:31.262769Z: t=1ac8: info: pipeline: Open pipeline: num_events=0 name=main.anon_invalid_events.4.v1.34003c9f-54e9-43ea-b2d6-ed396a98b4b7 (dunamis::Pipeline::Pipeline.pipeline.cpp.121)
2023-10-16T06:56:31.263603Z: t=1ac8: info: pipeline: Open pipeline: num_events=0 name=main.anon_events.4.v1.34003c9f-54e9-43ea-b2d6-ed396a98b4b7 (dunamis::Pipeline::Pipeline.pipeline.cpp.121)
2023-10-16T06:56:31.263665Z: t=1ac8: info: orphaninstance: Initializing OrphanInstance (dunamis::OrphanInstance::OrphanInstance.orphaninstance.cpp.46)
2023-10-16T06:56:31.263690Z: t=1ac8: always: healthcheck: Initializing healthcheck (dunamis::HealthCheck::HealthCheck.healthcheck.cpp.29)
2023-10-16T06:56:31.263706Z: t=1ac8: always: ingestinstance: Initializing IngestInstanceImpl (dunamis::IngestInstanceImpl::IngestInstanceImpl.ingestinstanceimpl.cpp.130)
2023-10-16T06:56:31.263708Z: t=20e8: info: orphaninstance: Starting new orphan instance (dunamis::OrphanInstance::startNewInstance.orphaninstance.cpp.95)
2023-10-16T06:56:31.264859Z: t=20e8: warn: fs: cannot lock: errno=32 path=C:\Users\mahi\AppData\Roaming\com.adobe.dunamis\34003c9f-54e9-43ea-b2d6-ed396a98b4b7\v1\0 (dunamis::Filesystem::trylock.filesystem_win.cpp.149)
2023-10-16T06:56:31.265291Z: t=20e8: warn: fs: cannot lock: errno=32 path=C:\Users\mahi\AppData\Roaming\com.adobe.dunamis\34003c9f-54e9-43ea-b2d6-ed396a98b4b7\v1\1 (dunamis::Filesystem::trylock.filesystem_win.cpp.149)
2023-10-16T06:56:31.265702Z: t=20e8: warn: fs: cannot lock: errno=32 path=C:\Users\mahi\AppData\Roaming\com.adobe.dunamis\34003c9f-54e9-43ea-b2d6-ed396a98b4b7\v1\2 (dunamis::Filesystem::trylock.filesystem_win.cpp.149)
2023-10-16T06:56:31.266100Z: t=20e8: warn: fs: cannot lock: errno=32 path=C:\Users\mahi\AppData\Roaming\com.adobe.dunamis\34003c9f-54e9-43ea-b2d6-ed396a98b4b7\v1\3 (dunamis::Filesystem::trylock.filesystem_win.cpp.149)
2023-10-16T06:56:31.266434Z: t=20e8: warn: fs: cannot lock: errno=32 path=C:\Users\mahi\AppData\Roaming\com.adobe.dunamis\34003c9f-54e9-43ea-b2d6-ed396a98b4b7\v1\4 (dunamis::Filesystem::trylock.filesystem_win.cpp.149)
2023-10-16T06:56:31.270374Z: t=1ac8: info: event.store: pushed=1 balance=29 name=main.meta_events.4.v1.34003c9f-54e9-43ea-b2d6-ed396a98b4b7 (dunamis::EventStore::push.eventstore.cpp.133)
2023-10-16T06:56:31.270412Z: t=1ac8: info: api: End ingest start for config=34003c9f-54e9-43ea-b2d6-ed396a98b4b7 (dunamis_ingest_start::<lambda_02a6ef3f1d11abd8965e6411c9145af8>::operator ().ingest.cpp.62)
2023-10-16T06:56:31.270431Z: t=1ac8: info: api: Begin online (dunamis_online::<lambda_06909d8ff7e25ac42939470485fb0647>::operator ().dunamis.cpp.184)
2023-10-16T06:56:31.270448Z: t=1ac8: info: netmon: Starting network monitor (dunamis::NetworkMonitor::start.networkmonitor.cpp.62)
2023-10-16T06:56:31.276497Z: t=1ac8: info: netmon: network is online (dunamis::NetworkMonitor::updateNetworkState.networkmonitor.cpp.43)
2023-10-16T06:56:31.276556Z: t=1ac8: info: session: network is online (dunamis::Session::onNetworkStateChange.session.cpp.415)
2023-10-16T06:56:31.276586Z: t=1ac8: info: netpoll: Starting network poller (dunamis::NetworkPoller::start.networkpoller.cpp.43)
2023-10-16T06:56:31.277467Z: t=20e8: info: pipeline: Change state: name=main.anon_events.4.v1.34003c9f-54e9-43ea-b2d6-ed396a98b4b7 state=On (dunamis::Pipeline::changeState.pipeline.cpp.151)
2023-10-16T06:56:31.277652Z: t=20e8: info: orphaninstance: Starting new orphan instance (dunamis::OrphanInstance::startNewInstance.orphaninstance.cpp.95)
2023-10-16T06:56:31.278777Z: t=20e8: warn: fs: cannot lock: errno=32 path=C:\Users\mahi\AppData\Roaming\com.adobe.dunamis\34003c9f-54e9-43ea-b2d6-ed396a98b4b7\v1\0 (dunamis::Filesystem::trylock.filesystem_win.cpp.149)
2023-10-16T06:56:31.279239Z: t=20e8: warn: fs: cannot lock: errno=32 path=C:\Users\mahi\AppData\Roaming\com.adobe.dunamis\34003c9f-54e9-43ea-b2d6-ed396a98b4b7\v1\1 (dunamis::Filesystem::trylock.filesystem_win.cpp.149)
2023-10-16T06:56:31.279800Z: t=20e8: warn: fs: cannot lock: errno=32 path=C:\Users\mahi\AppData\Roaming\com.adobe.dunamis\34003c9f-54e9-43ea-b2d6-ed396a98b4b7\v1\2 (dunamis::Filesystem::trylock.filesystem_win.cpp.149)
2023-10-16T06:56:31.280289Z: t=20e8: warn: fs: cannot lock: errno=32 path=C:\Users\mahi\AppData\Roaming\com.adobe.dunamis\34003c9f-54e9-43ea-b2d6-ed396a98b4b7\v1\3 (dunamis::Filesystem::trylock.filesystem_win.cpp.149)
2023-10-16T06:56:31.280598Z: t=1ac8: info: api: End online (dunamis_online::<lambda_06909d8ff7e25ac42939470485fb0647>::operator ().dunamis.cpp.184)
2023-10-16T06:56:31.280751Z: t=20e8: warn: fs: cannot lock: errno=32 path=C:\Users\mahi\AppData\Roaming\com.adobe.dunamis\34003c9f-54e9-43ea-b2d6-ed396a98b4b7\v1\4 (dunamis::Filesystem::trylock.filesystem_win.cpp.149)
2023-10-16T06:56:31.294070Z: t=1ac8: info: api: Begin add common attribute for instance=000002023D84D660 key=event.category val=DESKTOP (dunamis_ingest_addCommonAttribute::<lambda_661320b69dbc96d3822ccdd3853d4723>::operator ().ingest.cpp.109)
2023-10-16T06:56:31.294107Z: t=1ac8: info: ingestinstance: In addCommonAttribute key=event.category value=DESKTOP (dunamis::IngestInstanceImpl::addCommonAttribute.ingestinstanceimpl.cpp.175)
2023-10-16T06:56:31.294303Z: t=1ac8: info: api: End add common attribute for instance=000002023D84D660 key=event.category val=DESKTOP (dunamis_ingest_addCommonAttribute::<lambda_661320b69dbc96d3822ccdd3853d4723>::operator ().ingest.cpp.109)
2023-10-16T06:56:31.294337Z: t=1ac8: info: api: Begin add common attribute for instance=000002023D84D660 key=event.device_guid val={5499AAD8-DE58-469F-B1D9-13F69F43CC3C} (dunamis_ingest_addCommonAttribute::<lambda_661320b69dbc96d3822ccdd3853d4723>::operator ().ingest.cpp.109)
2023-10-16T06:56:31.294365Z: t=1ac8: info: ingestinstance: In addCommonAttribute key=event.device_guid value={5499AAD8-DE58-469F-B1D9-13F69F43CC3C} (dunamis::IngestInstanceImpl::addCommonAttribute.ingestinstanceimpl.cpp.175)
2023-10-16T06:56:31.294439Z: t=1ac8: info: api: End add common attribute for instance=000002023D84D660 key=event.device_guid val={5499AAD8-DE58-469F-B1D9-13F69F43CC3C} (dunamis_ingest_addCommonAttribute::<lambda_661320b69dbc96d3822ccdd3853d4723>::operator ().ingest.cpp.109)
2023-10-16T06:56:31.294456Z: t=1ac8: info: api: Begin add common attribute for instance=000002023D84D660 key=event.language val=en_US (dunamis_ingest_addCommonAttribute::<lambda_661320b69dbc96d3822ccdd3853d4723>::operator ().ingest.cpp.109)
2023-10-16T06:56:31.294467Z: t=1ac8: info: ingestinstance: In addCommonAttribute key=event.language value=en_US (dunamis::IngestInstanceImpl::addCommonAttribute.ingestinstanceimpl.cpp.175)
2023-10-16T06:56:31.294529Z: t=1ac8: info: api: End add common attribute for instance=000002023D84D660 key=event.language val=en_US (dunamis_ingest_addCommonAttribute::<lambda_661320b69dbc96d3822ccdd3853d4723>::operator ().ingest.cpp.109)
2023-10-16T06:56:31.294545Z: t=1ac8: info: api: Begin add common attribute for instance=000002023D84D660 key=event.subcategory val=Process Container (dunamis_ingest_addCommonAttribute::<lambda_661320b69dbc96d3822ccdd3853d4723>::operator ().ingest.cpp.109)
2023-10-16T06:56:31.294584Z: t=1ac8: info: ingestinstance: In addCommonAttribute key=event.subcategory value=Process Container (dunamis::IngestInstanceImpl::addCommonAttribute.ingestinstanceimpl.cpp.175)
2023-10-16T06:56:31.294651Z: t=1ac8: info: api: End add common attribute for instance=000002023D84D660 key=event.subcategory val=Process Container (dunamis_ingest_addCommonAttribute::<lambda_661320b69dbc96d3822ccdd3853d4723>::operator ().ingest.cpp.109)
2023-10-16T06:56:31.294668Z: t=1ac8: info: api: Begin add common attribute for instance=000002023D84D660 key=event.user_agent val=CreativeCloud/6.0.0.571/Win-10.0 (dunamis_ingest_addCommonAttribute::<lambda_661320b69dbc96d3822ccdd3853d4723>::operator ().ingest.cpp.109)
2023-10-16T06:56:31.294680Z: t=1ac8: info: ingestinstance: In addCommonAttribute key=event.user_agent value=CreativeCloud/6.0.0.571/Win-10.0 (dunamis::IngestInstanceImpl::addCommonAttribute.ingestinstanceimpl.cpp.175)
2023-10-16T06:56:31.294752Z: t=1ac8: info: api: End add common attribute for instance=000002023D84D660 key=event.user_agent val=CreativeCloud/6.0.0.571/Win-10.0 (dunamis_ingest_addCommonAttribute::<lambda_661320b69dbc96d3822ccdd3853d4723>::operator ().ingest.cpp.109)
2023-10-16T06:56:31.294773Z: t=1ac8: info: api: Begin add common attribute for instance=000002023D84D660 key=source.client_id val=CreativeCloud_v6_0 (dunamis_ingest_addCommonAttribute::<lambda_661320b69dbc96d3822ccdd3853d4723>::operator ().ingest.cpp.109)
2023-10-16T06:56:31.294784Z: t=1ac8: info: ingestinstance: In addCommonAttribute key=source.client_id value=CreativeCloud_v6_0 (dunamis::IngestInstanceImpl::addCommonAttribute.ingestinstanceimpl.cpp.175)
2023-10-16T06:56:31.294894Z: t=1ac8: info: api: End add common attribute for instance=000002023D84D660 key=source.client_id val=CreativeCloud_v6_0 (dunamis_ingest_addCommonAttribute::<lambda_661320b69dbc96d3822ccdd3853d4723>::operator ().ingest.cpp.109)
2023-10-16T06:56:31.294916Z: t=1ac8: info: api: Begin add common attribute for instance=000002023D84D660 key=source.name val=Creative Cloud Helper (dunamis_ingest_addCommonAttribute::<lambda_661320b69dbc96d3822ccdd3853d4723>::operator ().ingest.cpp.109)
2023-10-16T06:56:31.294936Z: t=1ac8: info: ingestinstance: In addCommonAttribute key=source.name value=Creative Cloud Helper (dunamis::IngestInstanceImpl::addCommonAttribute.ingestinstanceimpl.cpp.175)
2023-10-16T06:56:31.295046Z: t=1ac8: info: api: End add common attribute for instance=000002023D84D660 key=source.name val=Creative Cloud Helper (dunamis_ingest_addCommonAttribute::<lambda_661320b69dbc96d3822ccdd3853d4723>::operator ().ingest.cpp.109)
2023-10-16T06:56:31.295069Z: t=1ac8: info: api: Begin add common attribute for instance=000002023D84D660 key=source.os_version val=10.0.22621:64 (dunamis_ingest_addCommonAttribute::<lambda_661320b69dbc96d3822ccdd3853d4723>::operator ().ingest.cpp.109)
2023-10-16T06:56:31.295084Z: t=1ac8: info: ingestinstance: In addCommonAttribute key=source.os_version value=10.0.22621:64 (dunamis::IngestInstanceImpl::addCommonAttribute.ingestinstanceimpl.cpp.175)
2023-10-16T06:56:31.295184Z: t=1ac8: info: api: End add common attribute for instance=000002023D84D660 key=source.os_version val=10.0.22621:64 (dunamis_ingest_addCommonAttribute::<lambda_661320b69dbc96d3822ccdd3853d4723>::operator ().ingest.cpp.109)
2023-10-16T06:56:31.295204Z: t=1ac8: info: api: Begin add common attribute for instance=000002023D84D660 key=source.platform val=Win-x86:64 (dunamis_ingest_addCommonAttribute::<lambda_661320b69dbc96d3822ccdd3853d4723>::operator ().ingest.cpp.109)
2023-10-16T06:56:31.295219Z: t=1ac8: info: ingestinstance: In addCommonAttribute key=source.platform value=Win-x86:64 (dunamis::IngestInstanceImpl::addCommonAttribute.ingestinstanceimpl.cpp.175)
2023-10-16T06:56:31.295333Z: t=1ac8: info: api: End add common attribute for instance=000002023D84D660 key=source.platform val=Win-x86:64 (dunamis_ingest_addCommonAttribute::<lambda_661320b69dbc96d3822ccdd3853d4723>::operator ().ingest.cpp.109)
2023-10-16T06:56:31.295354Z: t=1ac8: info: api: Begin add common attribute for instance=000002023D84D660 key=source.version val=6.0.0.571 (dunamis_ingest_addCommonAttribute::<lambda_661320b69dbc96d3822ccdd3853d4723>::operator ().ingest.cpp.109)
2023-10-16T06:56:31.295369Z: t=1ac8: info: ingestinstance: In addCommonAttribute key=source.version value=6.0.0.571 (dunamis::IngestInstanceImpl::addCommonAttribute.ingestinstanceimpl.cpp.175)
2023-10-16T06:56:31.295482Z: t=1ac8: info: api: End add common attribute for instance=000002023D84D660 key=source.version val=6.0.0.571 (dunamis_ingest_addCommonAttribute::<lambda_661320b69dbc96d3822ccdd3853d4723>::operator ().ingest.cpp.109)
2023-10-16T06:56:31.525853Z: t=1ac8: info: api: Begin submitEvent for instance=000002023D84D660 json={"ccd.remoteAppletID":"UPI_BL","env.com.name":"CCH_UPI","event.subtype":"launch","event.type":"success","event.workflow":"Debug"}
 batch=1 auth=0 validate=0 (dunamis_ingest_submitEvent::<lambda_c51493a09532162a74e067bda718519b>::operator ().ingest.cpp.167)
2023-10-16T06:56:31.525908Z: t=1ac8: info: ingestinstance: In submitEvent: batch=1 json={"ccd.remoteAppletID":"UPI_BL","env.com.name":"CCH_UPI","event.subtype":"launch","event.type":"success","event.workflow":"Debug"}
 auth=0 validate=0 (dunamis::IngestInstanceImpl::submitEvent.ingestinstanceimpl.cpp.187)
2023-10-16T06:56:31.534641Z: t=1ac8: info: event.store: Created eventstore: num_files=0 name=main.anon_events.4.v1.34003c9f-54e9-43ea-b2d6-ed396a98b4b7 (dunamis::EventStore::openManifest.eventstore.cpp.194)
2023-10-16T06:56:31.547955Z: t=1ac8: info: event.store: pushed=1 balance=1 name=main.anon_events.4.v1.34003c9f-54e9-43ea-b2d6-ed396a98b4b7 (dunamis::EventStore::push.eventstore.cpp.133)
2023-10-16T06:56:31.547986Z: t=1ac8: info: api: End submitEvent for instance=000002023D84D660 json={"ccd.remoteAppletID":"UPI_BL","env.com.name":"CCH_UPI","event.subtype":"launch","event.type":"success","event.workflow":"Debug"}
 batch=1 auth=0 validate=0 (dunamis_ingest_submitEvent::<lambda_c51493a09532162a74e067bda718519b>::operator ().ingest.cpp.167)
2023-10-16T06:57:01.294822Z: t=62c4: info: pipeline: Http request: name=main.anon_events.4.v1.34003c9f-54e9-43ea-b2d6-ed396a98b4b7 (dunamis::Pipeline::doPostBatch.pipeline.cpp.518)
2023-10-16T06:57:01.295110Z: t=62c4: info: http: Request: POST https://cc-api-data.adobe.io/ingest (dunamis::transfer::ExecutorImpl::executeWithSynchronousContext.executorimpl.cpp.148)
2023-10-16T06:57:02.995598Z: t=62c4: info: transfer: Request completed sucessfully. url=https://cc-api-data.adobe.io/ingest, status=0 None, reason=, verb=POST, latency=1700146 microseconds (dunamis::transfer::TransferImpl::doLogMessage.transferimpl.cpp.344)
2023-10-16T06:57:02.995703Z: t=62c4: info: transfer: Perform request=1 scheduled=1 (dunamis::transfer::TransferImpl::perform.transferimpl.cpp.126)
2023-10-16T06:57:02.995792Z: t=20e8: info: pipeline: Http response: name=main.anon_events.4.v1.34003c9f-54e9-43ea-b2d6-ed396a98b4b7 x-request-id= GDfcYCwyKmJSZRezF15yoFJOd9JP0R7r status=0 None (dunamis::`anonymous-namespace'::logHTTPResponse.pipeline.cpp.85)
2023-10-16T06:57:02.995878Z: t=20e8: info: event.store: popped=1 balance=0 name=main.anon_events.4.v1.34003c9f-54e9-43ea-b2d6-ed396a98b4b7 (dunamis::EventStore::pop.eventstore.cpp.147)
2023-10-16T06:58:48.584296Z: t=1ac8: info: api: Begin flush for instance=000002023D84D660 (dunamis_ingest_flush::<lambda_175e8a6e7ba6b2c10b3d9d03dc458adb>::operator ().ingest.cpp.184)
2023-10-16T06:58:48.584356Z: t=1ac8: info: ingestinstance: Begin flush task (dunamis::IngestInstanceImpl::flush::<lambda_56a0fa03b575698e245aa94a6dbb5bc7>::operator ().ingestinstanceimpl.cpp.197)
2023-10-16T06:58:48.584399Z: t=1ac8: info: utils: Begin wait for in-process batch (name=main.meta_events.4.v1.34003c9f-54e9-43ea-b2d6-ed396a98b4b7) to be complete (dunamis::waitFor.asynchelper.hpp.64)
2023-10-16T06:58:48.584429Z: t=1ac8: info: utils: End wait for in-process batch (name=main.meta_events.4.v1.34003c9f-54e9-43ea-b2d6-ed396a98b4b7) to be complete (dunamis::waitFor.asynchelper.hpp.64)
2023-10-16T06:58:48.584587Z: t=1ac8: info: utils: Begin wait for in-process batch (name=main.anon_events.4.v1.34003c9f-54e9-43ea-b2d6-ed396a98b4b7) to be complete (dunamis::waitFor.asynchelper.hpp.64)
2023-10-16T06:58:48.584638Z: t=1ac8: info: utils: End wait for in-process batch (name=main.anon_events.4.v1.34003c9f-54e9-43ea-b2d6-ed396a98b4b7) to be complete (dunamis::waitFor.asynchelper.hpp.64)
2023-10-16T06:58:48.584689Z: t=1ac8: info: utils: Begin wait for in-process batch (name=main.auth_events.4.v1.34003c9f-54e9-43ea-b2d6-ed396a98b4b7) to be complete (dunamis::waitFor.asynchelper.hpp.64)
2023-10-16T06:58:48.584730Z: t=1ac8: info: utils: End wait for in-process batch (name=main.auth_events.4.v1.34003c9f-54e9-43ea-b2d6-ed396a98b4b7) to be complete (dunamis::waitFor.asynchelper.hpp.64)
2023-10-16T06:58:48.584778Z: t=1ac8: info: utils: Begin wait for meta-flush to be complete (dunamis::waitFor.asynchelper.hpp.64)
2023-10-16T06:58:48.584822Z: t=1ac8: info: utils: waiting for meta-flush to be complete (dunamis::waitFor.asynchelper.hpp.67)
2023-10-16T06:58:48.584921Z: t=55b4: info: pipeline: flush iteration: name=main.meta_events.4.v1.34003c9f-54e9-43ea-b2d6-ed396a98b4b7 (dunamis::Pipeline::flush::<lambda_0215b432550612e22602151eb780e62c>::operator ().pipeline.cpp.195)
2023-10-16T06:58:48.585155Z: t=37cc: info: pipeline: flush iteration: name=main.anon_events.4.v1.34003c9f-54e9-43ea-b2d6-ed396a98b4b7 (dunamis::Pipeline::flush::<lambda_0215b432550612e22602151eb780e62c>::operator ().pipeline.cpp.195)
2023-10-16T06:58:48.585195Z: t=37cc: info: pipeline: flush succeeded for name=main.anon_events.4.v1.34003c9f-54e9-43ea-b2d6-ed396a98b4b7 (dunamis::Pipeline::flush::<lambda_0215b432550612e22602151eb780e62c>::operator ().pipeline.cpp.243)
2023-10-16T06:58:48.585210Z: t=37cc: info: pipeline: flush iteration: name=main.auth_events.4.v1.34003c9f-54e9-43ea-b2d6-ed396a98b4b7 (dunamis::Pipeline::flush::<lambda_0215b432550612e22602151eb780e62c>::operator ().pipeline.cpp.195)
2023-10-16T06:58:48.585221Z: t=37cc: info: pipeline: flush succeeded for name=main.auth_events.4.v1.34003c9f-54e9-43ea-b2d6-ed396a98b4b7 (dunamis::Pipeline::flush::<lambda_0215b432550612e22602151eb780e62c>::operator ().pipeline.cpp.243)
2023-10-16T06:58:48.588134Z: t=55b4: error: pipeline: exception state is not on: precondition_failed dunamis_error:18 unknown (dunamis::Pipeline::flush::<lambda_0215b432550612e22602151eb780e62c>::operator ().pipeline.cpp.233)
2023-10-16T06:58:48.588283Z: t=55b4: error: pipeline: flush failed for name=main.meta_events.4.v1.34003c9f-54e9-43ea-b2d6-ed396a98b4b7with code=18 error=precondition_failed (dunamis::Pipeline::flush::<lambda_0215b432550612e22602151eb780e62c>::operator ().pipeline.cpp.241)
2023-10-16T06:58:48.640719Z: t=1ac8: info: utils: End wait for meta-flush to be complete (dunamis::waitFor.asynchelper.hpp.64)
2023-10-16T06:58:48.640797Z: t=1ac8: info: utils: Begin wait for anon-flush to be complete (dunamis::waitFor.asynchelper.hpp.64)
2023-10-16T06:58:48.640867Z: t=1ac8: info: utils: End wait for anon-flush to be complete (dunamis::waitFor.asynchelper.hpp.64)
2023-10-16T06:58:48.640914Z: t=1ac8: info: utils: Begin wait for auth-flush to be complete (dunamis::waitFor.asynchelper.hpp.64)
2023-10-16T06:58:48.640945Z: t=1ac8: info: utils: End wait for auth-flush to be complete (dunamis::waitFor.asynchelper.hpp.64)
2023-10-16T06:58:48.640972Z: t=1ac8: info: ingestinstance: End flush task (dunamis::IngestInstanceImpl::flush::<lambda_56a0fa03b575698e245aa94a6dbb5bc7>::operator ().ingestinstanceimpl.cpp.197)
2023-10-16T06:58:48.641041Z: t=1ac8: info: api: End flush for instance=000002023D84D660 (dunamis_ingest_flush::<lambda_175e8a6e7ba6b2c10b3d9d03dc458adb>::operator ().ingest.cpp.184)
2023-10-16T06:58:48.641440Z: t=1ac8: error: utils: exception precondition_failed dunamis_error:18 (dunamis::exceptionToDunamisError.exceptionhelper.hpp.64)
2023-10-16T06:58:48.641554Z: t=1ac8: info: api: Begin exit (dunamis_exit::<lambda_5553b65f4d2bae0d8ff8029c62c695f9>::operator ().dunamis.cpp.352)
2023-10-16T06:58:48.641570Z: t=1ac8: info: api: End exit (dunamis_exit::<lambda_5553b65f4d2bae0d8ff8029c62c695f9>::operator ().dunamis.cpp.352)
2023-10-16T06:58:48.646852Z: t=1ac8: info: utils: Begin wait for active tasks (this=00007FF68560D5D8) to be complete (dunamis::waitFor.asynchelper.hpp.64)
2023-10-16T06:58:48.646900Z: t=1ac8: info: utils: End wait for active tasks (this=00007FF68560D5D8) to be complete (dunamis::waitFor.asynchelper.hpp.64)
2023-10-16T06:58:48.646920Z: t=1ac8: info: utils: Begin wait for active tasks (this=00007FF68560D1C0) to be complete (dunamis::waitFor.asynchelper.hpp.64)
2023-10-16T06:58:48.646934Z: t=1ac8: info: utils: End wait for active tasks (this=00007FF68560D1C0) to be complete (dunamis::waitFor.asynchelper.hpp.64)
2023-10-16T06:58:48.651992Z: t=1ac8: info: event.store: pushed=1 balance=30 name=main.meta_events.4.v1.34003c9f-54e9-43ea-b2d6-ed396a98b4b7 (dunamis::EventStore::push.eventstore.cpp.133)
2023-10-16T06:58:48.652024Z: t=1ac8: info: utils: Begin wait for active tasks (this=000002023D84D920) to be complete (dunamis::waitFor.asynchelper.hpp.64)
2023-10-16T06:58:48.652038Z: t=1ac8: info: utils: End wait for active tasks (this=000002023D84D920) to be complete (dunamis::waitFor.asynchelper.hpp.64)
2023-10-16T06:58:48.652055Z: t=1ac8: info: utils: Begin wait for active tasks (this=000002023D84D668) to be complete (dunamis::waitFor.asynchelper.hpp.64)
2023-10-16T06:58:48.652066Z: t=1ac8: info: utils: End wait for active tasks (this=000002023D84D668) to be complete (dunamis::waitFor.asynchelper.hpp.64)
2023-10-16T06:58:48.652081Z: t=1ac8: info: utils: Begin wait for active tasks (this=000002023D84E8C0) to be complete (dunamis::waitFor.asynchelper.hpp.64)
2023-10-16T06:58:48.652094Z: t=1ac8: info: utils: End wait for active tasks (this=000002023D84E8C0) to be complete (dunamis::waitFor.asynchelper.hpp.64)
2023-10-16T06:58:48.652108Z: t=1ac8: info: utils: Begin wait for active tasks (this=000002023D84E8B0) to be complete (dunamis::waitFor.asynchelper.hpp.64)
2023-10-16T06:58:48.652120Z: t=1ac8: info: utils: End wait for active tasks (this=000002023D84E8B0) to be complete (dunamis::waitFor.asynchelper.hpp.64)
2023-10-16T06:58:48.652138Z: t=1ac8: info: utils: Begin wait for active tasks (this=000002023D84E858) to be complete (dunamis::waitFor.asynchelper.hpp.64)
2023-10-16T06:58:48.652155Z: t=1ac8: info: utils: End wait for active tasks (this=000002023D84E858) to be complete (dunamis::waitFor.asynchelper.hpp.64)
2023-10-16T06:58:48.652169Z: t=1ac8: info: utils: Begin wait for active tasks (this=000002023D84E6F0) to be complete (dunamis::waitFor.asynchelper.hpp.64)
2023-10-16T06:58:48.652181Z: t=1ac8: info: utils: End wait for active tasks (this=000002023D84E6F0) to be complete (dunamis::waitFor.asynchelper.hpp.64)
2023-10-16T06:58:48.652199Z: t=1ac8: info: pipeline: Change state: name=main.anon_events.4.v1.34003c9f-54e9-43ea-b2d6-ed396a98b4b7 state=SaveOnly (dunamis::Pipeline::changeState.pipeline.cpp.151)
2023-10-16T06:58:48.652213Z: t=1ac8: info: utils: Begin wait for active tasks (this=000002023D84E6E0) to be complete (dunamis::waitFor.asynchelper.hpp.64)
2023-10-16T06:58:48.652226Z: t=1ac8: info: utils: End wait for active tasks (this=000002023D84E6E0) to be complete (dunamis::waitFor.asynchelper.hpp.64)
2023-10-16T06:58:48.652240Z: t=1ac8: info: utils: Begin wait for active tasks (this=000002023D84E498) to be complete (dunamis::waitFor.asynchelper.hpp.64)
2023-10-16T06:58:48.652252Z: t=1ac8: info: utils: End wait for active tasks (this=000002023D84E498) to be complete (dunamis::waitFor.asynchelper.hpp.64)
2023-10-16T06:58:48.652263Z: t=1ac8: info: pipeline: Close pipeline: num_events=0 name=main.anon_events.4.v1.34003c9f-54e9-43ea-b2d6-ed396a98b4b7 (dunamis::Pipeline::~Pipeline.pipeline.cpp.128)
2023-10-16T06:58:48.652389Z: t=1ac8: info: event.store: Delete eventstore: num_events=0 name=main.anon_events.4.v1.34003c9f-54e9-43ea-b2d6-ed396a98b4b7 (dunamis::EventStore::removeEventStore.eventstore.cpp.168)
2023-10-16T06:58:48.653433Z: t=1ac8: info: utils: Begin wait for active tasks (this=000002023D84E240) to be complete (dunamis::waitFor.asynchelper.hpp.64)
2023-10-16T06:58:48.653470Z: t=1ac8: info: utils: End wait for active tasks (this=000002023D84E240) to be complete (dunamis::waitFor.asynchelper.hpp.64)
2023-10-16T06:58:48.653484Z: t=1ac8: info: pipeline: Close pipeline: num_events=0 name=main.anon_invalid_events.4.v1.34003c9f-54e9-43ea-b2d6-ed396a98b4b7 (dunamis::Pipeline::~Pipeline.pipeline.cpp.128)
2023-10-16T06:58:48.653498Z: t=1ac8: info: utils: Begin wait for active tasks (this=000002023D84E488) to be complete (dunamis::waitFor.asynchelper.hpp.64)
2023-10-16T06:58:48.653509Z: t=1ac8: info: utils: End wait for active tasks (this=000002023D84E488) to be complete (dunamis::waitFor.asynchelper.hpp.64)
2023-10-16T06:58:48.653575Z: t=1ac8: info: utils: Begin wait for active tasks (this=000002023D84DFE8) to be complete (dunamis::waitFor.asynchelper.hpp.64)
2023-10-16T06:58:48.653592Z: t=1ac8: info: utils: End wait for active tasks (this=000002023D84DFE8) to be complete (dunamis::waitFor.asynchelper.hpp.64)
2023-10-16T06:58:48.653609Z: t=1ac8: info: pipeline: Close pipeline: num_events=0 name=main.auth_events.4.v1.34003c9f-54e9-43ea-b2d6-ed396a98b4b7 (dunamis::Pipeline::~Pipeline.pipeline.cpp.128)
2023-10-16T06:58:48.653628Z: t=1ac8: info: utils: Begin wait for active tasks (this=000002023D84E230) to be complete (dunamis::waitFor.asynchelper.hpp.64)
2023-10-16T06:58:48.653642Z: t=1ac8: info: utils: End wait for active tasks (this=000002023D84E230) to be complete (dunamis::waitFor.asynchelper.hpp.64)
2023-10-16T06:58:48.653689Z: t=1ac8: info: utils: Begin wait for active tasks (this=000002023D84DD90) to be complete (dunamis::waitFor.asynchelper.hpp.64)
2023-10-16T06:58:48.653708Z: t=1ac8: info: utils: End wait for active tasks (this=000002023D84DD90) to be complete (dunamis::waitFor.asynchelper.hpp.64)
2023-10-16T06:58:48.653724Z: t=1ac8: info: pipeline: Close pipeline: num_events=0 name=main.auth_invalid_events.4.v1.34003c9f-54e9-43ea-b2d6-ed396a98b4b7 (dunamis::Pipeline::~Pipeline.pipeline.cpp.128)
2023-10-16T06:58:48.653747Z: t=1ac8: info: utils: Begin wait for active tasks (this=000002023D84DFD8) to be complete (dunamis::waitFor.asynchelper.hpp.64)
2023-10-16T06:58:48.653765Z: t=1ac8: info: utils: End wait for active tasks (this=000002023D84DFD8) to be complete (dunamis::waitFor.asynchelper.hpp.64)
2023-10-16T06:58:48.653811Z: t=1ac8: info: utils: Begin wait for active tasks (this=000002023D84DB38) to be complete (dunamis::waitFor.asynchelper.hpp.64)
2023-10-16T06:58:48.653828Z: t=1ac8: info: utils: End wait for active tasks (this=000002023D84DB38) to be complete (dunamis::waitFor.asynchelper.hpp.64)
2023-10-16T06:58:48.653845Z: t=1ac8: info: pipeline: Close pipeline: num_events=30 name=main.meta_events.4.v1.34003c9f-54e9-43ea-b2d6-ed396a98b4b7 (dunamis::Pipeline::~Pipeline.pipeline.cpp.128)
2023-10-16T06:58:48.653863Z: t=1ac8: info: utils: Begin wait for active tasks (this=000002023D84DD80) to be complete (dunamis::waitFor.asynchelper.hpp.64)
2023-10-16T06:58:48.653877Z: t=1ac8: info: utils: End wait for active tasks (this=000002023D84DD80) to be complete (dunamis::waitFor.asynchelper.hpp.64)
2023-10-16T06:58:48.654044Z: t=1ac8: info: configprovider: In ~IngestConfigProvider (dunamis::IngestConfigProvider::~IngestConfigProvider.ingest_configprovider.hpp.60)
2023-10-16T06:58:48.654191Z: t=1ac8: info: fs: unlocked path=C:\Users\mahi\AppData\Roaming\com.adobe.dunamis\34003c9f-54e9-43ea-b2d6-ed396a98b4b7\v1\4 (dunamis::Filesystem::unlock.filesystem_win.cpp.168)
2023-10-16T06:58:48.654217Z: t=1ac8: info: utils: Begin wait for active tasks (this=00007FF68560D798) to be complete (dunamis::waitFor.asynchelper.hpp.64)
2023-10-16T06:58:48.654233Z: t=1ac8: info: utils: End wait for active tasks (this=00007FF68560D798) to be complete (dunamis::waitFor.asynchelper.hpp.64)
2023-10-16T06:58:48.654252Z: t=1ac8: info: netpoll: Begin Stopping network poller (dunamis::NetworkPoller::stop.networkpoller.cpp.49)
2023-10-16T06:58:48.654273Z: t=1ac8: info: utils: Begin wait for active tasks (this=000002023B9A1F70) to be complete (dunamis::waitFor.asynchelper.hpp.64)
2023-10-16T06:58:48.654290Z: t=1ac8: info: utils: End wait for active tasks (this=000002023B9A1F70) to be complete (dunamis::waitFor.asynchelper.hpp.64)
2023-10-16T06:58:48.654304Z: t=1ac8: info: netpoll: End Stopping network poller (dunamis::NetworkPoller::stop.networkpoller.cpp.49)
2023-10-16T06:58:48.654321Z: t=1ac8: info: session.configprovider: In ~SessionConfigProvider (dunamis::SessionConfigProvider::~SessionConfigProvider.session_configprovider.hpp.56)
2023-10-16T06:58:48.654338Z: t=1ac8: info: log: stop logger (dunamis::setLogger.logger.cpp.46)
2023-10-16T06:58:48.654356Z: t=1ac8: info: utils: Begin wait for active tasks (this=000002023B941BF0) to be complete (dunamis::waitFor.asynchelper.hpp.64)
2023-10-16T06:58:48.654371Z: t=1ac8: info: utils: End wait for active tasks (this=000002023B941BF0) to be complete (dunamis::waitFor.asynchelper.hpp.64)
