2023-10-15T06:59:32.239269Z: t=6b58: info: log: start logger (dunamis::setLogger.logger.cpp.44)
2023-10-15T06:59:32.243347Z: t=6b58: info: session: initialize session: sdk-version=1.35.2+20221107 (dunamis::Session::Session.session.cpp.393)
2023-10-15T06:59:32.244132Z: t=6b58: warn: types: unknown source category: UNKNOWN defaulting to UNKNOWN (dunamis::sourceCategoryFromString.core_types.cpp.154)
2023-10-15T06:59:32.245579Z: t=6b58: info: api: End setIngestConfig: configGuid=34003c9f-54e9-43ea-b2d6-ed396a98b4b7 project=ccd-win-debug-service apiKey=ccd-win-debug-service (dunamis_setIngestConfig::<lambda_1831779dc2a7d7ac7f7fdc683bd2a931>::operator ().dunamis.cpp.242)
2023-10-15T06:59:32.246599Z: t=6b58: info: api: Begin ingest start for config=34003c9f-54e9-43ea-b2d6-ed396a98b4b7 (dunamis_ingest_start::<lambda_02a6ef3f1d11abd8965e6411c9145af8>::operator ().ingest.cpp.62)
2023-10-15T06:59:32.252623Z: t=6b58: warn: fs: cannot lock: errno=32 path=C:\Users\mahi\AppData\Roaming\com.adobe.dunamis\34003c9f-54e9-43ea-b2d6-ed396a98b4b7\v1\0 (dunamis::Filesystem::trylock.filesystem_win.cpp.149)
2023-10-15T06:59:32.254449Z: t=6b58: warn: fs: cannot lock: errno=32 path=C:\Users\mahi\AppData\Roaming\com.adobe.dunamis\34003c9f-54e9-43ea-b2d6-ed396a98b4b7\v1\1 (dunamis::Filesystem::trylock.filesystem_win.cpp.149)
2023-10-15T06:59:32.256113Z: t=6b58: warn: fs: cannot lock: errno=32 path=C:\Users\mahi\AppData\Roaming\com.adobe.dunamis\34003c9f-54e9-43ea-b2d6-ed396a98b4b7\v1\2 (dunamis::Filesystem::trylock.filesystem_win.cpp.149)
2023-10-15T06:59:32.258442Z: t=6b58: warn: fs: cannot lock: errno=32 path=C:\Users\mahi\AppData\Roaming\com.adobe.dunamis\34003c9f-54e9-43ea-b2d6-ed396a98b4b7\v1\3 (dunamis::Filesystem::trylock.filesystem_win.cpp.149)
2023-10-15T06:59:32.260565Z: t=6b58: info: fs: locked path=C:\Users\mahi\AppData\Roaming\com.adobe.dunamis\34003c9f-54e9-43ea-b2d6-ed396a98b4b7\v1\4 (dunamis::Filesystem::trylock.filesystem_win.cpp.153)
2023-10-15T06:59:32.260866Z: t=6b58: warn: types: unknown source category: UNKNOWN defaulting to UNKNOWN (dunamis::sourceCategoryFromString.core_types.cpp.154)
2023-10-15T06:59:32.325400Z: t=6b58: info: event.store: Loading eventstore: num_files=1 name=main.meta_events.4.v1.34003c9f-54e9-43ea-b2d6-ed396a98b4b7 (dunamis::EventStore::loadEventStoreIfPresent.eventstore.cpp.205)
2023-10-15T06:59:32.356246Z: t=6b58: info: event.store: Loaded eventstore: num_events=26 name=main.meta_events.4.v1.34003c9f-54e9-43ea-b2d6-ed396a98b4b7 (dunamis::EventStore::loadEventStoreIfPresent.eventstore.cpp.219)
2023-10-15T06:59:32.356360Z: t=6b58: info: pipeline: Open pipeline: num_events=26 name=main.meta_events.4.v1.34003c9f-54e9-43ea-b2d6-ed396a98b4b7 (dunamis::Pipeline::Pipeline.pipeline.cpp.121)
2023-10-15T06:59:32.358988Z: t=6b58: info: pipeline: Open pipeline: num_events=0 name=main.auth_invalid_events.4.v1.34003c9f-54e9-43ea-b2d6-ed396a98b4b7 (dunamis::Pipeline::Pipeline.pipeline.cpp.121)
2023-10-15T06:59:32.363428Z: t=6b58: info: pipeline: Open pipeline: num_events=0 name=main.auth_events.4.v1.34003c9f-54e9-43ea-b2d6-ed396a98b4b7 (dunamis::Pipeline::Pipeline.pipeline.cpp.121)
2023-10-15T06:59:32.366856Z: t=6b58: info: pipeline: Open pipeline: num_events=0 name=main.anon_invalid_events.4.v1.34003c9f-54e9-43ea-b2d6-ed396a98b4b7 (dunamis::Pipeline::Pipeline.pipeline.cpp.121)
2023-10-15T06:59:32.370145Z: t=6b58: info: pipeline: Open pipeline: num_events=0 name=main.anon_events.4.v1.34003c9f-54e9-43ea-b2d6-ed396a98b4b7 (dunamis::Pipeline::Pipeline.pipeline.cpp.121)
2023-10-15T06:59:32.370435Z: t=6b58: info: orphaninstance: Initializing OrphanInstance (dunamis::OrphanInstance::OrphanInstance.orphaninstance.cpp.46)
2023-10-15T06:59:32.370532Z: t=6b58: always: healthcheck: Initializing healthcheck (dunamis::HealthCheck::HealthCheck.healthcheck.cpp.29)
2023-10-15T06:59:32.370595Z: t=6b58: always: ingestinstance: Initializing IngestInstanceImpl (dunamis::IngestInstanceImpl::IngestInstanceImpl.ingestinstanceimpl.cpp.130)
2023-10-15T06:59:32.370672Z: t=67e0: info: orphaninstance: Starting new orphan instance (dunamis::OrphanInstance::startNewInstance.orphaninstance.cpp.95)
2023-10-15T06:59:32.374869Z: t=67e0: warn: fs: cannot lock: errno=32 path=C:\Users\mahi\AppData\Roaming\com.adobe.dunamis\34003c9f-54e9-43ea-b2d6-ed396a98b4b7\v1\0 (dunamis::Filesystem::trylock.filesystem_win.cpp.149)
2023-10-15T06:59:32.377422Z: t=67e0: warn: fs: cannot lock: errno=32 path=C:\Users\mahi\AppData\Roaming\com.adobe.dunamis\34003c9f-54e9-43ea-b2d6-ed396a98b4b7\v1\1 (dunamis::Filesystem::trylock.filesystem_win.cpp.149)
2023-10-15T06:59:32.379701Z: t=67e0: warn: fs: cannot lock: errno=32 path=C:\Users\mahi\AppData\Roaming\com.adobe.dunamis\34003c9f-54e9-43ea-b2d6-ed396a98b4b7\v1\2 (dunamis::Filesystem::trylock.filesystem_win.cpp.149)
2023-10-15T06:59:32.381538Z: t=67e0: warn: fs: cannot lock: errno=32 path=C:\Users\mahi\AppData\Roaming\com.adobe.dunamis\34003c9f-54e9-43ea-b2d6-ed396a98b4b7\v1\3 (dunamis::Filesystem::trylock.filesystem_win.cpp.149)
2023-10-15T06:59:32.383276Z: t=67e0: warn: fs: cannot lock: errno=32 path=C:\Users\mahi\AppData\Roaming\com.adobe.dunamis\34003c9f-54e9-43ea-b2d6-ed396a98b4b7\v1\4 (dunamis::Filesystem::trylock.filesystem_win.cpp.149)
2023-10-15T06:59:32.395310Z: t=6b58: info: event.store: pushed=1 balance=27 name=main.meta_events.4.v1.34003c9f-54e9-43ea-b2d6-ed396a98b4b7 (dunamis::EventStore::push.eventstore.cpp.133)
2023-10-15T06:59:32.395632Z: t=6b58: info: api: End ingest start for config=34003c9f-54e9-43ea-b2d6-ed396a98b4b7 (dunamis_ingest_start::<lambda_02a6ef3f1d11abd8965e6411c9145af8>::operator ().ingest.cpp.62)
2023-10-15T06:59:32.395813Z: t=6b58: info: api: Begin online (dunamis_online::<lambda_06909d8ff7e25ac42939470485fb0647>::operator ().dunamis.cpp.184)
2023-10-15T06:59:32.395891Z: t=6b58: info: netmon: Starting network monitor (dunamis::NetworkMonitor::start.networkmonitor.cpp.62)
2023-10-15T06:59:32.404445Z: t=6b58: info: netmon: network is online (dunamis::NetworkMonitor::updateNetworkState.networkmonitor.cpp.43)
2023-10-15T06:59:32.404652Z: t=6b58: info: session: network is online (dunamis::Session::onNetworkStateChange.session.cpp.415)
2023-10-15T06:59:32.404759Z: t=6b58: info: netpoll: Starting network poller (dunamis::NetworkPoller::start.networkpoller.cpp.43)
2023-10-15T06:59:32.404867Z: t=48c0: info: pipeline: Change state: name=main.anon_events.4.v1.34003c9f-54e9-43ea-b2d6-ed396a98b4b7 state=On (dunamis::Pipeline::changeState.pipeline.cpp.151)
2023-10-15T06:59:32.405112Z: t=48c0: info: orphaninstance: Starting new orphan instance (dunamis::OrphanInstance::startNewInstance.orphaninstance.cpp.95)
2023-10-15T06:59:32.410739Z: t=6b58: info: api: End online (dunamis_online::<lambda_06909d8ff7e25ac42939470485fb0647>::operator ().dunamis.cpp.184)
2023-10-15T06:59:32.411367Z: t=48c0: warn: fs: cannot lock: errno=32 path=C:\Users\mahi\AppData\Roaming\com.adobe.dunamis\34003c9f-54e9-43ea-b2d6-ed396a98b4b7\v1\0 (dunamis::Filesystem::trylock.filesystem_win.cpp.149)
2023-10-15T06:59:32.413516Z: t=48c0: warn: fs: cannot lock: errno=32 path=C:\Users\mahi\AppData\Roaming\com.adobe.dunamis\34003c9f-54e9-43ea-b2d6-ed396a98b4b7\v1\1 (dunamis::Filesystem::trylock.filesystem_win.cpp.149)
2023-10-15T06:59:32.415966Z: t=48c0: warn: fs: cannot lock: errno=32 path=C:\Users\mahi\AppData\Roaming\com.adobe.dunamis\34003c9f-54e9-43ea-b2d6-ed396a98b4b7\v1\2 (dunamis::Filesystem::trylock.filesystem_win.cpp.149)
2023-10-15T06:59:32.417543Z: t=48c0: warn: fs: cannot lock: errno=32 path=C:\Users\mahi\AppData\Roaming\com.adobe.dunamis\34003c9f-54e9-43ea-b2d6-ed396a98b4b7\v1\3 (dunamis::Filesystem::trylock.filesystem_win.cpp.149)
2023-10-15T06:59:32.418943Z: t=48c0: warn: fs: cannot lock: errno=32 path=C:\Users\mahi\AppData\Roaming\com.adobe.dunamis\34003c9f-54e9-43ea-b2d6-ed396a98b4b7\v1\4 (dunamis::Filesystem::trylock.filesystem_win.cpp.149)
2023-10-15T06:59:32.857601Z: t=6b58: info: api: Begin add common attribute for instance=000002B662CFB8E0 key=event.category val=DESKTOP (dunamis_ingest_addCommonAttribute::<lambda_661320b69dbc96d3822ccdd3853d4723>::operator ().ingest.cpp.109)
2023-10-15T06:59:32.857676Z: t=6b58: info: ingestinstance: In addCommonAttribute key=event.category value=DESKTOP (dunamis::IngestInstanceImpl::addCommonAttribute.ingestinstanceimpl.cpp.175)
2023-10-15T06:59:32.858191Z: t=6b58: info: api: End add common attribute for instance=000002B662CFB8E0 key=event.category val=DESKTOP (dunamis_ingest_addCommonAttribute::<lambda_661320b69dbc96d3822ccdd3853d4723>::operator ().ingest.cpp.109)
2023-10-15T06:59:32.858263Z: t=6b58: info: api: Begin add common attribute for instance=000002B662CFB8E0 key=event.device_guid val={5499AAD8-DE58-469F-B1D9-13F69F43CC3C} (dunamis_ingest_addCommonAttribute::<lambda_661320b69dbc96d3822ccdd3853d4723>::operator ().ingest.cpp.109)
2023-10-15T06:59:32.858306Z: t=6b58: info: ingestinstance: In addCommonAttribute key=event.device_guid value={5499AAD8-DE58-469F-B1D9-13F69F43CC3C} (dunamis::IngestInstanceImpl::addCommonAttribute.ingestinstanceimpl.cpp.175)
2023-10-15T06:59:32.858510Z: t=6b58: info: api: End add common attribute for instance=000002B662CFB8E0 key=event.device_guid val={5499AAD8-DE58-469F-B1D9-13F69F43CC3C} (dunamis_ingest_addCommonAttribute::<lambda_661320b69dbc96d3822ccdd3853d4723>::operator ().ingest.cpp.109)
2023-10-15T06:59:32.858560Z: t=6b58: info: api: Begin add common attribute for instance=000002B662CFB8E0 key=event.language val=en_US (dunamis_ingest_addCommonAttribute::<lambda_661320b69dbc96d3822ccdd3853d4723>::operator ().ingest.cpp.109)
2023-10-15T06:59:32.858606Z: t=6b58: info: ingestinstance: In addCommonAttribute key=event.language value=en_US (dunamis::IngestInstanceImpl::addCommonAttribute.ingestinstanceimpl.cpp.175)
2023-10-15T06:59:32.858880Z: t=6b58: info: api: End add common attribute for instance=000002B662CFB8E0 key=event.language val=en_US (dunamis_ingest_addCommonAttribute::<lambda_661320b69dbc96d3822ccdd3853d4723>::operator ().ingest.cpp.109)
2023-10-15T06:59:32.859000Z: t=6b58: info: api: Begin add common attribute for instance=000002B662CFB8E0 key=event.subcategory val=Process Container (dunamis_ingest_addCommonAttribute::<lambda_661320b69dbc96d3822ccdd3853d4723>::operator ().ingest.cpp.109)
2023-10-15T06:59:32.859060Z: t=6b58: info: ingestinstance: In addCommonAttribute key=event.subcategory value=Process Container (dunamis::IngestInstanceImpl::addCommonAttribute.ingestinstanceimpl.cpp.175)
2023-10-15T06:59:32.859364Z: t=6b58: info: api: End add common attribute for instance=000002B662CFB8E0 key=event.subcategory val=Process Container (dunamis_ingest_addCommonAttribute::<lambda_661320b69dbc96d3822ccdd3853d4723>::operator ().ingest.cpp.109)
2023-10-15T06:59:32.859467Z: t=6b58: info: api: Begin add common attribute for instance=000002B662CFB8E0 key=event.user_agent val=CreativeCloud/6.0.0.571/Win-10.0 (dunamis_ingest_addCommonAttribute::<lambda_661320b69dbc96d3822ccdd3853d4723>::operator ().ingest.cpp.109)
2023-10-15T06:59:32.859523Z: t=6b58: info: ingestinstance: In addCommonAttribute key=event.user_agent value=CreativeCloud/6.0.0.571/Win-10.0 (dunamis::IngestInstanceImpl::addCommonAttribute.ingestinstanceimpl.cpp.175)
2023-10-15T06:59:32.859768Z: t=6b58: info: api: End add common attribute for instance=000002B662CFB8E0 key=event.user_agent val=CreativeCloud/6.0.0.571/Win-10.0 (dunamis_ingest_addCommonAttribute::<lambda_661320b69dbc96d3822ccdd3853d4723>::operator ().ingest.cpp.109)
2023-10-15T06:59:32.859820Z: t=6b58: info: api: Begin add common attribute for instance=000002B662CFB8E0 key=source.client_id val=CreativeCloud_v6_0 (dunamis_ingest_addCommonAttribute::<lambda_661320b69dbc96d3822ccdd3853d4723>::operator ().ingest.cpp.109)
2023-10-15T06:59:32.859855Z: t=6b58: info: ingestinstance: In addCommonAttribute key=source.client_id value=CreativeCloud_v6_0 (dunamis::IngestInstanceImpl::addCommonAttribute.ingestinstanceimpl.cpp.175)
2023-10-15T06:59:32.860080Z: t=6b58: info: api: End add common attribute for instance=000002B662CFB8E0 key=source.client_id val=CreativeCloud_v6_0 (dunamis_ingest_addCommonAttribute::<lambda_661320b69dbc96d3822ccdd3853d4723>::operator ().ingest.cpp.109)
2023-10-15T06:59:32.860127Z: t=6b58: info: api: Begin add common attribute for instance=000002B662CFB8E0 key=source.name val=Creative Cloud Helper (dunamis_ingest_addCommonAttribute::<lambda_661320b69dbc96d3822ccdd3853d4723>::operator ().ingest.cpp.109)
2023-10-15T06:59:32.860185Z: t=6b58: info: ingestinstance: In addCommonAttribute key=source.name value=Creative Cloud Helper (dunamis::IngestInstanceImpl::addCommonAttribute.ingestinstanceimpl.cpp.175)
2023-10-15T06:59:32.860488Z: t=6b58: info: api: End add common attribute for instance=000002B662CFB8E0 key=source.name val=Creative Cloud Helper (dunamis_ingest_addCommonAttribute::<lambda_661320b69dbc96d3822ccdd3853d4723>::operator ().ingest.cpp.109)
2023-10-15T06:59:32.860567Z: t=6b58: info: api: Begin add common attribute for instance=000002B662CFB8E0 key=source.os_version val=10.0.22621:64 (dunamis_ingest_addCommonAttribute::<lambda_661320b69dbc96d3822ccdd3853d4723>::operator ().ingest.cpp.109)
2023-10-15T06:59:32.860618Z: t=6b58: info: ingestinstance: In addCommonAttribute key=source.os_version value=10.0.22621:64 (dunamis::IngestInstanceImpl::addCommonAttribute.ingestinstanceimpl.cpp.175)
2023-10-15T06:59:32.860923Z: t=6b58: info: api: End add common attribute for instance=000002B662CFB8E0 key=source.os_version val=10.0.22621:64 (dunamis_ingest_addCommonAttribute::<lambda_661320b69dbc96d3822ccdd3853d4723>::operator ().ingest.cpp.109)
2023-10-15T06:59:32.861003Z: t=6b58: info: api: Begin add common attribute for instance=000002B662CFB8E0 key=source.platform val=Win-x86:64 (dunamis_ingest_addCommonAttribute::<lambda_661320b69dbc96d3822ccdd3853d4723>::operator ().ingest.cpp.109)
2023-10-15T06:59:32.861055Z: t=6b58: info: ingestinstance: In addCommonAttribute key=source.platform value=Win-x86:64 (dunamis::IngestInstanceImpl::addCommonAttribute.ingestinstanceimpl.cpp.175)
2023-10-15T06:59:32.861374Z: t=6b58: info: api: End add common attribute for instance=000002B662CFB8E0 key=source.platform val=Win-x86:64 (dunamis_ingest_addCommonAttribute::<lambda_661320b69dbc96d3822ccdd3853d4723>::operator ().ingest.cpp.109)
2023-10-15T06:59:32.861452Z: t=6b58: info: api: Begin add common attribute for instance=000002B662CFB8E0 key=source.version val=6.0.0.571 (dunamis_ingest_addCommonAttribute::<lambda_661320b69dbc96d3822ccdd3853d4723>::operator ().ingest.cpp.109)
2023-10-15T06:59:32.861501Z: t=6b58: info: ingestinstance: In addCommonAttribute key=source.version value=6.0.0.571 (dunamis::IngestInstanceImpl::addCommonAttribute.ingestinstanceimpl.cpp.175)
2023-10-15T06:59:32.861756Z: t=6b58: info: api: End add common attribute for instance=000002B662CFB8E0 key=source.version val=6.0.0.571 (dunamis_ingest_addCommonAttribute::<lambda_661320b69dbc96d3822ccdd3853d4723>::operator ().ingest.cpp.109)
2023-10-15T06:59:33.487467Z: t=6b58: info: api: Begin submitEvent for instance=000002B662CFB8E0 json={"ccd.remoteAppletID":"UPI_BL","env.com.name":"CCH_UPI","event.subtype":"launch","event.type":"success","event.workflow":"Debug"}
 batch=1 auth=0 validate=0 (dunamis_ingest_submitEvent::<lambda_c51493a09532162a74e067bda718519b>::operator ().ingest.cpp.167)
2023-10-15T06:59:33.487524Z: t=6b58: info: ingestinstance: In submitEvent: batch=1 json={"ccd.remoteAppletID":"UPI_BL","env.com.name":"CCH_UPI","event.subtype":"launch","event.type":"success","event.workflow":"Debug"}
 auth=0 validate=0 (dunamis::IngestInstanceImpl::submitEvent.ingestinstanceimpl.cpp.187)
2023-10-15T06:59:33.501787Z: t=6b58: info: event.store: Created eventstore: num_files=0 name=main.anon_events.4.v1.34003c9f-54e9-43ea-b2d6-ed396a98b4b7 (dunamis::EventStore::openManifest.eventstore.cpp.194)
2023-10-15T06:59:33.519966Z: t=6b58: info: event.store: pushed=1 balance=1 name=main.anon_events.4.v1.34003c9f-54e9-43ea-b2d6-ed396a98b4b7 (dunamis::EventStore::push.eventstore.cpp.133)
2023-10-15T06:59:33.520046Z: t=6b58: info: api: End submitEvent for instance=000002B662CFB8E0 json={"ccd.remoteAppletID":"UPI_BL","env.com.name":"CCH_UPI","event.subtype":"launch","event.type":"success","event.workflow":"Debug"}
 batch=1 auth=0 validate=0 (dunamis_ingest_submitEvent::<lambda_c51493a09532162a74e067bda718519b>::operator ().ingest.cpp.167)
2023-10-15T07:00:02.415337Z: t=67e0: info: pipeline: Http request: name=main.anon_events.4.v1.34003c9f-54e9-43ea-b2d6-ed396a98b4b7 (dunamis::Pipeline::doPostBatch.pipeline.cpp.518)
2023-10-15T07:00:02.416031Z: t=67e0: info: http: Request: POST https://cc-api-data.adobe.io/ingest (dunamis::transfer::ExecutorImpl::executeWithSynchronousContext.executorimpl.cpp.148)
2023-10-15T07:00:04.689781Z: t=67e0: info: transfer: Request completed sucessfully. url=https://cc-api-data.adobe.io/ingest, status=0 None, reason=, verb=POST, latency=2272804 microseconds (dunamis::transfer::TransferImpl::doLogMessage.transferimpl.cpp.344)
2023-10-15T07:00:04.689847Z: t=67e0: info: transfer: Perform request=1 scheduled=1 (dunamis::transfer::TransferImpl::perform.transferimpl.cpp.126)
2023-10-15T07:00:04.689896Z: t=67e0: info: pipeline: Http response: name=main.anon_events.4.v1.34003c9f-54e9-43ea-b2d6-ed396a98b4b7 x-request-id= D8uda47CY93IbyXreNWjElA6L2c164fA status=0 None (dunamis::`anonymous-namespace'::logHTTPResponse.pipeline.cpp.85)
2023-10-15T07:00:04.689964Z: t=67e0: info: event.store: popped=1 balance=0 name=main.anon_events.4.v1.34003c9f-54e9-43ea-b2d6-ed396a98b4b7 (dunamis::EventStore::pop.eventstore.cpp.147)
2023-10-15T07:01:40.102401Z: t=6b58: info: api: Begin flush for instance=000002B662CFB8E0 (dunamis_ingest_flush::<lambda_175e8a6e7ba6b2c10b3d9d03dc458adb>::operator ().ingest.cpp.184)
2023-10-15T07:01:40.102445Z: t=6b58: info: ingestinstance: Begin flush task (dunamis::IngestInstanceImpl::flush::<lambda_56a0fa03b575698e245aa94a6dbb5bc7>::operator ().ingestinstanceimpl.cpp.197)
2023-10-15T07:01:40.102470Z: t=6b58: info: utils: Begin wait for in-process batch (name=main.meta_events.4.v1.34003c9f-54e9-43ea-b2d6-ed396a98b4b7) to be complete (dunamis::waitFor.asynchelper.hpp.64)
2023-10-15T07:01:40.102485Z: t=6b58: info: utils: End wait for in-process batch (name=main.meta_events.4.v1.34003c9f-54e9-43ea-b2d6-ed396a98b4b7) to be complete (dunamis::waitFor.asynchelper.hpp.64)
2023-10-15T07:01:40.102520Z: t=6b58: info: utils: Begin wait for in-process batch (name=main.anon_events.4.v1.34003c9f-54e9-43ea-b2d6-ed396a98b4b7) to be complete (dunamis::waitFor.asynchelper.hpp.64)
2023-10-15T07:01:40.102540Z: t=6b58: info: utils: End wait for in-process batch (name=main.anon_events.4.v1.34003c9f-54e9-43ea-b2d6-ed396a98b4b7) to be complete (dunamis::waitFor.asynchelper.hpp.64)
2023-10-15T07:01:40.102551Z: t=67e0: info: pipeline: flush iteration: name=main.meta_events.4.v1.34003c9f-54e9-43ea-b2d6-ed396a98b4b7 (dunamis::Pipeline::flush::<lambda_0215b432550612e22602151eb780e62c>::operator ().pipeline.cpp.195)
2023-10-15T07:01:40.102565Z: t=6b58: info: utils: Begin wait for in-process batch (name=main.auth_events.4.v1.34003c9f-54e9-43ea-b2d6-ed396a98b4b7) to be complete (dunamis::waitFor.asynchelper.hpp.64)
2023-10-15T07:01:40.102597Z: t=6b58: info: utils: End wait for in-process batch (name=main.auth_events.4.v1.34003c9f-54e9-43ea-b2d6-ed396a98b4b7) to be complete (dunamis::waitFor.asynchelper.hpp.64)
2023-10-15T07:01:40.102621Z: t=6b58: info: utils: Begin wait for meta-flush to be complete (dunamis::waitFor.asynchelper.hpp.64)
2023-10-15T07:01:40.102640Z: t=6b58: info: utils: waiting for meta-flush to be complete (dunamis::waitFor.asynchelper.hpp.67)
2023-10-15T07:01:40.102644Z: t=48c0: info: pipeline: flush iteration: name=main.anon_events.4.v1.34003c9f-54e9-43ea-b2d6-ed396a98b4b7 (dunamis::Pipeline::flush::<lambda_0215b432550612e22602151eb780e62c>::operator ().pipeline.cpp.195)
2023-10-15T07:01:40.102680Z: t=4a88: info: pipeline: flush iteration: name=main.auth_events.4.v1.34003c9f-54e9-43ea-b2d6-ed396a98b4b7 (dunamis::Pipeline::flush::<lambda_0215b432550612e22602151eb780e62c>::operator ().pipeline.cpp.195)
2023-10-15T07:01:40.102755Z: t=4a88: info: pipeline: flush succeeded for name=main.auth_events.4.v1.34003c9f-54e9-43ea-b2d6-ed396a98b4b7 (dunamis::Pipeline::flush::<lambda_0215b432550612e22602151eb780e62c>::operator ().pipeline.cpp.243)
2023-10-15T07:01:40.102701Z: t=48c0: info: pipeline: flush succeeded for name=main.anon_events.4.v1.34003c9f-54e9-43ea-b2d6-ed396a98b4b7 (dunamis::Pipeline::flush::<lambda_0215b432550612e22602151eb780e62c>::operator ().pipeline.cpp.243)
2023-10-15T07:01:40.105139Z: t=67e0: error: pipeline: exception state is not on: precondition_failed dunamis_error:18 unknown (dunamis::Pipeline::flush::<lambda_0215b432550612e22602151eb780e62c>::operator ().pipeline.cpp.233)
2023-10-15T07:01:40.105192Z: t=67e0: error: pipeline: flush failed for name=main.meta_events.4.v1.34003c9f-54e9-43ea-b2d6-ed396a98b4b7with code=18 error=precondition_failed (dunamis::Pipeline::flush::<lambda_0215b432550612e22602151eb780e62c>::operator ().pipeline.cpp.241)
2023-10-15T07:01:40.162652Z: t=6b58: info: utils: End wait for meta-flush to be complete (dunamis::waitFor.asynchelper.hpp.64)
2023-10-15T07:01:40.162794Z: t=6b58: info: utils: Begin wait for anon-flush to be complete (dunamis::waitFor.asynchelper.hpp.64)
2023-10-15T07:01:40.162829Z: t=6b58: info: utils: End wait for anon-flush to be complete (dunamis::waitFor.asynchelper.hpp.64)
2023-10-15T07:01:40.162857Z: t=6b58: info: utils: Begin wait for auth-flush to be complete (dunamis::waitFor.asynchelper.hpp.64)
2023-10-15T07:01:40.162883Z: t=6b58: info: utils: End wait for auth-flush to be complete (dunamis::waitFor.asynchelper.hpp.64)
2023-10-15T07:01:40.162915Z: t=6b58: info: ingestinstance: End flush task (dunamis::IngestInstanceImpl::flush::<lambda_56a0fa03b575698e245aa94a6dbb5bc7>::operator ().ingestinstanceimpl.cpp.197)
2023-10-15T07:01:40.163013Z: t=6b58: info: api: End flush for instance=000002B662CFB8E0 (dunamis_ingest_flush::<lambda_175e8a6e7ba6b2c10b3d9d03dc458adb>::operator ().ingest.cpp.184)
2023-10-15T07:01:40.163459Z: t=6b58: error: utils: exception precondition_failed dunamis_error:18 (dunamis::exceptionToDunamisError.exceptionhelper.hpp.64)
2023-10-15T07:01:40.163637Z: t=6b58: info: api: Begin exit (dunamis_exit::<lambda_5553b65f4d2bae0d8ff8029c62c695f9>::operator ().dunamis.cpp.352)
2023-10-15T07:01:40.163651Z: t=6b58: info: api: End exit (dunamis_exit::<lambda_5553b65f4d2bae0d8ff8029c62c695f9>::operator ().dunamis.cpp.352)
2023-10-15T07:01:40.168238Z: t=6b58: info: utils: Begin wait for active tasks (this=00007FF63A68D5D8) to be complete (dunamis::waitFor.asynchelper.hpp.64)
2023-10-15T07:01:40.168285Z: t=6b58: info: utils: End wait for active tasks (this=00007FF63A68D5D8) to be complete (dunamis::waitFor.asynchelper.hpp.64)
2023-10-15T07:01:40.168305Z: t=6b58: info: utils: Begin wait for active tasks (this=00007FF63A68D1C0) to be complete (dunamis::waitFor.asynchelper.hpp.64)
2023-10-15T07:01:40.168320Z: t=6b58: info: utils: End wait for active tasks (this=00007FF63A68D1C0) to be complete (dunamis::waitFor.asynchelper.hpp.64)
2023-10-15T07:01:40.173590Z: t=6b58: info: event.store: pushed=1 balance=28 name=main.meta_events.4.v1.34003c9f-54e9-43ea-b2d6-ed396a98b4b7 (dunamis::EventStore::push.eventstore.cpp.133)
2023-10-15T07:01:40.173617Z: t=6b58: info: utils: Begin wait for active tasks (this=000002B662CFBBA0) to be complete (dunamis::waitFor.asynchelper.hpp.64)
2023-10-15T07:01:40.173629Z: t=6b58: info: utils: End wait for active tasks (this=000002B662CFBBA0) to be complete (dunamis::waitFor.asynchelper.hpp.64)
2023-10-15T07:01:40.173642Z: t=6b58: info: utils: Begin wait for active tasks (this=000002B662CFB8E8) to be complete (dunamis::waitFor.asynchelper.hpp.64)
2023-10-15T07:01:40.173653Z: t=6b58: info: utils: End wait for active tasks (this=000002B662CFB8E8) to be complete (dunamis::waitFor.asynchelper.hpp.64)
2023-10-15T07:01:40.173665Z: t=6b58: info: utils: Begin wait for active tasks (this=000002B662CFCB40) to be complete (dunamis::waitFor.asynchelper.hpp.64)
2023-10-15T07:01:40.173675Z: t=6b58: info: utils: End wait for active tasks (this=000002B662CFCB40) to be complete (dunamis::waitFor.asynchelper.hpp.64)
2023-10-15T07:01:40.173688Z: t=6b58: info: utils: Begin wait for active tasks (this=000002B662CFCB30) to be complete (dunamis::waitFor.asynchelper.hpp.64)
2023-10-15T07:01:40.173698Z: t=6b58: info: utils: End wait for active tasks (this=000002B662CFCB30) to be complete (dunamis::waitFor.asynchelper.hpp.64)
2023-10-15T07:01:40.173716Z: t=6b58: info: utils: Begin wait for active tasks (this=000002B662CFCAD8) to be complete (dunamis::waitFor.asynchelper.hpp.64)
2023-10-15T07:01:40.173729Z: t=6b58: info: utils: End wait for active tasks (this=000002B662CFCAD8) to be complete (dunamis::waitFor.asynchelper.hpp.64)
2023-10-15T07:01:40.173741Z: t=6b58: info: utils: Begin wait for active tasks (this=000002B662CFC970) to be complete (dunamis::waitFor.asynchelper.hpp.64)
2023-10-15T07:01:40.173751Z: t=6b58: info: utils: End wait for active tasks (this=000002B662CFC970) to be complete (dunamis::waitFor.asynchelper.hpp.64)
2023-10-15T07:01:40.173765Z: t=6b58: info: pipeline: Change state: name=main.anon_events.4.v1.34003c9f-54e9-43ea-b2d6-ed396a98b4b7 state=SaveOnly (dunamis::Pipeline::changeState.pipeline.cpp.151)
2023-10-15T07:01:40.173777Z: t=6b58: info: utils: Begin wait for active tasks (this=000002B662CFC960) to be complete (dunamis::waitFor.asynchelper.hpp.64)
2023-10-15T07:01:40.173787Z: t=6b58: info: utils: End wait for active tasks (this=000002B662CFC960) to be complete (dunamis::waitFor.asynchelper.hpp.64)
2023-10-15T07:01:40.173800Z: t=6b58: info: utils: Begin wait for active tasks (this=000002B662CFC718) to be complete (dunamis::waitFor.asynchelper.hpp.64)
2023-10-15T07:01:40.173809Z: t=6b58: info: utils: End wait for active tasks (this=000002B662CFC718) to be complete (dunamis::waitFor.asynchelper.hpp.64)
2023-10-15T07:01:40.173821Z: t=6b58: info: pipeline: Close pipeline: num_events=0 name=main.anon_events.4.v1.34003c9f-54e9-43ea-b2d6-ed396a98b4b7 (dunamis::Pipeline::~Pipeline.pipeline.cpp.128)
2023-10-15T07:01:40.173940Z: t=6b58: info: event.store: Delete eventstore: num_events=0 name=main.anon_events.4.v1.34003c9f-54e9-43ea-b2d6-ed396a98b4b7 (dunamis::EventStore::removeEventStore.eventstore.cpp.168)
2023-10-15T07:01:40.174981Z: t=6b58: info: utils: Begin wait for active tasks (this=000002B662CFC4C0) to be complete (dunamis::waitFor.asynchelper.hpp.64)
2023-10-15T07:01:40.175025Z: t=6b58: info: utils: End wait for active tasks (this=000002B662CFC4C0) to be complete (dunamis::waitFor.asynchelper.hpp.64)
2023-10-15T07:01:40.175039Z: t=6b58: info: pipeline: Close pipeline: num_events=0 name=main.anon_invalid_events.4.v1.34003c9f-54e9-43ea-b2d6-ed396a98b4b7 (dunamis::Pipeline::~Pipeline.pipeline.cpp.128)
2023-10-15T07:01:40.175052Z: t=6b58: info: utils: Begin wait for active tasks (this=000002B662CFC708) to be complete (dunamis::waitFor.asynchelper.hpp.64)
2023-10-15T07:01:40.175063Z: t=6b58: info: utils: End wait for active tasks (this=000002B662CFC708) to be complete (dunamis::waitFor.asynchelper.hpp.64)
2023-10-15T07:01:40.175120Z: t=6b58: info: utils: Begin wait for active tasks (this=000002B662CFC268) to be complete (dunamis::waitFor.asynchelper.hpp.64)
2023-10-15T07:01:40.175132Z: t=6b58: info: utils: End wait for active tasks (this=000002B662CFC268) to be complete (dunamis::waitFor.asynchelper.hpp.64)
2023-10-15T07:01:40.175143Z: t=6b58: info: pipeline: Close pipeline: num_events=0 name=main.auth_events.4.v1.34003c9f-54e9-43ea-b2d6-ed396a98b4b7 (dunamis::Pipeline::~Pipeline.pipeline.cpp.128)
2023-10-15T07:01:40.175158Z: t=6b58: info: utils: Begin wait for active tasks (this=000002B662CFC4B0) to be complete (dunamis::waitFor.asynchelper.hpp.64)
2023-10-15T07:01:40.175168Z: t=6b58: info: utils: End wait for active tasks (this=000002B662CFC4B0) to be complete (dunamis::waitFor.asynchelper.hpp.64)
2023-10-15T07:01:40.175200Z: t=6b58: info: utils: Begin wait for active tasks (this=000002B662CFC010) to be complete (dunamis::waitFor.asynchelper.hpp.64)
2023-10-15T07:01:40.175211Z: t=6b58: info: utils: End wait for active tasks (this=000002B662CFC010) to be complete (dunamis::waitFor.asynchelper.hpp.64)
2023-10-15T07:01:40.175222Z: t=6b58: info: pipeline: Close pipeline: num_events=0 name=main.auth_invalid_events.4.v1.34003c9f-54e9-43ea-b2d6-ed396a98b4b7 (dunamis::Pipeline::~Pipeline.pipeline.cpp.128)
2023-10-15T07:01:40.175239Z: t=6b58: info: utils: Begin wait for active tasks (this=000002B662CFC258) to be complete (dunamis::waitFor.asynchelper.hpp.64)
2023-10-15T07:01:40.175252Z: t=6b58: info: utils: End wait for active tasks (this=000002B662CFC258) to be complete (dunamis::waitFor.asynchelper.hpp.64)
2023-10-15T07:01:40.175284Z: t=6b58: info: utils: Begin wait for active tasks (this=000002B662CFBDB8) to be complete (dunamis::waitFor.asynchelper.hpp.64)
2023-10-15T07:01:40.175296Z: t=6b58: info: utils: End wait for active tasks (this=000002B662CFBDB8) to be complete (dunamis::waitFor.asynchelper.hpp.64)
2023-10-15T07:01:40.175308Z: t=6b58: info: pipeline: Close pipeline: num_events=28 name=main.meta_events.4.v1.34003c9f-54e9-43ea-b2d6-ed396a98b4b7 (dunamis::Pipeline::~Pipeline.pipeline.cpp.128)
2023-10-15T07:01:40.175322Z: t=6b58: info: utils: Begin wait for active tasks (this=000002B662CFC000) to be complete (dunamis::waitFor.asynchelper.hpp.64)
2023-10-15T07:01:40.175332Z: t=6b58: info: utils: End wait for active tasks (this=000002B662CFC000) to be complete (dunamis::waitFor.asynchelper.hpp.64)
2023-10-15T07:01:40.175492Z: t=6b58: info: configprovider: In ~IngestConfigProvider (dunamis::IngestConfigProvider::~IngestConfigProvider.ingest_configprovider.hpp.60)
2023-10-15T07:01:40.175630Z: t=6b58: info: fs: unlocked path=C:\Users\mahi\AppData\Roaming\com.adobe.dunamis\34003c9f-54e9-43ea-b2d6-ed396a98b4b7\v1\4 (dunamis::Filesystem::unlock.filesystem_win.cpp.168)
2023-10-15T07:01:40.175656Z: t=6b58: info: utils: Begin wait for active tasks (this=00007FF63A68D798) to be complete (dunamis::waitFor.asynchelper.hpp.64)
2023-10-15T07:01:40.175671Z: t=6b58: info: utils: End wait for active tasks (this=00007FF63A68D798) to be complete (dunamis::waitFor.asynchelper.hpp.64)
2023-10-15T07:01:40.175686Z: t=6b58: info: netpoll: Begin Stopping network poller (dunamis::NetworkPoller::stop.networkpoller.cpp.49)
2023-10-15T07:01:40.175704Z: t=6b58: info: utils: Begin wait for active tasks (this=000002B660DA9BD0) to be complete (dunamis::waitFor.asynchelper.hpp.64)
2023-10-15T07:01:40.175717Z: t=6b58: info: utils: End wait for active tasks (this=000002B660DA9BD0) to be complete (dunamis::waitFor.asynchelper.hpp.64)
2023-10-15T07:01:40.175730Z: t=6b58: info: netpoll: End Stopping network poller (dunamis::NetworkPoller::stop.networkpoller.cpp.49)
2023-10-15T07:01:40.175747Z: t=6b58: info: session.configprovider: In ~SessionConfigProvider (dunamis::SessionConfigProvider::~SessionConfigProvider.session_configprovider.hpp.56)
2023-10-15T07:01:40.175763Z: t=6b58: info: log: stop logger (dunamis::setLogger.logger.cpp.46)
2023-10-15T07:01:40.175780Z: t=6b58: info: utils: Begin wait for active tasks (this=000002B660D46DE0) to be complete (dunamis::waitFor.asynchelper.hpp.64)
2023-10-15T07:01:40.175794Z: t=6b58: info: utils: End wait for active tasks (this=000002B660D46DE0) to be complete (dunamis::waitFor.asynchelper.hpp.64)
