[1018/131741.585:INFO:installer_main.cc(470)] Opera installer starting - version 103.0.4928.34 Stable
[1018/131741.585:INFO:installer_main.cc(473)] Command line: "C:\Users\mahi\AppData\Local\Temp\.opera\DFC5A3910DFF\CUsersmahiAppDataLocalProgramsOpera\installing\installer.exe" --backend --install --import-browser-data=0 --enable-stats=1 --enable-installer-stats=1 --consent-given=0 --general-interests=0 --general-location=0 --personalized-content=0 --personalized-ads=0 --launchopera=0 --installfolder="C:\Users\mahi\AppData\Local\Programs\Opera" --profile-folder --language=en --setdefaultbrowser=0 --pintotaskbar=0 --pintostartmenu=0 --run-at-startup=1 --show-intro-overlay --server-tracking-data=server_tracking_data --initial-pid=27376 --package-dir="C:\Users\mahi\AppData\Local\Temp\.opera\DFC5A3910DFF\CUsersmahiAppDataLocalProgramsOpera\installing" --inside-package --session-guid=4c44def0-dd1a-47d6-93ac-64b7b0807a09 --autoupdate --silent --wait-for-package --initial-proc-handle=5406000000000000
[1018/131741.585:INFO:installer_main.cc(492)] Install folder from command line: C:\Users\mahi\AppData\Local\Programs\Opera
[1018/131741.585:INFO:installer_main.cc(495)] Uninstall:0
[1018/131741.585:INFO:installer_main.cc(496)] Silent:1
[1018/131741.585:INFO:installer_main.cc(497)] Run Immediately0
[1018/131741.585:INFO:installer_main.cc(499)] Backend1
[1018/131741.585:INFO:installer_main.cc(500)] Inside package1
[1018/131741.585:INFO:installer_main.cc(501)] Autoupdate:1
[1018/131741.586:INFO:resource_l10n_handler.cc(113)] Language not in the available languages list: 
[1018/131741.586:INFO:resource_l10n_handler.cc(119)] Trying language from system preferred list: en-US
[1018/131741.586:INFO:resource_l10n_handler.cc(162)] Retrying after adjustments: en-US
[1018/131741.586:INFO:resource_l10n_handler.cc(119)] Trying language from system preferred list: en
[1018/131741.710:INFO:settings_impl.cc(1323)] Install folder set: C:\Users\mahi\AppData\Local\Programs\Opera
[1018/131741.710:INFO:settings_impl.cc(1378)] Operation: 2
[1018/131741.710:INFO:installer.cc(194)] Beginning installation
[1018/131741.710:INFO:permission_grantor_impl.cc(134)] Write privileges for install folder: 1
[1018/131741.849:INFO:installation_package_impl.cc(70)] Need to wait for actual package
[1018/131741.849:INFO:installation_package_impl.cc(172)] Package is ready
[1018/131742.235:INFO:backend_process_launcher_impl.cc(121)] Running installer from the package with command line: "C:\Users\mahi\AppData\Local\Programs\Opera\103.0.4928.34\installer.exe" --backend --initial-pid=27376 --install --import-browser-data=0 --enable-stats=1 --enable-installer-stats=1 --consent-given=0 --general-interests=0 --general-location=0 --personalized-content=0 --personalized-ads=0 --launchopera=0 --installfolder="C:\Users\mahi\AppData\Local\Programs\Opera" --profile-folder --language=en --setdefaultbrowser=0 --pintotaskbar=0 --pintostartmenu=0 --run-at-startup=1 --server-tracking-data=server_tracking_data --show-intro-overlay --package-dir="C:\Users\mahi\AppData\Local\Temp\.opera\DFC5A3910DFF\CUsersmahiAppDataLocalProgramsOpera\installing" --inside-package --session-guid=4c44def0-dd1a-47d6-93ac-64b7b0807a09 --autoupdate --silent --install-subfolder=103.0.4928.34
[1018/131747.043:ERROR:ipc_sender.cc(113)] Cannot write to mailslot: Reached the end of the file. (0x26)
[1018/131747.043:INFO:installer.cc(847)] Installation succeeded
[1018/131747.043:INFO:backend_process_installer_runner_impl.cc(187)] Installer backend exiting
[1018/131747.044:ERROR:ipc_sender.cc(113)] Cannot write to mailslot: Reached the end of the file. (0x26)
