SessionID=dbb93ca4-79a9-451b-8bec-e86b86532dbd.1697445291960 Timestamp=2023-10-16T12:04:51:960+0330 ThreadID=15824 Component=ngl-lib_NglAppLib Description="-------- Initializing session logs --------"
SessionID=dbb93ca4-79a9-451b-8bec-e86b86532dbd.1697445291960 Timestamp=2023-10-16T12:04:51:963+0330 ThreadID=15824 Component=ngl-lib_kOperatingConfig Description="GetRuntimeDetails: No operating configs found"
SessionID=dbb93ca4-79a9-451b-8bec-e86b86532dbd.1697445291960 Timestamp=2023-10-16T12:04:51:963+0330 ThreadID=15824 Component=ngl-lib_kOperatingConfig Description="GetRuntimeDetails: Fallback to NAMED_USER_ONLINE!!"
SessionID=dbb93ca4-79a9-451b-8bec-e86b86532dbd.1697445291960 Timestamp=2023-10-16T12:04:51:963+0330 ThreadID=15824 Component=ngl-lib_NglAppLib Description="SetConfig: OS Name=WINDOWS_64, OS Version=10.0.22621.1"
SessionID=dbb93ca4-79a9-451b-8bec-e86b86532dbd.1697445291960 Timestamp=2023-10-16T12:04:51:964+0330 ThreadID=15824 Component=ngl-lib_NglAppLib Description="SetConfig: NGLLibVersion=1.32.0.7, Environment=5, Runtimemode=NAMED_USER_ONLINE, NpdID="
SessionID=dbb93ca4-79a9-451b-8bec-e86b86532dbd.1697445291960 Timestamp=2023-10-16T12:04:51:964+0330 ThreadID=15824 Component=ngl-lib_NglAppLib Description="SetConfig succeeded - SetConfig: ClientID=ngl_acrobat_reader1, AppID=AcrobatReader1, AppVersion=23.6.20320.6, NglRunMode=0"
SessionID=dbb93ca4-79a9-451b-8bec-e86b86532dbd.1697445291960 Timestamp=2023-10-16T12:04:51:965+0330 ThreadID=15824 Component=ngl-lib_NglAppLib Description="SetConfig: Isotropic0.1693995675000.0"
SessionID=dbb93ca4-79a9-451b-8bec-e86b86532dbd.1697445291960 Timestamp=2023-10-16T12:04:51:965+0330 ThreadID=15824 Component=ngl-lib_ NglIngestManager Description="NglIngestManager : Initializing Ingest Manager"
SessionID=dbb93ca4-79a9-451b-8bec-e86b86532dbd.1697445291960 Timestamp=2023-10-16T12:04:51:965+0330 ThreadID=15824 Component=ngl-lib_ NglIngestManager Description="StartIngestService :  Ingest manager started."
SessionID=dbb93ca4-79a9-451b-8bec-e86b86532dbd.1697445291960 Timestamp=2023-10-16T12:04:51:965+0330 ThreadID=15824 Component=ngl-lib_ NglIngestManager Description="StartIngestService :  Ingest Monitor success thread started."
SessionID=dbb93ca4-79a9-451b-8bec-e86b86532dbd.1697445291960 Timestamp=2023-10-16T12:04:51:965+0330 ThreadID=21756 Component=ngl-lib_ NglIngestManager Description="ProcessNglIngestEvents : Ingest Process - Started"
SessionID=dbb93ca4-79a9-451b-8bec-e86b86532dbd.1697445291960 Timestamp=2023-10-16T12:04:51:965+0330 ThreadID=21756 Component=ngl-lib_ NglIngestManager Description="ProcessNglIngestEvents :  Ingest manager State: Running "
SessionID=dbb93ca4-79a9-451b-8bec-e86b86532dbd.1697445291960 Timestamp=2023-10-16T12:04:51:965+0330 ThreadID=11636 Component=ngl-lib_ NglIngestManager Description="MonitorSuccessEventsThread : Ingest Success Event Monitor - Started"
SessionID=dbb93ca4-79a9-451b-8bec-e86b86532dbd.1697445291960 Timestamp=2023-10-16T12:04:51:965+0330 ThreadID=15824 Component=ngl-lib_NglController Description="SetNglWorkflowParams: CEF-Resource AcrobatMode: 1"
SessionID=dbb93ca4-79a9-451b-8bec-e86b86532dbd.1697445291960 Timestamp=2023-10-16T12:04:51:966+0330 ThreadID=15824 Component=ngl-lib_NglController Description="VerifyAndSetNglWfDirPath: Path: C:\Program Files\Adobe\Acrobat DC\Acrobat\NGL\cefWorkflow\adobe_licensing_wf_acro.exe"
SessionID=dbb93ca4-79a9-451b-8bec-e86b86532dbd.1697445291960 Timestamp=2023-10-16T12:04:51:967+0330 ThreadID=15824 Component=ngl-lib_NglController Description="VerifyAndSetCefResourcesPath: Path: C:\Program Files\Adobe\Acrobat DC\Acrobat\acrocef_1"
SessionID=dbb93ca4-79a9-451b-8bec-e86b86532dbd.1697445291960 Timestamp=2023-10-16T12:04:51:971+0330 ThreadID=15824 Component=ngl-lib_OSUtil Description="SetEmbeddedBrowserVersion: EmbeddedBrowserVersion: CEF:112.5.0.0:1.7.0.3 gLatestCEFWFVersion: 1.7.0.3"
SessionID=dbb93ca4-79a9-451b-8bec-e86b86532dbd.1697445291960 Timestamp=2023-10-16T12:04:51:972+0330 ThreadID=15824 Component=ngl-lib_NglController Description="NglController: constructor invoked in 4 license mode, NglRunMode - 0 & ReInitStatus failure ExtBrwAuth_Enabled:True"
SessionID=dbb93ca4-79a9-451b-8bec-e86b86532dbd.1697445291960 Timestamp=2023-10-16T12:04:51:973+0330 ThreadID=15824 Component=ngl-lib_NGLWorkflow Description="WorkflowExe LatestCEFWFVersion: 1.7.0.3"
SessionID=dbb93ca4-79a9-451b-8bec-e86b86532dbd.1697445291960 Timestamp=2023-10-16T12:04:51:974+0330 ThreadID=15824 Component=ngl-lib_NGLWorkflow Description="operator (): Log IE Browser WF enabled: No"
SessionID=dbb93ca4-79a9-451b-8bec-e86b86532dbd.1697445291960 Timestamp=2023-10-16T12:04:51:975+0330 ThreadID=15824 Component=ngl-lib_NglController Description="InitializeProfileUpdates: invoked and running in headed mode"
SessionID=dbb93ca4-79a9-451b-8bec-e86b86532dbd.1697445291960 Timestamp=2023-10-16T12:04:51:975+0330 ThreadID=15824 Component=ngl-lib_NglController Description="ExecuteRequest: request id: 1 api: 0 data?: no workflow?: no"
SessionID=dbb93ca4-79a9-451b-8bec-e86b86532dbd.1697445291960 Timestamp=2023-10-16T12:04:51:975+0330 ThreadID=15824 Component=ngl-lib_NglController Description="ExecuteRequest: request id: 2 api: 0 data?: no workflow?: no"
SessionID=dbb93ca4-79a9-451b-8bec-e86b86532dbd.1697445291960 Timestamp=2023-10-16T12:04:51:975+0330 ThreadID=15824 Component=ngl-lib_NglController Description="InitializeProfileUpdates: Initial internal status = 1"
SessionID=dbb93ca4-79a9-451b-8bec-e86b86532dbd.1697445291960 Timestamp=2023-10-16T12:04:51:975+0330 ThreadID=15824 Component=ngl-lib_NglController Description="LogCurrentUser: CachedNotValidated UserID=0"
SessionID=dbb93ca4-79a9-451b-8bec-e86b86532dbd.1697445291960 Timestamp=2023-10-16T12:04:51:979+0330 ThreadID=17800 Component=ngl-lib_NglController Description="GetAMTData: invoked"
SessionID=dbb93ca4-79a9-451b-8bec-e86b86532dbd.1697445291960 Timestamp=2023-10-16T12:04:51:980+0330 ThreadID=17800 Component=ngl-lib_NglController Description="GetIntersectionOfLocalesList: invoked with Passed locales list as en_US"
SessionID=dbb93ca4-79a9-451b-8bec-e86b86532dbd.1697445291960 Timestamp=2023-10-16T12:04:51:980+0330 ThreadID=17800 Component=ngl-lib_NglController Description="GetIntersectionOfLocalesList: Reordered locales list is identical to passed locales as no installed locales were found."
SessionID=dbb93ca4-79a9-451b-8bec-e86b86532dbd.1697445291960 Timestamp=2023-10-16T12:04:51:980+0330 ThreadID=17800 Component=ngl-lib_NglController Description="GetProxyCredentials: invoked"
SessionID=dbb93ca4-79a9-451b-8bec-e86b86532dbd.1697445291960 Timestamp=2023-10-16T12:04:51:982+0330 ThreadID=17800 Component=ngl-lib_DataStorage Description="GetFromUserStorage error 1168 data not found in storage."
SessionID=dbb93ca4-79a9-451b-8bec-e86b86532dbd.1697445291960 Timestamp=2023-10-16T12:04:51:982+0330 ThreadID=17800 Component=ngl-lib_NglCommonLib Description="GetProxyCredentials - returned with : SecureStorageStatus:8 & NglStatusCode:242"
SessionID=dbb93ca4-79a9-451b-8bec-e86b86532dbd.1697445291960 Timestamp=2023-10-16T12:04:52:014+0330 ThreadID=1028 Component=ngl-lib_NglController Description="SubmitSystemIngestEvents: Platform is Not Virtual "
SessionID=dbb93ca4-79a9-451b-8bec-e86b86532dbd.1697445291960 Timestamp=2023-10-16T12:04:52:014+0330 ThreadID=1028 Component=ngl-lib_NglController Description="SubmitSystemIngestEvents: Key=5c1d49d546d6b3278d17bd9d30eafc32357faccc3b675c2f19e9bd37e46bbe2a"
SessionID=dbb93ca4-79a9-451b-8bec-e86b86532dbd.1697445291960 Timestamp=2023-10-16T12:04:52:015+0330 ThreadID=1028 Component=ngl-lib_NglController Description="SubmitSystemIngestEvents: DP API CNG functions success "
SessionID=dbb93ca4-79a9-451b-8bec-e86b86532dbd.1697445291960 Timestamp=2023-10-16T12:04:52:019+0330 ThreadID=17800 Component=ngl-lib_NglController Description="GetAMTData: invoked"
SessionID=dbb93ca4-79a9-451b-8bec-e86b86532dbd.1697445291960 Timestamp=2023-10-16T12:04:52:019+0330 ThreadID=17800 Component=ngl-lib_NglController Description="GetIntersectionOfLocalesList: invoked with Passed locales list as en_US,cs_CZ,da_DK,de_DE,es_ES,fi_FI,fr_FR,hr_HR,hu_HU,it_IT,ja_JP,ko_KR,nb_NO,nl_NL,pl_PL,pt_BR,ro_RO,ru_RU,sk_SK,sl_SI,sv_SE,tr_TR,uk_UA,zh_CN,zh_TW,fr_MA,en_AE,en_IL"
SessionID=dbb93ca4-79a9-451b-8bec-e86b86532dbd.1697445291960 Timestamp=2023-10-16T12:04:52:019+0330 ThreadID=17800 Component=ngl-lib_NglController Description="GetIntersectionOfLocalesList: Reordered locales list is identical to passed locales as no installed locales were found."
SessionID=dbb93ca4-79a9-451b-8bec-e86b86532dbd.1697445291960 Timestamp=2023-10-16T12:04:52:019+0330 ThreadID=17800 Component=ngl-lib_NglController Description="InitializeWorkflows: invoked"
SessionID=dbb93ca4-79a9-451b-8bec-e86b86532dbd.1697445291960 Timestamp=2023-10-16T12:04:52:019+0330 ThreadID=17800 Component=ngl-lib_NglAppLib Description="SetAppRuntimeConfig: AppLocale=en_US"
SessionID=dbb93ca4-79a9-451b-8bec-e86b86532dbd.1697445291960 Timestamp=2023-10-16T12:04:52:020+0330 ThreadID=17800 Component=ngl-lib_NglController Description="GetNglMenuItems: invoked"
SessionID=dbb93ca4-79a9-451b-8bec-e86b86532dbd.1697445291960 Timestamp=2023-10-16T12:04:52:021+0330 ThreadID=9772 Component=ngl-lib_NglController Description="InitialProfileTimer: app is licensed"
SessionID=dbb93ca4-79a9-451b-8bec-e86b86532dbd.1697445291960 Timestamp=2023-10-16T12:04:52:023+0330 ThreadID=23304 Component=ngl-lib_NUSecureProfileFetcher Description="GetDeviceTokenAndProfile : invoked"
SessionID=dbb93ca4-79a9-451b-8bec-e86b86532dbd.1697445291960 Timestamp=2023-10-16T12:04:52:031+0330 ThreadID=23304 Component=ngl-lib_DataStorage Description="GetFromUserStorage error 1168 data not found in storage."
SessionID=dbb93ca4-79a9-451b-8bec-e86b86532dbd.1697445291960 Timestamp=2023-10-16T12:04:52:031+0330 ThreadID=23304 Component=ngl-lib_HttpRestConnectorForPost Description="SendHttpRequestSync: Request about to start"
SessionID=dbb93ca4-79a9-451b-8bec-e86b86532dbd.1697445291960 Timestamp=2023-10-16T12:04:52:033+0330 ThreadID=23304 Component=ngl-lib_HttpRestConnectorForPost Description="SendHttpRequestSyncCallInternal detected Windows version >= 8.1, using auto proxy settings"
SessionID=dbb93ca4-79a9-451b-8bec-e86b86532dbd.1697445291960 Timestamp=2023-10-16T12:04:52:051+0330 ThreadID=23304 Component=ngl-lib_HttpRestConnectorForPost Description="SendHttpRequestSyncCallInternal: Calling endpoint https://ims-prod06.adobelogin.com/ims/token/v4"
SessionID=dbb93ca4-79a9-451b-8bec-e86b86532dbd.1697445291960 Timestamp=2023-10-16T12:05:02:898+0330 ThreadID=23304 Component=ngl-lib_HttpRestConnectorForPost Description="SendHttpRequestSyncCallInternal: Received response with status 200"
SessionID=dbb93ca4-79a9-451b-8bec-e86b86532dbd.1697445291960 Timestamp=2023-10-16T12:05:02:900+0330 ThreadID=23304 Component=ngl-lib_HttpRestConnectorForPost Description="SendHttpRequestSync: Request complete"
SessionID=dbb93ca4-79a9-451b-8bec-e86b86532dbd.1697445291960 Timestamp=2023-10-16T12:05:02:901+0330 ThreadID=23304 Component=ngl-lib_IMSConnector Description="FetchAccessTokenFromDeviceTokenInternal -> LogHttpResponse : clientId: ngl_acrobat_reader1 | ScopeId: additional_info.account_type,openid,AdobeID | UserAgent: A | HttpRequestStatus: 0 | HttpResponseCode: 200 | X-Debug-Id:  88762a7d-1b63-439c-a454-61f7d7277715"
SessionID=dbb93ca4-79a9-451b-8bec-e86b86532dbd.1697445291960 Timestamp=2023-10-16T12:05:02:901+0330 ThreadID=23304 Component=ngl-lib_IMSConnector Description="FetchAccessTokenFromDeviceToken : FetchAccessToken returned : 0"
SessionID=dbb93ca4-79a9-451b-8bec-e86b86532dbd.1697445291960 Timestamp=2023-10-16T12:05:02:901+0330 ThreadID=23304 Component=ngl-lib_IMSConnector Description="IMS http request success, trigger update IMS status"
SessionID=dbb93ca4-79a9-451b-8bec-e86b86532dbd.1697445291960 Timestamp=2023-10-16T12:05:02:943+0330 ThreadID=2032 Component=ngl-lib_NgluCommands Description="UpdateSSOFiles Updated flag file with value IMS_ACTIVE"
SessionID=dbb93ca4-79a9-451b-8bec-e86b86532dbd.1697445291960 Timestamp=2023-10-16T12:05:02:943+0330 ThreadID=2032 Component=ngl-lib_NgluCommands Description="Update IMS status to file succeeded"
SessionID=dbb93ca4-79a9-451b-8bec-e86b86532dbd.1697445291960 Timestamp=2023-10-16T12:05:03:063+0330 ThreadID=23304 Component=ngl-lib_SPVerifier Description="IsValidSignedProfile: Signature verification success"
SessionID=dbb93ca4-79a9-451b-8bec-e86b86532dbd.1697445291960 Timestamp=2023-10-16T12:05:03:095+0330 ThreadID=23304 Component=ngl-lib_DataStorage Description="GetFromUserStorage error 1168 data not found in storage."
SessionID=dbb93ca4-79a9-451b-8bec-e86b86532dbd.1697445291960 Timestamp=2023-10-16T12:05:03:095+0330 ThreadID=23304 Component=ngl-lib_COPWebAPIConnector Description="Fetching Information for User : Req-Id-eec87c67-c2af-41c3-b98d-765868724ad4"
SessionID=dbb93ca4-79a9-451b-8bec-e86b86532dbd.1697445291960 Timestamp=2023-10-16T12:05:03:095+0330 ThreadID=23304 Component=ngl-lib_HttpRestConnectorForPost Description="SendHttpRequestSync: Request about to start"
SessionID=dbb93ca4-79a9-451b-8bec-e86b86532dbd.1697445291960 Timestamp=2023-10-16T12:05:03:095+0330 ThreadID=23304 Component=ngl-lib_HttpRestConnectorForPost Description="SendHttpRequestSyncCallInternal detected Windows version >= 8.1, using auto proxy settings"
SessionID=dbb93ca4-79a9-451b-8bec-e86b86532dbd.1697445291960 Timestamp=2023-10-16T12:05:03:096+0330 ThreadID=23304 Component=ngl-lib_HttpRestConnectorForPost Description="SendHttpRequestSyncCallInternal: Calling endpoint https://lcs-cops.adobe.io/asnp/unlicensed/v1"
SessionID=dbb93ca4-79a9-451b-8bec-e86b86532dbd.1697445291960 Timestamp=2023-10-16T12:05:09:012+0330 ThreadID=23304 Component=ngl-lib_HttpRestConnectorForPost Description="SendHttpRequestSyncCallInternal: Received response with status 204"
SessionID=dbb93ca4-79a9-451b-8bec-e86b86532dbd.1697445291960 Timestamp=2023-10-16T12:05:09:013+0330 ThreadID=23304 Component=ngl-lib_HttpRestConnectorForPost Description="SendHttpRequestSync: Request complete"
SessionID=dbb93ca4-79a9-451b-8bec-e86b86532dbd.1697445291960 Timestamp=2023-10-16T12:05:09:013+0330 ThreadID=23304 Component=ngl-lib_COPWebAPIConnector Description="X-Request-Id:  Req-Id-eec87c67-c2af-41c3-b98d-765868724ad4"
SessionID=dbb93ca4-79a9-451b-8bec-e86b86532dbd.1697445291960 Timestamp=2023-10-16T12:05:09:013+0330 ThreadID=23304 Component=ngl-lib_COPWebAPIConnector Description="FetchSPAndWorkflow: Received 204 in http request"
SessionID=dbb93ca4-79a9-451b-8bec-e86b86532dbd.1697445291960 Timestamp=2023-10-16T12:05:09:014+0330 ThreadID=23304 Component=ngl-lib_NamedUserCOPRetriever Description="GetCOP : Recieved a 204 "
SessionID=dbb93ca4-79a9-451b-8bec-e86b86532dbd.1697445291960 Timestamp=2023-10-16T12:05:09:017+0330 ThreadID=23304 Component=ngl-lib_NUSecureProfileFetcher ErrorID=COPRetrieverStatus:13 Description="GetDeviceTokenAndProfile : We have a valid access token but could not reach COPS, fill in userprofile from IMS"
SessionID=dbb93ca4-79a9-451b-8bec-e86b86532dbd.1697445291960 Timestamp=2023-10-16T12:05:09:018+0330 ThreadID=23304 Component=ngl-lib_NglAppLib ErrorID=110 Description="GetLatestNglProfile Status: Unhandled Error"
SessionID=dbb93ca4-79a9-451b-8bec-e86b86532dbd.1697445291960 Timestamp=2023-10-16T12:05:09:019+0330 ThreadID=23304 Component=ngl-lib_NglController Description="ProcessV2Profile: request id: 2 api: 0 call-status: 110 profile-status: 110 sequence: initial workflow?: no spinner?: no"
SessionID=dbb93ca4-79a9-451b-8bec-e86b86532dbd.1697445291960 Timestamp=2023-10-16T12:05:09:020+0330 ThreadID=23304 Component=ngl-lib_NglController Description="HandleV2Response: Handle NUL response (request 2 type 4 status 110 sequence initial)"
SessionID=dbb93ca4-79a9-451b-8bec-e86b86532dbd.1697445291960 Timestamp=2023-10-16T12:05:09:020+0330 ThreadID=23304 Component=ngl-lib_NglController Description="ProcessV2Profile: request id: 2 api: 0 call-status: 110 profile-status: 110 sequence: initial workflow?: no spinner?: no"
SessionID=dbb93ca4-79a9-451b-8bec-e86b86532dbd.1697445291960 Timestamp=2023-10-16T12:05:09:020+0330 ThreadID=23304 Component=ngl-lib_NglController Description="ProcessV2Profile: Initial profile fetch got NO CONTENT response from server, use cached profile"
SessionID=dbb93ca4-79a9-451b-8bec-e86b86532dbd.1697445291960 Timestamp=2023-10-16T12:05:09:020+0330 ThreadID=23304 Component=ngl-lib_NglController Description="ProcessV2Profile: Initial profile failure: no cache (profile status 1)"
SessionID=dbb93ca4-79a9-451b-8bec-e86b86532dbd.1697445291960 Timestamp=2023-10-16T12:05:09:020+0330 ThreadID=23304 Component=ngl-lib_NglController Description="NotifyData: request id: 2 api: 0"
SessionID=dbb93ca4-79a9-451b-8bec-e86b86532dbd.1697445291960 Timestamp=2023-10-16T12:05:09:020+0330 ThreadID=23304 Component=ngl-lib_NglController Description="GetProfile: request 2 recieved"
SessionID=dbb93ca4-79a9-451b-8bec-e86b86532dbd.1697445291960 Timestamp=2023-10-16T12:05:09:020+0330 ThreadID=23304 Component=ngl-lib_NglController Description="GetProfile: request 2 returned status 403"
SessionID=dbb93ca4-79a9-451b-8bec-e86b86532dbd.1697445291960 Timestamp=2023-10-16T12:05:09:111+0330 ThreadID=17800 Component=ngl-lib_NglController Description="GetProfile: request 2 recieved"
SessionID=dbb93ca4-79a9-451b-8bec-e86b86532dbd.1697445291960 Timestamp=2023-10-16T12:05:09:111+0330 ThreadID=17800 Component=ngl-lib_NglController Description="GetProfile: request 2 returned status 403"
SessionID=dbb93ca4-79a9-451b-8bec-e86b86532dbd.1697445291960 Timestamp=2023-10-16T12:05:09:111+0330 ThreadID=17800 Component=ngl-lib_NglController Description="GetAMTData: invoked"
SessionID=dbb93ca4-79a9-451b-8bec-e86b86532dbd.1697445291960 Timestamp=2023-10-16T12:05:09:111+0330 ThreadID=17800 Component=ngl-lib_NglController Description="GetIntersectionOfLocalesList: invoked with Passed locales list as en_US"
SessionID=dbb93ca4-79a9-451b-8bec-e86b86532dbd.1697445291960 Timestamp=2023-10-16T12:05:09:111+0330 ThreadID=17800 Component=ngl-lib_NglController Description="GetIntersectionOfLocalesList: Reordered locales list is identical to passed locales as no installed locales were found."
SessionID=dbb93ca4-79a9-451b-8bec-e86b86532dbd.1697445291960 Timestamp=2023-10-16T12:05:09:111+0330 ThreadID=17800 Component=ngl-lib_NglController Description="GetProxyCredentials: invoked"
SessionID=dbb93ca4-79a9-451b-8bec-e86b86532dbd.1697445291960 Timestamp=2023-10-16T12:05:09:112+0330 ThreadID=17800 Component=ngl-lib_DataStorage Description="GetFromUserStorage error 1168 data not found in storage."
SessionID=dbb93ca4-79a9-451b-8bec-e86b86532dbd.1697445291960 Timestamp=2023-10-16T12:05:09:112+0330 ThreadID=17800 Component=ngl-lib_NglCommonLib Description="GetProxyCredentials - returned with : SecureStorageStatus:8 & NglStatusCode:242"
SessionID=dbb93ca4-79a9-451b-8bec-e86b86532dbd.1697445291960 Timestamp=2023-10-16T12:05:09:113+0330 ThreadID=17800 Component=ngl-lib_NglController Description="GetProxyCredentials: invoked"
SessionID=dbb93ca4-79a9-451b-8bec-e86b86532dbd.1697445291960 Timestamp=2023-10-16T12:05:09:114+0330 ThreadID=17800 Component=ngl-lib_DataStorage Description="GetFromUserStorage error 1168 data not found in storage."
SessionID=dbb93ca4-79a9-451b-8bec-e86b86532dbd.1697445291960 Timestamp=2023-10-16T12:05:09:114+0330 ThreadID=17800 Component=ngl-lib_NglCommonLib Description="GetProxyCredentials - returned with : SecureStorageStatus:8 & NglStatusCode:242"
SessionID=dbb93ca4-79a9-451b-8bec-e86b86532dbd.1697445291960 Timestamp=2023-10-16T12:05:09:115+0330 ThreadID=17800 Component=ngl-lib_NglController Description="GetCurrentUserEmail: invoked"
SessionID=dbb93ca4-79a9-451b-8bec-e86b86532dbd.1697445291960 Timestamp=2023-10-16T12:05:09:118+0330 ThreadID=17800 Component=ngl-lib_NglController Description="GetImsAccessToken: invoked clientId: AdobeReader9 clientScope: AdobeID, openid, skybox, sign_user_login, agreement_read, agreement_write, agreement_sign, sign_user_read, DCAPI, ab.manage, additional_info.projectedProductContext, dim.core.services, piip_read, sign_library_write, sign_library_read data?: yes workflow?: yes forceRefresh:no"
SessionID=dbb93ca4-79a9-451b-8bec-e86b86532dbd.1697445291960 Timestamp=2023-10-16T12:05:09:118+0330 ThreadID=17800 Component=ngl-lib_NglController Description="ExecuteRequest: request id: 3 api: 2 data?: yes workflow?: yes"
SessionID=dbb93ca4-79a9-451b-8bec-e86b86532dbd.1697445291960 Timestamp=2023-10-16T12:05:09:123+0330 ThreadID=23304 Component=ngl-lib_IMSConnector Description="FetchAccessTokenFromDeviceToken : FetchCachedAccessToken returned : 44"
SessionID=dbb93ca4-79a9-451b-8bec-e86b86532dbd.1697445291960 Timestamp=2023-10-16T12:05:09:124+0330 ThreadID=23304 Component=ngl-lib_DataStorage Description="GetFromUserStorage error 1168 data not found in storage."
SessionID=dbb93ca4-79a9-451b-8bec-e86b86532dbd.1697445291960 Timestamp=2023-10-16T12:05:09:124+0330 ThreadID=23304 Component=ngl-lib_HttpRestConnectorForPost Description="SendHttpRequestSync: Request about to start"
SessionID=dbb93ca4-79a9-451b-8bec-e86b86532dbd.1697445291960 Timestamp=2023-10-16T12:05:09:124+0330 ThreadID=23304 Component=ngl-lib_HttpRestConnectorForPost Description="SendHttpRequestSyncCallInternal detected Windows version >= 8.1, using auto proxy settings"
SessionID=dbb93ca4-79a9-451b-8bec-e86b86532dbd.1697445291960 Timestamp=2023-10-16T12:05:09:125+0330 ThreadID=23304 Component=ngl-lib_HttpRestConnectorForPost Description="SendHttpRequestSyncCallInternal: Calling endpoint https://ims-prod06.adobelogin.com/ims/token/v1"
SessionID=dbb93ca4-79a9-451b-8bec-e86b86532dbd.1697445291960 Timestamp=2023-10-16T12:05:14:784+0330 ThreadID=23304 Component=ngl-lib_HttpRestConnectorForPost Description="SendHttpRequestSyncCallInternal: Received response with status 200"
SessionID=dbb93ca4-79a9-451b-8bec-e86b86532dbd.1697445291960 Timestamp=2023-10-16T12:05:14:785+0330 ThreadID=23304 Component=ngl-lib_HttpRestConnectorForPost Description="SendHttpRequestSync: Request complete"
SessionID=dbb93ca4-79a9-451b-8bec-e86b86532dbd.1697445291960 Timestamp=2023-10-16T12:05:14:785+0330 ThreadID=23304 Component=ngl-lib_IMSConnector Description="FetchAccessTokenFromDeviceTokenInternal -> LogHttpResponse : clientId: AdobeReader9 | ScopeId: AdobeID, openid, skybox, sign_user_login, agreement_read, agreement_write, agreement_sign, sign_user_read, DCAPI, ab.manage, additional_info.projectedProductContext, dim.core.services, piip_read, sign_library_write, sign_library_read | UserAgent: A | HttpRequestStatus: 0 | HttpResponseCode: 200 | X-Debug-Id:  88762a7d-1b63-439c-a454-61f7d7277715"
SessionID=dbb93ca4-79a9-451b-8bec-e86b86532dbd.1697445291960 Timestamp=2023-10-16T12:05:14:785+0330 ThreadID=23304 Component=ngl-lib_IMSConnector Description="FetchAccessTokenFromDeviceToken : FetchAccessToken returned : 0"
SessionID=dbb93ca4-79a9-451b-8bec-e86b86532dbd.1697445291960 Timestamp=2023-10-16T12:05:14:785+0330 ThreadID=23304 Component=ngl-lib_IMSConnector Description="IMS http request success, trigger update IMS status"
SessionID=dbb93ca4-79a9-451b-8bec-e86b86532dbd.1697445291960 Timestamp=2023-10-16T12:05:14:785+0330 ThreadID=23304 Component=ngl-lib_NglCommonLib Description="ImsAccessTokenInternal - returned with NglStatusCode:0"
SessionID=dbb93ca4-79a9-451b-8bec-e86b86532dbd.1697445291960 Timestamp=2023-10-16T12:05:14:786+0330 ThreadID=23304 Component=ngl-lib_NglAppLib Description="ImsAccessToken Status: Success"
SessionID=dbb93ca4-79a9-451b-8bec-e86b86532dbd.1697445291960 Timestamp=2023-10-16T12:05:14:786+0330 ThreadID=23304 Component=ngl-lib_NglController Description="ProcessImsResult: request id: 3 api: 2 status: 0 workflow?: no spinner?: no"
SessionID=dbb93ca4-79a9-451b-8bec-e86b86532dbd.1697445291960 Timestamp=2023-10-16T12:05:14:786+0330 ThreadID=23304 Component=ngl-lib_NglController Description="NotifyData: request id: 3 api: 2"
SessionID=dbb93ca4-79a9-451b-8bec-e86b86532dbd.1697445291960 Timestamp=2023-10-16T12:05:14:786+0330 ThreadID=23304 Component=ngl-lib_NglController Description="GetImsAccessToken: request 3 recieved"
SessionID=dbb93ca4-79a9-451b-8bec-e86b86532dbd.1697445291960 Timestamp=2023-10-16T12:05:14:786+0330 ThreadID=23304 Component=ngl-lib_NglController Description="GetImsAccessToken: request 3 returned status 0"
SessionID=dbb93ca4-79a9-451b-8bec-e86b86532dbd.1697445291960 Timestamp=2023-10-16T12:05:14:790+0330 ThreadID=21248 Component=ngl-lib_NgluCommands Description="UpdateSSOFiles Updated flag file with value IMS_ACTIVE"
SessionID=dbb93ca4-79a9-451b-8bec-e86b86532dbd.1697445291960 Timestamp=2023-10-16T12:05:14:790+0330 ThreadID=21248 Component=ngl-lib_NgluCommands Description="Update IMS status to file succeeded"
SessionID=dbb93ca4-79a9-451b-8bec-e86b86532dbd.1697445291960 Timestamp=2023-10-16T12:09:52:033+0330 ThreadID=21756 Component=ngl-lib_NglIngestStorageEvent Description="GetEventInfoJson : Error - Ingest Guid:1790675f-b7ae-4427-a86d-367c05d878ac SubCategory:WorkflowError StatusCode:0 OsErrorCode:"
SessionID=dbb93ca4-79a9-451b-8bec-e86b86532dbd.1697445291960 Timestamp=2023-10-16T12:09:52:037+0330 ThreadID=21756 Component=ngl-lib_DataStorage Description="GetFromUserStorage error 1168 data not found in storage."
SessionID=dbb93ca4-79a9-451b-8bec-e86b86532dbd.1697445291960 Timestamp=2023-10-16T12:09:52:037+0330 ThreadID=21756 Component=ngl-lib_HttpRestConnectorForPost Description="SendHttpRequestSync: Request about to start"
SessionID=dbb93ca4-79a9-451b-8bec-e86b86532dbd.1697445291960 Timestamp=2023-10-16T12:09:52:037+0330 ThreadID=21756 Component=ngl-lib_HttpRestConnectorForPost Description="SendHttpRequestSyncCallInternal detected Windows version >= 8.1, using auto proxy settings"
SessionID=dbb93ca4-79a9-451b-8bec-e86b86532dbd.1697445291960 Timestamp=2023-10-16T12:09:52:038+0330 ThreadID=21756 Component=ngl-lib_HttpRestConnectorForPost Description="SendHttpRequestSyncCallInternal: Calling endpoint https://cc-api-data.adobe.io/ingest"
SessionID=dbb93ca4-79a9-451b-8bec-e86b86532dbd.1697445291960 Timestamp=2023-10-16T12:09:57:705+0330 ThreadID=21756 Component=ngl-lib_HttpRestConnectorForPost Description="SendHttpRequestSyncCallInternal: Received response with status 200"
SessionID=dbb93ca4-79a9-451b-8bec-e86b86532dbd.1697445291960 Timestamp=2023-10-16T12:09:57:706+0330 ThreadID=21756 Component=ngl-lib_HttpRestConnectorForPost Description="SendHttpRequestSync: Request complete"
SessionID=dbb93ca4-79a9-451b-8bec-e86b86532dbd.1697445291960 Timestamp=2023-10-16T12:24:51:995+0330 ThreadID=21756 Component=ngl-lib_DataStorage Description="GetFromUserStorage error 1168 data not found in storage."
SessionID=dbb93ca4-79a9-451b-8bec-e86b86532dbd.1697445291960 Timestamp=2023-10-16T12:24:51:995+0330 ThreadID=21756 Component=ngl-lib_HttpRestConnectorForPost Description="SendHttpRequestSync: Request about to start"
SessionID=dbb93ca4-79a9-451b-8bec-e86b86532dbd.1697445291960 Timestamp=2023-10-16T12:24:51:995+0330 ThreadID=21756 Component=ngl-lib_HttpRestConnectorForPost Description="SendHttpRequestSyncCallInternal detected Windows version >= 8.1, using auto proxy settings"
SessionID=dbb93ca4-79a9-451b-8bec-e86b86532dbd.1697445291960 Timestamp=2023-10-16T12:24:51:995+0330 ThreadID=21756 Component=ngl-lib_HttpRestConnectorForPost Description="SendHttpRequestSyncCallInternal: Calling endpoint https://cc-api-data.adobe.io/ingest"
SessionID=dbb93ca4-79a9-451b-8bec-e86b86532dbd.1697445291960 Timestamp=2023-10-16T12:24:57:831+0330 ThreadID=21756 Component=ngl-lib_HttpRestConnectorForPost Description="SendHttpRequestSyncCallInternal: Received response with status 200"
SessionID=dbb93ca4-79a9-451b-8bec-e86b86532dbd.1697445291960 Timestamp=2023-10-16T12:24:57:831+0330 ThreadID=21756 Component=ngl-lib_HttpRestConnectorForPost Description="SendHttpRequestSync: Request complete"
SessionID=dbb93ca4-79a9-451b-8bec-e86b86532dbd.1697445291960 Timestamp=2023-10-16T23:46:30:225+0330 ThreadID=11636 Component=ngl-lib_ NglIngestManager Description="MonitorSuccessEventsThread : Ingest Success Event Monitor - Finished"
