SessionID=923694bd-a3cc-40e2-9fdc-26b15d2190c7.1697096518052 Timestamp=2023-10-15T23:30:18:369+0330 ThreadID=11536 Component=ngl-lib_NglController Description="GetCurrentUserGuid: invoked"
SessionID=923694bd-a3cc-40e2-9fdc-26b15d2190c7.1697096518052 Timestamp=2023-10-15T23:35:50:901+0330 ThreadID=11536 Component=ngl-lib_NglController Description="GetCurrentUserGuid: invoked"
SessionID=923694bd-a3cc-40e2-9fdc-26b15d2190c7.1697096518052 Timestamp=2023-10-15T23:41:23:433+0330 ThreadID=11536 Component=ngl-lib_NglController Description="GetCurrentUserGuid: invoked"
SessionID=923694bd-a3cc-40e2-9fdc-26b15d2190c7.1697096518052 Timestamp=2023-10-16T10:05:00:374+0330 ThreadID=27024 Component=ngl-lib_NglController Description="GetImsAccessToken: invoked clientId: CreativeCloud_v6_0 clientScope: openid,AdobeID,creative_cloud,creative_sdk,read_organizations,sao.cce_private,additional_info.account_type,additional_info.roles,additional_info.ownerOrg,additional_info.coppa_compliant,ab.manage,piip_read,af_byof,tk_platform_sync,additional_info.projectedProductContext,tk_platform,sao.typekit,sao.spark,uds_read,pps.read data?: yes workflow?: yes forceRefresh:yes"
SessionID=923694bd-a3cc-40e2-9fdc-26b15d2190c7.1697096518052 Timestamp=2023-10-16T10:05:00:385+0330 ThreadID=27024 Component=ngl-lib_NglController Description="ExecuteRequest: request id: 9 api: 2 data?: yes workflow?: yes"
SessionID=923694bd-a3cc-40e2-9fdc-26b15d2190c7.1697096518052 Timestamp=2023-10-16T10:05:00:419+0330 ThreadID=22776 Component=ngl-lib_DataStorage Description="GetFromUserStorage error 1168 data not found in storage."
SessionID=923694bd-a3cc-40e2-9fdc-26b15d2190c7.1697096518052 Timestamp=2023-10-16T10:05:00:430+0330 ThreadID=22776 Component=ngl-lib_HttpRestConnectorForPost Description="SendHttpRequestSync: Request about to start"
SessionID=923694bd-a3cc-40e2-9fdc-26b15d2190c7.1697096518052 Timestamp=2023-10-16T10:05:00:448+0330 ThreadID=22776 Component=ngl-lib_HttpRestConnectorForPost Description="SendHttpRequestASyncCallInternal detected Windows version >= 8.1, using auto proxy settings"
SessionID=923694bd-a3cc-40e2-9fdc-26b15d2190c7.1697096518052 Timestamp=2023-10-16T10:05:00:465+0330 ThreadID=22776 Component=ngl-lib_HttpRestConnectorForPost Description="SendHttpRequestASyncCallInternal: Calling endpoint https://ims-prod06.adobelogin.com/ims/token/v4"
SessionID=923694bd-a3cc-40e2-9fdc-26b15d2190c7.1697096518052 Timestamp=2023-10-16T10:05:12:522+0330 ThreadID=20272 Component=ngl-lib_HttpRestConnectorForPost Description="OnCallBack: Asynchronous error occured"
SessionID=923694bd-a3cc-40e2-9fdc-26b15d2190c7.1697096518052 Timestamp=2023-10-16T10:05:12:538+0330 ThreadID=20272 Component=ngl-lib_HttpRequestWin Description="MapLastErrorToStatusCode: Error is 12007"
SessionID=923694bd-a3cc-40e2-9fdc-26b15d2190c7.1697096518052 Timestamp=2023-10-16T10:05:12:547+0330 ThreadID=22776 Component=ngl-lib_HttpRestConnectorForPost Description="SendHttpRequestSync: retry count: 1"
SessionID=923694bd-a3cc-40e2-9fdc-26b15d2190c7.1697096518052 Timestamp=2023-10-16T10:05:14:560+0330 ThreadID=22776 Component=ngl-lib_HttpRestConnectorForPost Description="SendHttpRequestSync: Request about to start"
SessionID=923694bd-a3cc-40e2-9fdc-26b15d2190c7.1697096518052 Timestamp=2023-10-16T10:05:14:567+0330 ThreadID=22776 Component=ngl-lib_HttpRestConnectorForPost Description="SendHttpRequestASyncCallInternal detected Windows version >= 8.1, using auto proxy settings"
SessionID=923694bd-a3cc-40e2-9fdc-26b15d2190c7.1697096518052 Timestamp=2023-10-16T10:05:14:578+0330 ThreadID=22776 Component=ngl-lib_HttpRestConnectorForPost Description="SendHttpRequestASyncCallInternal: Calling endpoint https://ims-prod06.adobelogin.com/ims/token/v4"
SessionID=923694bd-a3cc-40e2-9fdc-26b15d2190c7.1697096518052 Timestamp=2023-10-16T10:05:28:850+0330 ThreadID=19264 Component=ngl-lib_HttpRestConnectorForPost Description="OnCallBack: Received response with status 200"
SessionID=923694bd-a3cc-40e2-9fdc-26b15d2190c7.1697096518052 Timestamp=2023-10-16T10:05:28:915+0330 ThreadID=22776 Component=ngl-lib_HttpRestConnectorForPost Description="SendHttpRequestSync: Request complete, received status 0"
SessionID=923694bd-a3cc-40e2-9fdc-26b15d2190c7.1697096518052 Timestamp=2023-10-16T10:05:28:971+0330 ThreadID=22776 Component=ngl-lib_IMSConnector Description="FetchAccessTokenFromDeviceTokenInternal -> LogHttpResponse : clientId: CreativeCloud_v6_0 | ScopeId: openid,AdobeID,creative_cloud,creative_sdk,read_organizations,sao.cce_private,additional_info.account_type,additional_info.roles,additional_info.ownerOrg,additional_info.coppa_compliant,ab.manage,piip_read,af_byof,tk_platform_sync,additional_info.projectedProductContext,tk_platform,sao.typekit,sao.spark,uds_read,pps.read | UserAgent: N | HttpRequestStatus: 0 | HttpResponseCode: 200 | X-Debug-Id:  57a6e98b-866f-4bff-8242-5349fe820565"
SessionID=923694bd-a3cc-40e2-9fdc-26b15d2190c7.1697096518052 Timestamp=2023-10-16T10:05:29:031+0330 ThreadID=22776 Component=ngl-lib_IMSConnector Description="FetchAccessTokenFromDeviceToken : FetchAccessToken returned : 0"
SessionID=923694bd-a3cc-40e2-9fdc-26b15d2190c7.1697096518052 Timestamp=2023-10-16T10:05:29:079+0330 ThreadID=22776 Component=ngl-lib_IMSConnector Description="IMS http request success, trigger update IMS status"
SessionID=923694bd-a3cc-40e2-9fdc-26b15d2190c7.1697096518052 Timestamp=2023-10-16T10:05:29:122+0330 ThreadID=22776 Component=ngl-lib_NglCommonLib Description="ImsAccessTokenInternal - returned with NglStatusCode:0"
SessionID=923694bd-a3cc-40e2-9fdc-26b15d2190c7.1697096518052 Timestamp=2023-10-16T10:05:29:159+0330 ThreadID=22776 Component=ngl-lib_NglAppLib Description="ImsAccessToken Status: Success"
SessionID=923694bd-a3cc-40e2-9fdc-26b15d2190c7.1697096518052 Timestamp=2023-10-16T10:05:29:209+0330 ThreadID=22776 Component=ngl-lib_NglController Description="ProcessImsResult: request id: 9 api: 2 status: 0 workflow?: no spinner?: no"
SessionID=923694bd-a3cc-40e2-9fdc-26b15d2190c7.1697096518052 Timestamp=2023-10-16T10:05:29:264+0330 ThreadID=22776 Component=ngl-lib_NglController Description="NotifyData: request id: 9 api: 2"
SessionID=923694bd-a3cc-40e2-9fdc-26b15d2190c7.1697096518052 Timestamp=2023-10-16T10:05:29:319+0330 ThreadID=18588 Component=ngl-lib_SSOWatcher Description="ProcessSSOFileData: IMS Active event detected"
SessionID=923694bd-a3cc-40e2-9fdc-26b15d2190c7.1697096518052 Timestamp=2023-10-16T10:05:29:364+0330 ThreadID=6264 Component=ngl-lib_NgluCommands Description="UpdateSSOFiles Updated flag file with value IMS_ACTIVE"
SessionID=923694bd-a3cc-40e2-9fdc-26b15d2190c7.1697096518052 Timestamp=2023-10-16T10:05:29:419+0330 ThreadID=6264 Component=ngl-lib_NgluCommands Description="Update IMS status to file succeeded"
SessionID=923694bd-a3cc-40e2-9fdc-26b15d2190c7.1697096518052 Timestamp=2023-10-16T10:05:29:459+0330 ThreadID=22776 Component=ngl-lib_NglController Description="GetImsAccessToken: request 9 recieved"
SessionID=923694bd-a3cc-40e2-9fdc-26b15d2190c7.1697096518052 Timestamp=2023-10-16T10:05:29:507+0330 ThreadID=22776 Component=ngl-lib_NglController Description="GetImsAccessToken: request 9 returned status 0"
SessionID=923694bd-a3cc-40e2-9fdc-26b15d2190c7.1697096518052 Timestamp=2023-10-16T10:11:21:323+0330 ThreadID=11536 Component=ngl-lib_NglController Description="GetCurrentUserGuid: invoked"
SessionID=923694bd-a3cc-40e2-9fdc-26b15d2190c7.1697096518052 Timestamp=2023-10-16T10:16:22:716+0330 ThreadID=11344 Component=ngl-lib_DataStorage Description="GetFromUserStorage error 1168 data not found in storage."
SessionID=923694bd-a3cc-40e2-9fdc-26b15d2190c7.1697096518052 Timestamp=2023-10-16T10:16:22:726+0330 ThreadID=11344 Component=ngl-lib_HttpRestConnectorForPost Description="SendHttpRequestSync: Request about to start"
SessionID=923694bd-a3cc-40e2-9fdc-26b15d2190c7.1697096518052 Timestamp=2023-10-16T10:16:22:733+0330 ThreadID=11344 Component=ngl-lib_HttpRestConnectorForPost Description="SendHttpRequestASyncCallInternal detected Windows version >= 8.1, using auto proxy settings"
SessionID=923694bd-a3cc-40e2-9fdc-26b15d2190c7.1697096518052 Timestamp=2023-10-16T10:16:22:745+0330 ThreadID=11344 Component=ngl-lib_HttpRestConnectorForPost Description="SendHttpRequestASyncCallInternal: Calling endpoint https://cc-api-data.adobe.io/ingest"
SessionID=923694bd-a3cc-40e2-9fdc-26b15d2190c7.1697096518052 Timestamp=2023-10-16T10:16:26:325+0330 ThreadID=16388 Component=ngl-lib_HttpRestConnectorForPost Description="OnCallBack: Received response with status 200"
SessionID=923694bd-a3cc-40e2-9fdc-26b15d2190c7.1697096518052 Timestamp=2023-10-16T10:16:26:334+0330 ThreadID=11344 Component=ngl-lib_HttpRestConnectorForPost Description="SendHttpRequestSync: Request complete, received status 0"
SessionID=923694bd-a3cc-40e2-9fdc-26b15d2190c7.1697096518052 Timestamp=2023-10-16T10:16:53:844+0330 ThreadID=11536 Component=ngl-lib_NglController Description="GetCurrentUserGuid: invoked"
SessionID=923694bd-a3cc-40e2-9fdc-26b15d2190c7.1697096518052 Timestamp=2023-10-16T10:22:26:373+0330 ThreadID=11536 Component=ngl-lib_NglController Description="GetCurrentUserGuid: invoked"
SessionID=923694bd-a3cc-40e2-9fdc-26b15d2190c7.1697096518052 Timestamp=2023-10-16T10:23:48:185+0330 ThreadID=25556 Component=ngl-lib_NglController Description="GetImsAccessToken: invoked clientId: creative_cloud_cloud_docs_v5_3 clientScope: creative_sdk,AdobeID,openid,creative_cloud,ab.manage,sao.spark,indesign_services,uds_read,cc_private,sao.stock,sao.cce_private,tk_platform data?: yes workflow?: yes forceRefresh:yes"
SessionID=923694bd-a3cc-40e2-9fdc-26b15d2190c7.1697096518052 Timestamp=2023-10-16T10:23:48:195+0330 ThreadID=25556 Component=ngl-lib_NglController Description="ExecuteRequest: request id: 10 api: 2 data?: yes workflow?: yes"
SessionID=923694bd-a3cc-40e2-9fdc-26b15d2190c7.1697096518052 Timestamp=2023-10-16T10:23:48:207+0330 ThreadID=16388 Component=ngl-lib_DataStorage Description="GetFromUserStorage error 1168 data not found in storage."
SessionID=923694bd-a3cc-40e2-9fdc-26b15d2190c7.1697096518052 Timestamp=2023-10-16T10:23:48:215+0330 ThreadID=16388 Component=ngl-lib_HttpRestConnectorForPost Description="SendHttpRequestSync: Request about to start"
SessionID=923694bd-a3cc-40e2-9fdc-26b15d2190c7.1697096518052 Timestamp=2023-10-16T10:23:48:223+0330 ThreadID=16388 Component=ngl-lib_HttpRestConnectorForPost Description="SendHttpRequestASyncCallInternal detected Windows version >= 8.1, using auto proxy settings"
SessionID=923694bd-a3cc-40e2-9fdc-26b15d2190c7.1697096518052 Timestamp=2023-10-16T10:23:48:235+0330 ThreadID=16388 Component=ngl-lib_HttpRestConnectorForPost Description="SendHttpRequestASyncCallInternal: Calling endpoint https://ims-prod06.adobelogin.com/ims/token/v4"
SessionID=923694bd-a3cc-40e2-9fdc-26b15d2190c7.1697096518052 Timestamp=2023-10-16T10:23:54:146+0330 ThreadID=23924 Component=ngl-lib_HttpRestConnectorForPost Description="OnCallBack: Received response with status 200"
SessionID=923694bd-a3cc-40e2-9fdc-26b15d2190c7.1697096518052 Timestamp=2023-10-16T10:23:54:155+0330 ThreadID=16388 Component=ngl-lib_HttpRestConnectorForPost Description="SendHttpRequestSync: Request complete, received status 0"
SessionID=923694bd-a3cc-40e2-9fdc-26b15d2190c7.1697096518052 Timestamp=2023-10-16T10:23:54:163+0330 ThreadID=16388 Component=ngl-lib_IMSConnector Description="FetchAccessTokenFromDeviceTokenInternal -> LogHttpResponse : clientId: creative_cloud_cloud_docs_v5_3 | ScopeId: creative_sdk,AdobeID,openid,creative_cloud,ab.manage,sao.spark,indesign_services,uds_read,cc_private,sao.stock,sao.cce_private,tk_platform | UserAgent: N | HttpRequestStatus: 0 | HttpResponseCode: 200 | X-Debug-Id:  dc2bb6cb-63fe-41ba-ba39-692781b645fe"
SessionID=923694bd-a3cc-40e2-9fdc-26b15d2190c7.1697096518052 Timestamp=2023-10-16T10:23:54:171+0330 ThreadID=16388 Component=ngl-lib_IMSConnector Description="FetchAccessTokenFromDeviceToken : FetchAccessToken returned : 0"
SessionID=923694bd-a3cc-40e2-9fdc-26b15d2190c7.1697096518052 Timestamp=2023-10-16T10:23:54:179+0330 ThreadID=16388 Component=ngl-lib_IMSConnector Description="IMS http request success, trigger update IMS status"
SessionID=923694bd-a3cc-40e2-9fdc-26b15d2190c7.1697096518052 Timestamp=2023-10-16T10:23:54:187+0330 ThreadID=16388 Component=ngl-lib_NglCommonLib Description="ImsAccessTokenInternal - returned with NglStatusCode:0"
SessionID=923694bd-a3cc-40e2-9fdc-26b15d2190c7.1697096518052 Timestamp=2023-10-16T10:23:54:195+0330 ThreadID=16388 Component=ngl-lib_NglAppLib Description="ImsAccessToken Status: Success"
SessionID=923694bd-a3cc-40e2-9fdc-26b15d2190c7.1697096518052 Timestamp=2023-10-16T10:23:54:203+0330 ThreadID=16388 Component=ngl-lib_NglController Description="ProcessImsResult: request id: 10 api: 2 status: 0 workflow?: no spinner?: no"
SessionID=923694bd-a3cc-40e2-9fdc-26b15d2190c7.1697096518052 Timestamp=2023-10-16T10:23:54:211+0330 ThreadID=16388 Component=ngl-lib_NglController Description="NotifyData: request id: 10 api: 2"
SessionID=923694bd-a3cc-40e2-9fdc-26b15d2190c7.1697096518052 Timestamp=2023-10-16T10:23:54:218+0330 ThreadID=20456 Component=ngl-lib_NgluCommands Description="UpdateSSOFiles Updated flag file with value IMS_ACTIVE"
SessionID=923694bd-a3cc-40e2-9fdc-26b15d2190c7.1697096518052 Timestamp=2023-10-16T10:23:54:226+0330 ThreadID=20456 Component=ngl-lib_NgluCommands Description="Update IMS status to file succeeded"
SessionID=923694bd-a3cc-40e2-9fdc-26b15d2190c7.1697096518052 Timestamp=2023-10-16T10:23:54:234+0330 ThreadID=16388 Component=ngl-lib_NglController Description="GetImsAccessToken: request 10 recieved"
SessionID=923694bd-a3cc-40e2-9fdc-26b15d2190c7.1697096518052 Timestamp=2023-10-16T10:23:54:242+0330 ThreadID=16388 Component=ngl-lib_NglController Description="GetImsAccessToken: request 10 returned status 0"
SessionID=923694bd-a3cc-40e2-9fdc-26b15d2190c7.1697096518052 Timestamp=2023-10-16T10:26:46:822+0330 ThreadID=18016 Component=ngl-lib_NglCommonLib Description="GetPrincipal - returned with NglStatusCode:0"
SessionID=923694bd-a3cc-40e2-9fdc-26b15d2190c7.1697096518052 Timestamp=2023-10-16T10:26:46:832+0330 ThreadID=18016 Component=ngl-lib_NglAppLib Description="GetPrincipal Status: Success"
SessionID=923694bd-a3cc-40e2-9fdc-26b15d2190c7.1697096518052 Timestamp=2023-10-16T10:26:46:841+0330 ThreadID=18016 Component=ngl-lib_NglController Description="HasDeviceToken: deviceToken is True"
SessionID=923694bd-a3cc-40e2-9fdc-26b15d2190c7.1697096518052 Timestamp=2023-10-16T10:28:03:314+0330 ThreadID=11536 Component=ngl-lib_NglController Description="GetCurrentUserGuid: invoked"
SessionID=923694bd-a3cc-40e2-9fdc-26b15d2190c7.1697096518052 Timestamp=2023-10-16T10:28:35:328+0330 ThreadID=11536 Component=ngl-lib_NglCommonLib Description="GetPrincipal - returned with NglStatusCode:0"
SessionID=923694bd-a3cc-40e2-9fdc-26b15d2190c7.1697096518052 Timestamp=2023-10-16T10:28:35:338+0330 ThreadID=11536 Component=ngl-lib_NglAppLib Description="GetPrincipal Status: Success"
SessionID=923694bd-a3cc-40e2-9fdc-26b15d2190c7.1697096518052 Timestamp=2023-10-16T10:28:35:347+0330 ThreadID=11536 Component=ngl-lib_NglController Description="HasDeviceToken: deviceToken is True"
SessionID=923694bd-a3cc-40e2-9fdc-26b15d2190c7.1697096518052 Timestamp=2023-10-16T10:30:09:629+0330 ThreadID=18588 Component=ngl-lib_SSOWatcher Description="ProcessSSOFileData: IMS Active event detected"
SessionID=923694bd-a3cc-40e2-9fdc-26b15d2190c7.1697096518052 Timestamp=2023-10-16T10:33:57:827+0330 ThreadID=11536 Component=ngl-lib_NglController Description="GetCurrentUserGuid: invoked"
SessionID=923694bd-a3cc-40e2-9fdc-26b15d2190c7.1697096518052 Timestamp=2023-10-16T10:36:22:732+0330 ThreadID=11344 Component=ngl-lib_DataStorage Description="GetFromUserStorage error 1168 data not found in storage."
SessionID=923694bd-a3cc-40e2-9fdc-26b15d2190c7.1697096518052 Timestamp=2023-10-16T10:36:22:740+0330 ThreadID=11344 Component=ngl-lib_HttpRestConnectorForPost Description="SendHttpRequestSync: Request about to start"
SessionID=923694bd-a3cc-40e2-9fdc-26b15d2190c7.1697096518052 Timestamp=2023-10-16T10:36:22:747+0330 ThreadID=11344 Component=ngl-lib_HttpRestConnectorForPost Description="SendHttpRequestASyncCallInternal detected Windows version >= 8.1, using auto proxy settings"
SessionID=923694bd-a3cc-40e2-9fdc-26b15d2190c7.1697096518052 Timestamp=2023-10-16T10:36:22:760+0330 ThreadID=11344 Component=ngl-lib_HttpRestConnectorForPost Description="SendHttpRequestASyncCallInternal: Calling endpoint https://cc-api-data.adobe.io/ingest"
SessionID=923694bd-a3cc-40e2-9fdc-26b15d2190c7.1697096518052 Timestamp=2023-10-16T10:36:28:394+0330 ThreadID=26356 Component=ngl-lib_HttpRestConnectorForPost Description="OnCallBack: Received response with status 200"
SessionID=923694bd-a3cc-40e2-9fdc-26b15d2190c7.1697096518052 Timestamp=2023-10-16T10:36:28:405+0330 ThreadID=11344 Component=ngl-lib_HttpRestConnectorForPost Description="SendHttpRequestSync: Request complete, received status 0"
SessionID=923694bd-a3cc-40e2-9fdc-26b15d2190c7.1697096518052 Timestamp=2023-10-16T10:39:30:384+0330 ThreadID=11536 Component=ngl-lib_NglController Description="GetCurrentUserGuid: invoked"
SessionID=923694bd-a3cc-40e2-9fdc-26b15d2190c7.1697096518052 Timestamp=2023-10-16T10:45:02:956+0330 ThreadID=11536 Component=ngl-lib_NglController Description="GetCurrentUserGuid: invoked"
SessionID=923694bd-a3cc-40e2-9fdc-26b15d2190c7.1697096518052 Timestamp=2023-10-16T10:50:35:359+0330 ThreadID=11536 Component=ngl-lib_NglController Description="GetCurrentUserGuid: invoked"
SessionID=923694bd-a3cc-40e2-9fdc-26b15d2190c7.1697096518052 Timestamp=2023-10-16T10:56:07:943+0330 ThreadID=11536 Component=ngl-lib_NglController Description="GetCurrentUserGuid: invoked"
SessionID=923694bd-a3cc-40e2-9fdc-26b15d2190c7.1697096518052 Timestamp=2023-10-16T11:01:40:387+0330 ThreadID=11536 Component=ngl-lib_NglController Description="GetCurrentUserGuid: invoked"
SessionID=923694bd-a3cc-40e2-9fdc-26b15d2190c7.1697096518052 Timestamp=2023-10-16T11:53:10:270+0330 ThreadID=11536 Component=ngl-lib_NglController Description="GetCurrentUserGuid: invoked"
SessionID=923694bd-a3cc-40e2-9fdc-26b15d2190c7.1697096518052 Timestamp=2023-10-16T11:58:42:788+0330 ThreadID=11536 Component=ngl-lib_NglController Description="GetCurrentUserGuid: invoked"
SessionID=923694bd-a3cc-40e2-9fdc-26b15d2190c7.1697096518052 Timestamp=2023-10-16T12:04:15:336+0330 ThreadID=11536 Component=ngl-lib_NglController Description="GetCurrentUserGuid: invoked"
SessionID=923694bd-a3cc-40e2-9fdc-26b15d2190c7.1697096518052 Timestamp=2023-10-16T12:09:47:824+0330 ThreadID=11536 Component=ngl-lib_NglController Description="GetCurrentUserGuid: invoked"
SessionID=923694bd-a3cc-40e2-9fdc-26b15d2190c7.1697096518052 Timestamp=2023-10-16T12:15:20:333+0330 ThreadID=11536 Component=ngl-lib_NglController Description="GetCurrentUserGuid: invoked"
SessionID=923694bd-a3cc-40e2-9fdc-26b15d2190c7.1697096518052 Timestamp=2023-10-16T12:20:52:883+0330 ThreadID=11536 Component=ngl-lib_NglController Description="GetCurrentUserGuid: invoked"
SessionID=923694bd-a3cc-40e2-9fdc-26b15d2190c7.1697096518052 Timestamp=2023-10-16T12:26:25:416+0330 ThreadID=11536 Component=ngl-lib_NglController Description="GetCurrentUserGuid: invoked"
SessionID=923694bd-a3cc-40e2-9fdc-26b15d2190c7.1697096518052 Timestamp=2023-10-16T12:31:58:037+0330 ThreadID=11536 Component=ngl-lib_NglController Description="GetCurrentUserGuid: invoked"
SessionID=923694bd-a3cc-40e2-9fdc-26b15d2190c7.1697096518052 Timestamp=2023-10-16T12:37:30:519+0330 ThreadID=11536 Component=ngl-lib_NglController Description="GetCurrentUserGuid: invoked"
SessionID=923694bd-a3cc-40e2-9fdc-26b15d2190c7.1697096518052 Timestamp=2023-10-16T17:18:47:501+0330 ThreadID=11536 Component=ngl-lib_NglController Description="GetCurrentUserGuid: invoked"
SessionID=923694bd-a3cc-40e2-9fdc-26b15d2190c7.1697096518052 Timestamp=2023-10-16T17:24:20:005+0330 ThreadID=11536 Component=ngl-lib_NglController Description="GetCurrentUserGuid: invoked"
SessionID=923694bd-a3cc-40e2-9fdc-26b15d2190c7.1697096518052 Timestamp=2023-10-16T17:29:52:624+0330 ThreadID=11536 Component=ngl-lib_NglController Description="GetCurrentUserGuid: invoked"
SessionID=923694bd-a3cc-40e2-9fdc-26b15d2190c7.1697096518052 Timestamp=2023-10-16T17:35:25:107+0330 ThreadID=11536 Component=ngl-lib_NglController Description="GetCurrentUserGuid: invoked"
SessionID=923694bd-a3cc-40e2-9fdc-26b15d2190c7.1697096518052 Timestamp=2023-10-16T17:40:57:511+0330 ThreadID=11536 Component=ngl-lib_NglController Description="GetCurrentUserGuid: invoked"
SessionID=923694bd-a3cc-40e2-9fdc-26b15d2190c7.1697096518052 Timestamp=2023-10-16T17:46:30:003+0330 ThreadID=11536 Component=ngl-lib_NglController Description="GetCurrentUserGuid: invoked"
SessionID=923694bd-a3cc-40e2-9fdc-26b15d2190c7.1697096518052 Timestamp=2023-10-16T17:52:02:398+0330 ThreadID=11536 Component=ngl-lib_NglController Description="GetCurrentUserGuid: invoked"
SessionID=923694bd-a3cc-40e2-9fdc-26b15d2190c7.1697096518052 Timestamp=2023-10-16T17:57:34:842+0330 ThreadID=11536 Component=ngl-lib_NglController Description="GetCurrentUserGuid: invoked"
SessionID=923694bd-a3cc-40e2-9fdc-26b15d2190c7.1697096518052 Timestamp=2023-10-16T18:03:07:304+0330 ThreadID=11536 Component=ngl-lib_NglController Description="GetCurrentUserGuid: invoked"
SessionID=923694bd-a3cc-40e2-9fdc-26b15d2190c7.1697096518052 Timestamp=2023-10-16T19:58:54:496+0330 ThreadID=11536 Component=ngl-lib_NglController Description="GetCurrentUserGuid: invoked"
SessionID=923694bd-a3cc-40e2-9fdc-26b15d2190c7.1697096518052 Timestamp=2023-10-16T20:04:26:836+0330 ThreadID=11536 Component=ngl-lib_NglController Description="GetCurrentUserGuid: invoked"
SessionID=923694bd-a3cc-40e2-9fdc-26b15d2190c7.1697096518052 Timestamp=2023-10-16T20:09:59:319+0330 ThreadID=11536 Component=ngl-lib_NglController Description="GetCurrentUserGuid: invoked"
SessionID=923694bd-a3cc-40e2-9fdc-26b15d2190c7.1697096518052 Timestamp=2023-10-16T20:15:31:732+0330 ThreadID=11536 Component=ngl-lib_NglController Description="GetCurrentUserGuid: invoked"
SessionID=923694bd-a3cc-40e2-9fdc-26b15d2190c7.1697096518052 Timestamp=2023-10-16T20:21:04:134+0330 ThreadID=11536 Component=ngl-lib_NglController Description="GetCurrentUserGuid: invoked"
SessionID=923694bd-a3cc-40e2-9fdc-26b15d2190c7.1697096518052 Timestamp=2023-10-16T20:26:36:583+0330 ThreadID=11536 Component=ngl-lib_NglController Description="GetCurrentUserGuid: invoked"
SessionID=923694bd-a3cc-40e2-9fdc-26b15d2190c7.1697096518052 Timestamp=2023-10-16T20:32:09:102+0330 ThreadID=11536 Component=ngl-lib_NglController Description="GetCurrentUserGuid: invoked"
SessionID=923694bd-a3cc-40e2-9fdc-26b15d2190c7.1697096518052 Timestamp=2023-10-16T20:37:43:400+0330 ThreadID=11536 Component=ngl-lib_NglController Description="GetCurrentUserGuid: invoked"
SessionID=923694bd-a3cc-40e2-9fdc-26b15d2190c7.1697096518052 Timestamp=2023-10-16T20:43:15:808+0330 ThreadID=11536 Component=ngl-lib_NglController Description="GetCurrentUserGuid: invoked"
SessionID=923694bd-a3cc-40e2-9fdc-26b15d2190c7.1697096518052 Timestamp=2023-10-16T20:48:48:309+0330 ThreadID=11536 Component=ngl-lib_NglController Description="GetCurrentUserGuid: invoked"
SessionID=923694bd-a3cc-40e2-9fdc-26b15d2190c7.1697096518052 Timestamp=2023-10-16T20:54:20:869+0330 ThreadID=11536 Component=ngl-lib_NglController Description="GetCurrentUserGuid: invoked"
SessionID=923694bd-a3cc-40e2-9fdc-26b15d2190c7.1697096518052 Timestamp=2023-10-16T20:59:53:236+0330 ThreadID=11536 Component=ngl-lib_NglController Description="GetCurrentUserGuid: invoked"
SessionID=923694bd-a3cc-40e2-9fdc-26b15d2190c7.1697096518052 Timestamp=2023-10-16T21:05:25:648+0330 ThreadID=11536 Component=ngl-lib_NglController Description="GetCurrentUserGuid: invoked"
SessionID=923694bd-a3cc-40e2-9fdc-26b15d2190c7.1697096518052 Timestamp=2023-10-16T21:10:58:015+0330 ThreadID=11536 Component=ngl-lib_NglController Description="GetCurrentUserGuid: invoked"
SessionID=923694bd-a3cc-40e2-9fdc-26b15d2190c7.1697096518052 Timestamp=2023-10-16T21:16:30:520+0330 ThreadID=11536 Component=ngl-lib_NglController Description="GetCurrentUserGuid: invoked"
SessionID=923694bd-a3cc-40e2-9fdc-26b15d2190c7.1697096518052 Timestamp=2023-10-16T21:22:03:028+0330 ThreadID=11536 Component=ngl-lib_NglController Description="GetCurrentUserGuid: invoked"
SessionID=923694bd-a3cc-40e2-9fdc-26b15d2190c7.1697096518052 Timestamp=2023-10-16T21:27:35:474+0330 ThreadID=11536 Component=ngl-lib_NglController Description="GetCurrentUserGuid: invoked"
SessionID=923694bd-a3cc-40e2-9fdc-26b15d2190c7.1697096518052 Timestamp=2023-10-16T21:33:07:950+0330 ThreadID=11536 Component=ngl-lib_NglController Description="GetCurrentUserGuid: invoked"
SessionID=923694bd-a3cc-40e2-9fdc-26b15d2190c7.1697096518052 Timestamp=2023-10-16T21:38:40:484+0330 ThreadID=11536 Component=ngl-lib_NglController Description="GetCurrentUserGuid: invoked"
SessionID=923694bd-a3cc-40e2-9fdc-26b15d2190c7.1697096518052 Timestamp=2023-10-16T21:44:12:964+0330 ThreadID=11536 Component=ngl-lib_NglController Description="GetCurrentUserGuid: invoked"
SessionID=923694bd-a3cc-40e2-9fdc-26b15d2190c7.1697096518052 Timestamp=2023-10-16T21:49:45:445+0330 ThreadID=11536 Component=ngl-lib_NglController Description="GetCurrentUserGuid: invoked"
SessionID=923694bd-a3cc-40e2-9fdc-26b15d2190c7.1697096518052 Timestamp=2023-10-16T21:55:17:905+0330 ThreadID=11536 Component=ngl-lib_NglController Description="GetCurrentUserGuid: invoked"
SessionID=923694bd-a3cc-40e2-9fdc-26b15d2190c7.1697096518052 Timestamp=2023-10-16T22:00:50:289+0330 ThreadID=11536 Component=ngl-lib_NglController Description="GetCurrentUserGuid: invoked"
SessionID=923694bd-a3cc-40e2-9fdc-26b15d2190c7.1697096518052 Timestamp=2023-10-16T22:06:22:578+0330 ThreadID=11536 Component=ngl-lib_NglController Description="GetCurrentUserGuid: invoked"
SessionID=923694bd-a3cc-40e2-9fdc-26b15d2190c7.1697096518052 Timestamp=2023-10-16T22:12:45:969+0330 ThreadID=11536 Component=ngl-lib_NglController Description="GetCurrentUserGuid: invoked"
SessionID=923694bd-a3cc-40e2-9fdc-26b15d2190c7.1697096518052 Timestamp=2023-10-16T22:18:28:777+0330 ThreadID=11536 Component=ngl-lib_NglController Description="GetCurrentUserGuid: invoked"
SessionID=923694bd-a3cc-40e2-9fdc-26b15d2190c7.1697096518052 Timestamp=2023-10-16T22:24:01:227+0330 ThreadID=11536 Component=ngl-lib_NglController Description="GetCurrentUserGuid: invoked"
SessionID=923694bd-a3cc-40e2-9fdc-26b15d2190c7.1697096518052 Timestamp=2023-10-16T22:29:34:060+0330 ThreadID=11536 Component=ngl-lib_NglController Description="GetCurrentUserGuid: invoked"
SessionID=923694bd-a3cc-40e2-9fdc-26b15d2190c7.1697096518052 Timestamp=2023-10-16T22:35:06:605+0330 ThreadID=11536 Component=ngl-lib_NglController Description="GetCurrentUserGuid: invoked"
SessionID=923694bd-a3cc-40e2-9fdc-26b15d2190c7.1697096518052 Timestamp=2023-10-16T22:40:39:049+0330 ThreadID=11536 Component=ngl-lib_NglController Description="GetCurrentUserGuid: invoked"
SessionID=923694bd-a3cc-40e2-9fdc-26b15d2190c7.1697096518052 Timestamp=2023-10-16T22:46:11:529+0330 ThreadID=11536 Component=ngl-lib_NglController Description="GetCurrentUserGuid: invoked"
SessionID=923694bd-a3cc-40e2-9fdc-26b15d2190c7.1697096518052 Timestamp=2023-10-16T22:51:43:998+0330 ThreadID=11536 Component=ngl-lib_NglController Description="GetCurrentUserGuid: invoked"
SessionID=923694bd-a3cc-40e2-9fdc-26b15d2190c7.1697096518052 Timestamp=2023-10-16T22:57:16:477+0330 ThreadID=11536 Component=ngl-lib_NglController Description="GetCurrentUserGuid: invoked"
SessionID=923694bd-a3cc-40e2-9fdc-26b15d2190c7.1697096518052 Timestamp=2023-10-16T23:02:48:912+0330 ThreadID=11536 Component=ngl-lib_NglController Description="GetCurrentUserGuid: invoked"
SessionID=923694bd-a3cc-40e2-9fdc-26b15d2190c7.1697096518052 Timestamp=2023-10-16T23:08:21:369+0330 ThreadID=11536 Component=ngl-lib_NglController Description="GetCurrentUserGuid: invoked"
SessionID=923694bd-a3cc-40e2-9fdc-26b15d2190c7.1697096518052 Timestamp=2023-10-16T23:13:53:851+0330 ThreadID=11536 Component=ngl-lib_NglController Description="GetCurrentUserGuid: invoked"
SessionID=923694bd-a3cc-40e2-9fdc-26b15d2190c7.1697096518052 Timestamp=2023-10-16T23:19:26:305+0330 ThreadID=11536 Component=ngl-lib_NglController Description="GetCurrentUserGuid: invoked"
SessionID=923694bd-a3cc-40e2-9fdc-26b15d2190c7.1697096518052 Timestamp=2023-10-16T23:24:58:784+0330 ThreadID=11536 Component=ngl-lib_NglController Description="GetCurrentUserGuid: invoked"
SessionID=923694bd-a3cc-40e2-9fdc-26b15d2190c7.1697096518052 Timestamp=2023-10-16T23:30:31:215+0330 ThreadID=11536 Component=ngl-lib_NglController Description="GetCurrentUserGuid: invoked"
SessionID=923694bd-a3cc-40e2-9fdc-26b15d2190c7.1697096518052 Timestamp=2023-10-16T23:36:03:672+0330 ThreadID=11536 Component=ngl-lib_NglController Description="GetCurrentUserGuid: invoked"
SessionID=923694bd-a3cc-40e2-9fdc-26b15d2190c7.1697096518052 Timestamp=2023-10-16T23:41:36:058+0330 ThreadID=11536 Component=ngl-lib_NglController Description="GetCurrentUserGuid: invoked"
SessionID=923694bd-a3cc-40e2-9fdc-26b15d2190c7.1697096518052 Timestamp=2023-10-16T23:47:08:521+0330 ThreadID=11536 Component=ngl-lib_NglController Description="GetCurrentUserGuid: invoked"
SessionID=923694bd-a3cc-40e2-9fdc-26b15d2190c7.1697096518052 Timestamp=2023-10-16T23:52:41:004+0330 ThreadID=11536 Component=ngl-lib_NglController Description="GetCurrentUserGuid: invoked"
SessionID=923694bd-a3cc-40e2-9fdc-26b15d2190c7.1697096518052 Timestamp=2023-10-16T23:58:13:402+0330 ThreadID=11536 Component=ngl-lib_NglController Description="GetCurrentUserGuid: invoked"
SessionID=923694bd-a3cc-40e2-9fdc-26b15d2190c7.1697096518052 Timestamp=2023-10-17T00:03:45:899+0330 ThreadID=11536 Component=ngl-lib_NglController Description="GetCurrentUserGuid: invoked"
SessionID=923694bd-a3cc-40e2-9fdc-26b15d2190c7.1697096518052 Timestamp=2023-10-17T00:09:18:462+0330 ThreadID=11536 Component=ngl-lib_NglController Description="GetCurrentUserGuid: invoked"
SessionID=923694bd-a3cc-40e2-9fdc-26b15d2190c7.1697096518052 Timestamp=2023-10-17T00:14:50:963+0330 ThreadID=11536 Component=ngl-lib_NglController Description="GetCurrentUserGuid: invoked"
SessionID=923694bd-a3cc-40e2-9fdc-26b15d2190c7.1697096518052 Timestamp=2023-10-17T00:20:23:479+0330 ThreadID=11536 Component=ngl-lib_NglController Description="GetCurrentUserGuid: invoked"
SessionID=923694bd-a3cc-40e2-9fdc-26b15d2190c7.1697096518052 Timestamp=2023-10-17T00:25:55:907+0330 ThreadID=11536 Component=ngl-lib_NglController Description="GetCurrentUserGuid: invoked"
SessionID=923694bd-a3cc-40e2-9fdc-26b15d2190c7.1697096518052 Timestamp=2023-10-17T00:31:28:366+0330 ThreadID=11536 Component=ngl-lib_NglController Description="GetCurrentUserGuid: invoked"
SessionID=923694bd-a3cc-40e2-9fdc-26b15d2190c7.1697096518052 Timestamp=2023-10-17T00:37:00:874+0330 ThreadID=11536 Component=ngl-lib_NglController Description="GetCurrentUserGuid: invoked"
SessionID=923694bd-a3cc-40e2-9fdc-26b15d2190c7.1697096518052 Timestamp=2023-10-17T00:42:33:418+0330 ThreadID=11536 Component=ngl-lib_NglController Description="GetCurrentUserGuid: invoked"
SessionID=923694bd-a3cc-40e2-9fdc-26b15d2190c7.1697096518052 Timestamp=2023-10-17T00:48:05:866+0330 ThreadID=11536 Component=ngl-lib_NglController Description="GetCurrentUserGuid: invoked"
SessionID=923694bd-a3cc-40e2-9fdc-26b15d2190c7.1697096518052 Timestamp=2023-10-17T13:41:12:373+0330 ThreadID=18588 Component=ngl-lib_SSOWatcher Description="ProcessSSOFileData: IMS Active event detected"
SessionID=923694bd-a3cc-40e2-9fdc-26b15d2190c7.1697096518052 Timestamp=2023-10-17T13:41:18:605+0330 ThreadID=27544 Component=ngl-lib_NglController Description="GetImsAccessToken: invoked clientId: creative_cloud_cloud_docs_v5_3 clientScope: creative_sdk,AdobeID,openid,creative_cloud,ab.manage,sao.spark,indesign_services,uds_read,cc_private,sao.stock,sao.cce_private,tk_platform data?: yes workflow?: yes forceRefresh:yes"
SessionID=923694bd-a3cc-40e2-9fdc-26b15d2190c7.1697096518052 Timestamp=2023-10-17T13:41:18:613+0330 ThreadID=27544 Component=ngl-lib_NglController Description="ExecuteRequest: request id: 11 api: 2 data?: yes workflow?: yes"
SessionID=923694bd-a3cc-40e2-9fdc-26b15d2190c7.1697096518052 Timestamp=2023-10-17T13:41:18:641+0330 ThreadID=10640 Component=ngl-lib_DataStorage Description="GetFromUserStorage error 1168 data not found in storage."
SessionID=923694bd-a3cc-40e2-9fdc-26b15d2190c7.1697096518052 Timestamp=2023-10-17T13:41:18:648+0330 ThreadID=10640 Component=ngl-lib_HttpRestConnectorForPost Description="SendHttpRequestSync: Request about to start"
SessionID=923694bd-a3cc-40e2-9fdc-26b15d2190c7.1697096518052 Timestamp=2023-10-17T13:41:18:656+0330 ThreadID=10640 Component=ngl-lib_HttpRestConnectorForPost Description="SendHttpRequestASyncCallInternal detected Windows version >= 8.1, using auto proxy settings"
SessionID=923694bd-a3cc-40e2-9fdc-26b15d2190c7.1697096518052 Timestamp=2023-10-17T13:41:18:667+0330 ThreadID=10640 Component=ngl-lib_HttpRestConnectorForPost Description="SendHttpRequestASyncCallInternal: Calling endpoint https://ims-prod06.adobelogin.com/ims/token/v4"
SessionID=923694bd-a3cc-40e2-9fdc-26b15d2190c7.1697096518052 Timestamp=2023-10-17T13:41:19:717+0330 ThreadID=30256 Component=ngl-lib_HttpRestConnectorForPost Description="OnCallBack: Received response with status 200"
SessionID=923694bd-a3cc-40e2-9fdc-26b15d2190c7.1697096518052 Timestamp=2023-10-17T13:41:19:728+0330 ThreadID=10640 Component=ngl-lib_HttpRestConnectorForPost Description="SendHttpRequestSync: Request complete, received status 0"
SessionID=923694bd-a3cc-40e2-9fdc-26b15d2190c7.1697096518052 Timestamp=2023-10-17T13:41:19:737+0330 ThreadID=10640 Component=ngl-lib_IMSConnector Description="FetchAccessTokenFromDeviceTokenInternal -> LogHttpResponse : clientId: creative_cloud_cloud_docs_v5_3 | ScopeId: creative_sdk,AdobeID,openid,creative_cloud,ab.manage,sao.spark,indesign_services,uds_read,cc_private,sao.stock,sao.cce_private,tk_platform | UserAgent: N | HttpRequestStatus: 0 | HttpResponseCode: 200 | X-Debug-Id:  ade7bce8-8f57-4d3a-8887-b0da5eb820c0"
SessionID=923694bd-a3cc-40e2-9fdc-26b15d2190c7.1697096518052 Timestamp=2023-10-17T13:41:19:746+0330 ThreadID=10640 Component=ngl-lib_IMSConnector Description="FetchAccessTokenFromDeviceToken : FetchAccessToken returned : 0"
SessionID=923694bd-a3cc-40e2-9fdc-26b15d2190c7.1697096518052 Timestamp=2023-10-17T13:41:19:754+0330 ThreadID=10640 Component=ngl-lib_IMSConnector Description="IMS http request success, trigger update IMS status"
SessionID=923694bd-a3cc-40e2-9fdc-26b15d2190c7.1697096518052 Timestamp=2023-10-17T13:41:19:763+0330 ThreadID=10640 Component=ngl-lib_NglCommonLib Description="ImsAccessTokenInternal - returned with NglStatusCode:0"
SessionID=923694bd-a3cc-40e2-9fdc-26b15d2190c7.1697096518052 Timestamp=2023-10-17T13:41:19:772+0330 ThreadID=10640 Component=ngl-lib_NglAppLib Description="ImsAccessToken Status: Success"
SessionID=923694bd-a3cc-40e2-9fdc-26b15d2190c7.1697096518052 Timestamp=2023-10-17T13:41:19:780+0330 ThreadID=10640 Component=ngl-lib_NglController Description="ProcessImsResult: request id: 11 api: 2 status: 0 workflow?: no spinner?: no"
SessionID=923694bd-a3cc-40e2-9fdc-26b15d2190c7.1697096518052 Timestamp=2023-10-17T13:41:19:788+0330 ThreadID=10784 Component=ngl-lib_NgluCommands Description="UpdateSSOFiles Updated flag file with value IMS_ACTIVE"
SessionID=923694bd-a3cc-40e2-9fdc-26b15d2190c7.1697096518052 Timestamp=2023-10-17T13:41:19:797+0330 ThreadID=10784 Component=ngl-lib_NgluCommands Description="Update IMS status to file succeeded"
SessionID=923694bd-a3cc-40e2-9fdc-26b15d2190c7.1697096518052 Timestamp=2023-10-17T13:41:19:805+0330 ThreadID=10640 Component=ngl-lib_NglController Description="NotifyData: request id: 11 api: 2"
SessionID=923694bd-a3cc-40e2-9fdc-26b15d2190c7.1697096518052 Timestamp=2023-10-17T13:41:19:814+0330 ThreadID=18588 Component=ngl-lib_SSOWatcher Description="ProcessSSOFileData: IMS Active event detected"
SessionID=923694bd-a3cc-40e2-9fdc-26b15d2190c7.1697096518052 Timestamp=2023-10-17T13:41:19:825+0330 ThreadID=10640 Component=ngl-lib_NglController Description="GetImsAccessToken: request 11 recieved"
SessionID=923694bd-a3cc-40e2-9fdc-26b15d2190c7.1697096518052 Timestamp=2023-10-17T13:41:19:835+0330 ThreadID=10640 Component=ngl-lib_NglController Description="GetImsAccessToken: request 11 returned status 0"
SessionID=923694bd-a3cc-40e2-9fdc-26b15d2190c7.1697096518052 Timestamp=2023-10-17T13:41:21:416+0330 ThreadID=11536 Component=ngl-lib_NglCommonLib Description="GetPrincipal - returned with NglStatusCode:0"
SessionID=923694bd-a3cc-40e2-9fdc-26b15d2190c7.1697096518052 Timestamp=2023-10-17T13:41:21:423+0330 ThreadID=11536 Component=ngl-lib_NglAppLib Description="GetPrincipal Status: Success"
SessionID=923694bd-a3cc-40e2-9fdc-26b15d2190c7.1697096518052 Timestamp=2023-10-17T13:41:21:431+0330 ThreadID=11536 Component=ngl-lib_NglController Description="HasDeviceToken: deviceToken is True"
SessionID=923694bd-a3cc-40e2-9fdc-26b15d2190c7.1697096518052 Timestamp=2023-10-17T13:41:43:091+0330 ThreadID=7608 Component=ngl-lib_NglController Description="GetImsAccessToken: invoked clientId: CreativeCloud_v6_0 clientScope: openid,AdobeID,creative_cloud,creative_sdk,read_organizations,sao.cce_private,additional_info.account_type,additional_info.roles,additional_info.ownerOrg,additional_info.coppa_compliant,ab.manage,piip_read,af_byof,tk_platform_sync,additional_info.projectedProductContext,tk_platform,sao.typekit,sao.spark,uds_read,pps.read data?: yes workflow?: yes forceRefresh:yes"
SessionID=923694bd-a3cc-40e2-9fdc-26b15d2190c7.1697096518052 Timestamp=2023-10-17T13:41:43:099+0330 ThreadID=7608 Component=ngl-lib_NglController Description="ExecuteRequest: request id: 12 api: 2 data?: yes workflow?: yes"
SessionID=923694bd-a3cc-40e2-9fdc-26b15d2190c7.1697096518052 Timestamp=2023-10-17T13:41:43:113+0330 ThreadID=13976 Component=ngl-lib_DataStorage Description="GetFromUserStorage error 1168 data not found in storage."
SessionID=923694bd-a3cc-40e2-9fdc-26b15d2190c7.1697096518052 Timestamp=2023-10-17T13:41:43:120+0330 ThreadID=13976 Component=ngl-lib_HttpRestConnectorForPost Description="SendHttpRequestSync: Request about to start"
SessionID=923694bd-a3cc-40e2-9fdc-26b15d2190c7.1697096518052 Timestamp=2023-10-17T13:41:43:128+0330 ThreadID=13976 Component=ngl-lib_HttpRestConnectorForPost Description="SendHttpRequestASyncCallInternal detected Windows version >= 8.1, using auto proxy settings"
SessionID=923694bd-a3cc-40e2-9fdc-26b15d2190c7.1697096518052 Timestamp=2023-10-17T13:41:43:140+0330 ThreadID=13976 Component=ngl-lib_HttpRestConnectorForPost Description="SendHttpRequestASyncCallInternal: Calling endpoint https://ims-prod06.adobelogin.com/ims/token/v4"
SessionID=923694bd-a3cc-40e2-9fdc-26b15d2190c7.1697096518052 Timestamp=2023-10-17T13:41:44:460+0330 ThreadID=30256 Component=ngl-lib_HttpRestConnectorForPost Description="OnCallBack 12175: SECURE_FAILURE (24)"
SessionID=923694bd-a3cc-40e2-9fdc-26b15d2190c7.1697096518052 Timestamp=2023-10-17T13:41:44:467+0330 ThreadID=30256 Component=ngl-lib_HttpRestConnectorForPost Description="OnCallBack 12175: The function is unfamiliar with the Certificate Authority that generated the server's certificate."
SessionID=923694bd-a3cc-40e2-9fdc-26b15d2190c7.1697096518052 Timestamp=2023-10-17T13:41:44:476+0330 ThreadID=30256 Component=ngl-lib_HttpRestConnectorForPost Description="OnCallBack 12175: SSL certificate common name(host name field) is incorrect."
SessionID=923694bd-a3cc-40e2-9fdc-26b15d2190c7.1697096518052 Timestamp=2023-10-17T13:41:44:484+0330 ThreadID=30256 Component=ngl-lib_HttpRestConnectorForPost Description="OnCallBack: Asynchronous error occured"
SessionID=923694bd-a3cc-40e2-9fdc-26b15d2190c7.1697096518052 Timestamp=2023-10-17T13:41:44:491+0330 ThreadID=30256 Component=ngl-lib_HttpRequestWin Description="MapLastErrorToStatusCode: Error is 12175"
SessionID=923694bd-a3cc-40e2-9fdc-26b15d2190c7.1697096518052 Timestamp=2023-10-17T13:41:44:500+0330 ThreadID=13976 Component=ngl-lib_HttpRestConnectorForPost Description="SendHttpRequestSync: Request complete, received status 5"
SessionID=923694bd-a3cc-40e2-9fdc-26b15d2190c7.1697096518052 Timestamp=2023-10-17T13:41:44:508+0330 ThreadID=13976 Component=ngl-lib_IMSConnector Description="FetchAccessTokenFromDeviceTokenInternal : Http error 65535 occurred with Error response "
SessionID=923694bd-a3cc-40e2-9fdc-26b15d2190c7.1697096518052 Timestamp=2023-10-17T13:41:44:517+0330 ThreadID=13976 Component=ngl-lib_IMSConnector Description="FetchAccessTokenFromDeviceTokenInternal -> LogHttpResponse : ERROR - clientId: CreativeCloud_v6_0 | Scope: openid,AdobeID,creative_cloud,creative_sdk,read_organizations,sao.cce_private,additional_info.account_type,additional_info.roles,additional_info.ownerOrg,additional_info.coppa_compliant,ab.manage,piip_read,af_byof,tk_platform_sync,additional_info.projectedProductContext,tk_platform,sao.typekit,sao.spark,uds_read,pps.read | UserAgent: N | HttpRequestStatus: 5 | HttpResponseCode: 65535 | X-Debug-Id:  | HttpResponseError: "
SessionID=923694bd-a3cc-40e2-9fdc-26b15d2190c7.1697096518052 Timestamp=2023-10-17T13:41:44:525+0330 ThreadID=13976 Component=ngl-lib_IMSConnector Description="FetchAccessTokenFromDeviceToken : FetchAccessToken returned : 5"
SessionID=923694bd-a3cc-40e2-9fdc-26b15d2190c7.1697096518052 Timestamp=2023-10-17T13:41:44:532+0330 ThreadID=13976 Component=ngl-lib_NglCommonLib ErrorID=501 Description="ImsAccessTokenInternal Error in fetching Access Token"
SessionID=923694bd-a3cc-40e2-9fdc-26b15d2190c7.1697096518052 Timestamp=2023-10-17T13:41:44:540+0330 ThreadID=13976 Component=ngl-lib_NglCommonLib Description="ImsAccessTokenInternal - returned with NglStatusCode:501"
SessionID=923694bd-a3cc-40e2-9fdc-26b15d2190c7.1697096518052 Timestamp=2023-10-17T13:41:44:547+0330 ThreadID=13976 Component=ngl-lib_NglAppLib ErrorID=501 Description="ImsAccessToken Status: Internal Error"
SessionID=923694bd-a3cc-40e2-9fdc-26b15d2190c7.1697096518052 Timestamp=2023-10-17T13:41:44:555+0330 ThreadID=13976 Component=ngl-lib_NglController Description="ProcessImsResult: request id: 12 api: 2 status: 501 workflow?: no spinner?: no"
SessionID=923694bd-a3cc-40e2-9fdc-26b15d2190c7.1697096518052 Timestamp=2023-10-17T13:41:44:563+0330 ThreadID=13976 Component=ngl-lib_NglController Description="NotifyData: request id: 12 api: 2"
SessionID=923694bd-a3cc-40e2-9fdc-26b15d2190c7.1697096518052 Timestamp=2023-10-17T13:41:44:570+0330 ThreadID=11344 Component=ngl-lib_NglIngestNetworkEvent Description="GetEventInfoJson : Error - Ingest Guid:55eea118-8175-4bb8-9a81-f4ba024e05bf SubCategory:GetImsAccessToken StatusCode:501 OsErrorCode:12175"
SessionID=923694bd-a3cc-40e2-9fdc-26b15d2190c7.1697096518052 Timestamp=2023-10-17T13:41:44:578+0330 ThreadID=13976 Component=ngl-lib_NglController Description="GetImsAccessToken: request 12 recieved"
SessionID=923694bd-a3cc-40e2-9fdc-26b15d2190c7.1697096518052 Timestamp=2023-10-17T13:41:44:585+0330 ThreadID=13976 Component=ngl-lib_NglController Description="GetImsAccessToken: request 12 returned status 501"
SessionID=923694bd-a3cc-40e2-9fdc-26b15d2190c7.1697096518052 Timestamp=2023-10-17T13:41:44:594+0330 ThreadID=11344 Component=ngl-lib_ NglIngestManager ErrorID=214 Description="GetAccessToken : Failed to fetch access token"
SessionID=923694bd-a3cc-40e2-9fdc-26b15d2190c7.1697096518052 Timestamp=2023-10-17T13:41:44:602+0330 ThreadID=11344 Component=ngl-lib_DataStorage Description="GetFromUserStorage error 1168 data not found in storage."
SessionID=923694bd-a3cc-40e2-9fdc-26b15d2190c7.1697096518052 Timestamp=2023-10-17T13:41:44:610+0330 ThreadID=11344 Component=ngl-lib_HttpRestConnectorForPost Description="SendHttpRequestSync: Request about to start"
SessionID=923694bd-a3cc-40e2-9fdc-26b15d2190c7.1697096518052 Timestamp=2023-10-17T13:41:44:617+0330 ThreadID=11344 Component=ngl-lib_HttpRestConnectorForPost Description="SendHttpRequestASyncCallInternal detected Windows version >= 8.1, using auto proxy settings"
SessionID=923694bd-a3cc-40e2-9fdc-26b15d2190c7.1697096518052 Timestamp=2023-10-17T13:41:44:629+0330 ThreadID=11344 Component=ngl-lib_HttpRestConnectorForPost Description="SendHttpRequestASyncCallInternal: Calling endpoint https://cc-api-data.adobe.io/ingest"
SessionID=923694bd-a3cc-40e2-9fdc-26b15d2190c7.1697096518052 Timestamp=2023-10-17T13:41:46:074+0330 ThreadID=30256 Component=ngl-lib_HttpRestConnectorForPost Description="OnCallBack: Received response with status 403"
SessionID=923694bd-a3cc-40e2-9fdc-26b15d2190c7.1697096518052 Timestamp=2023-10-17T13:41:46:083+0330 ThreadID=11344 Component=ngl-lib_HttpRestConnectorForPost Description="SendHttpRequestSync: Request complete, received status 12"
SessionID=923694bd-a3cc-40e2-9fdc-26b15d2190c7.1697096518052 Timestamp=2023-10-17T13:41:46:099+0330 ThreadID=11344 Component=ngl-lib_ NglIngestManager Description="PostNglIngestEventToDunamis : Submit ingest event Failed. Response Error code: 403"
SessionID=923694bd-a3cc-40e2-9fdc-26b15d2190c7.1697096518052 Timestamp=2023-10-17T13:41:46:107+0330 ThreadID=11344 Component=ngl-lib_ NglIngestManager Description="ProcessNglIngestEvents : Error - Ingest manager  ecounter server error."
SessionID=923694bd-a3cc-40e2-9fdc-26b15d2190c7.1697096518052 Timestamp=2023-10-17T13:42:07:929+0330 ThreadID=28460 Component=ngl-lib_NglController Description="SignOutWithoutConfirmation: invoked"
SessionID=923694bd-a3cc-40e2-9fdc-26b15d2190c7.1697096518052 Timestamp=2023-10-17T13:42:07:937+0330 ThreadID=28460 Component=ngl-lib_NglController Description="ExecuteRequest: request id: 13 api: 6 data?: no workflow?: no"
SessionID=923694bd-a3cc-40e2-9fdc-26b15d2190c7.1697096518052 Timestamp=2023-10-17T13:42:07:947+0330 ThreadID=25368 Component=ngl-lib_NUSecureProfileFetcher Description="GetAuthenticatedProfile : invoked"
SessionID=923694bd-a3cc-40e2-9fdc-26b15d2190c7.1697096518052 Timestamp=2023-10-17T13:42:08:004+0330 ThreadID=21880 Component=ngl-lib_NglCommonLib Description="GetPrincipal - returned with NglStatusCode:0"
SessionID=923694bd-a3cc-40e2-9fdc-26b15d2190c7.1697096518052 Timestamp=2023-10-17T13:42:08:011+0330 ThreadID=21880 Component=ngl-lib_NglAppLib Description="GetPrincipal Status: Success"
SessionID=923694bd-a3cc-40e2-9fdc-26b15d2190c7.1697096518052 Timestamp=2023-10-17T13:42:08:019+0330 ThreadID=21880 Component=ngl-lib_NglController Description="HasDeviceToken: deviceToken is True"
SessionID=923694bd-a3cc-40e2-9fdc-26b15d2190c7.1697096518052 Timestamp=2023-10-17T13:42:08:093+0330 ThreadID=25368 Component=ngl-lib_SPVerifier Description="IsValidSignedProfile: Signature verification success"
SessionID=923694bd-a3cc-40e2-9fdc-26b15d2190c7.1697096518052 Timestamp=2023-10-17T13:42:08:104+0330 ThreadID=25368 Component=ngl-lib_ServerConfiguredControlProfile Description="SetKeychainRouteToNGLU: setting mKeychainRouteToNGLU = 0 "
SessionID=923694bd-a3cc-40e2-9fdc-26b15d2190c7.1697096518052 Timestamp=2023-10-17T13:42:08:140+0330 ThreadID=25368 Component=ngl-lib_DataStorage Description="GetFromUserStorage error 1168 data not found in storage."
SessionID=923694bd-a3cc-40e2-9fdc-26b15d2190c7.1697096518052 Timestamp=2023-10-17T13:42:08:150+0330 ThreadID=25368 Component=ngl-lib_HttpRestConnectorForPost Description="SendHttpRequestSync: Request about to start"
SessionID=923694bd-a3cc-40e2-9fdc-26b15d2190c7.1697096518052 Timestamp=2023-10-17T13:42:08:158+0330 ThreadID=25368 Component=ngl-lib_HttpRestConnectorForPost Description="SendHttpRequestASyncCallInternal detected Windows version >= 8.1, using auto proxy settings"
SessionID=923694bd-a3cc-40e2-9fdc-26b15d2190c7.1697096518052 Timestamp=2023-10-17T13:42:08:170+0330 ThreadID=25368 Component=ngl-lib_HttpRestConnectorForPost Description="SendHttpRequestASyncCallInternal: Calling endpoint https://ims-prod06.adobelogin.com/ims/token/v4"
SessionID=923694bd-a3cc-40e2-9fdc-26b15d2190c7.1697096518052 Timestamp=2023-10-17T13:42:10:496+0330 ThreadID=30256 Component=ngl-lib_HttpRestConnectorForPost Description="OnCallBack 12175: SECURE_FAILURE (24)"
SessionID=923694bd-a3cc-40e2-9fdc-26b15d2190c7.1697096518052 Timestamp=2023-10-17T13:42:10:504+0330 ThreadID=30256 Component=ngl-lib_HttpRestConnectorForPost Description="OnCallBack 12175: The function is unfamiliar with the Certificate Authority that generated the server's certificate."
SessionID=923694bd-a3cc-40e2-9fdc-26b15d2190c7.1697096518052 Timestamp=2023-10-17T13:42:10:512+0330 ThreadID=30256 Component=ngl-lib_HttpRestConnectorForPost Description="OnCallBack 12175: SSL certificate common name(host name field) is incorrect."
SessionID=923694bd-a3cc-40e2-9fdc-26b15d2190c7.1697096518052 Timestamp=2023-10-17T13:42:10:520+0330 ThreadID=30256 Component=ngl-lib_HttpRestConnectorForPost Description="OnCallBack: Asynchronous error occured"
SessionID=923694bd-a3cc-40e2-9fdc-26b15d2190c7.1697096518052 Timestamp=2023-10-17T13:42:10:527+0330 ThreadID=30256 Component=ngl-lib_HttpRequestWin Description="MapLastErrorToStatusCode: Error is 12175"
SessionID=923694bd-a3cc-40e2-9fdc-26b15d2190c7.1697096518052 Timestamp=2023-10-17T13:42:10:536+0330 ThreadID=25368 Component=ngl-lib_HttpRestConnectorForPost Description="SendHttpRequestSync: Request complete, received status 5"
SessionID=923694bd-a3cc-40e2-9fdc-26b15d2190c7.1697096518052 Timestamp=2023-10-17T13:42:10:543+0330 ThreadID=25368 Component=ngl-lib_IMSConnector Description="FetchAccessTokenFromDeviceTokenInternal : Http error 65535 occurred with Error response "
SessionID=923694bd-a3cc-40e2-9fdc-26b15d2190c7.1697096518052 Timestamp=2023-10-17T13:42:10:551+0330 ThreadID=25368 Component=ngl-lib_IMSConnector Description="FetchAccessTokenFromDeviceTokenInternal -> LogHttpResponse : ERROR - clientId: CreativeCloud_v6_0 | Scope: openid,AdobeID,creative_cloud,creative_sdk,read_organizations,sao.cce_private,additional_info.account_type,additional_info.roles,additional_info.ownerOrg,additional_info.coppa_compliant,ab.manage,piip_read,af_byof,tk_platform_sync,additional_info.projectedProductContext,tk_platform,sao.typekit,sao.spark,uds_read,pps.read | UserAgent: N | HttpRequestStatus: 5 | HttpResponseCode: 65535 | X-Debug-Id:  | HttpResponseError: "
SessionID=923694bd-a3cc-40e2-9fdc-26b15d2190c7.1697096518052 Timestamp=2023-10-17T13:42:10:559+0330 ThreadID=25368 Component=ngl-lib_IMSConnector Description="FetchAccessTokenFromDeviceToken : FetchAccessToken returned : 5"
SessionID=923694bd-a3cc-40e2-9fdc-26b15d2190c7.1697096518052 Timestamp=2023-10-17T13:42:10:567+0330 ThreadID=25368 Component=ngl-lib_NUSecureProfileFetcher ErrorID=IMSConnectorStatus:5 Description="GetAuthenticatedProfile : Access token could not be generated "
SessionID=923694bd-a3cc-40e2-9fdc-26b15d2190c7.1697096518052 Timestamp=2023-10-17T13:42:10:587+0330 ThreadID=25368 Component=ngl-lib_DataStorage Description="GetFromUserStorage error 1168 data not found in storage."
SessionID=923694bd-a3cc-40e2-9fdc-26b15d2190c7.1697096518052 Timestamp=2023-10-17T13:42:10:595+0330 ThreadID=25368 Component=ngl-lib_HttpRestConnectorForPost Description="SendHttpRequestSync: Request about to start"
SessionID=923694bd-a3cc-40e2-9fdc-26b15d2190c7.1697096518052 Timestamp=2023-10-17T13:42:10:602+0330 ThreadID=25368 Component=ngl-lib_HttpRestConnectorForPost Description="SendHttpRequestASyncCallInternal detected Windows version >= 8.1, using auto proxy settings"
SessionID=923694bd-a3cc-40e2-9fdc-26b15d2190c7.1697096518052 Timestamp=2023-10-17T13:42:10:613+0330 ThreadID=25368 Component=ngl-lib_HttpRestConnectorForPost Description="SendHttpRequestASyncCallInternal: Calling endpoint https://ims-prod06.adobelogin.com/ims/token/v4"
SessionID=923694bd-a3cc-40e2-9fdc-26b15d2190c7.1697096518052 Timestamp=2023-10-17T13:42:11:933+0330 ThreadID=30256 Component=ngl-lib_HttpRestConnectorForPost Description="OnCallBack 12175: SECURE_FAILURE (24)"
SessionID=923694bd-a3cc-40e2-9fdc-26b15d2190c7.1697096518052 Timestamp=2023-10-17T13:42:11:940+0330 ThreadID=30256 Component=ngl-lib_HttpRestConnectorForPost Description="OnCallBack 12175: The function is unfamiliar with the Certificate Authority that generated the server's certificate."
SessionID=923694bd-a3cc-40e2-9fdc-26b15d2190c7.1697096518052 Timestamp=2023-10-17T13:42:11:947+0330 ThreadID=30256 Component=ngl-lib_HttpRestConnectorForPost Description="OnCallBack 12175: SSL certificate common name(host name field) is incorrect."
SessionID=923694bd-a3cc-40e2-9fdc-26b15d2190c7.1697096518052 Timestamp=2023-10-17T13:42:11:955+0330 ThreadID=30256 Component=ngl-lib_HttpRestConnectorForPost Description="OnCallBack: Asynchronous error occured"
SessionID=923694bd-a3cc-40e2-9fdc-26b15d2190c7.1697096518052 Timestamp=2023-10-17T13:42:11:963+0330 ThreadID=30256 Component=ngl-lib_HttpRequestWin Description="MapLastErrorToStatusCode: Error is 12175"
SessionID=923694bd-a3cc-40e2-9fdc-26b15d2190c7.1697096518052 Timestamp=2023-10-17T13:42:11:971+0330 ThreadID=25368 Component=ngl-lib_HttpRestConnectorForPost Description="SendHttpRequestSync: Request complete, received status 5"
SessionID=923694bd-a3cc-40e2-9fdc-26b15d2190c7.1697096518052 Timestamp=2023-10-17T13:42:11:979+0330 ThreadID=25368 Component=ngl-lib_IMSConnector Description="FetchAccessTokenFromDeviceTokenInternal : Http error 65535 occurred with Error response "
SessionID=923694bd-a3cc-40e2-9fdc-26b15d2190c7.1697096518052 Timestamp=2023-10-17T13:42:11:987+0330 ThreadID=25368 Component=ngl-lib_IMSConnector Description="FetchAccessTokenFromDeviceTokenInternal -> LogHttpResponse : ERROR - clientId: CreativeCloud_v6_0 | Scope: openid,AdobeID,creative_cloud,creative_sdk,read_organizations,sao.cce_private,additional_info.account_type,additional_info.roles,additional_info.ownerOrg,additional_info.coppa_compliant,ab.manage,piip_read,af_byof,tk_platform_sync,additional_info.projectedProductContext,tk_platform,sao.typekit,sao.spark,uds_read,pps.read | UserAgent: N | HttpRequestStatus: 5 | HttpResponseCode: 65535 | X-Debug-Id:  | HttpResponseError: "
SessionID=923694bd-a3cc-40e2-9fdc-26b15d2190c7.1697096518052 Timestamp=2023-10-17T13:42:11:995+0330 ThreadID=25368 Component=ngl-lib_IMSConnector Description="FetchAccessTokenFromDeviceToken : FetchAccessToken returned : 5"
SessionID=923694bd-a3cc-40e2-9fdc-26b15d2190c7.1697096518052 Timestamp=2023-10-17T13:42:12:003+0330 ThreadID=25368 Component=ngl-lib_DataStorage Description="GetFromUserStorage error 1168 data not found in storage."
SessionID=923694bd-a3cc-40e2-9fdc-26b15d2190c7.1697096518052 Timestamp=2023-10-17T13:42:12:011+0330 ThreadID=25368 Component=ngl-lib_HttpRestConnectorForPost Description="SendHttpRequestSync: Request about to start"
SessionID=923694bd-a3cc-40e2-9fdc-26b15d2190c7.1697096518052 Timestamp=2023-10-17T13:42:12:020+0330 ThreadID=25368 Component=ngl-lib_HttpRestConnectorForPost Description="SendHttpRequestASyncCallInternal detected Windows version >= 8.1, using auto proxy settings"
SessionID=923694bd-a3cc-40e2-9fdc-26b15d2190c7.1697096518052 Timestamp=2023-10-17T13:42:12:030+0330 ThreadID=25368 Component=ngl-lib_HttpRestConnectorForPost Description="SendHttpRequestASyncCallInternal: Calling endpoint https://lcs-robs.adobe.io/v1/workflow/error_notification"
SessionID=923694bd-a3cc-40e2-9fdc-26b15d2190c7.1697096518052 Timestamp=2023-10-17T13:42:13:323+0330 ThreadID=13976 Component=ngl-lib_HttpRestConnectorForPost Description="OnCallBack: Received response with status 403"
SessionID=923694bd-a3cc-40e2-9fdc-26b15d2190c7.1697096518052 Timestamp=2023-10-17T13:42:13:332+0330 ThreadID=25368 Component=ngl-lib_HttpRestConnectorForPost Description="SendHttpRequestSync: Request complete, received status 12"
SessionID=923694bd-a3cc-40e2-9fdc-26b15d2190c7.1697096518052 Timestamp=2023-10-17T13:42:13:340+0330 ThreadID=25368 Component=ngl-lib_ROBWebAPIConnector Description="X-Request-Id: "
SessionID=923694bd-a3cc-40e2-9fdc-26b15d2190c7.1697096518052 Timestamp=2023-10-17T13:42:13:348+0330 ThreadID=25368 Component=ngl-lib_NglAppLib ErrorID=214 Description="GetLatestNglProfile Status: Error Fetching Access Token"
SessionID=923694bd-a3cc-40e2-9fdc-26b15d2190c7.1697096518052 Timestamp=2023-10-17T13:42:13:357+0330 ThreadID=25368 Component=ngl-lib_NglController Description="ProcessSignoutResult: request id: 13 api: 6 call-status: 214 profile-status: 403 workflow?: no spinner?: no"
SessionID=923694bd-a3cc-40e2-9fdc-26b15d2190c7.1697096518052 Timestamp=2023-10-17T13:42:13:364+0330 ThreadID=25368 Component=ngl-lib_NglController Description="HandleV2Response: Cannot handle undefined response (request 13 type 9 status 403 sequence subsequent)"
SessionID=923694bd-a3cc-40e2-9fdc-26b15d2190c7.1697096518052 Timestamp=2023-10-17T13:42:13:372+0330 ThreadID=25368 Component=ngl-lib_NglController Description="NotifyWorkflow: request id: 13 api: 6 spinner?: no"
SessionID=923694bd-a3cc-40e2-9fdc-26b15d2190c7.1697096518052 Timestamp=2023-10-17T13:42:13:380+0330 ThreadID=25368 Component=ngl-lib_NglController Description="GetWorkflow: invoked for request id 13"
SessionID=923694bd-a3cc-40e2-9fdc-26b15d2190c7.1697096518052 Timestamp=2023-10-17T13:42:13:389+0330 ThreadID=25368 Component=ngl-lib_NglController Description="NotifyWorkflowBeforeData: Notifying a workflow since its a headed app"
SessionID=923694bd-a3cc-40e2-9fdc-26b15d2190c7.1697096518052 Timestamp=2023-10-17T13:42:29:745+0330 ThreadID=2060 Component=ngl-lib_NglCommonLib Description="GetPrincipal - returned with NglStatusCode:0"
SessionID=923694bd-a3cc-40e2-9fdc-26b15d2190c7.1697096518052 Timestamp=2023-10-17T13:42:29:755+0330 ThreadID=2060 Component=ngl-lib_NglAppLib Description="GetPrincipal Status: Success"
SessionID=923694bd-a3cc-40e2-9fdc-26b15d2190c7.1697096518052 Timestamp=2023-10-17T13:42:29:763+0330 ThreadID=2060 Component=ngl-lib_NglController Description="HasDeviceToken: deviceToken is True"
SessionID=923694bd-a3cc-40e2-9fdc-26b15d2190c7.1697096518052 Timestamp=2023-10-17T13:47:13:404+0330 ThreadID=11344 Component=ngl-lib_NglIngestNetworkEvent Description="GetEventInfoJson : Error - Ingest Guid:9caea7b5-9d02-4b38-911d-7fc0b63fead2 SubCategory:GetImsAccessToken StatusCode:501 OsErrorCode:12175"
SessionID=923694bd-a3cc-40e2-9fdc-26b15d2190c7.1697096518052 Timestamp=2023-10-17T13:47:13:417+0330 ThreadID=11344 Component=ngl-lib_NglIngestNetworkEvent Description="GetEventInfoJson : Error - Ingest Guid:6994e464-e390-4f39-b330-4b49b19f3164 SubCategory:GetImsAccessToken StatusCode:501 OsErrorCode:12175"
SessionID=923694bd-a3cc-40e2-9fdc-26b15d2190c7.1697096518052 Timestamp=2023-10-17T13:47:13:438+0330 ThreadID=11344 Component=ngl-lib_NglIngestNetworkEvent Description="GetEventInfoJson : Error - Ingest Guid:17406014-4e3d-4b77-a428-d176d2372d79 SubCategory:GetErrorWF StatusCode:232 OsErrorCode:12"
SessionID=923694bd-a3cc-40e2-9fdc-26b15d2190c7.1697096518052 Timestamp=2023-10-17T13:47:13:450+0330 ThreadID=11344 Component=ngl-lib_NglIngestProfileEvent Description="GetEventInfoJson : Error - Ingest Guid:13c65366-ded6-4405-b8ac-facce39536f4 SubCategory:Signout StatusCode:214"
SessionID=923694bd-a3cc-40e2-9fdc-26b15d2190c7.1697096518052 Timestamp=2023-10-17T13:47:13:476+0330 ThreadID=11344 Component=ngl-lib_ NglIngestManager ErrorID=214 Description="GetAccessToken : Failed to fetch access token"
SessionID=923694bd-a3cc-40e2-9fdc-26b15d2190c7.1697096518052 Timestamp=2023-10-17T13:47:13:489+0330 ThreadID=11344 Component=ngl-lib_DataStorage Description="GetFromUserStorage error 1168 data not found in storage."
SessionID=923694bd-a3cc-40e2-9fdc-26b15d2190c7.1697096518052 Timestamp=2023-10-17T13:47:13:502+0330 ThreadID=11344 Component=ngl-lib_HttpRestConnectorForPost Description="SendHttpRequestSync: Request about to start"
SessionID=923694bd-a3cc-40e2-9fdc-26b15d2190c7.1697096518052 Timestamp=2023-10-17T13:47:13:517+0330 ThreadID=11344 Component=ngl-lib_HttpRestConnectorForPost Description="SendHttpRequestASyncCallInternal detected Windows version >= 8.1, using auto proxy settings"
SessionID=923694bd-a3cc-40e2-9fdc-26b15d2190c7.1697096518052 Timestamp=2023-10-17T13:47:13:538+0330 ThreadID=11344 Component=ngl-lib_HttpRestConnectorForPost Description="SendHttpRequestASyncCallInternal: Calling endpoint https://cc-api-data.adobe.io/ingest"
SessionID=923694bd-a3cc-40e2-9fdc-26b15d2190c7.1697096518052 Timestamp=2023-10-17T13:47:15:124+0330 ThreadID=25368 Component=ngl-lib_HttpRestConnectorForPost Description="OnCallBack: Received response with status 200"
SessionID=923694bd-a3cc-40e2-9fdc-26b15d2190c7.1697096518052 Timestamp=2023-10-17T13:47:15:135+0330 ThreadID=11344 Component=ngl-lib_HttpRestConnectorForPost Description="SendHttpRequestSync: Request complete, received status 0"
SessionID=923694bd-a3cc-40e2-9fdc-26b15d2190c7.1697096518052 Timestamp=2023-10-17T13:53:59:568+0330 ThreadID=11344 Component=ngl-lib_ NglIngestManager ErrorID=214 Description="GetAccessToken : Failed to fetch access token"
SessionID=923694bd-a3cc-40e2-9fdc-26b15d2190c7.1697096518052 Timestamp=2023-10-17T13:53:59:577+0330 ThreadID=11344 Component=ngl-lib_DataStorage Description="GetFromUserStorage error 1168 data not found in storage."
SessionID=923694bd-a3cc-40e2-9fdc-26b15d2190c7.1697096518052 Timestamp=2023-10-17T13:53:59:587+0330 ThreadID=11344 Component=ngl-lib_HttpRestConnectorForPost Description="SendHttpRequestSync: Request about to start"
SessionID=923694bd-a3cc-40e2-9fdc-26b15d2190c7.1697096518052 Timestamp=2023-10-17T13:53:59:597+0330 ThreadID=11344 Component=ngl-lib_HttpRestConnectorForPost Description="SendHttpRequestASyncCallInternal detected Windows version >= 8.1, using auto proxy settings"
SessionID=923694bd-a3cc-40e2-9fdc-26b15d2190c7.1697096518052 Timestamp=2023-10-17T13:53:59:609+0330 ThreadID=11344 Component=ngl-lib_HttpRestConnectorForPost Description="SendHttpRequestASyncCallInternal: Calling endpoint https://cc-api-data.adobe.io/ingest"
SessionID=923694bd-a3cc-40e2-9fdc-26b15d2190c7.1697096518052 Timestamp=2023-10-17T13:54:00:331+0330 ThreadID=12008 Component=ngl-lib_HttpRestConnectorForPost Description="OnCallBack: Received response with status 200"
SessionID=923694bd-a3cc-40e2-9fdc-26b15d2190c7.1697096518052 Timestamp=2023-10-17T13:54:00:341+0330 ThreadID=11344 Component=ngl-lib_HttpRestConnectorForPost Description="SendHttpRequestSync: Request complete, received status 0"
SessionID=923694bd-a3cc-40e2-9fdc-26b15d2190c7.1697096518052 Timestamp=2023-10-18T13:36:41:783+0330 ThreadID=18588 Component=ngl-lib_SSOWatcher Description="ProcessSSOFileData: IMS Active event detected"
SessionID=923694bd-a3cc-40e2-9fdc-26b15d2190c7.1697096518052 Timestamp=2023-10-18T13:41:26:095+0330 ThreadID=11536 Component=ngl-lib_NglCommonLib Description="GetPrincipal - returned with NglStatusCode:0"
SessionID=923694bd-a3cc-40e2-9fdc-26b15d2190c7.1697096518052 Timestamp=2023-10-18T13:41:26:104+0330 ThreadID=11536 Component=ngl-lib_NglAppLib Description="GetPrincipal Status: Success"
SessionID=923694bd-a3cc-40e2-9fdc-26b15d2190c7.1697096518052 Timestamp=2023-10-18T13:41:26:112+0330 ThreadID=11536 Component=ngl-lib_NglController Description="HasDeviceToken: deviceToken is True"
SessionID=923694bd-a3cc-40e2-9fdc-26b15d2190c7.1697096518052 Timestamp=2023-10-18T13:42:59:837+0330 ThreadID=18588 Component=ngl-lib_SSOWatcher Description="ProcessSSOFileData: IMS Active event detected"
SessionID=923694bd-a3cc-40e2-9fdc-26b15d2190c7.1697096518052 Timestamp=2023-10-18T13:52:23:144+0330 ThreadID=11344 Component=ngl-lib_ NglIngestManager ErrorID=214 Description="GetAccessToken : Failed to fetch access token"
SessionID=923694bd-a3cc-40e2-9fdc-26b15d2190c7.1697096518052 Timestamp=2023-10-18T13:52:23:151+0330 ThreadID=11344 Component=ngl-lib_DataStorage Description="GetFromUserStorage error 1168 data not found in storage."
SessionID=923694bd-a3cc-40e2-9fdc-26b15d2190c7.1697096518052 Timestamp=2023-10-18T13:52:23:159+0330 ThreadID=11344 Component=ngl-lib_HttpRestConnectorForPost Description="SendHttpRequestSync: Request about to start"
SessionID=923694bd-a3cc-40e2-9fdc-26b15d2190c7.1697096518052 Timestamp=2023-10-18T13:52:23:166+0330 ThreadID=11344 Component=ngl-lib_HttpRestConnectorForPost Description="SendHttpRequestASyncCallInternal detected Windows version >= 8.1, using auto proxy settings"
SessionID=923694bd-a3cc-40e2-9fdc-26b15d2190c7.1697096518052 Timestamp=2023-10-18T13:52:23:176+0330 ThreadID=11344 Component=ngl-lib_HttpRestConnectorForPost Description="SendHttpRequestASyncCallInternal: Calling endpoint https://cc-api-data.adobe.io/ingest"
SessionID=923694bd-a3cc-40e2-9fdc-26b15d2190c7.1697096518052 Timestamp=2023-10-18T13:52:23:996+0330 ThreadID=27812 Component=ngl-lib_HttpRestConnectorForPost Description="OnCallBack: Received response with status 200"
SessionID=923694bd-a3cc-40e2-9fdc-26b15d2190c7.1697096518052 Timestamp=2023-10-18T13:52:24:004+0330 ThreadID=11344 Component=ngl-lib_HttpRestConnectorForPost Description="SendHttpRequestSync: Request complete, received status 0"
SessionID=923694bd-a3cc-40e2-9fdc-26b15d2190c7.1697096518052 Timestamp=2023-10-19T19:57:12:314+0330 ThreadID=11536 Component=ngl-lib_NglCommonLib Description="GetPrincipal - returned with NglStatusCode:0"
SessionID=923694bd-a3cc-40e2-9fdc-26b15d2190c7.1697096518052 Timestamp=2023-10-19T19:57:12:322+0330 ThreadID=11536 Component=ngl-lib_NglAppLib Description="GetPrincipal Status: Success"
SessionID=923694bd-a3cc-40e2-9fdc-26b15d2190c7.1697096518052 Timestamp=2023-10-19T19:57:12:329+0330 ThreadID=11536 Component=ngl-lib_NglController Description="HasDeviceToken: deviceToken is True"
SessionID=923694bd-a3cc-40e2-9fdc-26b15d2190c7.1697096518052 Timestamp=2023-10-19T20:05:43:673+0330 ThreadID=11344 Component=ngl-lib_ NglIngestManager ErrorID=214 Description="GetAccessToken : Failed to fetch access token"
SessionID=923694bd-a3cc-40e2-9fdc-26b15d2190c7.1697096518052 Timestamp=2023-10-19T20:05:43:683+0330 ThreadID=11344 Component=ngl-lib_DataStorage Description="GetFromUserStorage error 1168 data not found in storage."
SessionID=923694bd-a3cc-40e2-9fdc-26b15d2190c7.1697096518052 Timestamp=2023-10-19T20:05:43:693+0330 ThreadID=11344 Component=ngl-lib_HttpRestConnectorForPost Description="SendHttpRequestSync: Request about to start"
SessionID=923694bd-a3cc-40e2-9fdc-26b15d2190c7.1697096518052 Timestamp=2023-10-19T20:05:43:700+0330 ThreadID=11344 Component=ngl-lib_HttpRestConnectorForPost Description="SendHttpRequestASyncCallInternal detected Windows version >= 8.1, using auto proxy settings"
SessionID=923694bd-a3cc-40e2-9fdc-26b15d2190c7.1697096518052 Timestamp=2023-10-19T20:05:43:713+0330 ThreadID=11344 Component=ngl-lib_HttpRestConnectorForPost Description="SendHttpRequestASyncCallInternal: Calling endpoint https://cc-api-data.adobe.io/ingest"
SessionID=923694bd-a3cc-40e2-9fdc-26b15d2190c7.1697096518052 Timestamp=2023-10-19T20:05:43:729+0330 ThreadID=29640 Component=ngl-lib_HttpRestConnectorForPost Description="OnCallBack: Asynchronous error occured"
SessionID=923694bd-a3cc-40e2-9fdc-26b15d2190c7.1697096518052 Timestamp=2023-10-19T20:05:43:739+0330 ThreadID=29640 Component=ngl-lib_HttpRequestWin Description="MapLastErrorToStatusCode: Error is 12007"
SessionID=923694bd-a3cc-40e2-9fdc-26b15d2190c7.1697096518052 Timestamp=2023-10-19T20:05:43:747+0330 ThreadID=11344 Component=ngl-lib_HttpRestConnectorForPost Description="SendHttpRequestSync: Request complete, received status 3"
SessionID=923694bd-a3cc-40e2-9fdc-26b15d2190c7.1697096518052 Timestamp=2023-10-19T20:05:43:755+0330 ThreadID=11344 Component=ngl-lib_ NglIngestManager Description="PostNglIngestEventToDunamis : Error - Submit ingest event Failed with Error code: 3"
SessionID=923694bd-a3cc-40e2-9fdc-26b15d2190c7.1697096518052 Timestamp=2023-10-19T20:05:43:764+0330 ThreadID=11344 Component=ngl-lib_ NglIngestManager Description="ProcessNglIngestEvents :  Ingest manager encountered HTTP request error. Retrying..."
SessionID=923694bd-a3cc-40e2-9fdc-26b15d2190c7.1697096518052 Timestamp=2023-10-20T11:24:34:319+0330 ThreadID=18588 Component=ngl-lib_SSOWatcher Description="ProcessSSOFileData: IMS Active event detected"
SessionID=923694bd-a3cc-40e2-9fdc-26b15d2190c7.1697096518052 Timestamp=2023-10-20T11:24:36:500+0330 ThreadID=18588 Component=ngl-lib_SSOWatcher Description="ProcessSSOFileData: IMS Active event detected"
