SessionID=3b777e58-99f3-4a35-89a3-39f30390939e.1697096711694 Timestamp=2023-10-12T11:15:11:694+0330 ThreadID=9904 Component=ngl-lib_AdobeLicensingHelper Description="Initializing Adobe Licensing Helper"
SessionID=3b777e58-99f3-4a35-89a3-39f30390939e.1697096711694 Timestamp=2023-10-12T11:15:11:709+0330 ThreadID=9904 Component=ngl-lib_NglIngestGenericInterface Description="SetNglConfigForIngest : Setting runtime mode : 1 environment: 5"
SessionID=3b777e58-99f3-4a35-89a3-39f30390939e.1697096711694 Timestamp=2023-10-12T11:15:11:720+0330 ThreadID=9904 Component=ngl-lib_kOperatingConfig Description="GetRuntimeDetails: No operating configs found"
SessionID=3b777e58-99f3-4a35-89a3-39f30390939e.1697096711694 Timestamp=2023-10-12T11:15:11:728+0330 ThreadID=9904 Component=ngl-lib_kOperatingConfig Description="GetRuntimeDetails: Fallback to NAMED_USER_ONLINE!!"
SessionID=3b777e58-99f3-4a35-89a3-39f30390939e.1697096711694 Timestamp=2023-10-12T11:15:11:745+0330 ThreadID=9904 Component=ngl-lib_NglCommonLib Description="GetPrincipal - returned with NglStatusCode:0"
SessionID=3b777e58-99f3-4a35-89a3-39f30390939e.1697096711694 Timestamp=2023-10-12T11:15:11:758+0330 ThreadID=9904 Component=ngl-lib_AdobeLicensingHelper Description="Invoked for command: DeviceCorrelation, by AppID: CreativeCloud26.0.0.571"
SessionID=3b777e58-99f3-4a35-89a3-39f30390939e.1697096711694 Timestamp=2023-10-12T11:15:13:540+0330 ThreadID=9904 Component=ngl-lib_kOperatingConfig Description="GetRuntimeDetails: No operating configs found"
SessionID=3b777e58-99f3-4a35-89a3-39f30390939e.1697096711694 Timestamp=2023-10-12T11:15:13:549+0330 ThreadID=9904 Component=ngl-lib_kOperatingConfig Description="GetRuntimeDetails: Fallback to NAMED_USER_ONLINE!!"
SessionID=3b777e58-99f3-4a35-89a3-39f30390939e.1697096711694 Timestamp=2023-10-12T11:15:13:561+0330 ThreadID=9904 Component=ngl-lib_kOperatingConfig Description="SetInstance: ERROR: Attempt to overwrite operating config object"
SessionID=3b777e58-99f3-4a35-89a3-39f30390939e.1697096711694 Timestamp=2023-10-12T11:15:13:578+0330 ThreadID=9904 Component=ngl-lib_DataStorage Description="GetFromUserStorage error 1168 data not found in storage."
SessionID=3b777e58-99f3-4a35-89a3-39f30390939e.1697096711694 Timestamp=2023-10-12T11:15:13:587+0330 ThreadID=9904 Component=ngl-lib_HttpRestConnectorForPost Description="SendHttpRequestSync: Request about to start"
SessionID=3b777e58-99f3-4a35-89a3-39f30390939e.1697096711694 Timestamp=2023-10-12T11:15:13:601+0330 ThreadID=9904 Component=ngl-lib_HttpRestConnectorForPost Description="SendHttpRequestASyncCallInternal detected Windows version >= 8.1, using auto proxy settings"
SessionID=3b777e58-99f3-4a35-89a3-39f30390939e.1697096711694 Timestamp=2023-10-12T11:15:13:626+0330 ThreadID=9904 Component=ngl-lib_HttpRestConnectorForPost Description="SendHttpRequestASyncCallInternal: Calling endpoint https://ims-prod06.adobelogin.com/ims/token/v4"
SessionID=3b777e58-99f3-4a35-89a3-39f30390939e.1697096711694 Timestamp=2023-10-12T11:15:22:312+0330 ThreadID=15864 Component=ngl-lib_HttpRestConnectorForPost Description="OnCallBack: Received response with status 200"
SessionID=3b777e58-99f3-4a35-89a3-39f30390939e.1697096711694 Timestamp=2023-10-12T11:15:22:323+0330 ThreadID=9904 Component=ngl-lib_HttpRestConnectorForPost Description="SendHttpRequestSync: Request complete, received status 0"
SessionID=3b777e58-99f3-4a35-89a3-39f30390939e.1697096711694 Timestamp=2023-10-12T11:15:22:337+0330 ThreadID=9904 Component=ngl-lib_IMSConnector Description="FetchAccessTokenFromDeviceTokenInternal -> LogHttpResponse : clientId: AAM_CC_T3_Social | ScopeId: openid,AdobeID | UserAgent: N | HttpRequestStatus: 0 | HttpResponseCode: 200 | X-Debug-Id:  b288da60-351e-45ab-92e2-c7b6063cbee2"
SessionID=3b777e58-99f3-4a35-89a3-39f30390939e.1697096711694 Timestamp=2023-10-12T11:15:22:349+0330 ThreadID=9904 Component=ngl-lib_IMSConnector Description="FetchAccessTokenFromDeviceToken : FetchAccessToken returned : 0"
SessionID=3b777e58-99f3-4a35-89a3-39f30390939e.1697096711694 Timestamp=2023-10-12T11:15:22:358+0330 ThreadID=9904 Component=ngl-lib_IMSConnector Description="IMS http request success, trigger update IMS status"
SessionID=3b777e58-99f3-4a35-89a3-39f30390939e.1697096711694 Timestamp=2023-10-12T11:15:22:372+0330 ThreadID=9904 Component=ngl-lib_DataStorage Description="GetFromUserStorage error 1168 data not found in storage."
SessionID=3b777e58-99f3-4a35-89a3-39f30390939e.1697096711694 Timestamp=2023-10-12T11:15:22:385+0330 ThreadID=9904 Component=ngl-lib_HttpRestConnectorForPost Description="SendHttpRequestSync: Request about to start"
SessionID=3b777e58-99f3-4a35-89a3-39f30390939e.1697096711694 Timestamp=2023-10-12T11:15:22:397+0330 ThreadID=7740 Component=ngl-lib_NgluCommands Description="UpdateSSOFiles Updated flag file with value IMS_ACTIVE"
SessionID=3b777e58-99f3-4a35-89a3-39f30390939e.1697096711694 Timestamp=2023-10-12T11:15:22:411+0330 ThreadID=7740 Component=ngl-lib_NgluCommands Description="Update IMS status to file succeeded"
SessionID=3b777e58-99f3-4a35-89a3-39f30390939e.1697096711694 Timestamp=2023-10-12T11:15:22:423+0330 ThreadID=9904 Component=ngl-lib_HttpRestConnectorForPost Description="SendHttpRequestASyncCallInternal detected Windows version >= 8.1, using auto proxy settings"
SessionID=3b777e58-99f3-4a35-89a3-39f30390939e.1697096711694 Timestamp=2023-10-12T11:15:22:443+0330 ThreadID=9904 Component=ngl-lib_HttpRestConnectorForPost Description="SendHttpRequestASyncCallInternal: Calling endpoint https://lcs-cops.adobe.io/v1/activations/device_map"
SessionID=3b777e58-99f3-4a35-89a3-39f30390939e.1697096711694 Timestamp=2023-10-12T11:15:24:205+0330 ThreadID=12404 Component=ngl-lib_HttpRestConnectorForPost Description="OnCallBack: Received response with status 200"
SessionID=3b777e58-99f3-4a35-89a3-39f30390939e.1697096711694 Timestamp=2023-10-12T11:15:24:216+0330 ThreadID=9904 Component=ngl-lib_HttpRestConnectorForPost Description="SendHttpRequestSync: Request complete, received status 0"
SessionID=3b777e58-99f3-4a35-89a3-39f30390939e.1697096711694 Timestamp=2023-10-12T11:15:24:227+0330 ThreadID=9904 Component=ngl-lib_AdobeLicensingHelper Description="Terminated with status code 0"
SessionID=6105e6f2-84f9-44ff-98de-ad1728a89b3e.1697096733629 Timestamp=2023-10-12T11:15:33:629+0330 ThreadID=1568 Component=ngl-lib_AdobeLicensingHelper Description="Initializing Adobe Licensing Helper"
SessionID=6105e6f2-84f9-44ff-98de-ad1728a89b3e.1697096733629 Timestamp=2023-10-12T11:15:33:644+0330 ThreadID=1568 Component=ngl-lib_NglIngestGenericInterface Description="SetNglConfigForIngest : Setting runtime mode : 1 environment: 5"
SessionID=6105e6f2-84f9-44ff-98de-ad1728a89b3e.1697096733629 Timestamp=2023-10-12T11:15:33:654+0330 ThreadID=1568 Component=ngl-lib_kOperatingConfig Description="GetRuntimeDetails: No operating configs found"
SessionID=6105e6f2-84f9-44ff-98de-ad1728a89b3e.1697096733629 Timestamp=2023-10-12T11:15:33:664+0330 ThreadID=1568 Component=ngl-lib_kOperatingConfig Description="GetRuntimeDetails: Fallback to NAMED_USER_ONLINE!!"
SessionID=6105e6f2-84f9-44ff-98de-ad1728a89b3e.1697096733629 Timestamp=2023-10-12T11:15:33:678+0330 ThreadID=1568 Component=ngl-lib_NglCommonLib Description="GetPrincipal - returned with NglStatusCode:0"
SessionID=6105e6f2-84f9-44ff-98de-ad1728a89b3e.1697096733629 Timestamp=2023-10-12T11:15:33:690+0330 ThreadID=1568 Component=ngl-lib_AdobeLicensingHelper Description="Invoked for command: PrefetchLicense, by AppID: CreativeCloud26.0.0.571"
SessionID=6105e6f2-84f9-44ff-98de-ad1728a89b3e.1697096733629 Timestamp=2023-10-12T11:15:33:713+0330 ThreadID=1568 Component=ngl-lib_kOperatingConfig Description="GetRuntimeDetails: No operating configs found"
SessionID=6105e6f2-84f9-44ff-98de-ad1728a89b3e.1697096733629 Timestamp=2023-10-12T11:15:33:722+0330 ThreadID=1568 Component=ngl-lib_kOperatingConfig Description="GetRuntimeDetails: Fallback to NAMED_USER_ONLINE!!"
SessionID=6105e6f2-84f9-44ff-98de-ad1728a89b3e.1697096733629 Timestamp=2023-10-12T11:15:33:730+0330 ThreadID=1568 Component=ngl-lib_kOperatingConfig Description="SetInstance: ERROR: Attempt to overwrite operating config object"
SessionID=6105e6f2-84f9-44ff-98de-ad1728a89b3e.1697096733629 Timestamp=2023-10-12T11:15:33:739+0330 ThreadID=1568 Component=ngl-lib_kOperatingConfig Description="GetRuntimeDetails: No operating configs found"
SessionID=6105e6f2-84f9-44ff-98de-ad1728a89b3e.1697096733629 Timestamp=2023-10-12T11:15:33:747+0330 ThreadID=1568 Component=ngl-lib_kOperatingConfig Description="GetRuntimeDetails: Fallback to NAMED_USER_ONLINE!!"
SessionID=6105e6f2-84f9-44ff-98de-ad1728a89b3e.1697096733629 Timestamp=2023-10-12T11:15:33:757+0330 ThreadID=1568 Component=ngl-lib_kOperatingConfig Description="SetInstance: ERROR: Attempt to overwrite operating config object"
SessionID=6105e6f2-84f9-44ff-98de-ad1728a89b3e.1697096733629 Timestamp=2023-10-12T11:15:34:018+0330 ThreadID=1568 Component=ngl-lib_SPVerifier Description="IsValidSignedProfile: Signature verification success"
SessionID=6105e6f2-84f9-44ff-98de-ad1728a89b3e.1697096733629 Timestamp=2023-10-12T11:15:34:029+0330 ThreadID=1568 Component=ngl-lib_ServerConfiguredControlProfile Description="SetKeychainRouteToNGLU: setting mKeychainRouteToNGLU = 0 "
SessionID=6105e6f2-84f9-44ff-98de-ad1728a89b3e.1697096733629 Timestamp=2023-10-12T11:15:34:360+0330 ThreadID=1568 Component=ngl-lib_SPVerifier Description="IsValidSignedProfile: Signature verification success"
SessionID=6105e6f2-84f9-44ff-98de-ad1728a89b3e.1697096733629 Timestamp=2023-10-12T11:15:34:371+0330 ThreadID=1568 Component=ngl-lib_ServerConfiguredControlProfile Description="SetKeychainRouteToNGLU: setting mKeychainRouteToNGLU = 0 "
SessionID=6105e6f2-84f9-44ff-98de-ad1728a89b3e.1697096733629 Timestamp=2023-10-12T11:15:34:416+0330 ThreadID=1568 Component=ngl-lib_DataStorage Description="GetFromUserStorage error 1168 data not found in storage."
SessionID=6105e6f2-84f9-44ff-98de-ad1728a89b3e.1697096733629 Timestamp=2023-10-12T11:15:34:424+0330 ThreadID=1568 Component=ngl-lib_COPWebAPIConnector Description="Fetching Information for User : Req-Id-111bc962-a557-41f6-8cd6-287383721ace"
SessionID=6105e6f2-84f9-44ff-98de-ad1728a89b3e.1697096733629 Timestamp=2023-10-12T11:15:34:434+0330 ThreadID=1568 Component=ngl-lib_HttpRestConnectorForPost Description="SendHttpRequestSync: Request about to start"
SessionID=6105e6f2-84f9-44ff-98de-ad1728a89b3e.1697096733629 Timestamp=2023-10-12T11:15:34:442+0330 ThreadID=1568 Component=ngl-lib_HttpRestConnectorForPost Description="SendHttpRequestASyncCallInternal detected Windows version >= 8.1, using auto proxy settings"
SessionID=6105e6f2-84f9-44ff-98de-ad1728a89b3e.1697096733629 Timestamp=2023-10-12T11:15:34:467+0330 ThreadID=1568 Component=ngl-lib_HttpRestConnectorForPost Description="SendHttpRequestASyncCallInternal: Calling endpoint https://lcs-cops.adobe.io/asnps/nud/prefetch/v5"
SessionID=6105e6f2-84f9-44ff-98de-ad1728a89b3e.1697096733629 Timestamp=2023-10-12T11:16:54:486+0330 ThreadID=17760 Component=ngl-lib_HttpRestConnectorForPost Description="OnCallBack: Asynchronous error occured"
SessionID=6105e6f2-84f9-44ff-98de-ad1728a89b3e.1697096733629 Timestamp=2023-10-12T11:16:54:499+0330 ThreadID=17760 Component=ngl-lib_HttpRequestWin Description="MapLastErrorToStatusCode: Error is 12002"
SessionID=6105e6f2-84f9-44ff-98de-ad1728a89b3e.1697096733629 Timestamp=2023-10-12T11:16:54:510+0330 ThreadID=1568 Component=ngl-lib_HttpRestConnectorForPost Description="SendHttpRequestSync: Request complete, received status 6"
SessionID=6105e6f2-84f9-44ff-98de-ad1728a89b3e.1697096733629 Timestamp=2023-10-12T11:16:54:523+0330 ThreadID=1568 Component=ngl-lib_COPWebAPIConnector Description="X-Request-Id: "
SessionID=6105e6f2-84f9-44ff-98de-ad1728a89b3e.1697096733629 Timestamp=2023-10-12T11:16:54:538+0330 ThreadID=1568 Component=ngl-lib_COPWebAPIConnector Description="FetchSPAndWorkflow: X-NGL-Desktop-ASNP-Flags: "
SessionID=6105e6f2-84f9-44ff-98de-ad1728a89b3e.1697096733629 Timestamp=2023-10-12T11:16:54:552+0330 ThreadID=1568 Component=ngl-lib_NamedUserCOPRetriever Description="GetLatestSPForAppsByInstaller : Failed in fetching ASNP and workflow"
SessionID=6105e6f2-84f9-44ff-98de-ad1728a89b3e.1697096733629 Timestamp=2023-10-12T11:16:54:564+0330 ThreadID=1568 Component=ngl-lib_NUSecureProfileFetcher ErrorID=COPRetrieverStatus:7 Description="ValidateAndGetLatestSPForAppsByInstaller : Error fetching latest ASNP"
SessionID=6105e6f2-84f9-44ff-98de-ad1728a89b3e.1697096733629 Timestamp=2023-10-12T11:16:54:575+0330 ThreadID=1568 Component=ngl-lib_PrefetchCommand Description="ProcessCommand call completed with status - 15"
SessionID=6105e6f2-84f9-44ff-98de-ad1728a89b3e.1697096733629 Timestamp=2023-10-12T11:16:54:589+0330 ThreadID=1568 Component=ngl-lib_AdobeLicensingHelper Description="Terminated with status code 15"
SessionID=3007bf6b-c6af-43b5-b9dc-e68932ac4ae3.1697097630838 Timestamp=2023-10-12T11:30:30:838+0330 ThreadID=8124 Component=ngl-lib_AdobeLicensingHelper Description="Initializing Adobe Licensing Helper"
SessionID=3007bf6b-c6af-43b5-b9dc-e68932ac4ae3.1697097630838 Timestamp=2023-10-12T11:30:30:856+0330 ThreadID=8124 Component=ngl-lib_NglIngestGenericInterface Description="SetNglConfigForIngest : Setting runtime mode : 1 environment: 5"
SessionID=3007bf6b-c6af-43b5-b9dc-e68932ac4ae3.1697097630838 Timestamp=2023-10-12T11:30:30:868+0330 ThreadID=8124 Component=ngl-lib_kOperatingConfig Description="GetRuntimeDetails: No operating configs found"
SessionID=3007bf6b-c6af-43b5-b9dc-e68932ac4ae3.1697097630838 Timestamp=2023-10-12T11:30:30:879+0330 ThreadID=8124 Component=ngl-lib_kOperatingConfig Description="GetRuntimeDetails: Fallback to NAMED_USER_ONLINE!!"
SessionID=3007bf6b-c6af-43b5-b9dc-e68932ac4ae3.1697097630838 Timestamp=2023-10-12T11:30:30:895+0330 ThreadID=8124 Component=ngl-lib_NglCommonLib Description="GetPrincipal - returned with NglStatusCode:0"
SessionID=3007bf6b-c6af-43b5-b9dc-e68932ac4ae3.1697097630838 Timestamp=2023-10-12T11:30:30:918+0330 ThreadID=8124 Component=ngl-lib_AdobeLicensingHelper Description="Invoked for command: DeviceCorrelation, by AppID: CreativeCloud26.0.0.571"
SessionID=3007bf6b-c6af-43b5-b9dc-e68932ac4ae3.1697097630838 Timestamp=2023-10-12T11:30:32:684+0330 ThreadID=8124 Component=ngl-lib_AdobeLicensingHelper Description="Terminated with status code 0"
SessionID=e6b719bb-5d1b-4e44-aaa2-70a00d2c194a.1697353211522 Timestamp=2023-10-15T10:30:11:523+0330 ThreadID=27644 Component=ngl-lib_AdobeLicensingHelper Description="Initializing Adobe Licensing Helper"
SessionID=e6b719bb-5d1b-4e44-aaa2-70a00d2c194a.1697353211522 Timestamp=2023-10-15T10:30:11:553+0330 ThreadID=27644 Component=ngl-lib_NglIngestGenericInterface Description="SetNglConfigForIngest : Setting runtime mode : 1 environment: 5"
SessionID=e6b719bb-5d1b-4e44-aaa2-70a00d2c194a.1697353211522 Timestamp=2023-10-15T10:30:11:576+0330 ThreadID=27644 Component=ngl-lib_kOperatingConfig Description="GetRuntimeDetails: No operating configs found"
SessionID=e6b719bb-5d1b-4e44-aaa2-70a00d2c194a.1697353211522 Timestamp=2023-10-15T10:30:11:603+0330 ThreadID=27644 Component=ngl-lib_kOperatingConfig Description="GetRuntimeDetails: Fallback to NAMED_USER_ONLINE!!"
SessionID=e6b719bb-5d1b-4e44-aaa2-70a00d2c194a.1697353211522 Timestamp=2023-10-15T10:30:11:637+0330 ThreadID=27644 Component=ngl-lib_NglCommonLib Description="GetPrincipal - returned with NglStatusCode:0"
SessionID=e6b719bb-5d1b-4e44-aaa2-70a00d2c194a.1697353211522 Timestamp=2023-10-15T10:30:11:665+0330 ThreadID=27644 Component=ngl-lib_AdobeLicensingHelper Description="Invoked for command: DeviceCorrelation, by AppID: CreativeCloud26.0.0.571"
SessionID=e6b719bb-5d1b-4e44-aaa2-70a00d2c194a.1697353211522 Timestamp=2023-10-15T10:30:15:120+0330 ThreadID=27644 Component=ngl-lib_AdobeLicensingHelper Description="Terminated with status code 0"
SessionID=19981f4a-b5ac-4519-9945-884c63b9cd05.1697353233092 Timestamp=2023-10-15T10:30:33:092+0330 ThreadID=16596 Component=ngl-lib_AdobeLicensingHelper Description="Initializing Adobe Licensing Helper"
SessionID=19981f4a-b5ac-4519-9945-884c63b9cd05.1697353233092 Timestamp=2023-10-15T10:30:33:120+0330 ThreadID=16596 Component=ngl-lib_NglIngestGenericInterface Description="SetNglConfigForIngest : Setting runtime mode : 1 environment: 5"
SessionID=19981f4a-b5ac-4519-9945-884c63b9cd05.1697353233092 Timestamp=2023-10-15T10:30:33:138+0330 ThreadID=16596 Component=ngl-lib_kOperatingConfig Description="GetRuntimeDetails: No operating configs found"
SessionID=19981f4a-b5ac-4519-9945-884c63b9cd05.1697353233092 Timestamp=2023-10-15T10:30:33:158+0330 ThreadID=16596 Component=ngl-lib_kOperatingConfig Description="GetRuntimeDetails: Fallback to NAMED_USER_ONLINE!!"
SessionID=19981f4a-b5ac-4519-9945-884c63b9cd05.1697353233092 Timestamp=2023-10-15T10:30:33:183+0330 ThreadID=16596 Component=ngl-lib_NglCommonLib Description="GetPrincipal - returned with NglStatusCode:0"
SessionID=19981f4a-b5ac-4519-9945-884c63b9cd05.1697353233092 Timestamp=2023-10-15T10:30:33:207+0330 ThreadID=16596 Component=ngl-lib_AdobeLicensingHelper Description="Invoked for command: PrefetchLicense, by AppID: CreativeCloud26.0.0.571"
SessionID=19981f4a-b5ac-4519-9945-884c63b9cd05.1697353233092 Timestamp=2023-10-15T10:30:33:231+0330 ThreadID=16596 Component=ngl-lib_kOperatingConfig Description="GetRuntimeDetails: No operating configs found"
SessionID=19981f4a-b5ac-4519-9945-884c63b9cd05.1697353233092 Timestamp=2023-10-15T10:30:33:246+0330 ThreadID=16596 Component=ngl-lib_kOperatingConfig Description="GetRuntimeDetails: Fallback to NAMED_USER_ONLINE!!"
SessionID=19981f4a-b5ac-4519-9945-884c63b9cd05.1697353233092 Timestamp=2023-10-15T10:30:33:262+0330 ThreadID=16596 Component=ngl-lib_kOperatingConfig Description="SetInstance: ERROR: Attempt to overwrite operating config object"
SessionID=19981f4a-b5ac-4519-9945-884c63b9cd05.1697353233092 Timestamp=2023-10-15T10:30:33:283+0330 ThreadID=16596 Component=ngl-lib_kOperatingConfig Description="GetRuntimeDetails: No operating configs found"
SessionID=19981f4a-b5ac-4519-9945-884c63b9cd05.1697353233092 Timestamp=2023-10-15T10:30:33:301+0330 ThreadID=16596 Component=ngl-lib_kOperatingConfig Description="GetRuntimeDetails: Fallback to NAMED_USER_ONLINE!!"
SessionID=19981f4a-b5ac-4519-9945-884c63b9cd05.1697353233092 Timestamp=2023-10-15T10:30:33:319+0330 ThreadID=16596 Component=ngl-lib_kOperatingConfig Description="SetInstance: ERROR: Attempt to overwrite operating config object"
SessionID=19981f4a-b5ac-4519-9945-884c63b9cd05.1697353233092 Timestamp=2023-10-15T10:30:33:667+0330 ThreadID=16596 Component=ngl-lib_SPVerifier Description="IsValidSignedProfile: Signature verification success"
SessionID=19981f4a-b5ac-4519-9945-884c63b9cd05.1697353233092 Timestamp=2023-10-15T10:30:33:679+0330 ThreadID=16596 Component=ngl-lib_ServerConfiguredControlProfile Description="SetKeychainRouteToNGLU: setting mKeychainRouteToNGLU = 0 "
SessionID=19981f4a-b5ac-4519-9945-884c63b9cd05.1697353233092 Timestamp=2023-10-15T10:30:34:024+0330 ThreadID=16596 Component=ngl-lib_SPVerifier Description="IsValidSignedProfile: Signature verification success"
SessionID=19981f4a-b5ac-4519-9945-884c63b9cd05.1697353233092 Timestamp=2023-10-15T10:30:34:037+0330 ThreadID=16596 Component=ngl-lib_ServerConfiguredControlProfile Description="SetKeychainRouteToNGLU: setting mKeychainRouteToNGLU = 0 "
SessionID=19981f4a-b5ac-4519-9945-884c63b9cd05.1697353233092 Timestamp=2023-10-15T10:30:34:077+0330 ThreadID=16596 Component=ngl-lib_DataStorage Description="GetFromUserStorage error 1168 data not found in storage."
SessionID=19981f4a-b5ac-4519-9945-884c63b9cd05.1697353233092 Timestamp=2023-10-15T10:30:34:086+0330 ThreadID=16596 Component=ngl-lib_COPWebAPIConnector Description="Fetching Information for User : Req-Id-d73576fb-500e-470d-bbc5-7c737f36b75c"
SessionID=19981f4a-b5ac-4519-9945-884c63b9cd05.1697353233092 Timestamp=2023-10-15T10:30:34:096+0330 ThreadID=16596 Component=ngl-lib_HttpRestConnectorForPost Description="SendHttpRequestSync: Request about to start"
SessionID=19981f4a-b5ac-4519-9945-884c63b9cd05.1697353233092 Timestamp=2023-10-15T10:30:34:106+0330 ThreadID=16596 Component=ngl-lib_HttpRestConnectorForPost Description="SendHttpRequestASyncCallInternal detected Windows version >= 8.1, using auto proxy settings"
SessionID=19981f4a-b5ac-4519-9945-884c63b9cd05.1697353233092 Timestamp=2023-10-15T10:30:34:130+0330 ThreadID=16596 Component=ngl-lib_HttpRestConnectorForPost Description="SendHttpRequestASyncCallInternal: Calling endpoint https://lcs-cops.adobe.io/asnps/nud/prefetch/v5"
SessionID=19981f4a-b5ac-4519-9945-884c63b9cd05.1697353233092 Timestamp=2023-10-15T10:30:35:728+0330 ThreadID=10540 Component=ngl-lib_HttpRestConnectorForPost Description="OnCallBack: Received response with status 200"
SessionID=19981f4a-b5ac-4519-9945-884c63b9cd05.1697353233092 Timestamp=2023-10-15T10:30:35:763+0330 ThreadID=16596 Component=ngl-lib_HttpRestConnectorForPost Description="SendHttpRequestSync: Request complete, received status 0"
SessionID=19981f4a-b5ac-4519-9945-884c63b9cd05.1697353233092 Timestamp=2023-10-15T10:30:35:795+0330 ThreadID=16596 Component=ngl-lib_COPWebAPIConnector Description="X-Request-Id:  Req-Id-d73576fb-500e-470d-bbc5-7c737f36b75c"
SessionID=19981f4a-b5ac-4519-9945-884c63b9cd05.1697353233092 Timestamp=2023-10-15T10:30:35:821+0330 ThreadID=16596 Component=ngl-lib_COPWebAPIConnector Description="FetchSPAndWorkflow: X-NGL-Desktop-ASNP-Flags: "
SessionID=19981f4a-b5ac-4519-9945-884c63b9cd05.1697353233092 Timestamp=2023-10-15T10:30:35:874+0330 ThreadID=16596 Component=ngl-lib_SPVerifier Description="IsValidSignedProfile: Signature verification success"
SessionID=19981f4a-b5ac-4519-9945-884c63b9cd05.1697353233092 Timestamp=2023-10-15T10:30:35:904+0330 ThreadID=16596 Component=ngl-lib_ServerConfiguredControlProfile Description="SetKeychainRouteToNGLU: setting mKeychainRouteToNGLU = 0 "
SessionID=19981f4a-b5ac-4519-9945-884c63b9cd05.1697353233092 Timestamp=2023-10-15T10:30:35:939+0330 ThreadID=16596 Component=ngl-lib_SPVerifier Description="IsValidSignedProfile: Signature verification success"
SessionID=19981f4a-b5ac-4519-9945-884c63b9cd05.1697353233092 Timestamp=2023-10-15T10:30:35:966+0330 ThreadID=16596 Component=ngl-lib_ServerConfiguredControlProfile Description="SetKeychainRouteToNGLU: setting mKeychainRouteToNGLU = 0 "
SessionID=19981f4a-b5ac-4519-9945-884c63b9cd05.1697353233092 Timestamp=2023-10-15T10:30:35:993+0330 ThreadID=16596 Component=ngl-lib_NUSecureProfileDao Description="SaveSecureProfile : Saving ASNP"
SessionID=19981f4a-b5ac-4519-9945-884c63b9cd05.1697353233092 Timestamp=2023-10-15T10:30:36:746+0330 ThreadID=16596 Component=ngl-lib_DataStorage Description="DeleteFromUserStorage error 1168 data not found in storage."
SessionID=19981f4a-b5ac-4519-9945-884c63b9cd05.1697353233092 Timestamp=2023-10-15T10:30:36:780+0330 ThreadID=16596 Component=ngl-lib_NUSecureProfileDao Description="SaveSecureProfile : Overwritten app ASNP with prefetched ASNP for app: AcrobatDC1"
SessionID=19981f4a-b5ac-4519-9945-884c63b9cd05.1697353233092 Timestamp=2023-10-15T10:30:36:831+0330 ThreadID=16596 Component=ngl-lib_NUSecureProfileDao Description="SaveSecureProfile : Saving ASNP"
SessionID=19981f4a-b5ac-4519-9945-884c63b9cd05.1697353233092 Timestamp=2023-10-15T10:30:37:658+0330 ThreadID=16596 Component=ngl-lib_DataStorage Description="DeleteFromUserStorage error 1168 data not found in storage."
SessionID=19981f4a-b5ac-4519-9945-884c63b9cd05.1697353233092 Timestamp=2023-10-15T10:30:37:683+0330 ThreadID=16596 Component=ngl-lib_NUSecureProfileDao Description="SaveSecureProfile : Overwritten app ASNP with prefetched ASNP for app: Photoshop1"
SessionID=19981f4a-b5ac-4519-9945-884c63b9cd05.1697353233092 Timestamp=2023-10-15T10:30:37:710+0330 ThreadID=16596 Component=ngl-lib_ NglIngestManager Description="NglIngestManager : Initializing Ingest Manager"
SessionID=19981f4a-b5ac-4519-9945-884c63b9cd05.1697353233092 Timestamp=2023-10-15T10:30:37:739+0330 ThreadID=16596 Component=ngl-lib_ NglIngestManager ErrorID=214 Description="GetAccessToken : Failed to fetch access token"
SessionID=19981f4a-b5ac-4519-9945-884c63b9cd05.1697353233092 Timestamp=2023-10-15T10:30:37:766+0330 ThreadID=16596 Component=ngl-lib_DataStorage Description="GetFromUserStorage error 1168 data not found in storage."
SessionID=19981f4a-b5ac-4519-9945-884c63b9cd05.1697353233092 Timestamp=2023-10-15T10:30:37:792+0330 ThreadID=16596 Component=ngl-lib_HttpRestConnectorForPost Description="SendHttpRequestSync: Request about to start"
SessionID=19981f4a-b5ac-4519-9945-884c63b9cd05.1697353233092 Timestamp=2023-10-15T10:30:37:817+0330 ThreadID=16596 Component=ngl-lib_HttpRestConnectorForPost Description="SendHttpRequestASyncCallInternal detected Windows version >= 8.1, using auto proxy settings"
SessionID=19981f4a-b5ac-4519-9945-884c63b9cd05.1697353233092 Timestamp=2023-10-15T10:30:37:847+0330 ThreadID=16596 Component=ngl-lib_HttpRestConnectorForPost Description="SendHttpRequestASyncCallInternal: Calling endpoint https://cc-api-data.adobe.io/ingest"
SessionID=19981f4a-b5ac-4519-9945-884c63b9cd05.1697353233092 Timestamp=2023-10-15T10:30:39:098+0330 ThreadID=18348 Component=ngl-lib_HttpRestConnectorForPost Description="OnCallBack: Received response with status 200"
SessionID=19981f4a-b5ac-4519-9945-884c63b9cd05.1697353233092 Timestamp=2023-10-15T10:30:39:124+0330 ThreadID=16596 Component=ngl-lib_HttpRestConnectorForPost Description="SendHttpRequestSync: Request complete, received status 0"
SessionID=19981f4a-b5ac-4519-9945-884c63b9cd05.1697353233092 Timestamp=2023-10-15T10:30:39:150+0330 ThreadID=16596 Component=ngl-lib_ NglIngestManager Description="ForceSubmitByPass : Finished with status: 0"
SessionID=19981f4a-b5ac-4519-9945-884c63b9cd05.1697353233092 Timestamp=2023-10-15T10:30:39:184+0330 ThreadID=16596 Component=ngl-lib_BaseCommand Description="UpdateSSOFiles Updated flag file with value PREFETCH"
SessionID=19981f4a-b5ac-4519-9945-884c63b9cd05.1697353233092 Timestamp=2023-10-15T10:30:39:225+0330 ThreadID=16596 Component=ngl-lib_PrefetchCommand Description="ProcessCommand call completed with status - 0"
SessionID=19981f4a-b5ac-4519-9945-884c63b9cd05.1697353233092 Timestamp=2023-10-15T10:30:39:255+0330 ThreadID=16596 Component=ngl-lib_AdobeLicensingHelper Description="Terminated with status code 0"
SessionID=51453edd-a3de-4607-94fb-96783d8301f9.1697439421241 Timestamp=2023-10-16T10:27:01:241+0330 ThreadID=1076 Component=ngl-lib_AdobeLicensingHelper Description="Initializing Adobe Licensing Helper"
SessionID=51453edd-a3de-4607-94fb-96783d8301f9.1697439421241 Timestamp=2023-10-16T10:27:01:252+0330 ThreadID=1076 Component=ngl-lib_NglIngestGenericInterface Description="SetNglConfigForIngest : Setting runtime mode : 1 environment: 5"
SessionID=51453edd-a3de-4607-94fb-96783d8301f9.1697439421241 Timestamp=2023-10-16T10:27:01:265+0330 ThreadID=1076 Component=ngl-lib_kOperatingConfig Description="GetRuntimeDetails: No operating configs found"
SessionID=51453edd-a3de-4607-94fb-96783d8301f9.1697439421241 Timestamp=2023-10-16T10:27:01:276+0330 ThreadID=1076 Component=ngl-lib_kOperatingConfig Description="GetRuntimeDetails: Fallback to NAMED_USER_ONLINE!!"
SessionID=51453edd-a3de-4607-94fb-96783d8301f9.1697439421241 Timestamp=2023-10-16T10:27:01:298+0330 ThreadID=1076 Component=ngl-lib_NglCommonLib Description="GetPrincipal - returned with NglStatusCode:0"
SessionID=51453edd-a3de-4607-94fb-96783d8301f9.1697439421241 Timestamp=2023-10-16T10:27:01:312+0330 ThreadID=1076 Component=ngl-lib_AdobeLicensingHelper Description="Invoked for command: DeviceCorrelation, by AppID: CreativeCloud26.0.0.571"
SessionID=51453edd-a3de-4607-94fb-96783d8301f9.1697439421241 Timestamp=2023-10-16T10:27:02:555+0330 ThreadID=1076 Component=ngl-lib_AdobeLicensingHelper Description="Terminated with status code 0"
SessionID=b5d06cdd-326a-41bd-88a8-5321eeb65e21.1697439443225 Timestamp=2023-10-16T10:27:23:225+0330 ThreadID=27104 Component=ngl-lib_AdobeLicensingHelper Description="Initializing Adobe Licensing Helper"
SessionID=b5d06cdd-326a-41bd-88a8-5321eeb65e21.1697439443225 Timestamp=2023-10-16T10:27:23:246+0330 ThreadID=27104 Component=ngl-lib_NglIngestGenericInterface Description="SetNglConfigForIngest : Setting runtime mode : 1 environment: 5"
SessionID=b5d06cdd-326a-41bd-88a8-5321eeb65e21.1697439443225 Timestamp=2023-10-16T10:27:23:257+0330 ThreadID=27104 Component=ngl-lib_kOperatingConfig Description="GetRuntimeDetails: No operating configs found"
SessionID=b5d06cdd-326a-41bd-88a8-5321eeb65e21.1697439443225 Timestamp=2023-10-16T10:27:23:265+0330 ThreadID=27104 Component=ngl-lib_kOperatingConfig Description="GetRuntimeDetails: Fallback to NAMED_USER_ONLINE!!"
SessionID=b5d06cdd-326a-41bd-88a8-5321eeb65e21.1697439443225 Timestamp=2023-10-16T10:27:23:276+0330 ThreadID=27104 Component=ngl-lib_NglCommonLib Description="GetPrincipal - returned with NglStatusCode:0"
SessionID=b5d06cdd-326a-41bd-88a8-5321eeb65e21.1697439443225 Timestamp=2023-10-16T10:27:23:288+0330 ThreadID=27104 Component=ngl-lib_AdobeLicensingHelper Description="Invoked for command: PrefetchLicense, by AppID: CreativeCloud26.0.0.571"
SessionID=b5d06cdd-326a-41bd-88a8-5321eeb65e21.1697439443225 Timestamp=2023-10-16T10:27:23:307+0330 ThreadID=27104 Component=ngl-lib_kOperatingConfig Description="GetRuntimeDetails: No operating configs found"
SessionID=b5d06cdd-326a-41bd-88a8-5321eeb65e21.1697439443225 Timestamp=2023-10-16T10:27:23:317+0330 ThreadID=27104 Component=ngl-lib_kOperatingConfig Description="GetRuntimeDetails: Fallback to NAMED_USER_ONLINE!!"
SessionID=b5d06cdd-326a-41bd-88a8-5321eeb65e21.1697439443225 Timestamp=2023-10-16T10:27:23:325+0330 ThreadID=27104 Component=ngl-lib_kOperatingConfig Description="SetInstance: ERROR: Attempt to overwrite operating config object"
SessionID=b5d06cdd-326a-41bd-88a8-5321eeb65e21.1697439443225 Timestamp=2023-10-16T10:27:23:336+0330 ThreadID=27104 Component=ngl-lib_kOperatingConfig Description="GetRuntimeDetails: No operating configs found"
SessionID=b5d06cdd-326a-41bd-88a8-5321eeb65e21.1697439443225 Timestamp=2023-10-16T10:27:23:345+0330 ThreadID=27104 Component=ngl-lib_kOperatingConfig Description="GetRuntimeDetails: Fallback to NAMED_USER_ONLINE!!"
SessionID=b5d06cdd-326a-41bd-88a8-5321eeb65e21.1697439443225 Timestamp=2023-10-16T10:27:23:353+0330 ThreadID=27104 Component=ngl-lib_kOperatingConfig Description="SetInstance: ERROR: Attempt to overwrite operating config object"
SessionID=b5d06cdd-326a-41bd-88a8-5321eeb65e21.1697439443225 Timestamp=2023-10-16T10:27:23:567+0330 ThreadID=27104 Component=ngl-lib_SPVerifier Description="IsValidSignedProfile: Signature verification success"
SessionID=b5d06cdd-326a-41bd-88a8-5321eeb65e21.1697439443225 Timestamp=2023-10-16T10:27:23:578+0330 ThreadID=27104 Component=ngl-lib_ServerConfiguredControlProfile Description="SetKeychainRouteToNGLU: setting mKeychainRouteToNGLU = 0 "
SessionID=b5d06cdd-326a-41bd-88a8-5321eeb65e21.1697439443225 Timestamp=2023-10-16T10:27:23:801+0330 ThreadID=27104 Component=ngl-lib_SPVerifier Description="IsValidSignedProfile: Signature verification success"
SessionID=b5d06cdd-326a-41bd-88a8-5321eeb65e21.1697439443225 Timestamp=2023-10-16T10:27:23:811+0330 ThreadID=27104 Component=ngl-lib_ServerConfiguredControlProfile Description="SetKeychainRouteToNGLU: setting mKeychainRouteToNGLU = 0 "
SessionID=b5d06cdd-326a-41bd-88a8-5321eeb65e21.1697439443225 Timestamp=2023-10-16T10:27:23:845+0330 ThreadID=27104 Component=ngl-lib_DataStorage Description="GetFromUserStorage error 1168 data not found in storage."
SessionID=b5d06cdd-326a-41bd-88a8-5321eeb65e21.1697439443225 Timestamp=2023-10-16T10:27:23:853+0330 ThreadID=27104 Component=ngl-lib_COPWebAPIConnector Description="Fetching Information for User : Req-Id-a4f931b8-29d8-43e8-82d6-494d1fb803a1"
SessionID=b5d06cdd-326a-41bd-88a8-5321eeb65e21.1697439443225 Timestamp=2023-10-16T10:27:23:862+0330 ThreadID=27104 Component=ngl-lib_HttpRestConnectorForPost Description="SendHttpRequestSync: Request about to start"
SessionID=b5d06cdd-326a-41bd-88a8-5321eeb65e21.1697439443225 Timestamp=2023-10-16T10:27:23:870+0330 ThreadID=27104 Component=ngl-lib_HttpRestConnectorForPost Description="SendHttpRequestASyncCallInternal detected Windows version >= 8.1, using auto proxy settings"
SessionID=b5d06cdd-326a-41bd-88a8-5321eeb65e21.1697439443225 Timestamp=2023-10-16T10:27:23:890+0330 ThreadID=27104 Component=ngl-lib_HttpRestConnectorForPost Description="SendHttpRequestASyncCallInternal: Calling endpoint https://lcs-cops.adobe.io/asnps/nud/prefetch/v5"
SessionID=b5d06cdd-326a-41bd-88a8-5321eeb65e21.1697439443225 Timestamp=2023-10-16T10:27:29:210+0330 ThreadID=2764 Component=ngl-lib_HttpRestConnectorForPost Description="OnCallBack: Received response with status 200"
SessionID=b5d06cdd-326a-41bd-88a8-5321eeb65e21.1697439443225 Timestamp=2023-10-16T10:27:29:226+0330 ThreadID=27104 Component=ngl-lib_HttpRestConnectorForPost Description="SendHttpRequestSync: Request complete, received status 0"
SessionID=b5d06cdd-326a-41bd-88a8-5321eeb65e21.1697439443225 Timestamp=2023-10-16T10:27:29:234+0330 ThreadID=27104 Component=ngl-lib_COPWebAPIConnector Description="X-Request-Id:  Req-Id-a4f931b8-29d8-43e8-82d6-494d1fb803a1"
SessionID=b5d06cdd-326a-41bd-88a8-5321eeb65e21.1697439443225 Timestamp=2023-10-16T10:27:29:241+0330 ThreadID=27104 Component=ngl-lib_COPWebAPIConnector Description="FetchSPAndWorkflow: X-NGL-Desktop-ASNP-Flags: "
SessionID=b5d06cdd-326a-41bd-88a8-5321eeb65e21.1697439443225 Timestamp=2023-10-16T10:27:29:257+0330 ThreadID=27104 Component=ngl-lib_SPVerifier Description="IsValidSignedProfile: Signature verification success"
SessionID=b5d06cdd-326a-41bd-88a8-5321eeb65e21.1697439443225 Timestamp=2023-10-16T10:27:29:265+0330 ThreadID=27104 Component=ngl-lib_ServerConfiguredControlProfile Description="SetKeychainRouteToNGLU: setting mKeychainRouteToNGLU = 0 "
SessionID=b5d06cdd-326a-41bd-88a8-5321eeb65e21.1697439443225 Timestamp=2023-10-16T10:27:29:278+0330 ThreadID=27104 Component=ngl-lib_SPVerifier Description="IsValidSignedProfile: Signature verification success"
SessionID=b5d06cdd-326a-41bd-88a8-5321eeb65e21.1697439443225 Timestamp=2023-10-16T10:27:29:288+0330 ThreadID=27104 Component=ngl-lib_ServerConfiguredControlProfile Description="SetKeychainRouteToNGLU: setting mKeychainRouteToNGLU = 0 "
SessionID=b5d06cdd-326a-41bd-88a8-5321eeb65e21.1697439443225 Timestamp=2023-10-16T10:27:29:299+0330 ThreadID=27104 Component=ngl-lib_NUSecureProfileDao Description="SaveSecureProfile : Saving ASNP"
SessionID=b5d06cdd-326a-41bd-88a8-5321eeb65e21.1697439443225 Timestamp=2023-10-16T10:27:29:479+0330 ThreadID=27104 Component=ngl-lib_DataStorage Description="DeleteFromUserStorage error 1168 data not found in storage."
SessionID=b5d06cdd-326a-41bd-88a8-5321eeb65e21.1697439443225 Timestamp=2023-10-16T10:27:29:487+0330 ThreadID=27104 Component=ngl-lib_NUSecureProfileDao Description="SaveSecureProfile : Overwritten app ASNP with prefetched ASNP for app: AcrobatDC1"
SessionID=b5d06cdd-326a-41bd-88a8-5321eeb65e21.1697439443225 Timestamp=2023-10-16T10:27:29:495+0330 ThreadID=27104 Component=ngl-lib_NUSecureProfileDao Description="SaveSecureProfile : Saving ASNP"
SessionID=b5d06cdd-326a-41bd-88a8-5321eeb65e21.1697439443225 Timestamp=2023-10-16T10:27:29:762+0330 ThreadID=27104 Component=ngl-lib_DataStorage Description="DeleteFromUserStorage error 1168 data not found in storage."
SessionID=b5d06cdd-326a-41bd-88a8-5321eeb65e21.1697439443225 Timestamp=2023-10-16T10:27:29:772+0330 ThreadID=27104 Component=ngl-lib_NUSecureProfileDao Description="SaveSecureProfile : Overwritten app ASNP with prefetched ASNP for app: Photoshop1"
SessionID=b5d06cdd-326a-41bd-88a8-5321eeb65e21.1697439443225 Timestamp=2023-10-16T10:27:29:783+0330 ThreadID=27104 Component=ngl-lib_ NglIngestManager Description="NglIngestManager : Initializing Ingest Manager"
SessionID=b5d06cdd-326a-41bd-88a8-5321eeb65e21.1697439443225 Timestamp=2023-10-16T10:27:29:795+0330 ThreadID=27104 Component=ngl-lib_ NglIngestManager ErrorID=214 Description="GetAccessToken : Failed to fetch access token"
SessionID=b5d06cdd-326a-41bd-88a8-5321eeb65e21.1697439443225 Timestamp=2023-10-16T10:27:29:803+0330 ThreadID=27104 Component=ngl-lib_DataStorage Description="GetFromUserStorage error 1168 data not found in storage."
SessionID=b5d06cdd-326a-41bd-88a8-5321eeb65e21.1697439443225 Timestamp=2023-10-16T10:27:29:811+0330 ThreadID=27104 Component=ngl-lib_HttpRestConnectorForPost Description="SendHttpRequestSync: Request about to start"
SessionID=b5d06cdd-326a-41bd-88a8-5321eeb65e21.1697439443225 Timestamp=2023-10-16T10:27:29:819+0330 ThreadID=27104 Component=ngl-lib_HttpRestConnectorForPost Description="SendHttpRequestASyncCallInternal detected Windows version >= 8.1, using auto proxy settings"
SessionID=b5d06cdd-326a-41bd-88a8-5321eeb65e21.1697439443225 Timestamp=2023-10-16T10:27:29:833+0330 ThreadID=27104 Component=ngl-lib_HttpRestConnectorForPost Description="SendHttpRequestASyncCallInternal: Calling endpoint https://cc-api-data.adobe.io/ingest"
SessionID=b5d06cdd-326a-41bd-88a8-5321eeb65e21.1697439443225 Timestamp=2023-10-16T10:27:35:299+0330 ThreadID=21624 Component=ngl-lib_HttpRestConnectorForPost Description="OnCallBack: Received response with status 200"
SessionID=b5d06cdd-326a-41bd-88a8-5321eeb65e21.1697439443225 Timestamp=2023-10-16T10:27:35:308+0330 ThreadID=27104 Component=ngl-lib_HttpRestConnectorForPost Description="SendHttpRequestSync: Request complete, received status 0"
SessionID=b5d06cdd-326a-41bd-88a8-5321eeb65e21.1697439443225 Timestamp=2023-10-16T10:27:35:318+0330 ThreadID=27104 Component=ngl-lib_ NglIngestManager Description="ForceSubmitByPass : Finished with status: 0"
SessionID=b5d06cdd-326a-41bd-88a8-5321eeb65e21.1697439443225 Timestamp=2023-10-16T10:27:35:336+0330 ThreadID=27104 Component=ngl-lib_BaseCommand Description="UpdateSSOFiles Updated flag file with value PREFETCH"
SessionID=b5d06cdd-326a-41bd-88a8-5321eeb65e21.1697439443225 Timestamp=2023-10-16T10:27:35:343+0330 ThreadID=27104 Component=ngl-lib_PrefetchCommand Description="ProcessCommand call completed with status - 0"
SessionID=b5d06cdd-326a-41bd-88a8-5321eeb65e21.1697439443225 Timestamp=2023-10-16T10:27:35:351+0330 ThreadID=27104 Component=ngl-lib_AdobeLicensingHelper Description="Terminated with status code 0"
