SessionID=4011bc61-b833-485d-9a07-8d2c7f47480a.1697096514493 Timestamp=2023-10-12T11:11:54:697+0330 ThreadID=11884 Component=ngl-lib_NglAppLib ErrorID=403 Description="GetCachedNglProfile Status: NGL Profile Unavailable"
SessionID=4011bc61-b833-485d-9a07-8d2c7f47480a.1697096514493 Timestamp=2023-10-12T11:11:54:724+0330 ThreadID=11884 Component=ngl-lib_DataStorage Description="GetFromUserStorage error 1168 data not found in storage."
SessionID=4011bc61-b833-485d-9a07-8d2c7f47480a.1697096514493 Timestamp=2023-10-12T11:11:54:725+0330 ThreadID=11884 Component=ngl-lib_NUSecureProfileDao Description="GetPrefetchedSecureProfile : Prefetched ASNP not found"
SessionID=4011bc61-b833-485d-9a07-8d2c7f47480a.1697096514493 Timestamp=2023-10-12T11:11:54:726+0330 ThreadID=11884 Component=ngl-lib_NUSecureProfileFetcher ErrorID=SPDaoLevelStatus:11 Description="ValidateAndGetPrefetchedSP : Failed to fetch prefetched ASNP"
SessionID=4011bc61-b833-485d-9a07-8d2c7f47480a.1697096514493 Timestamp=2023-10-12T11:11:54:726+0330 ThreadID=11884 Component=ngl-lib_NglAppLib ErrorID=228 Description="GetPrefetchedNglProfile Status: Data Not Found : Cached NGL Profile"
SessionID=4011bc61-b833-485d-9a07-8d2c7f47480a.1697096514493 Timestamp=2023-10-12T11:11:54:734+0330 ThreadID=10096 Component=ngl-lib_DataStorage Description="GetFromUserStorage error 1168 data not found in storage."
SessionID=4011bc61-b833-485d-9a07-8d2c7f47480a.1697096514493 Timestamp=2023-10-12T11:12:04:733+0330 ThreadID=10096 Component=ngl-lib_DataStorage Description="GetFromUserStorage error 1168 data not found in storage."
SessionID=4011bc61-b833-485d-9a07-8d2c7f47480a.1697096514493 Timestamp=2023-10-12T11:12:21:209+0330 ThreadID=10096 Component=ngl-lib_NUSecureProfileFetcher ErrorID=COPRetrieverStatus:13 Description="GetDeviceTokenAndProfile : We have a valid access token but could not reach COPS, fill in userprofile from IMS"
SessionID=4011bc61-b833-485d-9a07-8d2c7f47480a.1697096514493 Timestamp=2023-10-12T11:12:21:210+0330 ThreadID=10096 Component=ngl-lib_NglAppLib ErrorID=110 Description="GetLatestNglProfile Status: Unhandled Error"
SessionID=4011bc61-b833-485d-9a07-8d2c7f47480a.1697096514493 Timestamp=2023-10-12T11:12:21:478+0330 ThreadID=2228 Component=ngl-lib_DataStorage Description="GetFromUserStorage error 1168 data not found in storage."
SessionID=4011bc61-b833-485d-9a07-8d2c7f47480a.1697096514493 Timestamp=2023-10-12T11:16:54:754+0330 ThreadID=17456 Component=ngl-lib_NglIngestStorageEvent Description="GetEventInfoJson : Error - Ingest Guid:d84b2165-feff-466e-8106-8b04c5b87319 SubCategory:WorkflowError StatusCode:0 OsErrorCode:"
SessionID=4011bc61-b833-485d-9a07-8d2c7f47480a.1697096514493 Timestamp=2023-10-12T11:16:54:758+0330 ThreadID=17456 Component=ngl-lib_DataStorage Description="GetFromUserStorage error 1168 data not found in storage."
SessionID=4011bc61-b833-485d-9a07-8d2c7f47480a.1697096514493 Timestamp=2023-10-12T11:31:54:517+0330 ThreadID=17456 Component=ngl-lib_DataStorage Description="GetFromUserStorage error 1168 data not found in storage."
SessionID=4011bc61-b833-485d-9a07-8d2c7f47480a.1697096514493 Timestamp=2023-10-13T12:23:18:437+0330 ThreadID=24688 Component=ngl-lib_DataStorage Description="GetFromUserStorage error 1168 data not found in storage."
SessionID=4011bc61-b833-485d-9a07-8d2c7f47480a.1697096514493 Timestamp=2023-10-13T12:28:47:276+0330 ThreadID=17456 Component=ngl-lib_DataStorage Description="GetFromUserStorage error 1168 data not found in storage."
SessionID=4011bc61-b833-485d-9a07-8d2c7f47480a.1697096514493 Timestamp=2023-10-13T12:28:47:825+0330 ThreadID=17456 Component=ngl-lib_ NglIngestManager Description="PostNglIngestEventToDunamis : Submit ingest event Failed. Response Error code: 403"
SessionID=4011bc61-b833-485d-9a07-8d2c7f47480a.1697096514493 Timestamp=2023-10-13T12:28:47:826+0330 ThreadID=17456 Component=ngl-lib_ NglIngestManager Description="ProcessNglIngestEvents : Error - Ingest manager  ecounter server error."
SessionID=4011bc61-b833-485d-9a07-8d2c7f47480a.1697096514493 Timestamp=2023-10-15T10:28:08:454+0330 ThreadID=2168 Component=ngl-lib_DataStorage Description="GetFromUserStorage error 1168 data not found in storage."
SessionID=4011bc61-b833-485d-9a07-8d2c7f47480a.1697096514493 Timestamp=2023-10-15T10:28:14:536+0330 ThreadID=2168 Component=ngl-lib_IMSConnector Description="FetchAccessTokenFromDeviceTokenInternal : Http error 65535 occurred with Error response "
SessionID=4011bc61-b833-485d-9a07-8d2c7f47480a.1697096514493 Timestamp=2023-10-15T10:28:14:536+0330 ThreadID=2168 Component=ngl-lib_IMSConnector Description="FetchAccessTokenFromDeviceTokenInternal -> LogHttpResponse : ERROR - clientId: CCXProcess_v4_15 | Scope: openid,AdobeID | UserAgent: N | HttpRequestStatus: 3 | HttpResponseCode: 65535 | X-Debug-Id:  | HttpResponseError: "
SessionID=4011bc61-b833-485d-9a07-8d2c7f47480a.1697096514493 Timestamp=2023-10-15T10:28:14:537+0330 ThreadID=2168 Component=ngl-lib_NglCommonLib ErrorID=102 Description="ImsAccessTokenInternal Error in fetching Access Token"
SessionID=4011bc61-b833-485d-9a07-8d2c7f47480a.1697096514493 Timestamp=2023-10-15T10:28:14:537+0330 ThreadID=2168 Component=ngl-lib_NglAppLib ErrorID=102 Description="ImsAccessToken Status: Network Error"
SessionID=4011bc61-b833-485d-9a07-8d2c7f47480a.1697096514493 Timestamp=2023-10-15T10:28:14:538+0330 ThreadID=17456 Component=ngl-lib_NglIngestNetworkEvent Description="GetEventInfoJson : Error - Ingest Guid:18de888a-dd7a-49db-8b2e-f7916ecdf797 SubCategory:GetImsAccessToken StatusCode:102 OsErrorCode:3"
SessionID=4011bc61-b833-485d-9a07-8d2c7f47480a.1697096514493 Timestamp=2023-10-15T10:28:14:546+0330 ThreadID=17456 Component=ngl-lib_ NglIngestManager ErrorID=214 Description="GetAccessToken : Failed to fetch access token"
SessionID=4011bc61-b833-485d-9a07-8d2c7f47480a.1697096514493 Timestamp=2023-10-15T10:28:14:548+0330 ThreadID=17456 Component=ngl-lib_DataStorage Description="GetFromUserStorage error 1168 data not found in storage."
SessionID=4011bc61-b833-485d-9a07-8d2c7f47480a.1697096514493 Timestamp=2023-10-15T10:28:14:556+0330 ThreadID=17456 Component=ngl-lib_ NglIngestManager Description="PostNglIngestEventToDunamis : Error - Submit ingest event Failed with Error code: 3"
SessionID=4011bc61-b833-485d-9a07-8d2c7f47480a.1697096514493 Timestamp=2023-10-15T10:29:08:689+0330 ThreadID=14468 Component=ngl-lib_DataStorage Description="GetFromUserStorage error 1168 data not found in storage."
SessionID=4011bc61-b833-485d-9a07-8d2c7f47480a.1697096514493 Timestamp=2023-10-15T10:44:00:304+0330 ThreadID=17456 Component=ngl-lib_DataStorage Description="GetFromUserStorage error 1168 data not found in storage."
SessionID=4011bc61-b833-485d-9a07-8d2c7f47480a.1697096514493 Timestamp=2023-10-15T10:46:08:671+0330 ThreadID=17456 Component=ngl-lib_ NglIngestManager Description="PostNglIngestEventToDunamis : Error - Submit ingest event Failed with Error code: 3"
SessionID=4011bc61-b833-485d-9a07-8d2c7f47480a.1697096514493 Timestamp=2023-10-16T10:30:08:185+0330 ThreadID=8372 Component=ngl-lib_DataStorage Description="GetFromUserStorage error 1168 data not found in storage."
SessionID=4011bc61-b833-485d-9a07-8d2c7f47480a.1697096514493 Timestamp=2023-10-16T10:31:19:056+0330 ThreadID=17456 Component=ngl-lib_DataStorage Description="GetFromUserStorage error 1168 data not found in storage."
SessionID=4011bc61-b833-485d-9a07-8d2c7f47480a.1697096514493 Timestamp=2023-10-16T10:46:19:070+0330 ThreadID=17456 Component=ngl-lib_DataStorage Description="GetFromUserStorage error 1168 data not found in storage."
SessionID=4011bc61-b833-485d-9a07-8d2c7f47480a.1697096514493 Timestamp=2023-10-17T13:40:59:377+0330 ThreadID=30724 Component=ngl-lib_DataStorage Description="GetFromUserStorage error 1168 data not found in storage."
SessionID=4011bc61-b833-485d-9a07-8d2c7f47480a.1697096514493 Timestamp=2023-10-17T13:48:55:787+0330 ThreadID=17456 Component=ngl-lib_DataStorage Description="GetFromUserStorage error 1168 data not found in storage."
SessionID=4011bc61-b833-485d-9a07-8d2c7f47480a.1697096514493 Timestamp=2023-10-17T14:03:55:791+0330 ThreadID=17456 Component=ngl-lib_DataStorage Description="GetFromUserStorage error 1168 data not found in storage."
SessionID=4011bc61-b833-485d-9a07-8d2c7f47480a.1697096514493 Timestamp=2023-10-18T13:42:59:113+0330 ThreadID=11776 Component=ngl-lib_DataStorage Description="GetFromUserStorage error 1168 data not found in storage."
SessionID=4011bc61-b833-485d-9a07-8d2c7f47480a.1697096514493 Timestamp=2023-10-18T13:52:19:354+0330 ThreadID=17456 Component=ngl-lib_DataStorage Description="GetFromUserStorage error 1168 data not found in storage."
SessionID=4011bc61-b833-485d-9a07-8d2c7f47480a.1697096514493 Timestamp=2023-10-19T19:56:49:552+0330 ThreadID=11660 Component=ngl-lib_DataStorage Description="GetFromUserStorage error 1168 data not found in storage."
SessionID=4011bc61-b833-485d-9a07-8d2c7f47480a.1697096514493 Timestamp=2023-10-19T19:56:55:598+0330 ThreadID=11660 Component=ngl-lib_IMSConnector Description="FetchAccessTokenFromDeviceTokenInternal : Http error 65535 occurred with Error response "
SessionID=4011bc61-b833-485d-9a07-8d2c7f47480a.1697096514493 Timestamp=2023-10-19T19:56:55:598+0330 ThreadID=11660 Component=ngl-lib_IMSConnector Description="FetchAccessTokenFromDeviceTokenInternal -> LogHttpResponse : ERROR - clientId: CCXProcess_v4_15 | Scope: openid,AdobeID | UserAgent: N | HttpRequestStatus: 3 | HttpResponseCode: 65535 | X-Debug-Id:  | HttpResponseError: "
SessionID=4011bc61-b833-485d-9a07-8d2c7f47480a.1697096514493 Timestamp=2023-10-19T19:56:55:599+0330 ThreadID=11660 Component=ngl-lib_NglCommonLib ErrorID=102 Description="ImsAccessTokenInternal Error in fetching Access Token"
SessionID=4011bc61-b833-485d-9a07-8d2c7f47480a.1697096514493 Timestamp=2023-10-19T19:56:55:599+0330 ThreadID=11660 Component=ngl-lib_NglAppLib ErrorID=102 Description="ImsAccessToken Status: Network Error"
SessionID=4011bc61-b833-485d-9a07-8d2c7f47480a.1697096514493 Timestamp=2023-10-19T19:56:55:600+0330 ThreadID=17456 Component=ngl-lib_NglIngestNetworkEvent Description="GetEventInfoJson : Error - Ingest Guid:cc757d28-baf2-4632-8063-23b75ac463e3 SubCategory:GetImsAccessToken StatusCode:102 OsErrorCode:3"
SessionID=4011bc61-b833-485d-9a07-8d2c7f47480a.1697096514493 Timestamp=2023-10-19T19:56:55:602+0330 ThreadID=17456 Component=ngl-lib_ NglIngestManager ErrorID=214 Description="GetAccessToken : Failed to fetch access token"
SessionID=4011bc61-b833-485d-9a07-8d2c7f47480a.1697096514493 Timestamp=2023-10-19T19:56:55:603+0330 ThreadID=17456 Component=ngl-lib_DataStorage Description="GetFromUserStorage error 1168 data not found in storage."
SessionID=4011bc61-b833-485d-9a07-8d2c7f47480a.1697096514493 Timestamp=2023-10-19T19:56:55:612+0330 ThreadID=17456 Component=ngl-lib_ NglIngestManager Description="PostNglIngestEventToDunamis : Error - Submit ingest event Failed with Error code: 3"
SessionID=4011bc61-b833-485d-9a07-8d2c7f47480a.1697096514493 Timestamp=2023-10-19T20:21:06:281+0330 ThreadID=9384 Component=ngl-lib_DataStorage Description="GetFromUserStorage error 1168 data not found in storage."
SessionID=4011bc61-b833-485d-9a07-8d2c7f47480a.1697096514493 Timestamp=2023-10-19T20:21:12:326+0330 ThreadID=9384 Component=ngl-lib_IMSConnector Description="FetchAccessTokenFromDeviceTokenInternal : Http error 65535 occurred with Error response "
SessionID=4011bc61-b833-485d-9a07-8d2c7f47480a.1697096514493 Timestamp=2023-10-19T20:21:12:326+0330 ThreadID=9384 Component=ngl-lib_IMSConnector Description="FetchAccessTokenFromDeviceTokenInternal -> LogHttpResponse : ERROR - clientId: CCXProcess_v4_15 | Scope: openid,AdobeID | UserAgent: N | HttpRequestStatus: 3 | HttpResponseCode: 65535 | X-Debug-Id:  | HttpResponseError: "
SessionID=4011bc61-b833-485d-9a07-8d2c7f47480a.1697096514493 Timestamp=2023-10-19T20:21:12:327+0330 ThreadID=17456 Component=ngl-lib_NglIngestNetworkEvent Description="GetEventInfoJson : Error - Ingest Guid:685bd1b9-dc2d-4a6e-844b-b76d916db84c SubCategory:GetImsAccessToken StatusCode:102 OsErrorCode:3"
SessionID=4011bc61-b833-485d-9a07-8d2c7f47480a.1697096514493 Timestamp=2023-10-19T20:21:12:328+0330 ThreadID=9384 Component=ngl-lib_NUSecureProfileFetcher ErrorID=IMSConnectorStatus:7 Description="GetAuthenticatedProfile : Access token could not be generated "
SessionID=4011bc61-b833-485d-9a07-8d2c7f47480a.1697096514493 Timestamp=2023-10-19T20:21:12:330+0330 ThreadID=17456 Component=ngl-lib_ NglIngestManager ErrorID=214 Description="GetAccessToken : Failed to fetch access token"
SessionID=4011bc61-b833-485d-9a07-8d2c7f47480a.1697096514493 Timestamp=2023-10-19T20:21:12:333+0330 ThreadID=17456 Component=ngl-lib_DataStorage Description="GetFromUserStorage error 1168 data not found in storage."
SessionID=4011bc61-b833-485d-9a07-8d2c7f47480a.1697096514493 Timestamp=2023-10-19T20:21:12:339+0330 ThreadID=9384 Component=ngl-lib_DataStorage Description="GetFromUserStorage error 1168 data not found in storage."
SessionID=4011bc61-b833-485d-9a07-8d2c7f47480a.1697096514493 Timestamp=2023-10-19T20:21:12:342+0330 ThreadID=17456 Component=ngl-lib_ NglIngestManager Description="PostNglIngestEventToDunamis : Error - Submit ingest event Failed with Error code: 3"
SessionID=4011bc61-b833-485d-9a07-8d2c7f47480a.1697096514493 Timestamp=2023-10-19T20:21:18:387+0330 ThreadID=9384 Component=ngl-lib_IMSConnector Description="FetchAccessTokenFromDeviceTokenInternal : Http error 65535 occurred with Error response "
SessionID=4011bc61-b833-485d-9a07-8d2c7f47480a.1697096514493 Timestamp=2023-10-19T20:21:18:388+0330 ThreadID=9384 Component=ngl-lib_IMSConnector Description="FetchAccessTokenFromDeviceTokenInternal -> LogHttpResponse : ERROR - clientId: CCXProcess_v4_15 | Scope: openid,AdobeID | UserAgent: N | HttpRequestStatus: 3 | HttpResponseCode: 65535 | X-Debug-Id:  | HttpResponseError: "
SessionID=4011bc61-b833-485d-9a07-8d2c7f47480a.1697096514493 Timestamp=2023-10-19T20:21:18:397+0330 ThreadID=9384 Component=ngl-lib_DataStorage Description="GetFromUserStorage error 1168 data not found in storage."
SessionID=4011bc61-b833-485d-9a07-8d2c7f47480a.1697096514493 Timestamp=2023-10-19T20:21:18:407+0330 ThreadID=9384 Component=ngl-lib_NglAppLib ErrorID=102 Description="GetLatestNglProfile Status: Network Error"
SessionID=4011bc61-b833-485d-9a07-8d2c7f47480a.1697096514493 Timestamp=2023-10-19T20:26:18:414+0330 ThreadID=17456 Component=ngl-lib_NglIngestNetworkEvent Description="GetEventInfoJson : Error - Ingest Guid:0f8a2c47-10cd-4c3d-93d7-15d83fe6ab81 SubCategory:GetImsAccessToken StatusCode:102 OsErrorCode:3"
SessionID=4011bc61-b833-485d-9a07-8d2c7f47480a.1697096514493 Timestamp=2023-10-19T20:26:18:414+0330 ThreadID=17456 Component=ngl-lib_NglIngestNetworkEvent Description="GetEventInfoJson : Error - Ingest Guid:1caa0bc8-0616-4265-9be0-bbcd752441a7 SubCategory:GetErrorWF StatusCode:232 OsErrorCode:3"
SessionID=4011bc61-b833-485d-9a07-8d2c7f47480a.1697096514493 Timestamp=2023-10-19T20:26:18:418+0330 ThreadID=17456 Component=ngl-lib_ NglIngestManager ErrorID=214 Description="GetAccessToken : Failed to fetch access token"
SessionID=4011bc61-b833-485d-9a07-8d2c7f47480a.1697096514493 Timestamp=2023-10-19T20:26:18:419+0330 ThreadID=17456 Component=ngl-lib_DataStorage Description="GetFromUserStorage error 1168 data not found in storage."
SessionID=4011bc61-b833-485d-9a07-8d2c7f47480a.1697096514493 Timestamp=2023-10-19T20:26:18:431+0330 ThreadID=17456 Component=ngl-lib_ NglIngestManager Description="PostNglIngestEventToDunamis : Error - Submit ingest event Failed with Error code: 3"
SessionID=4011bc61-b833-485d-9a07-8d2c7f47480a.1697096514493 Timestamp=2023-10-19T20:40:39:920+0330 ThreadID=17456 Component=ngl-lib_ NglIngestManager ErrorID=214 Description="GetAccessToken : Failed to fetch access token"
SessionID=4011bc61-b833-485d-9a07-8d2c7f47480a.1697096514493 Timestamp=2023-10-19T20:40:39:921+0330 ThreadID=17456 Component=ngl-lib_DataStorage Description="GetFromUserStorage error 1168 data not found in storage."
SessionID=4011bc61-b833-485d-9a07-8d2c7f47480a.1697096514493 Timestamp=2023-10-19T20:40:39:931+0330 ThreadID=17456 Component=ngl-lib_ NglIngestManager Description="PostNglIngestEventToDunamis : Error - Submit ingest event Failed with Error code: 3"
SessionID=4011bc61-b833-485d-9a07-8d2c7f47480a.1697096514493 Timestamp=2023-10-19T20:56:47:431+0330 ThreadID=24284 Component=ngl-lib_DataStorage Description="GetFromUserStorage error 1168 data not found in storage."
SessionID=4011bc61-b833-485d-9a07-8d2c7f47480a.1697096514493 Timestamp=2023-10-19T20:56:53:471+0330 ThreadID=24284 Component=ngl-lib_IMSConnector Description="FetchAccessTokenFromDeviceTokenInternal : Http error 65535 occurred with Error response "
SessionID=4011bc61-b833-485d-9a07-8d2c7f47480a.1697096514493 Timestamp=2023-10-19T20:56:53:472+0330 ThreadID=24284 Component=ngl-lib_IMSConnector Description="FetchAccessTokenFromDeviceTokenInternal -> LogHttpResponse : ERROR - clientId: CCXProcess_v4_15 | Scope: openid,AdobeID | UserAgent: N | HttpRequestStatus: 3 | HttpResponseCode: 65535 | X-Debug-Id:  | HttpResponseError: "
SessionID=4011bc61-b833-485d-9a07-8d2c7f47480a.1697096514493 Timestamp=2023-10-19T20:56:53:473+0330 ThreadID=24284 Component=ngl-lib_NglCommonLib ErrorID=102 Description="ImsAccessTokenInternal Error in fetching Access Token"
SessionID=4011bc61-b833-485d-9a07-8d2c7f47480a.1697096514493 Timestamp=2023-10-19T20:56:53:474+0330 ThreadID=24284 Component=ngl-lib_NglAppLib ErrorID=102 Description="ImsAccessToken Status: Network Error"
SessionID=4011bc61-b833-485d-9a07-8d2c7f47480a.1697096514493 Timestamp=2023-10-19T20:56:53:474+0330 ThreadID=17456 Component=ngl-lib_NglIngestNetworkEvent Description="GetEventInfoJson : Error - Ingest Guid:275d988d-15d8-4ce8-b346-27554cceee3d SubCategory:GetImsAccessToken StatusCode:102 OsErrorCode:3"
SessionID=4011bc61-b833-485d-9a07-8d2c7f47480a.1697096514493 Timestamp=2023-10-19T20:56:53:477+0330 ThreadID=17456 Component=ngl-lib_ NglIngestManager ErrorID=214 Description="GetAccessToken : Failed to fetch access token"
SessionID=4011bc61-b833-485d-9a07-8d2c7f47480a.1697096514493 Timestamp=2023-10-19T20:56:53:478+0330 ThreadID=17456 Component=ngl-lib_DataStorage Description="GetFromUserStorage error 1168 data not found in storage."
SessionID=4011bc61-b833-485d-9a07-8d2c7f47480a.1697096514493 Timestamp=2023-10-19T20:56:53:488+0330 ThreadID=17456 Component=ngl-lib_ NglIngestManager Description="PostNglIngestEventToDunamis : Error - Submit ingest event Failed with Error code: 3"
SessionID=4011bc61-b833-485d-9a07-8d2c7f47480a.1697096514493 Timestamp=2023-10-19T21:56:47:673+0330 ThreadID=22960 Component=ngl-lib_DataStorage Description="GetFromUserStorage error 1168 data not found in storage."
SessionID=4011bc61-b833-485d-9a07-8d2c7f47480a.1697096514493 Timestamp=2023-10-19T21:56:53:745+0330 ThreadID=22960 Component=ngl-lib_IMSConnector Description="FetchAccessTokenFromDeviceTokenInternal : Http error 65535 occurred with Error response "
SessionID=4011bc61-b833-485d-9a07-8d2c7f47480a.1697096514493 Timestamp=2023-10-19T21:56:53:746+0330 ThreadID=22960 Component=ngl-lib_IMSConnector Description="FetchAccessTokenFromDeviceTokenInternal -> LogHttpResponse : ERROR - clientId: CCXProcess_v4_15 | Scope: openid,AdobeID | UserAgent: N | HttpRequestStatus: 3 | HttpResponseCode: 65535 | X-Debug-Id:  | HttpResponseError: "
SessionID=4011bc61-b833-485d-9a07-8d2c7f47480a.1697096514493 Timestamp=2023-10-19T21:56:53:747+0330 ThreadID=17456 Component=ngl-lib_NglIngestNetworkEvent Description="GetEventInfoJson : Error - Ingest Guid:f0814b28-a9e5-4297-9a63-8f00e453246b SubCategory:GetImsAccessToken StatusCode:102 OsErrorCode:3"
SessionID=4011bc61-b833-485d-9a07-8d2c7f47480a.1697096514493 Timestamp=2023-10-19T21:56:53:747+0330 ThreadID=22960 Component=ngl-lib_NglCommonLib ErrorID=102 Description="ImsAccessTokenInternal Error in fetching Access Token"
SessionID=4011bc61-b833-485d-9a07-8d2c7f47480a.1697096514493 Timestamp=2023-10-19T21:56:53:748+0330 ThreadID=22960 Component=ngl-lib_NglAppLib ErrorID=102 Description="ImsAccessToken Status: Network Error"
SessionID=4011bc61-b833-485d-9a07-8d2c7f47480a.1697096514493 Timestamp=2023-10-19T21:56:53:751+0330 ThreadID=17456 Component=ngl-lib_ NglIngestManager ErrorID=214 Description="GetAccessToken : Failed to fetch access token"
SessionID=4011bc61-b833-485d-9a07-8d2c7f47480a.1697096514493 Timestamp=2023-10-19T21:56:53:752+0330 ThreadID=17456 Component=ngl-lib_DataStorage Description="GetFromUserStorage error 1168 data not found in storage."
SessionID=4011bc61-b833-485d-9a07-8d2c7f47480a.1697096514493 Timestamp=2023-10-19T21:56:53:768+0330 ThreadID=17456 Component=ngl-lib_ NglIngestManager Description="PostNglIngestEventToDunamis : Error - Submit ingest event Failed with Error code: 3"
SessionID=4011bc61-b833-485d-9a07-8d2c7f47480a.1697096514493 Timestamp=2023-10-20T11:24:31:178+0330 ThreadID=22960 Component=ngl-lib_DataStorage Description="GetFromUserStorage error 1168 data not found in storage."
