SessionID=dc0e878a-932e-4be2-abbf-42872adb3c6d.1697097634192 Timestamp=2023-10-12T11:30:34:679+0330 ThreadID=8144 Component=ngl-lib_NglAppLib ErrorID=403 Description="GetCachedNglProfile Status: NGL Profile Unavailable"
SessionID=f5111137-611b-4cba-944a-c4ae2f0b446e.1697097634364 Timestamp=2023-10-12T11:30:34:706+0330 ThreadID=9076 Component=ngl-lib_NglAppLib ErrorID=403 Description="GetCachedNglProfile Status: NGL Profile Unavailable"
SessionID=dc0e878a-932e-4be2-abbf-42872adb3c6d.1697097634192 Timestamp=2023-10-12T11:30:34:718+0330 ThreadID=8144 Component=ngl-lib_DataStorage Description="GetFromUserStorage error 1168 data not found in storage."
SessionID=dc0e878a-932e-4be2-abbf-42872adb3c6d.1697097634192 Timestamp=2023-10-12T11:30:34:719+0330 ThreadID=8144 Component=ngl-lib_NUSecureProfileDao Description="GetPrefetchedSecureProfile : Prefetched ASNP not found"
SessionID=dc0e878a-932e-4be2-abbf-42872adb3c6d.1697097634192 Timestamp=2023-10-12T11:30:34:720+0330 ThreadID=8144 Component=ngl-lib_NUSecureProfileFetcher ErrorID=SPDaoLevelStatus:11 Description="ValidateAndGetPrefetchedSP : Failed to fetch prefetched ASNP"
SessionID=dc0e878a-932e-4be2-abbf-42872adb3c6d.1697097634192 Timestamp=2023-10-12T11:30:34:721+0330 ThreadID=8144 Component=ngl-lib_NglAppLib ErrorID=228 Description="GetPrefetchedNglProfile Status: Data Not Found : Cached NGL Profile"
SessionID=dc0e878a-932e-4be2-abbf-42872adb3c6d.1697097634192 Timestamp=2023-10-12T11:30:34:728+0330 ThreadID=20192 Component=ngl-lib_DataStorage Description="GetFromUserStorage error 1168 data not found in storage."
SessionID=f5111137-611b-4cba-944a-c4ae2f0b446e.1697097634364 Timestamp=2023-10-12T11:30:34:744+0330 ThreadID=9076 Component=ngl-lib_DataStorage Description="GetFromUserStorage error 1168 data not found in storage."
SessionID=f5111137-611b-4cba-944a-c4ae2f0b446e.1697097634364 Timestamp=2023-10-12T11:30:34:745+0330 ThreadID=9076 Component=ngl-lib_NUSecureProfileDao Description="GetPrefetchedSecureProfile : Prefetched ASNP not found"
SessionID=f5111137-611b-4cba-944a-c4ae2f0b446e.1697097634364 Timestamp=2023-10-12T11:30:34:745+0330 ThreadID=9076 Component=ngl-lib_NUSecureProfileFetcher ErrorID=SPDaoLevelStatus:11 Description="ValidateAndGetPrefetchedSP : Failed to fetch prefetched ASNP"
SessionID=f5111137-611b-4cba-944a-c4ae2f0b446e.1697097634364 Timestamp=2023-10-12T11:30:34:746+0330 ThreadID=9076 Component=ngl-lib_NglAppLib ErrorID=228 Description="GetPrefetchedNglProfile Status: Data Not Found : Cached NGL Profile"
SessionID=f5111137-611b-4cba-944a-c4ae2f0b446e.1697097634364 Timestamp=2023-10-12T11:30:34:755+0330 ThreadID=9028 Component=ngl-lib_DataStorage Description="GetFromUserStorage error 1168 data not found in storage."
SessionID=dc0e878a-932e-4be2-abbf-42872adb3c6d.1697097634192 Timestamp=2023-10-12T11:30:40:355+0330 ThreadID=20192 Component=ngl-lib_DataStorage Description="GetFromUserStorage error 1168 data not found in storage."
SessionID=dc0e878a-932e-4be2-abbf-42872adb3c6d.1697097634192 Timestamp=2023-10-12T11:30:45:753+0330 ThreadID=20192 Component=ngl-lib_NUSecureProfileFetcher ErrorID=COPRetrieverStatus:13 Description="GetDeviceTokenAndProfile : We have a valid access token but could not reach COPS, fill in userprofile from IMS"
SessionID=dc0e878a-932e-4be2-abbf-42872adb3c6d.1697097634192 Timestamp=2023-10-12T11:30:45:754+0330 ThreadID=20192 Component=ngl-lib_NglAppLib ErrorID=110 Description="GetLatestNglProfile Status: Unhandled Error"
SessionID=dc0e878a-932e-4be2-abbf-42872adb3c6d.1697097634192 Timestamp=2023-10-12T11:30:45:766+0330 ThreadID=20108 Component=ngl-lib_DataStorage Description="GetFromUserStorage error 1168 data not found in storage."
SessionID=dc0e878a-932e-4be2-abbf-42872adb3c6d.1697097634192 Timestamp=2023-10-12T11:35:34:753+0330 ThreadID=14412 Component=ngl-lib_NglIngestStorageEvent Description="GetEventInfoJson : Error - Ingest Guid:ab17ff2e-f5f5-468a-aea6-a84145ab4b8e SubCategory:WorkflowError StatusCode:0 OsErrorCode:"
SessionID=dc0e878a-932e-4be2-abbf-42872adb3c6d.1697097634192 Timestamp=2023-10-12T11:35:34:759+0330 ThreadID=14412 Component=ngl-lib_DataStorage Description="GetFromUserStorage error 1168 data not found in storage."
SessionID=dc0e878a-932e-4be2-abbf-42872adb3c6d.1697097634192 Timestamp=2023-10-12T11:35:34:778+0330 ThreadID=14412 Component=ngl-lib_ NglIngestManager Description="PostNglIngestEventToDunamis : Error - Submit ingest event Failed with Error code: 3"
SessionID=dc0e878a-932e-4be2-abbf-42872adb3c6d.1697097634192 Timestamp=2023-10-12T11:50:34:317+0330 ThreadID=14412 Component=ngl-lib_DataStorage Description="GetFromUserStorage error 1168 data not found in storage."
SessionID=dc0e878a-932e-4be2-abbf-42872adb3c6d.1697097634192 Timestamp=2023-10-13T12:23:30:176+0330 ThreadID=21840 Component=ngl-lib_DataStorage Description="GetFromUserStorage error 1168 data not found in storage."
SessionID=dc0e878a-932e-4be2-abbf-42872adb3c6d.1697097634192 Timestamp=2023-10-13T12:23:39:317+0330 ThreadID=20108 Component=ngl-lib_DataStorage Description="GetFromUserStorage error 1168 data not found in storage."
SessionID=dc0e878a-932e-4be2-abbf-42872adb3c6d.1697097634192 Timestamp=2023-10-13T12:32:27:078+0330 ThreadID=14412 Component=ngl-lib_DataStorage Description="GetFromUserStorage error 1168 data not found in storage."
SessionID=dc0e878a-932e-4be2-abbf-42872adb3c6d.1697097634192 Timestamp=2023-10-13T12:32:27:857+0330 ThreadID=14412 Component=ngl-lib_ NglIngestManager Description="PostNglIngestEventToDunamis : Submit ingest event Failed. Response Error code: 403"
SessionID=dc0e878a-932e-4be2-abbf-42872adb3c6d.1697097634192 Timestamp=2023-10-13T12:32:27:857+0330 ThreadID=14412 Component=ngl-lib_ NglIngestManager Description="ProcessNglIngestEvents : Error - Ingest manager  ecounter server error."
SessionID=dc0e878a-932e-4be2-abbf-42872adb3c6d.1697097634192 Timestamp=2023-10-15T10:28:17:572+0330 ThreadID=21840 Component=ngl-lib_DataStorage Description="GetFromUserStorage error 1168 data not found in storage."
SessionID=dc0e878a-932e-4be2-abbf-42872adb3c6d.1697097634192 Timestamp=2023-10-15T10:28:23:628+0330 ThreadID=21840 Component=ngl-lib_IMSConnector Description="FetchAccessTokenFromDeviceTokenInternal : Http error 65535 occurred with Error response "
SessionID=dc0e878a-932e-4be2-abbf-42872adb3c6d.1697097634192 Timestamp=2023-10-15T10:28:23:628+0330 ThreadID=21840 Component=ngl-lib_IMSConnector Description="FetchAccessTokenFromDeviceTokenInternal -> LogHttpResponse : ERROR - clientId: ACPL_SYNC_4_3 | Scope: openid,AdobeID,creative_cloud,creative_sdk,sao.cce_private,additional_info.account_type,account_type,additional_info.address.mail_to,af_byof,cc_files,cce_private,ccprivate,ccpublish,piip_read,sao.ccprivate,sao.ccpublish,sao.creative_cloud,sao.typekit,tk_platform,tk_platform_sync | UserAgent: N | HttpRequestStatus: 3 | HttpResponseCode: 65535 | X-Debug-Id:  | HttpResponseError: "
SessionID=dc0e878a-932e-4be2-abbf-42872adb3c6d.1697097634192 Timestamp=2023-10-15T10:28:23:629+0330 ThreadID=21840 Component=ngl-lib_NglCommonLib ErrorID=102 Description="ImsAccessTokenInternal Error in fetching Access Token"
SessionID=dc0e878a-932e-4be2-abbf-42872adb3c6d.1697097634192 Timestamp=2023-10-15T10:28:23:629+0330 ThreadID=21840 Component=ngl-lib_NglAppLib ErrorID=102 Description="ImsAccessToken Status: Network Error"
SessionID=dc0e878a-932e-4be2-abbf-42872adb3c6d.1697097634192 Timestamp=2023-10-15T10:28:23:630+0330 ThreadID=14412 Component=ngl-lib_NglIngestNetworkEvent Description="GetEventInfoJson : Error - Ingest Guid:dc881172-68c1-4d29-89bc-a80dfb1dbf0a SubCategory:GetImsAccessToken StatusCode:102 OsErrorCode:3"
SessionID=dc0e878a-932e-4be2-abbf-42872adb3c6d.1697097634192 Timestamp=2023-10-15T10:28:23:632+0330 ThreadID=14412 Component=ngl-lib_ NglIngestManager ErrorID=214 Description="GetAccessToken : Failed to fetch access token"
SessionID=dc0e878a-932e-4be2-abbf-42872adb3c6d.1697097634192 Timestamp=2023-10-15T10:28:23:633+0330 ThreadID=14412 Component=ngl-lib_DataStorage Description="GetFromUserStorage error 1168 data not found in storage."
SessionID=dc0e878a-932e-4be2-abbf-42872adb3c6d.1697097634192 Timestamp=2023-10-15T10:28:23:640+0330 ThreadID=14412 Component=ngl-lib_ NglIngestManager Description="PostNglIngestEventToDunamis : Error - Submit ingest event Failed with Error code: 3"
SessionID=dc0e878a-932e-4be2-abbf-42872adb3c6d.1697097634192 Timestamp=2023-10-15T10:30:47:600+0330 ThreadID=8780 Component=ngl-lib_DataStorage Description="GetFromUserStorage error 1168 data not found in storage."
SessionID=dc0e878a-932e-4be2-abbf-42872adb3c6d.1697097634192 Timestamp=2023-10-15T10:30:51:308+0330 ThreadID=20108 Component=ngl-lib_DataStorage Description="GetFromUserStorage error 1168 data not found in storage."
SessionID=dc0e878a-932e-4be2-abbf-42872adb3c6d.1697097634192 Timestamp=2023-10-15T10:32:39:087+0330 ThreadID=20108 Component=ngl-lib_DataStorage Description="GetFromUserStorage error 1168 data not found in storage."
SessionID=dc0e878a-932e-4be2-abbf-42872adb3c6d.1697097634192 Timestamp=2023-10-15T10:37:40:085+0330 ThreadID=14412 Component=ngl-lib_DataStorage Description="GetFromUserStorage error 1168 data not found in storage."
SessionID=dc0e878a-932e-4be2-abbf-42872adb3c6d.1697097634192 Timestamp=2023-10-16T10:25:56:633+0330 ThreadID=10672 Component=ngl-lib_DataStorage Description="GetFromUserStorage error 1168 data not found in storage."
SessionID=dc0e878a-932e-4be2-abbf-42872adb3c6d.1697097634192 Timestamp=2023-10-16T10:25:59:586+0330 ThreadID=20108 Component=ngl-lib_DataStorage Description="GetFromUserStorage error 1168 data not found in storage."
SessionID=dc0e878a-932e-4be2-abbf-42872adb3c6d.1697097634192 Timestamp=2023-10-16T10:34:58:899+0330 ThreadID=14412 Component=ngl-lib_DataStorage Description="GetFromUserStorage error 1168 data not found in storage."
SessionID=dc0e878a-932e-4be2-abbf-42872adb3c6d.1697097634192 Timestamp=2023-10-16T10:49:58:898+0330 ThreadID=14412 Component=ngl-lib_DataStorage Description="GetFromUserStorage error 1168 data not found in storage."
SessionID=dc0e878a-932e-4be2-abbf-42872adb3c6d.1697097634192 Timestamp=2023-10-17T13:41:10:979+0330 ThreadID=3256 Component=ngl-lib_DataStorage Description="GetFromUserStorage error 1168 data not found in storage."
SessionID=dc0e878a-932e-4be2-abbf-42872adb3c6d.1697097634192 Timestamp=2023-10-17T13:41:12:359+0330 ThreadID=20108 Component=ngl-lib_DataStorage Description="GetFromUserStorage error 1168 data not found in storage."
SessionID=dc0e878a-932e-4be2-abbf-42872adb3c6d.1697097634192 Timestamp=2023-10-17T13:52:35:675+0330 ThreadID=14412 Component=ngl-lib_DataStorage Description="GetFromUserStorage error 1168 data not found in storage."
SessionID=dc0e878a-932e-4be2-abbf-42872adb3c6d.1697097634192 Timestamp=2023-10-17T14:07:35:673+0330 ThreadID=14412 Component=ngl-lib_DataStorage Description="GetFromUserStorage error 1168 data not found in storage."
SessionID=dc0e878a-932e-4be2-abbf-42872adb3c6d.1697097634192 Timestamp=2023-10-18T13:36:40:963+0330 ThreadID=8392 Component=ngl-lib_DataStorage Description="GetFromUserStorage error 1168 data not found in storage."
SessionID=dc0e878a-932e-4be2-abbf-42872adb3c6d.1697097634192 Timestamp=2023-10-18T13:36:41:774+0330 ThreadID=20108 Component=ngl-lib_DataStorage Description="GetFromUserStorage error 1168 data not found in storage."
SessionID=dc0e878a-932e-4be2-abbf-42872adb3c6d.1697097634192 Timestamp=2023-10-18T13:40:59:240+0330 ThreadID=14412 Component=ngl-lib_DataStorage Description="GetFromUserStorage error 1168 data not found in storage."
SessionID=dc0e878a-932e-4be2-abbf-42872adb3c6d.1697097634192 Timestamp=2023-10-19T19:56:57:689+0330 ThreadID=17940 Component=ngl-lib_DataStorage Description="GetFromUserStorage error 1168 data not found in storage."
SessionID=dc0e878a-932e-4be2-abbf-42872adb3c6d.1697097634192 Timestamp=2023-10-19T19:57:03:733+0330 ThreadID=17940 Component=ngl-lib_IMSConnector Description="FetchAccessTokenFromDeviceTokenInternal : Http error 65535 occurred with Error response "
SessionID=dc0e878a-932e-4be2-abbf-42872adb3c6d.1697097634192 Timestamp=2023-10-19T19:57:03:734+0330 ThreadID=17940 Component=ngl-lib_IMSConnector Description="FetchAccessTokenFromDeviceTokenInternal -> LogHttpResponse : ERROR - clientId: ACPL_SYNC_4_3 | Scope: openid,AdobeID,creative_cloud,creative_sdk,sao.cce_private,additional_info.account_type,account_type,additional_info.address.mail_to,af_byof,cc_files,cce_private,ccprivate,ccpublish,piip_read,sao.ccprivate,sao.ccpublish,sao.creative_cloud,sao.typekit,tk_platform,tk_platform_sync | UserAgent: N | HttpRequestStatus: 3 | HttpResponseCode: 65535 | X-Debug-Id:  | HttpResponseError: "
SessionID=dc0e878a-932e-4be2-abbf-42872adb3c6d.1697097634192 Timestamp=2023-10-19T19:57:03:734+0330 ThreadID=17940 Component=ngl-lib_NglCommonLib ErrorID=102 Description="ImsAccessTokenInternal Error in fetching Access Token"
SessionID=dc0e878a-932e-4be2-abbf-42872adb3c6d.1697097634192 Timestamp=2023-10-19T19:57:03:735+0330 ThreadID=17940 Component=ngl-lib_NglAppLib ErrorID=102 Description="ImsAccessToken Status: Network Error"
SessionID=dc0e878a-932e-4be2-abbf-42872adb3c6d.1697097634192 Timestamp=2023-10-19T19:57:03:736+0330 ThreadID=14412 Component=ngl-lib_NglIngestNetworkEvent Description="GetEventInfoJson : Error - Ingest Guid:c4728e2f-b008-4766-9dc4-736f759d0996 SubCategory:GetImsAccessToken StatusCode:102 OsErrorCode:3"
SessionID=dc0e878a-932e-4be2-abbf-42872adb3c6d.1697097634192 Timestamp=2023-10-19T19:57:03:750+0330 ThreadID=14412 Component=ngl-lib_ NglIngestManager ErrorID=214 Description="GetAccessToken : Failed to fetch access token"
SessionID=dc0e878a-932e-4be2-abbf-42872adb3c6d.1697097634192 Timestamp=2023-10-19T19:57:03:751+0330 ThreadID=14412 Component=ngl-lib_DataStorage Description="GetFromUserStorage error 1168 data not found in storage."
SessionID=dc0e878a-932e-4be2-abbf-42872adb3c6d.1697097634192 Timestamp=2023-10-19T19:57:03:766+0330 ThreadID=14412 Component=ngl-lib_ NglIngestManager Description="PostNglIngestEventToDunamis : Error - Submit ingest event Failed with Error code: 3"
SessionID=dc0e878a-932e-4be2-abbf-42872adb3c6d.1697097634192 Timestamp=2023-10-19T19:58:27:704+0330 ThreadID=7112 Component=ngl-lib_DataStorage Description="GetFromUserStorage error 1168 data not found in storage."
SessionID=dc0e878a-932e-4be2-abbf-42872adb3c6d.1697097634192 Timestamp=2023-10-19T19:58:33:750+0330 ThreadID=7112 Component=ngl-lib_IMSConnector Description="FetchAccessTokenFromDeviceTokenInternal : Http error 65535 occurred with Error response "
SessionID=dc0e878a-932e-4be2-abbf-42872adb3c6d.1697097634192 Timestamp=2023-10-19T19:58:33:751+0330 ThreadID=7112 Component=ngl-lib_IMSConnector Description="FetchAccessTokenFromDeviceTokenInternal -> LogHttpResponse : ERROR - clientId: ACPL_SYNC_4_3 | Scope: openid,AdobeID,creative_cloud,creative_sdk,sao.cce_private,additional_info.account_type,account_type,additional_info.address.mail_to,af_byof,cc_files,cce_private,ccprivate,ccpublish,piip_read,sao.ccprivate,sao.ccpublish,sao.creative_cloud,sao.typekit,tk_platform,tk_platform_sync | UserAgent: N | HttpRequestStatus: 3 | HttpResponseCode: 65535 | X-Debug-Id:  | HttpResponseError: "
SessionID=dc0e878a-932e-4be2-abbf-42872adb3c6d.1697097634192 Timestamp=2023-10-19T19:58:33:751+0330 ThreadID=7112 Component=ngl-lib_NglCommonLib ErrorID=102 Description="ImsAccessTokenInternal Error in fetching Access Token"
SessionID=dc0e878a-932e-4be2-abbf-42872adb3c6d.1697097634192 Timestamp=2023-10-19T19:58:33:751+0330 ThreadID=7112 Component=ngl-lib_NglAppLib ErrorID=102 Description="ImsAccessToken Status: Network Error"
SessionID=dc0e878a-932e-4be2-abbf-42872adb3c6d.1697097634192 Timestamp=2023-10-19T20:02:57:797+0330 ThreadID=19404 Component=ngl-lib_DataStorage Description="GetFromUserStorage error 1168 data not found in storage."
SessionID=dc0e878a-932e-4be2-abbf-42872adb3c6d.1697097634192 Timestamp=2023-10-19T20:03:03:849+0330 ThreadID=19404 Component=ngl-lib_IMSConnector Description="FetchAccessTokenFromDeviceTokenInternal : Http error 65535 occurred with Error response "
SessionID=dc0e878a-932e-4be2-abbf-42872adb3c6d.1697097634192 Timestamp=2023-10-19T20:03:03:849+0330 ThreadID=19404 Component=ngl-lib_IMSConnector Description="FetchAccessTokenFromDeviceTokenInternal -> LogHttpResponse : ERROR - clientId: ACPL_SYNC_4_3 | Scope: openid,AdobeID,creative_cloud,creative_sdk,sao.cce_private,additional_info.account_type,account_type,additional_info.address.mail_to,af_byof,cc_files,cce_private,ccprivate,ccpublish,piip_read,sao.ccprivate,sao.ccpublish,sao.creative_cloud,sao.typekit,tk_platform,tk_platform_sync | UserAgent: N | HttpRequestStatus: 3 | HttpResponseCode: 65535 | X-Debug-Id:  | HttpResponseError: "
SessionID=dc0e878a-932e-4be2-abbf-42872adb3c6d.1697097634192 Timestamp=2023-10-19T20:03:03:850+0330 ThreadID=19404 Component=ngl-lib_NglCommonLib ErrorID=102 Description="ImsAccessTokenInternal Error in fetching Access Token"
SessionID=dc0e878a-932e-4be2-abbf-42872adb3c6d.1697097634192 Timestamp=2023-10-19T20:03:03:851+0330 ThreadID=19404 Component=ngl-lib_NglAppLib ErrorID=102 Description="ImsAccessToken Status: Network Error"
SessionID=dc0e878a-932e-4be2-abbf-42872adb3c6d.1697097634192 Timestamp=2023-10-19T20:08:03:853+0330 ThreadID=14412 Component=ngl-lib_NglIngestNetworkEvent Description="GetEventInfoJson : Error - Ingest Guid:675103f3-b3b7-4bf1-a5dc-aae06e1fe94c SubCategory:GetImsAccessToken StatusCode:102 OsErrorCode:3"
SessionID=dc0e878a-932e-4be2-abbf-42872adb3c6d.1697097634192 Timestamp=2023-10-19T20:08:03:854+0330 ThreadID=14412 Component=ngl-lib_NglIngestNetworkEvent Description="GetEventInfoJson : Error - Ingest Guid:5a35b08f-8126-4b03-babe-4817f330d79e SubCategory:GetImsAccessToken StatusCode:102 OsErrorCode:3"
SessionID=dc0e878a-932e-4be2-abbf-42872adb3c6d.1697097634192 Timestamp=2023-10-19T20:08:03:857+0330 ThreadID=14412 Component=ngl-lib_ NglIngestManager ErrorID=214 Description="GetAccessToken : Failed to fetch access token"
SessionID=dc0e878a-932e-4be2-abbf-42872adb3c6d.1697097634192 Timestamp=2023-10-19T20:08:03:858+0330 ThreadID=14412 Component=ngl-lib_DataStorage Description="GetFromUserStorage error 1168 data not found in storage."
SessionID=dc0e878a-932e-4be2-abbf-42872adb3c6d.1697097634192 Timestamp=2023-10-19T20:08:03:868+0330 ThreadID=14412 Component=ngl-lib_ NglIngestManager Description="PostNglIngestEventToDunamis : Error - Submit ingest event Failed with Error code: 3"
SessionID=dc0e878a-932e-4be2-abbf-42872adb3c6d.1697097634192 Timestamp=2023-10-19T20:09:30:834+0330 ThreadID=19404 Component=ngl-lib_DataStorage Description="GetFromUserStorage error 1168 data not found in storage."
SessionID=dc0e878a-932e-4be2-abbf-42872adb3c6d.1697097634192 Timestamp=2023-10-19T20:09:36:888+0330 ThreadID=19404 Component=ngl-lib_IMSConnector Description="FetchAccessTokenFromDeviceTokenInternal : Http error 65535 occurred with Error response "
SessionID=dc0e878a-932e-4be2-abbf-42872adb3c6d.1697097634192 Timestamp=2023-10-19T20:09:36:889+0330 ThreadID=19404 Component=ngl-lib_IMSConnector Description="FetchAccessTokenFromDeviceTokenInternal -> LogHttpResponse : ERROR - clientId: ACPL_SYNC_4_3 | Scope: openid,AdobeID,creative_cloud,creative_sdk,sao.cce_private,additional_info.account_type,account_type,additional_info.address.mail_to,af_byof,cc_files,cce_private,ccprivate,ccpublish,piip_read,sao.ccprivate,sao.ccpublish,sao.creative_cloud,sao.typekit,tk_platform,tk_platform_sync | UserAgent: N | HttpRequestStatus: 3 | HttpResponseCode: 65535 | X-Debug-Id:  | HttpResponseError: "
SessionID=dc0e878a-932e-4be2-abbf-42872adb3c6d.1697097634192 Timestamp=2023-10-19T20:09:36:889+0330 ThreadID=19404 Component=ngl-lib_NUSecureProfileFetcher ErrorID=IMSConnectorStatus:7 Description="GetAuthenticatedProfile : Access token could not be generated "
SessionID=dc0e878a-932e-4be2-abbf-42872adb3c6d.1697097634192 Timestamp=2023-10-19T20:09:36:894+0330 ThreadID=19404 Component=ngl-lib_DataStorage Description="GetFromUserStorage error 1168 data not found in storage."
SessionID=dc0e878a-932e-4be2-abbf-42872adb3c6d.1697097634192 Timestamp=2023-10-19T20:09:42:927+0330 ThreadID=19404 Component=ngl-lib_IMSConnector Description="FetchAccessTokenFromDeviceTokenInternal : Http error 65535 occurred with Error response "
SessionID=dc0e878a-932e-4be2-abbf-42872adb3c6d.1697097634192 Timestamp=2023-10-19T20:09:42:928+0330 ThreadID=19404 Component=ngl-lib_IMSConnector Description="FetchAccessTokenFromDeviceTokenInternal -> LogHttpResponse : ERROR - clientId: ACPL_SYNC_4_3 | Scope: openid,AdobeID,creative_cloud,creative_sdk,sao.cce_private,additional_info.account_type,account_type,additional_info.address.mail_to,af_byof,cc_files,cce_private,ccprivate,ccpublish,piip_read,sao.ccprivate,sao.ccpublish,sao.creative_cloud,sao.typekit,tk_platform,tk_platform_sync | UserAgent: N | HttpRequestStatus: 3 | HttpResponseCode: 65535 | X-Debug-Id:  | HttpResponseError: "
SessionID=dc0e878a-932e-4be2-abbf-42872adb3c6d.1697097634192 Timestamp=2023-10-19T20:09:42:929+0330 ThreadID=19404 Component=ngl-lib_DataStorage Description="GetFromUserStorage error 1168 data not found in storage."
SessionID=dc0e878a-932e-4be2-abbf-42872adb3c6d.1697097634192 Timestamp=2023-10-19T20:09:42:938+0330 ThreadID=19404 Component=ngl-lib_NglAppLib ErrorID=102 Description="GetLatestNglProfile Status: Network Error"
SessionID=dc0e878a-932e-4be2-abbf-42872adb3c6d.1697097634192 Timestamp=2023-10-19T20:14:42:952+0330 ThreadID=14412 Component=ngl-lib_NglIngestNetworkEvent Description="GetEventInfoJson : Error - Ingest Guid:525dda72-d822-4e7e-a559-93151802362d SubCategory:GetImsAccessToken StatusCode:102 OsErrorCode:3"
SessionID=dc0e878a-932e-4be2-abbf-42872adb3c6d.1697097634192 Timestamp=2023-10-19T20:14:42:953+0330 ThreadID=14412 Component=ngl-lib_NglIngestNetworkEvent Description="GetEventInfoJson : Error - Ingest Guid:a7d2b540-1860-4cb4-92cb-74360c7b204a SubCategory:GetImsAccessToken StatusCode:102 OsErrorCode:3"
SessionID=dc0e878a-932e-4be2-abbf-42872adb3c6d.1697097634192 Timestamp=2023-10-19T20:14:42:954+0330 ThreadID=14412 Component=ngl-lib_NglIngestNetworkEvent Description="GetEventInfoJson : Error - Ingest Guid:87456ba7-38b7-45fd-a5b5-95a238df1e6d SubCategory:GetErrorWF StatusCode:232 OsErrorCode:3"
SessionID=dc0e878a-932e-4be2-abbf-42872adb3c6d.1697097634192 Timestamp=2023-10-19T20:14:42:957+0330 ThreadID=14412 Component=ngl-lib_ NglIngestManager ErrorID=214 Description="GetAccessToken : Failed to fetch access token"
SessionID=dc0e878a-932e-4be2-abbf-42872adb3c6d.1697097634192 Timestamp=2023-10-19T20:14:42:959+0330 ThreadID=14412 Component=ngl-lib_DataStorage Description="GetFromUserStorage error 1168 data not found in storage."
SessionID=dc0e878a-932e-4be2-abbf-42872adb3c6d.1697097634192 Timestamp=2023-10-19T20:14:42:969+0330 ThreadID=14412 Component=ngl-lib_ NglIngestManager Description="PostNglIngestEventToDunamis : Error - Submit ingest event Failed with Error code: 3"
SessionID=dc0e878a-932e-4be2-abbf-42872adb3c6d.1697097634192 Timestamp=2023-10-19T20:29:19:814+0330 ThreadID=14412 Component=ngl-lib_ NglIngestManager ErrorID=214 Description="GetAccessToken : Failed to fetch access token"
SessionID=dc0e878a-932e-4be2-abbf-42872adb3c6d.1697097634192 Timestamp=2023-10-19T20:29:19:815+0330 ThreadID=14412 Component=ngl-lib_DataStorage Description="GetFromUserStorage error 1168 data not found in storage."
SessionID=dc0e878a-932e-4be2-abbf-42872adb3c6d.1697097634192 Timestamp=2023-10-19T20:29:19:823+0330 ThreadID=14412 Component=ngl-lib_ NglIngestManager Description="PostNglIngestEventToDunamis : Error - Submit ingest event Failed with Error code: 3"
SessionID=dc0e878a-932e-4be2-abbf-42872adb3c6d.1697097634192 Timestamp=2023-10-19T20:46:28:504+0330 ThreadID=9028 Component=ngl-lib_DataStorage Description="GetFromUserStorage error 1168 data not found in storage."
SessionID=dc0e878a-932e-4be2-abbf-42872adb3c6d.1697097634192 Timestamp=2023-10-19T20:46:34:540+0330 ThreadID=9028 Component=ngl-lib_IMSConnector Description="FetchAccessTokenFromDeviceTokenInternal : Http error 65535 occurred with Error response "
SessionID=dc0e878a-932e-4be2-abbf-42872adb3c6d.1697097634192 Timestamp=2023-10-19T20:46:34:541+0330 ThreadID=9028 Component=ngl-lib_IMSConnector Description="FetchAccessTokenFromDeviceTokenInternal -> LogHttpResponse : ERROR - clientId: ACPL_SYNC_4_3 | Scope: openid,AdobeID,creative_cloud,creative_sdk,sao.cce_private,additional_info.account_type,account_type,additional_info.address.mail_to,af_byof,cc_files,cce_private,ccprivate,ccpublish,piip_read,sao.ccprivate,sao.ccpublish,sao.creative_cloud,sao.typekit,tk_platform,tk_platform_sync | UserAgent: N | HttpRequestStatus: 3 | HttpResponseCode: 65535 | X-Debug-Id:  | HttpResponseError: "
SessionID=dc0e878a-932e-4be2-abbf-42872adb3c6d.1697097634192 Timestamp=2023-10-19T20:46:34:541+0330 ThreadID=9028 Component=ngl-lib_NglCommonLib ErrorID=102 Description="ImsAccessTokenInternal Error in fetching Access Token"
SessionID=dc0e878a-932e-4be2-abbf-42872adb3c6d.1697097634192 Timestamp=2023-10-19T20:46:34:542+0330 ThreadID=9028 Component=ngl-lib_NglAppLib ErrorID=102 Description="ImsAccessToken Status: Network Error"
SessionID=dc0e878a-932e-4be2-abbf-42872adb3c6d.1697097634192 Timestamp=2023-10-19T20:46:34:543+0330 ThreadID=14412 Component=ngl-lib_NglIngestNetworkEvent Description="GetEventInfoJson : Error - Ingest Guid:ebd01bde-a6b8-43fb-8a9c-04cf3565ab61 SubCategory:GetImsAccessToken StatusCode:102 OsErrorCode:3"
SessionID=dc0e878a-932e-4be2-abbf-42872adb3c6d.1697097634192 Timestamp=2023-10-19T20:46:34:545+0330 ThreadID=14412 Component=ngl-lib_ NglIngestManager ErrorID=214 Description="GetAccessToken : Failed to fetch access token"
SessionID=dc0e878a-932e-4be2-abbf-42872adb3c6d.1697097634192 Timestamp=2023-10-19T20:46:34:546+0330 ThreadID=14412 Component=ngl-lib_DataStorage Description="GetFromUserStorage error 1168 data not found in storage."
SessionID=dc0e878a-932e-4be2-abbf-42872adb3c6d.1697097634192 Timestamp=2023-10-19T20:46:34:553+0330 ThreadID=14412 Component=ngl-lib_ NglIngestManager Description="PostNglIngestEventToDunamis : Error - Submit ingest event Failed with Error code: 3"
SessionID=dc0e878a-932e-4be2-abbf-42872adb3c6d.1697097634192 Timestamp=2023-10-19T21:29:32:438+0330 ThreadID=17376 Component=ngl-lib_DataStorage Description="GetFromUserStorage error 1168 data not found in storage."
SessionID=dc0e878a-932e-4be2-abbf-42872adb3c6d.1697097634192 Timestamp=2023-10-19T21:29:38:481+0330 ThreadID=17376 Component=ngl-lib_IMSConnector Description="FetchAccessTokenFromDeviceTokenInternal : Http error 65535 occurred with Error response "
SessionID=dc0e878a-932e-4be2-abbf-42872adb3c6d.1697097634192 Timestamp=2023-10-19T21:29:38:482+0330 ThreadID=17376 Component=ngl-lib_IMSConnector Description="FetchAccessTokenFromDeviceTokenInternal -> LogHttpResponse : ERROR - clientId: ACPL_SYNC_4_3 | Scope: openid,AdobeID,creative_cloud,creative_sdk,sao.cce_private,additional_info.account_type,account_type,additional_info.address.mail_to,af_byof,cc_files,cce_private,ccprivate,ccpublish,piip_read,sao.ccprivate,sao.ccpublish,sao.creative_cloud,sao.typekit,tk_platform,tk_platform_sync | UserAgent: N | HttpRequestStatus: 3 | HttpResponseCode: 65535 | X-Debug-Id:  | HttpResponseError: "
SessionID=dc0e878a-932e-4be2-abbf-42872adb3c6d.1697097634192 Timestamp=2023-10-19T21:29:38:482+0330 ThreadID=17376 Component=ngl-lib_NglCommonLib ErrorID=102 Description="ImsAccessTokenInternal Error in fetching Access Token"
SessionID=dc0e878a-932e-4be2-abbf-42872adb3c6d.1697097634192 Timestamp=2023-10-19T21:29:38:483+0330 ThreadID=14412 Component=ngl-lib_NglIngestNetworkEvent Description="GetEventInfoJson : Error - Ingest Guid:b3c0745a-3dec-416c-ba7e-093e5e6d5db6 SubCategory:GetImsAccessToken StatusCode:102 OsErrorCode:3"
SessionID=dc0e878a-932e-4be2-abbf-42872adb3c6d.1697097634192 Timestamp=2023-10-19T21:29:38:484+0330 ThreadID=17376 Component=ngl-lib_NglAppLib ErrorID=102 Description="ImsAccessToken Status: Network Error"
SessionID=dc0e878a-932e-4be2-abbf-42872adb3c6d.1697097634192 Timestamp=2023-10-19T21:29:38:485+0330 ThreadID=14412 Component=ngl-lib_ NglIngestManager ErrorID=214 Description="GetAccessToken : Failed to fetch access token"
SessionID=dc0e878a-932e-4be2-abbf-42872adb3c6d.1697097634192 Timestamp=2023-10-19T21:29:38:486+0330 ThreadID=14412 Component=ngl-lib_DataStorage Description="GetFromUserStorage error 1168 data not found in storage."
SessionID=dc0e878a-932e-4be2-abbf-42872adb3c6d.1697097634192 Timestamp=2023-10-19T21:29:38:494+0330 ThreadID=14412 Component=ngl-lib_ NglIngestManager Description="PostNglIngestEventToDunamis : Error - Submit ingest event Failed with Error code: 3"
SessionID=dc0e878a-932e-4be2-abbf-42872adb3c6d.1697097634192 Timestamp=2023-10-19T21:54:32:841+0330 ThreadID=27476 Component=ngl-lib_DataStorage Description="GetFromUserStorage error 1168 data not found in storage."
SessionID=dc0e878a-932e-4be2-abbf-42872adb3c6d.1697097634192 Timestamp=2023-10-19T21:54:38:883+0330 ThreadID=27476 Component=ngl-lib_IMSConnector Description="FetchAccessTokenFromDeviceTokenInternal : Http error 65535 occurred with Error response "
SessionID=dc0e878a-932e-4be2-abbf-42872adb3c6d.1697097634192 Timestamp=2023-10-19T21:54:38:884+0330 ThreadID=27476 Component=ngl-lib_IMSConnector Description="FetchAccessTokenFromDeviceTokenInternal -> LogHttpResponse : ERROR - clientId: ACPL_SYNC_4_3 | Scope: openid,AdobeID,creative_cloud,creative_sdk,sao.cce_private,additional_info.account_type,account_type,additional_info.address.mail_to,af_byof,cc_files,cce_private,ccprivate,ccpublish,piip_read,sao.ccprivate,sao.ccpublish,sao.creative_cloud,sao.typekit,tk_platform,tk_platform_sync | UserAgent: N | HttpRequestStatus: 3 | HttpResponseCode: 65535 | X-Debug-Id:  | HttpResponseError: "
SessionID=dc0e878a-932e-4be2-abbf-42872adb3c6d.1697097634192 Timestamp=2023-10-19T21:54:38:884+0330 ThreadID=27476 Component=ngl-lib_NglCommonLib ErrorID=102 Description="ImsAccessTokenInternal Error in fetching Access Token"
SessionID=dc0e878a-932e-4be2-abbf-42872adb3c6d.1697097634192 Timestamp=2023-10-19T21:54:38:885+0330 ThreadID=27476 Component=ngl-lib_NglAppLib ErrorID=102 Description="ImsAccessToken Status: Network Error"
SessionID=dc0e878a-932e-4be2-abbf-42872adb3c6d.1697097634192 Timestamp=2023-10-19T21:54:38:886+0330 ThreadID=14412 Component=ngl-lib_NglIngestNetworkEvent Description="GetEventInfoJson : Error - Ingest Guid:9932e192-03b6-4b67-ac28-490ff88b09eb SubCategory:GetImsAccessToken StatusCode:102 OsErrorCode:3"
SessionID=dc0e878a-932e-4be2-abbf-42872adb3c6d.1697097634192 Timestamp=2023-10-19T21:54:38:889+0330 ThreadID=14412 Component=ngl-lib_ NglIngestManager ErrorID=214 Description="GetAccessToken : Failed to fetch access token"
SessionID=dc0e878a-932e-4be2-abbf-42872adb3c6d.1697097634192 Timestamp=2023-10-19T21:54:38:891+0330 ThreadID=14412 Component=ngl-lib_DataStorage Description="GetFromUserStorage error 1168 data not found in storage."
SessionID=dc0e878a-932e-4be2-abbf-42872adb3c6d.1697097634192 Timestamp=2023-10-19T21:54:38:903+0330 ThreadID=14412 Component=ngl-lib_ NglIngestManager Description="PostNglIngestEventToDunamis : Error - Submit ingest event Failed with Error code: 3"
SessionID=dc0e878a-932e-4be2-abbf-42872adb3c6d.1697097634192 Timestamp=2023-10-19T22:28:03:435+0330 ThreadID=31132 Component=ngl-lib_DataStorage Description="GetFromUserStorage error 1168 data not found in storage."
SessionID=dc0e878a-932e-4be2-abbf-42872adb3c6d.1697097634192 Timestamp=2023-10-19T22:28:09:494+0330 ThreadID=31132 Component=ngl-lib_IMSConnector Description="FetchAccessTokenFromDeviceTokenInternal : Http error 65535 occurred with Error response "
SessionID=dc0e878a-932e-4be2-abbf-42872adb3c6d.1697097634192 Timestamp=2023-10-19T22:28:09:495+0330 ThreadID=31132 Component=ngl-lib_IMSConnector Description="FetchAccessTokenFromDeviceTokenInternal -> LogHttpResponse : ERROR - clientId: ACPL_SYNC_4_3 | Scope: openid,AdobeID,creative_cloud,creative_sdk,sao.cce_private,additional_info.account_type,account_type,additional_info.address.mail_to,af_byof,cc_files,cce_private,ccprivate,ccpublish,piip_read,sao.ccprivate,sao.ccpublish,sao.creative_cloud,sao.typekit,tk_platform,tk_platform_sync | UserAgent: N | HttpRequestStatus: 3 | HttpResponseCode: 65535 | X-Debug-Id:  | HttpResponseError: "
SessionID=dc0e878a-932e-4be2-abbf-42872adb3c6d.1697097634192 Timestamp=2023-10-19T22:28:09:496+0330 ThreadID=31132 Component=ngl-lib_NglCommonLib ErrorID=102 Description="ImsAccessTokenInternal Error in fetching Access Token"
SessionID=dc0e878a-932e-4be2-abbf-42872adb3c6d.1697097634192 Timestamp=2023-10-19T22:28:09:497+0330 ThreadID=31132 Component=ngl-lib_NglAppLib ErrorID=102 Description="ImsAccessToken Status: Network Error"
SessionID=dc0e878a-932e-4be2-abbf-42872adb3c6d.1697097634192 Timestamp=2023-10-19T22:28:09:498+0330 ThreadID=14412 Component=ngl-lib_NglIngestNetworkEvent Description="GetEventInfoJson : Error - Ingest Guid:e02413dd-e598-4138-9766-216d90f68a44 SubCategory:GetImsAccessToken StatusCode:102 OsErrorCode:3"
SessionID=dc0e878a-932e-4be2-abbf-42872adb3c6d.1697097634192 Timestamp=2023-10-19T22:28:09:506+0330 ThreadID=14412 Component=ngl-lib_ NglIngestManager ErrorID=214 Description="GetAccessToken : Failed to fetch access token"
SessionID=dc0e878a-932e-4be2-abbf-42872adb3c6d.1697097634192 Timestamp=2023-10-19T22:28:09:508+0330 ThreadID=14412 Component=ngl-lib_DataStorage Description="GetFromUserStorage error 1168 data not found in storage."
SessionID=dc0e878a-932e-4be2-abbf-42872adb3c6d.1697097634192 Timestamp=2023-10-19T22:28:09:520+0330 ThreadID=14412 Component=ngl-lib_ NglIngestManager Description="PostNglIngestEventToDunamis : Error - Submit ingest event Failed with Error code: 3"
SessionID=dc0e878a-932e-4be2-abbf-42872adb3c6d.1697097634192 Timestamp=2023-10-20T11:24:35:512+0330 ThreadID=30984 Component=ngl-lib_DataStorage Description="GetFromUserStorage error 1168 data not found in storage."
SessionID=dc0e878a-932e-4be2-abbf-42872adb3c6d.1697097634192 Timestamp=2023-10-20T11:24:36:488+0330 ThreadID=20108 Component=ngl-lib_DataStorage Description="GetFromUserStorage error 1168 data not found in storage."
SessionID=dc0e878a-932e-4be2-abbf-42872adb3c6d.1697097634192 Timestamp=2023-10-20T11:24:37:951+0330 ThreadID=20108 Component=ngl-lib_DataStorage Description="GetFromUserStorage error 1168 data not found in storage."
SessionID=dc0e878a-932e-4be2-abbf-42872adb3c6d.1697097634192 Timestamp=2023-10-20T11:26:38:234+0330 ThreadID=20108 Component=ngl-lib_DataStorage Description="GetFromUserStorage error 1168 data not found in storage."
SessionID=dc0e878a-932e-4be2-abbf-42872adb3c6d.1697097634192 Timestamp=2023-10-20T11:30:39:820+0330 ThreadID=20108 Component=ngl-lib_DataStorage Description="GetFromUserStorage error 1168 data not found in storage."
